{"/Users/bdhowe/Documents/git/MetaDatabase/lib/sqlite/Database.js":{"path":"/Users/bdhowe/Documents/git/MetaDatabase/lib/sqlite/Database.js","s":{"1":1,"2":1,"3":1,"4":1,"5":8,"6":8,"7":8,"8":8,"9":8,"10":8,"11":1,"12":1,"13":1,"14":1,"15":0,"16":1,"17":1,"18":1,"19":1,"20":1,"21":1,"22":1,"23":1,"24":3,"25":1,"26":18,"27":0,"28":1,"29":1,"30":1,"31":18,"32":18,"33":18,"34":18,"35":18,"36":0,"37":18,"38":0,"39":18,"40":18,"41":18,"42":18,"43":18,"44":18,"45":1,"46":18,"47":18,"48":18,"49":54,"50":0,"51":0,"52":17,"53":17,"54":17,"55":51,"56":17,"57":51,"58":51,"59":0,"60":51,"61":0,"62":0,"63":51,"64":51,"65":51,"66":51,"67":51,"68":15,"69":15,"70":15,"71":45,"72":45,"73":45,"74":0,"75":0,"76":0,"77":0,"78":0,"79":0,"80":6,"81":8,"82":8,"83":24,"84":1,"85":1},"b":{"1":[8,8],"2":[8,0],"3":[1,0],"4":[0,1],"5":[3,0],"6":[3,3],"7":[0,18],"8":[18,0],"9":[18,18],"10":[0,18],"11":[0,18],"12":[0,51]},"f":{"1":1,"2":1,"3":1,"4":3,"5":18,"6":1,"7":18,"8":18,"9":54,"10":0,"11":0,"12":17,"13":51,"14":51,"15":0,"16":51,"17":51,"18":15,"19":45,"20":45,"21":0,"22":0,"23":0,"24":6,"25":8,"26":24},"fnMap":{"1":{"name":"(anonymous_1)","line":7,"loc":{"start":{"line":7,"column":19},"end":{"line":7,"column":31}}},"2":{"name":"defineProperties","line":7,"loc":{"start":{"line":7,"column":33},"end":{"line":7,"column":74}}},"3":{"name":"(anonymous_3)","line":7,"loc":{"start":{"line":7,"column":357},"end":{"line":7,"column":405}}},"4":{"name":"_interopRequireDefault","line":21,"loc":{"start":{"line":21,"column":0},"end":{"line":21,"column":37}}},"5":{"name":"_classCallCheck","line":23,"loc":{"start":{"line":23,"column":0},"end":{"line":23,"column":48}}},"6":{"name":"(anonymous_6)","line":27,"loc":{"start":{"line":27,"column":15},"end":{"line":27,"column":27}}},"7":{"name":"Database","line":28,"loc":{"start":{"line":28,"column":4},"end":{"line":28,"column":24}}},"8":{"name":"_createTables","line":54,"loc":{"start":{"line":54,"column":15},"end":{"line":54,"column":40}}},"9":{"name":"(anonymous_9)","line":62,"loc":{"start":{"line":62,"column":36},"end":{"line":62,"column":53}}},"10":{"name":"_getTableFromEdm","line":68,"loc":{"start":{"line":68,"column":15},"end":{"line":68,"column":47}}},"11":{"name":"(anonymous_11)","line":69,"loc":{"start":{"line":69,"column":40},"end":{"line":69,"column":57}}},"12":{"name":"_getTableBuildOrder","line":75,"loc":{"start":{"line":75,"column":15},"end":{"line":75,"column":46}}},"13":{"name":"(anonymous_13)","line":80,"loc":{"start":{"line":80,"column":36},"end":{"line":80,"column":53}}},"14":{"name":"_walkRelationships","line":88,"loc":{"start":{"line":88,"column":15},"end":{"line":88,"column":64}}},"15":{"name":"forEachRelationship","line":95,"loc":{"start":{"line":95,"column":38},"end":{"line":95,"column":81}}},"16":{"name":"(anonymous_16)","line":100,"loc":{"start":{"line":100,"column":51},"end":{"line":100,"column":75}}},"17":{"name":"(anonymous_17)","line":104,"loc":{"start":{"line":104,"column":52},"end":{"line":104,"column":76}}},"18":{"name":"createAsync","line":112,"loc":{"start":{"line":112,"column":15},"end":{"line":112,"column":38}}},"19":{"name":"(anonymous_19)","line":117,"loc":{"start":{"line":117,"column":37},"end":{"line":117,"column":63}}},"20":{"name":"(anonymous_20)","line":118,"loc":{"start":{"line":118,"column":36},"end":{"line":118,"column":48}}},"21":{"name":"dropAsync","line":126,"loc":{"start":{"line":126,"column":15},"end":{"line":126,"column":36}}},"22":{"name":"(anonymous_22)","line":131,"loc":{"start":{"line":131,"column":37},"end":{"line":131,"column":63}}},"23":{"name":"(anonymous_23)","line":132,"loc":{"start":{"line":132,"column":36},"end":{"line":132,"column":48}}},"24":{"name":"getTable","line":140,"loc":{"start":{"line":140,"column":15},"end":{"line":140,"column":39}}},"25":{"name":"getTables","line":145,"loc":{"start":{"line":145,"column":15},"end":{"line":145,"column":36}}},"26":{"name":"(anonymous_26)","line":148,"loc":{"start":{"line":148,"column":48},"end":{"line":148,"column":64}}}},"statementMap":{"1":{"start":{"line":3,"column":0},"end":{"line":5,"column":3}},"2":{"start":{"line":7,"column":0},"end":{"line":7,"column":564}},"3":{"start":{"line":7,"column":33},"end":{"line":7,"column":349}},"4":{"start":{"line":7,"column":76},"end":{"line":7,"column":347}},"5":{"start":{"line":7,"column":117},"end":{"line":7,"column":143}},"6":{"start":{"line":7,"column":144},"end":{"line":7,"column":199}},"7":{"start":{"line":7,"column":200},"end":{"line":7,"column":231}},"8":{"start":{"line":7,"column":232},"end":{"line":7,"column":286}},"9":{"start":{"line":7,"column":259},"end":{"line":7,"column":286}},"10":{"start":{"line":7,"column":287},"end":{"line":7,"column":345}},"11":{"start":{"line":7,"column":350},"end":{"line":7,"column":559}},"12":{"start":{"line":7,"column":407},"end":{"line":7,"column":475}},"13":{"start":{"line":7,"column":423},"end":{"line":7,"column":475}},"14":{"start":{"line":7,"column":476},"end":{"line":7,"column":536}},"15":{"start":{"line":7,"column":493},"end":{"line":7,"column":536}},"16":{"start":{"line":7,"column":537},"end":{"line":7,"column":556}},"17":{"start":{"line":9,"column":0},"end":{"line":9,"column":32}},"18":{"start":{"line":11,"column":0},"end":{"line":11,"column":45}},"19":{"start":{"line":13,"column":0},"end":{"line":13,"column":47}},"20":{"start":{"line":15,"column":0},"end":{"line":15,"column":53}},"21":{"start":{"line":17,"column":0},"end":{"line":17,"column":52}},"22":{"start":{"line":19,"column":0},"end":{"line":19,"column":65}},"23":{"start":{"line":21,"column":0},"end":{"line":21,"column":95}},"24":{"start":{"line":21,"column":39},"end":{"line":21,"column":93}},"25":{"start":{"line":23,"column":0},"end":{"line":23,"column":153}},"26":{"start":{"line":23,"column":50},"end":{"line":23,"column":151}},"27":{"start":{"line":23,"column":92},"end":{"line":23,"column":149}},"28":{"start":{"line":25,"column":0},"end":{"line":25,"column":70}},"29":{"start":{"line":27,"column":0},"end":{"line":155,"column":4}},"30":{"start":{"line":28,"column":4},"end":{"line":50,"column":5}},"31":{"start":{"line":29,"column":8},"end":{"line":29,"column":93}},"32":{"start":{"line":31,"column":8},"end":{"line":31,"column":40}},"33":{"start":{"line":33,"column":8},"end":{"line":33,"column":52}},"34":{"start":{"line":34,"column":8},"end":{"line":34,"column":30}},"35":{"start":{"line":36,"column":8},"end":{"line":38,"column":9}},"36":{"start":{"line":37,"column":12},"end":{"line":37,"column":72}},"37":{"start":{"line":39,"column":8},"end":{"line":41,"column":9}},"38":{"start":{"line":40,"column":12},"end":{"line":40,"column":61}},"39":{"start":{"line":43,"column":8},"end":{"line":43,"column":29}},"40":{"start":{"line":44,"column":8},"end":{"line":44,"column":23}},"41":{"start":{"line":45,"column":8},"end":{"line":45,"column":45}},"42":{"start":{"line":46,"column":8},"end":{"line":46,"column":25}},"43":{"start":{"line":48,"column":8},"end":{"line":48,"column":35}},"44":{"start":{"line":49,"column":8},"end":{"line":49,"column":29}},"45":{"start":{"line":52,"column":4},"end":{"line":152,"column":8}},"46":{"start":{"line":55,"column":12},"end":{"line":55,"column":29}},"47":{"start":{"line":57,"column":12},"end":{"line":60,"column":14}},"48":{"start":{"line":62,"column":12},"end":{"line":64,"column":15}},"49":{"start":{"line":63,"column":16},"end":{"line":63,"column":84}},"50":{"start":{"line":69,"column":12},"end":{"line":71,"column":15}},"51":{"start":{"line":70,"column":16},"end":{"line":70,"column":41}},"52":{"start":{"line":76,"column":12},"end":{"line":76,"column":30}},"53":{"start":{"line":78,"column":12},"end":{"line":78,"column":34}},"54":{"start":{"line":80,"column":12},"end":{"line":82,"column":15}},"55":{"start":{"line":81,"column":16},"end":{"line":81,"column":63}},"56":{"start":{"line":84,"column":12},"end":{"line":84,"column":32}},"57":{"start":{"line":89,"column":12},"end":{"line":89,"column":30}},"58":{"start":{"line":91,"column":12},"end":{"line":93,"column":13}},"59":{"start":{"line":92,"column":16},"end":{"line":92,"column":23}},"60":{"start":{"line":95,"column":12},"end":{"line":98,"column":14}},"61":{"start":{"line":96,"column":16},"end":{"line":96,"column":77}},"62":{"start":{"line":97,"column":16},"end":{"line":97,"column":69}},"63":{"start":{"line":100,"column":12},"end":{"line":102,"column":44}},"64":{"start":{"line":101,"column":16},"end":{"line":101,"column":51}},"65":{"start":{"line":104,"column":12},"end":{"line":106,"column":44}},"66":{"start":{"line":105,"column":16},"end":{"line":105,"column":51}},"67":{"start":{"line":108,"column":12},"end":{"line":108,"column":37}},"68":{"start":{"line":113,"column":12},"end":{"line":113,"column":30}},"69":{"start":{"line":115,"column":12},"end":{"line":115,"column":56}},"70":{"start":{"line":117,"column":12},"end":{"line":122,"column":34}},"71":{"start":{"line":118,"column":16},"end":{"line":121,"column":19}},"72":{"start":{"line":119,"column":20},"end":{"line":119,"column":72}},"73":{"start":{"line":120,"column":20},"end":{"line":120,"column":61}},"74":{"start":{"line":127,"column":12},"end":{"line":127,"column":30}},"75":{"start":{"line":129,"column":12},"end":{"line":129,"column":66}},"76":{"start":{"line":131,"column":12},"end":{"line":136,"column":34}},"77":{"start":{"line":132,"column":16},"end":{"line":135,"column":19}},"78":{"start":{"line":133,"column":20},"end":{"line":133,"column":72}},"79":{"start":{"line":134,"column":20},"end":{"line":134,"column":59}},"80":{"start":{"line":141,"column":12},"end":{"line":141,"column":37}},"81":{"start":{"line":146,"column":12},"end":{"line":146,"column":30}},"82":{"start":{"line":148,"column":12},"end":{"line":150,"column":15}},"83":{"start":{"line":149,"column":16},"end":{"line":149,"column":43}},"84":{"start":{"line":154,"column":4},"end":{"line":154,"column":20}},"85":{"start":{"line":157,"column":0},"end":{"line":157,"column":27}}},"branchMap":{"1":{"line":7,"type":"binary-expr","locations":[{"start":{"line":7,"column":168},"end":{"line":7,"column":189}},{"start":{"line":7,"column":193},"end":{"line":7,"column":198}}]},"2":{"line":7,"type":"if","locations":[{"start":{"line":7,"column":232},"end":{"line":7,"column":232}},{"start":{"line":7,"column":232},"end":{"line":7,"column":232}}]},"3":{"line":7,"type":"if","locations":[{"start":{"line":7,"column":407},"end":{"line":7,"column":407}},{"start":{"line":7,"column":407},"end":{"line":7,"column":407}}]},"4":{"line":7,"type":"if","locations":[{"start":{"line":7,"column":476},"end":{"line":7,"column":476}},{"start":{"line":7,"column":476},"end":{"line":7,"column":476}}]},"5":{"line":21,"type":"cond-expr","locations":[{"start":{"line":21,"column":70},"end":{"line":21,"column":73}},{"start":{"line":21,"column":76},"end":{"line":21,"column":92}}]},"6":{"line":21,"type":"binary-expr","locations":[{"start":{"line":21,"column":46},"end":{"line":21,"column":49}},{"start":{"line":21,"column":53},"end":{"line":21,"column":67}}]},"7":{"line":23,"type":"if","locations":[{"start":{"line":23,"column":50},"end":{"line":23,"column":50}},{"start":{"line":23,"column":50},"end":{"line":23,"column":50}}]},"8":{"line":29,"type":"cond-expr","locations":[{"start":{"line":29,"column":75},"end":{"line":29,"column":87}},{"start":{"line":29,"column":90},"end":{"line":29,"column":92}}]},"9":{"line":29,"type":"binary-expr","locations":[{"start":{"line":29,"column":22},"end":{"line":29,"column":42}},{"start":{"line":29,"column":46},"end":{"line":29,"column":72}}]},"10":{"line":36,"type":"if","locations":[{"start":{"line":36,"column":8},"end":{"line":36,"column":8}},{"start":{"line":36,"column":8},"end":{"line":36,"column":8}}]},"11":{"line":39,"type":"if","locations":[{"start":{"line":39,"column":8},"end":{"line":39,"column":8}},{"start":{"line":39,"column":8},"end":{"line":39,"column":8}}]},"12":{"line":91,"type":"if","locations":[{"start":{"line":91,"column":12},"end":{"line":91,"column":12}},{"start":{"line":91,"column":12},"end":{"line":91,"column":12}}]}}},"/Users/bdhowe/Documents/git/MetaDatabase/lib/sqlite/Table.js":{"path":"/Users/bdhowe/Documents/git/MetaDatabase/lib/sqlite/Table.js","s":{"1":1,"2":1,"3":1,"4":1,"5":10,"6":10,"7":10,"8":10,"9":10,"10":10,"11":1,"12":1,"13":1,"14":1,"15":0,"16":1,"17":1,"18":1,"19":1,"20":1,"21":1,"22":1,"23":2,"24":1,"25":62,"26":0,"27":1,"28":1,"29":62,"30":62,"31":62,"32":62,"33":62,"34":62,"35":0,"36":62,"37":0,"38":62,"39":0,"40":62,"41":62,"42":0,"43":62,"44":62,"45":1,"46":14,"47":14,"48":14,"49":14,"50":62,"51":118,"52":15,"53":15,"54":15,"55":14,"56":14,"57":14,"58":8,"59":8,"60":8,"61":51,"62":51,"63":51,"64":51,"65":0,"66":0,"67":0,"68":3,"69":3,"70":3,"71":3,"72":3,"73":3,"74":1,"75":1},"b":{"1":[10,10],"2":[10,0],"3":[1,0],"4":[0,1],"5":[2,0],"6":[2,2],"7":[0,62],"8":[62,0],"9":[62,62],"10":[0,62],"11":[0,62],"12":[0,62],"13":[0,62],"14":[14,14,0]},"f":{"1":1,"2":1,"3":1,"4":2,"5":62,"6":1,"7":62,"8":14,"9":14,"10":14,"11":62,"12":118,"13":15,"14":14,"15":8,"16":51,"17":0,"18":0,"19":3,"20":3,"21":3,"22":3},"fnMap":{"1":{"name":"(anonymous_1)","line":7,"loc":{"start":{"line":7,"column":19},"end":{"line":7,"column":31}}},"2":{"name":"defineProperties","line":7,"loc":{"start":{"line":7,"column":33},"end":{"line":7,"column":74}}},"3":{"name":"(anonymous_3)","line":7,"loc":{"start":{"line":7,"column":357},"end":{"line":7,"column":405}}},"4":{"name":"_interopRequireDefault","line":19,"loc":{"start":{"line":19,"column":0},"end":{"line":19,"column":37}}},"5":{"name":"_classCallCheck","line":21,"loc":{"start":{"line":21,"column":0},"end":{"line":21,"column":48}}},"6":{"name":"(anonymous_6)","line":23,"loc":{"start":{"line":23,"column":12},"end":{"line":23,"column":24}}},"7":{"name":"Table","line":24,"loc":{"start":{"line":24,"column":4},"end":{"line":24,"column":25}}},"8":{"name":"_clone","line":60,"loc":{"start":{"line":60,"column":15},"end":{"line":60,"column":36}}},"9":{"name":"_getPrimaryKeyName","line":65,"loc":{"start":{"line":65,"column":15},"end":{"line":65,"column":45}}},"10":{"name":"(anonymous_10)","line":66,"loc":{"start":{"line":66,"column":49},"end":{"line":66,"column":67}}},"11":{"name":"_getTable","line":74,"loc":{"start":{"line":74,"column":15},"end":{"line":74,"column":40}}},"12":{"name":"(anonymous_12)","line":75,"loc":{"start":{"line":75,"column":40},"end":{"line":75,"column":57}}},"13":{"name":"addEntityAsync","line":81,"loc":{"start":{"line":81,"column":15},"end":{"line":81,"column":47}}},"14":{"name":"(anonymous_14)","line":86,"loc":{"start":{"line":86,"column":75},"end":{"line":86,"column":93}}},"15":{"name":"asQueryable","line":95,"loc":{"start":{"line":95,"column":15},"end":{"line":95,"column":38}}},"16":{"name":"createAsync","line":103,"loc":{"start":{"line":103,"column":15},"end":{"line":103,"column":38}}},"17":{"name":"dropAsync","line":113,"loc":{"start":{"line":113,"column":15},"end":{"line":113,"column":36}}},"18":{"name":"getQueryProvider","line":120,"loc":{"start":{"line":120,"column":15},"end":{"line":120,"column":43}}},"19":{"name":"removeEntityAsync","line":125,"loc":{"start":{"line":125,"column":15},"end":{"line":125,"column":50}}},"20":{"name":"(anonymous_20)","line":128,"loc":{"start":{"line":128,"column":75},"end":{"line":128,"column":87}}},"21":{"name":"updateEntityAsync","line":134,"loc":{"start":{"line":134,"column":15},"end":{"line":134,"column":57}}},"22":{"name":"(anonymous_22)","line":137,"loc":{"start":{"line":137,"column":75},"end":{"line":137,"column":96}}}},"statementMap":{"1":{"start":{"line":3,"column":0},"end":{"line":5,"column":3}},"2":{"start":{"line":7,"column":0},"end":{"line":7,"column":564}},"3":{"start":{"line":7,"column":33},"end":{"line":7,"column":349}},"4":{"start":{"line":7,"column":76},"end":{"line":7,"column":347}},"5":{"start":{"line":7,"column":117},"end":{"line":7,"column":143}},"6":{"start":{"line":7,"column":144},"end":{"line":7,"column":199}},"7":{"start":{"line":7,"column":200},"end":{"line":7,"column":231}},"8":{"start":{"line":7,"column":232},"end":{"line":7,"column":286}},"9":{"start":{"line":7,"column":259},"end":{"line":7,"column":286}},"10":{"start":{"line":7,"column":287},"end":{"line":7,"column":345}},"11":{"start":{"line":7,"column":350},"end":{"line":7,"column":559}},"12":{"start":{"line":7,"column":407},"end":{"line":7,"column":475}},"13":{"start":{"line":7,"column":423},"end":{"line":7,"column":475}},"14":{"start":{"line":7,"column":476},"end":{"line":7,"column":536}},"15":{"start":{"line":7,"column":493},"end":{"line":7,"column":536}},"16":{"start":{"line":7,"column":537},"end":{"line":7,"column":556}},"17":{"start":{"line":9,"column":0},"end":{"line":9,"column":64}},"18":{"start":{"line":11,"column":0},"end":{"line":11,"column":77}},"19":{"start":{"line":13,"column":0},"end":{"line":13,"column":42}},"20":{"start":{"line":15,"column":0},"end":{"line":15,"column":38}},"21":{"start":{"line":17,"column":0},"end":{"line":17,"column":51}},"22":{"start":{"line":19,"column":0},"end":{"line":19,"column":95}},"23":{"start":{"line":19,"column":39},"end":{"line":19,"column":93}},"24":{"start":{"line":21,"column":0},"end":{"line":21,"column":153}},"25":{"start":{"line":21,"column":50},"end":{"line":21,"column":151}},"26":{"start":{"line":21,"column":92},"end":{"line":21,"column":149}},"27":{"start":{"line":23,"column":0},"end":{"line":144,"column":4}},"28":{"start":{"line":24,"column":4},"end":{"line":56,"column":5}},"29":{"start":{"line":25,"column":8},"end":{"line":25,"column":93}},"30":{"start":{"line":27,"column":8},"end":{"line":27,"column":37}},"31":{"start":{"line":29,"column":8},"end":{"line":29,"column":53}},"32":{"start":{"line":30,"column":8},"end":{"line":30,"column":31}},"33":{"start":{"line":31,"column":8},"end":{"line":31,"column":25}},"34":{"start":{"line":33,"column":8},"end":{"line":35,"column":9}},"35":{"start":{"line":34,"column":12},"end":{"line":34,"column":63}},"36":{"start":{"line":37,"column":8},"end":{"line":39,"column":9}},"37":{"start":{"line":38,"column":12},"end":{"line":38,"column":82}},"38":{"start":{"line":41,"column":8},"end":{"line":43,"column":9}},"39":{"start":{"line":42,"column":12},"end":{"line":42,"column":62}},"40":{"start":{"line":45,"column":8},"end":{"line":45,"column":42}},"41":{"start":{"line":47,"column":8},"end":{"line":49,"column":9}},"42":{"start":{"line":48,"column":12},"end":{"line":48,"column":102}},"43":{"start":{"line":51,"column":8},"end":{"line":51,"column":88}},"44":{"start":{"line":52,"column":8},"end":{"line":55,"column":11}},"45":{"start":{"line":58,"column":4},"end":{"line":141,"column":8}},"46":{"start":{"line":61,"column":12},"end":{"line":61,"column":51}},"47":{"start":{"line":66,"column":12},"end":{"line":68,"column":15}},"48":{"start":{"line":67,"column":16},"end":{"line":67,"column":43}},"49":{"start":{"line":70,"column":12},"end":{"line":70,"column":49}},"50":{"start":{"line":75,"column":12},"end":{"line":77,"column":15}},"51":{"start":{"line":76,"column":16},"end":{"line":76,"column":43}},"52":{"start":{"line":82,"column":12},"end":{"line":82,"column":29}},"53":{"start":{"line":84,"column":12},"end":{"line":84,"column":91}},"54":{"start":{"line":86,"column":12},"end":{"line":91,"column":15}},"55":{"start":{"line":87,"column":16},"end":{"line":87,"column":57}},"56":{"start":{"line":89,"column":16},"end":{"line":89,"column":79}},"57":{"start":{"line":90,"column":16},"end":{"line":90,"column":37}},"58":{"start":{"line":96,"column":12},"end":{"line":96,"column":66}},"59":{"start":{"line":97,"column":12},"end":{"line":97,"column":47}},"60":{"start":{"line":99,"column":12},"end":{"line":99,"column":29}},"61":{"start":{"line":104,"column":12},"end":{"line":104,"column":117}},"62":{"start":{"line":105,"column":12},"end":{"line":105,"column":128}},"63":{"start":{"line":107,"column":12},"end":{"line":107,"column":54}},"64":{"start":{"line":109,"column":12},"end":{"line":109,"column":73}},"65":{"start":{"line":114,"column":12},"end":{"line":114,"column":97}},"66":{"start":{"line":116,"column":12},"end":{"line":116,"column":54}},"67":{"start":{"line":121,"column":12},"end":{"line":121,"column":33}},"68":{"start":{"line":126,"column":12},"end":{"line":126,"column":91}},"69":{"start":{"line":128,"column":12},"end":{"line":130,"column":15}},"70":{"start":{"line":129,"column":16},"end":{"line":129,"column":30}},"71":{"start":{"line":135,"column":12},"end":{"line":135,"column":98}},"72":{"start":{"line":137,"column":12},"end":{"line":139,"column":15}},"73":{"start":{"line":138,"column":16},"end":{"line":138,"column":56}},"74":{"start":{"line":143,"column":4},"end":{"line":143,"column":17}},"75":{"start":{"line":146,"column":0},"end":{"line":146,"column":24}}},"branchMap":{"1":{"line":7,"type":"binary-expr","locations":[{"start":{"line":7,"column":168},"end":{"line":7,"column":189}},{"start":{"line":7,"column":193},"end":{"line":7,"column":198}}]},"2":{"line":7,"type":"if","locations":[{"start":{"line":7,"column":232},"end":{"line":7,"column":232}},{"start":{"line":7,"column":232},"end":{"line":7,"column":232}}]},"3":{"line":7,"type":"if","locations":[{"start":{"line":7,"column":407},"end":{"line":7,"column":407}},{"start":{"line":7,"column":407},"end":{"line":7,"column":407}}]},"4":{"line":7,"type":"if","locations":[{"start":{"line":7,"column":476},"end":{"line":7,"column":476}},{"start":{"line":7,"column":476},"end":{"line":7,"column":476}}]},"5":{"line":19,"type":"cond-expr","locations":[{"start":{"line":19,"column":70},"end":{"line":19,"column":73}},{"start":{"line":19,"column":76},"end":{"line":19,"column":92}}]},"6":{"line":19,"type":"binary-expr","locations":[{"start":{"line":19,"column":46},"end":{"line":19,"column":49}},{"start":{"line":19,"column":53},"end":{"line":19,"column":67}}]},"7":{"line":21,"type":"if","locations":[{"start":{"line":21,"column":50},"end":{"line":21,"column":50}},{"start":{"line":21,"column":50},"end":{"line":21,"column":50}}]},"8":{"line":25,"type":"cond-expr","locations":[{"start":{"line":25,"column":75},"end":{"line":25,"column":87}},{"start":{"line":25,"column":90},"end":{"line":25,"column":92}}]},"9":{"line":25,"type":"binary-expr","locations":[{"start":{"line":25,"column":22},"end":{"line":25,"column":42}},{"start":{"line":25,"column":46},"end":{"line":25,"column":72}}]},"10":{"line":33,"type":"if","locations":[{"start":{"line":33,"column":8},"end":{"line":33,"column":8}},{"start":{"line":33,"column":8},"end":{"line":33,"column":8}}]},"11":{"line":37,"type":"if","locations":[{"start":{"line":37,"column":8},"end":{"line":37,"column":8}},{"start":{"line":37,"column":8},"end":{"line":37,"column":8}}]},"12":{"line":41,"type":"if","locations":[{"start":{"line":41,"column":8},"end":{"line":41,"column":8}},{"start":{"line":41,"column":8},"end":{"line":41,"column":8}}]},"13":{"line":47,"type":"if","locations":[{"start":{"line":47,"column":8},"end":{"line":47,"column":8}},{"start":{"line":47,"column":8},"end":{"line":47,"column":8}}]},"14":{"line":70,"type":"binary-expr","locations":[{"start":{"line":70,"column":19},"end":{"line":70,"column":25}},{"start":{"line":70,"column":29},"end":{"line":70,"column":40}},{"start":{"line":70,"column":44},"end":{"line":70,"column":48}}]}}},"/Users/bdhowe/Documents/git/MetaDatabase/lib/sqlite/TableStatementBuilder.js":{"path":"/Users/bdhowe/Documents/git/MetaDatabase/lib/sqlite/TableStatementBuilder.js","s":{"1":1,"2":1,"3":1,"4":1,"5":20,"6":20,"7":20,"8":20,"9":20,"10":20,"11":1,"12":1,"13":1,"14":1,"15":0,"16":1,"17":1,"18":1,"19":1,"20":1,"21":1,"22":80,"23":0,"24":1,"25":1,"26":1,"27":80,"28":80,"29":1,"30":715,"31":0,"32":19,"33":19,"34":0,"35":19,"36":0,"37":19,"38":19,"39":19,"40":19,"41":110,"42":110,"43":110,"44":16,"45":16,"46":0,"47":16,"48":19,"49":19,"50":19,"51":3,"52":16,"53":5,"54":5,"55":5,"56":5,"57":5,"58":5,"59":5,"60":0,"61":5,"62":0,"63":5,"64":0,"65":5,"66":0,"67":5,"68":30,"69":30,"70":6,"71":6,"72":5,"73":5,"74":5,"75":5,"76":5,"77":5,"78":5,"79":0,"80":5,"81":0,"82":5,"83":5,"84":5,"85":5,"86":5,"87":0,"88":5,"89":5,"90":5,"91":224,"92":224,"93":224,"94":224,"95":224,"96":224,"97":55,"98":55,"99":55,"100":55,"101":224,"102":0,"103":55,"104":55,"105":55,"106":224,"107":224,"108":55,"109":91,"110":55,"111":55,"112":0,"113":55,"114":55,"115":36,"116":55,"117":55,"118":38,"119":0,"120":55,"121":55,"122":55,"123":220,"124":17,"125":55,"126":91,"127":55,"128":55,"129":55,"130":55,"131":34,"132":34,"133":0,"134":0,"135":0,"136":0,"137":0,"138":0,"139":55,"140":55,"141":55,"142":55,"143":34,"144":21,"145":21,"146":0,"147":24,"148":24,"149":140,"150":110,"151":110,"152":220,"153":220,"154":70,"155":70,"156":150,"157":110,"158":110,"159":110,"160":55,"161":55,"162":110,"163":110,"164":38,"165":38,"166":72,"167":55,"168":55,"169":55,"170":0,"171":0,"172":110,"173":289,"174":1352,"175":289,"176":27,"177":21,"178":6,"179":6,"180":0,"181":0,"182":0,"183":0,"184":0,"185":0,"186":0,"187":1,"188":1},"b":{"1":[20,20],"2":[20,0],"3":[1,0],"4":[0,1],"5":[1,0],"6":[1,1],"7":[0,80],"8":[0,19],"9":[0,19],"10":[16,94],"11":[110,16],"12":[0,16],"13":[3,16],"14":[0,5],"15":[0,5],"16":[0,5],"17":[0,5],"18":[6,24],"19":[30,6],"20":[0,5],"21":[0,5],"22":[0,5],"23":[224,0],"24":[55,169],"25":[55,0],"26":[55,0],"27":[0,55],"28":[0,0],"29":[34,21],"30":[55,55],"31":[21,0],"32":[70,150],"33":[220,70],"34":[38,72],"35":[110,38],"36":[110,74],"37":[21,6],"38":[6,0],"39":[0,0],"40":[0,0],"41":[0,0],"42":[0,0]},"f":{"1":1,"2":1,"3":1,"4":1,"5":80,"6":1,"7":80,"8":715,"9":0,"10":19,"11":110,"12":5,"13":30,"14":5,"15":5,"16":5,"17":224,"18":55,"19":224,"20":224,"21":91,"22":55,"23":36,"24":38,"25":0,"26":55,"27":220,"28":17,"29":91,"30":55,"31":34,"32":34,"33":0,"34":0,"35":55,"36":24,"37":140,"38":110,"39":220,"40":55,"41":110,"42":0,"43":0,"44":110,"45":289,"46":1352,"47":289,"48":27},"fnMap":{"1":{"name":"(anonymous_1)","line":7,"loc":{"start":{"line":7,"column":19},"end":{"line":7,"column":31}}},"2":{"name":"defineProperties","line":7,"loc":{"start":{"line":7,"column":33},"end":{"line":7,"column":74}}},"3":{"name":"(anonymous_3)","line":7,"loc":{"start":{"line":7,"column":357},"end":{"line":7,"column":405}}},"4":{"name":"_interopRequireDefault","line":13,"loc":{"start":{"line":13,"column":0},"end":{"line":13,"column":37}}},"5":{"name":"_classCallCheck","line":15,"loc":{"start":{"line":15,"column":0},"end":{"line":15,"column":48}}},"6":{"name":"(anonymous_6)","line":22,"loc":{"start":{"line":22,"column":28},"end":{"line":22,"column":40}}},"7":{"name":"TableStatementBuilder","line":23,"loc":{"start":{"line":23,"column":4},"end":{"line":23,"column":37}}},"8":{"name":"_escapeName","line":31,"loc":{"start":{"line":31,"column":15},"end":{"line":31,"column":42}}},"9":{"name":"createDropTableStatment","line":36,"loc":{"start":{"line":36,"column":15},"end":{"line":36,"column":55}}},"10":{"name":"createInsertStatement","line":41,"loc":{"start":{"line":41,"column":15},"end":{"line":41,"column":61}}},"11":{"name":"(anonymous_11)","line":56,"loc":{"start":{"line":56,"column":62},"end":{"line":56,"column":80}}},"12":{"name":"createUpdateStatement","line":88,"loc":{"start":{"line":88,"column":15},"end":{"line":88,"column":68}}},"13":{"name":"(anonymous_13)","line":113,"loc":{"start":{"line":113,"column":56},"end":{"line":113,"column":74}}},"14":{"name":"(anonymous_14)","line":122,"loc":{"start":{"line":122,"column":49},"end":{"line":122,"column":64}}},"15":{"name":"createDeleteStatement","line":136,"loc":{"start":{"line":136,"column":15},"end":{"line":136,"column":61}}},"16":{"name":"(anonymous_16)","line":151,"loc":{"start":{"line":151,"column":32},"end":{"line":151,"column":54}}},"17":{"name":"createColumnDefinitionStatement","line":168,"loc":{"start":{"line":168,"column":15},"end":{"line":168,"column":71}}},"18":{"name":"createColumnsDefinitionStatement","line":194,"loc":{"start":{"line":194,"column":15},"end":{"line":194,"column":64}}},"19":{"name":"(anonymous_19)","line":198,"loc":{"start":{"line":198,"column":48},"end":{"line":198,"column":66}}},"20":{"name":"(anonymous_20)","line":200,"loc":{"start":{"line":200,"column":22},"end":{"line":200,"column":39}}},"21":{"name":"createIndexStatement","line":208,"loc":{"start":{"line":208,"column":15},"end":{"line":208,"column":60}}},"22":{"name":"createTableIndexesStatements","line":213,"loc":{"start":{"line":213,"column":15},"end":{"line":213,"column":75}}},"23":{"name":"(anonymous_23)","line":222,"loc":{"start":{"line":222,"column":103},"end":{"line":222,"column":127}}},"24":{"name":"(anonymous_24)","line":228,"loc":{"start":{"line":228,"column":78},"end":{"line":228,"column":102}}},"25":{"name":"(anonymous_25)","line":230,"loc":{"start":{"line":230,"column":23},"end":{"line":230,"column":47}}},"26":{"name":"(anonymous_26)","line":234,"loc":{"start":{"line":234,"column":32},"end":{"line":234,"column":48}}},"27":{"name":"(anonymous_27)","line":238,"loc":{"start":{"line":238,"column":33},"end":{"line":238,"column":51}}},"28":{"name":"(anonymous_28)","line":240,"loc":{"start":{"line":240,"column":19},"end":{"line":240,"column":37}}},"29":{"name":"(anonymous_29)","line":244,"loc":{"start":{"line":244,"column":51},"end":{"line":244,"column":73}}},"30":{"name":"createForeignKeysStatement","line":250,"loc":{"start":{"line":250,"column":15},"end":{"line":250,"column":73}}},"31":{"name":"(anonymous_31)","line":256,"loc":{"start":{"line":256,"column":42},"end":{"line":256,"column":66}}},"32":{"name":"createForeignKeyStatement","line":262,"loc":{"start":{"line":262,"column":15},"end":{"line":262,"column":64}}},"33":{"name":"createPrimaryKeyStatement","line":267,"loc":{"start":{"line":267,"column":15},"end":{"line":267,"column":57}}},"34":{"name":"(anonymous_34)","line":270,"loc":{"start":{"line":270,"column":69},"end":{"line":270,"column":91}}},"35":{"name":"createTableStatement","line":282,"loc":{"start":{"line":282,"column":15},"end":{"line":282,"column":67}}},"36":{"name":"filterRelevantColumns","line":298,"loc":{"start":{"line":298,"column":15},"end":{"line":298,"column":55}}},"37":{"name":"(anonymous_37)","line":301,"loc":{"start":{"line":301,"column":34},"end":{"line":301,"column":52}}},"38":{"name":"getTablesRelationshipsAsTargets","line":307,"loc":{"start":{"line":307,"column":15},"end":{"line":307,"column":78}}},"39":{"name":"filter","line":310,"loc":{"start":{"line":310,"column":25},"end":{"line":310,"column":55}}},"40":{"name":"getTablesRelationshipsAsSources","line":327,"loc":{"start":{"line":327,"column":15},"end":{"line":327,"column":78}}},"41":{"name":"filter","line":330,"loc":{"start":{"line":330,"column":25},"end":{"line":330,"column":55}}},"42":{"name":"getColumn","line":347,"loc":{"start":{"line":347,"column":15},"end":{"line":347,"column":47}}},"43":{"name":"(anonymous_43)","line":348,"loc":{"start":{"line":348,"column":38},"end":{"line":348,"column":56}}},"44":{"name":"getDefaultValue","line":354,"loc":{"start":{"line":354,"column":15},"end":{"line":354,"column":48}}},"45":{"name":"getPrimaryKeys","line":359,"loc":{"start":{"line":359,"column":15},"end":{"line":359,"column":48}}},"46":{"name":"(anonymous_46)","line":360,"loc":{"start":{"line":360,"column":34},"end":{"line":360,"column":52}}},"47":{"name":"(anonymous_47)","line":362,"loc":{"start":{"line":362,"column":19},"end":{"line":362,"column":37}}},"48":{"name":"toSqliteValue","line":368,"loc":{"start":{"line":368,"column":15},"end":{"line":368,"column":45}}}},"statementMap":{"1":{"start":{"line":3,"column":0},"end":{"line":5,"column":3}},"2":{"start":{"line":7,"column":0},"end":{"line":7,"column":564}},"3":{"start":{"line":7,"column":33},"end":{"line":7,"column":349}},"4":{"start":{"line":7,"column":76},"end":{"line":7,"column":347}},"5":{"start":{"line":7,"column":117},"end":{"line":7,"column":143}},"6":{"start":{"line":7,"column":144},"end":{"line":7,"column":199}},"7":{"start":{"line":7,"column":200},"end":{"line":7,"column":231}},"8":{"start":{"line":7,"column":232},"end":{"line":7,"column":286}},"9":{"start":{"line":7,"column":259},"end":{"line":7,"column":286}},"10":{"start":{"line":7,"column":287},"end":{"line":7,"column":345}},"11":{"start":{"line":7,"column":350},"end":{"line":7,"column":559}},"12":{"start":{"line":7,"column":407},"end":{"line":7,"column":475}},"13":{"start":{"line":7,"column":423},"end":{"line":7,"column":475}},"14":{"start":{"line":7,"column":476},"end":{"line":7,"column":536}},"15":{"start":{"line":7,"column":493},"end":{"line":7,"column":536}},"16":{"start":{"line":7,"column":537},"end":{"line":7,"column":556}},"17":{"start":{"line":9,"column":0},"end":{"line":9,"column":52}},"18":{"start":{"line":11,"column":0},"end":{"line":11,"column":65}},"19":{"start":{"line":13,"column":0},"end":{"line":13,"column":95}},"20":{"start":{"line":13,"column":39},"end":{"line":13,"column":93}},"21":{"start":{"line":15,"column":0},"end":{"line":15,"column":153}},"22":{"start":{"line":15,"column":50},"end":{"line":15,"column":151}},"23":{"start":{"line":15,"column":92},"end":{"line":15,"column":149}},"24":{"start":{"line":17,"column":0},"end":{"line":20,"column":2}},"25":{"start":{"line":22,"column":0},"end":{"line":386,"column":4}},"26":{"start":{"line":23,"column":4},"end":{"line":27,"column":5}},"27":{"start":{"line":24,"column":8},"end":{"line":24,"column":53}},"28":{"start":{"line":26,"column":8},"end":{"line":26,"column":57}},"29":{"start":{"line":29,"column":4},"end":{"line":383,"column":8}},"30":{"start":{"line":32,"column":12},"end":{"line":32,"column":59}},"31":{"start":{"line":37,"column":12},"end":{"line":37,"column":74}},"32":{"start":{"line":42,"column":12},"end":{"line":42,"column":29}},"33":{"start":{"line":44,"column":12},"end":{"line":46,"column":13}},"34":{"start":{"line":45,"column":16},"end":{"line":45,"column":95}},"35":{"start":{"line":48,"column":12},"end":{"line":50,"column":13}},"36":{"start":{"line":49,"column":16},"end":{"line":49,"column":96}},"37":{"start":{"line":52,"column":12},"end":{"line":52,"column":34}},"38":{"start":{"line":53,"column":12},"end":{"line":53,"column":29}},"39":{"start":{"line":54,"column":12},"end":{"line":54,"column":28}},"40":{"start":{"line":56,"column":12},"end":{"line":69,"column":15}},"41":{"start":{"line":57,"column":16},"end":{"line":57,"column":45}},"42":{"start":{"line":58,"column":16},"end":{"line":58,"column":65}},"43":{"start":{"line":60,"column":16},"end":{"line":68,"column":17}},"44":{"start":{"line":61,"column":20},"end":{"line":61,"column":64}},"45":{"start":{"line":63,"column":20},"end":{"line":67,"column":21}},"46":{"start":{"line":64,"column":24},"end":{"line":64,"column":71}},"47":{"start":{"line":66,"column":24},"end":{"line":66,"column":77}},"48":{"start":{"line":71,"column":12},"end":{"line":71,"column":54}},"49":{"start":{"line":72,"column":12},"end":{"line":72,"column":80}},"50":{"start":{"line":74,"column":12},"end":{"line":79,"column":13}},"51":{"start":{"line":75,"column":16},"end":{"line":78,"column":18}},"52":{"start":{"line":81,"column":12},"end":{"line":84,"column":14}},"53":{"start":{"line":89,"column":12},"end":{"line":89,"column":30}},"54":{"start":{"line":91,"column":12},"end":{"line":91,"column":28}},"55":{"start":{"line":92,"column":12},"end":{"line":92,"column":36}},"56":{"start":{"line":93,"column":12},"end":{"line":93,"column":38}},"57":{"start":{"line":94,"column":12},"end":{"line":94,"column":31}},"58":{"start":{"line":95,"column":12},"end":{"line":95,"column":40}},"59":{"start":{"line":97,"column":12},"end":{"line":99,"column":13}},"60":{"start":{"line":98,"column":16},"end":{"line":98,"column":95}},"61":{"start":{"line":101,"column":12},"end":{"line":103,"column":13}},"62":{"start":{"line":102,"column":16},"end":{"line":102,"column":96}},"63":{"start":{"line":105,"column":12},"end":{"line":107,"column":13}},"64":{"start":{"line":106,"column":16},"end":{"line":106,"column":95}},"65":{"start":{"line":109,"column":12},"end":{"line":111,"column":13}},"66":{"start":{"line":110,"column":16},"end":{"line":110,"column":83}},"67":{"start":{"line":113,"column":12},"end":{"line":120,"column":15}},"68":{"start":{"line":114,"column":16},"end":{"line":114,"column":45}},"69":{"start":{"line":116,"column":16},"end":{"line":119,"column":17}},"70":{"start":{"line":117,"column":20},"end":{"line":117,"column":76}},"71":{"start":{"line":118,"column":20},"end":{"line":118,"column":73}},"72":{"start":{"line":122,"column":12},"end":{"line":125,"column":15}},"73":{"start":{"line":123,"column":16},"end":{"line":123,"column":70}},"74":{"start":{"line":124,"column":16},"end":{"line":124,"column":51}},"75":{"start":{"line":127,"column":12},"end":{"line":127,"column":53}},"76":{"start":{"line":129,"column":12},"end":{"line":132,"column":14}},"77":{"start":{"line":137,"column":12},"end":{"line":137,"column":30}},"78":{"start":{"line":139,"column":12},"end":{"line":141,"column":13}},"79":{"start":{"line":140,"column":16},"end":{"line":140,"column":95}},"80":{"start":{"line":143,"column":12},"end":{"line":145,"column":13}},"81":{"start":{"line":144,"column":16},"end":{"line":144,"column":96}},"82":{"start":{"line":147,"column":12},"end":{"line":147,"column":37}},"83":{"start":{"line":148,"column":12},"end":{"line":148,"column":28}},"84":{"start":{"line":149,"column":12},"end":{"line":149,"column":65}},"85":{"start":{"line":151,"column":12},"end":{"line":159,"column":15}},"86":{"start":{"line":153,"column":16},"end":{"line":158,"column":17}},"87":{"start":{"line":154,"column":20},"end":{"line":154,"column":86}},"88":{"start":{"line":156,"column":20},"end":{"line":156,"column":82}},"89":{"start":{"line":157,"column":20},"end":{"line":157,"column":74}},"90":{"start":{"line":161,"column":12},"end":{"line":164,"column":14}},"91":{"start":{"line":169,"column":12},"end":{"line":169,"column":67}},"92":{"start":{"line":170,"column":12},"end":{"line":170,"column":40}},"93":{"start":{"line":171,"column":12},"end":{"line":171,"column":65}},"94":{"start":{"line":173,"column":12},"end":{"line":190,"column":13}},"95":{"start":{"line":174,"column":16},"end":{"line":174,"column":36}},"96":{"start":{"line":176,"column":16},"end":{"line":185,"column":17}},"97":{"start":{"line":178,"column":20},"end":{"line":180,"column":21}},"98":{"start":{"line":179,"column":24},"end":{"line":179,"column":52}},"99":{"start":{"line":182,"column":20},"end":{"line":184,"column":21}},"100":{"start":{"line":183,"column":24},"end":{"line":183,"column":55}},"101":{"start":{"line":187,"column":16},"end":{"line":187,"column":110}},"102":{"start":{"line":189,"column":16},"end":{"line":189,"column":28}},"103":{"start":{"line":195,"column":12},"end":{"line":195,"column":30}},"104":{"start":{"line":197,"column":12},"end":{"line":197,"column":40}},"105":{"start":{"line":198,"column":12},"end":{"line":202,"column":26}},"106":{"start":{"line":199,"column":16},"end":{"line":199,"column":77}},"107":{"start":{"line":201,"column":16},"end":{"line":201,"column":37}},"108":{"start":{"line":204,"column":12},"end":{"line":204,"column":37}},"109":{"start":{"line":209,"column":12},"end":{"line":209,"column":151}},"110":{"start":{"line":214,"column":12},"end":{"line":214,"column":30}},"111":{"start":{"line":216,"column":12},"end":{"line":218,"column":13}},"112":{"start":{"line":217,"column":16},"end":{"line":217,"column":103}},"113":{"start":{"line":220,"column":12},"end":{"line":220,"column":36}},"114":{"start":{"line":222,"column":12},"end":{"line":224,"column":15}},"115":{"start":{"line":223,"column":16},"end":{"line":223,"column":67}},"116":{"start":{"line":226,"column":12},"end":{"line":226,"column":65}},"117":{"start":{"line":228,"column":12},"end":{"line":232,"column":15}},"118":{"start":{"line":229,"column":16},"end":{"line":229,"column":71}},"119":{"start":{"line":231,"column":16},"end":{"line":231,"column":66}},"120":{"start":{"line":234,"column":12},"end":{"line":236,"column":15}},"121":{"start":{"line":235,"column":16},"end":{"line":235,"column":44}},"122":{"start":{"line":238,"column":12},"end":{"line":242,"column":15}},"123":{"start":{"line":239,"column":16},"end":{"line":239,"column":40}},"124":{"start":{"line":241,"column":16},"end":{"line":241,"column":51}},"125":{"start":{"line":244,"column":12},"end":{"line":246,"column":15}},"126":{"start":{"line":245,"column":16},"end":{"line":245,"column":75}},"127":{"start":{"line":251,"column":12},"end":{"line":251,"column":30}},"128":{"start":{"line":253,"column":12},"end":{"line":253,"column":39}},"129":{"start":{"line":254,"column":12},"end":{"line":254,"column":96}},"130":{"start":{"line":256,"column":12},"end":{"line":258,"column":28}},"131":{"start":{"line":257,"column":16},"end":{"line":257,"column":70}},"132":{"start":{"line":263,"column":12},"end":{"line":263,"column":192}},"133":{"start":{"line":268,"column":12},"end":{"line":268,"column":30}},"134":{"start":{"line":270,"column":12},"end":{"line":272,"column":15}},"135":{"start":{"line":271,"column":16},"end":{"line":271,"column":54}},"136":{"start":{"line":274,"column":12},"end":{"line":278,"column":13}},"137":{"start":{"line":275,"column":16},"end":{"line":275,"column":26}},"138":{"start":{"line":277,"column":16},"end":{"line":277,"column":70}},"139":{"start":{"line":283,"column":12},"end":{"line":283,"column":83}},"140":{"start":{"line":285,"column":12},"end":{"line":285,"column":90}},"141":{"start":{"line":286,"column":12},"end":{"line":286,"column":93}},"142":{"start":{"line":288,"column":12},"end":{"line":294,"column":13}},"143":{"start":{"line":289,"column":16},"end":{"line":289,"column":156}},"144":{"start":{"line":290,"column":19},"end":{"line":294,"column":13}},"145":{"start":{"line":291,"column":16},"end":{"line":291,"column":126}},"146":{"start":{"line":293,"column":16},"end":{"line":293,"column":84}},"147":{"start":{"line":299,"column":12},"end":{"line":299,"column":30}},"148":{"start":{"line":301,"column":12},"end":{"line":303,"column":15}},"149":{"start":{"line":302,"column":16},"end":{"line":302,"column":67}},"150":{"start":{"line":308,"column":12},"end":{"line":308,"column":37}},"151":{"start":{"line":310,"column":12},"end":{"line":318,"column":14}},"152":{"start":{"line":311,"column":16},"end":{"line":311,"column":61}},"153":{"start":{"line":313,"column":16},"end":{"line":316,"column":17}},"154":{"start":{"line":314,"column":20},"end":{"line":314,"column":48}},"155":{"start":{"line":315,"column":20},"end":{"line":315,"column":32}},"156":{"start":{"line":317,"column":16},"end":{"line":317,"column":29}},"157":{"start":{"line":320,"column":12},"end":{"line":320,"column":65}},"158":{"start":{"line":321,"column":12},"end":{"line":321,"column":67}},"159":{"start":{"line":323,"column":12},"end":{"line":323,"column":46}},"160":{"start":{"line":328,"column":12},"end":{"line":328,"column":30}},"161":{"start":{"line":330,"column":12},"end":{"line":338,"column":14}},"162":{"start":{"line":331,"column":16},"end":{"line":331,"column":46}},"163":{"start":{"line":333,"column":16},"end":{"line":336,"column":17}},"164":{"start":{"line":334,"column":20},"end":{"line":334,"column":34}},"165":{"start":{"line":335,"column":20},"end":{"line":335,"column":32}},"166":{"start":{"line":337,"column":16},"end":{"line":337,"column":29}},"167":{"start":{"line":340,"column":12},"end":{"line":340,"column":65}},"168":{"start":{"line":341,"column":12},"end":{"line":341,"column":67}},"169":{"start":{"line":343,"column":12},"end":{"line":343,"column":46}},"170":{"start":{"line":348,"column":12},"end":{"line":350,"column":15}},"171":{"start":{"line":349,"column":16},"end":{"line":349,"column":44}},"172":{"start":{"line":355,"column":12},"end":{"line":355,"column":69}},"173":{"start":{"line":360,"column":12},"end":{"line":364,"column":15}},"174":{"start":{"line":361,"column":16},"end":{"line":361,"column":43}},"175":{"start":{"line":363,"column":16},"end":{"line":363,"column":35}},"176":{"start":{"line":369,"column":12},"end":{"line":381,"column":13}},"177":{"start":{"line":370,"column":16},"end":{"line":370,"column":29}},"178":{"start":{"line":371,"column":19},"end":{"line":381,"column":13}},"179":{"start":{"line":372,"column":16},"end":{"line":372,"column":29}},"180":{"start":{"line":373,"column":19},"end":{"line":381,"column":13}},"181":{"start":{"line":374,"column":16},"end":{"line":374,"column":37}},"182":{"start":{"line":375,"column":19},"end":{"line":381,"column":13}},"183":{"start":{"line":376,"column":16},"end":{"line":376,"column":39}},"184":{"start":{"line":377,"column":19},"end":{"line":381,"column":13}},"185":{"start":{"line":378,"column":16},"end":{"line":378,"column":28}},"186":{"start":{"line":380,"column":16},"end":{"line":380,"column":50}},"187":{"start":{"line":385,"column":4},"end":{"line":385,"column":33}},"188":{"start":{"line":388,"column":0},"end":{"line":388,"column":40}}},"branchMap":{"1":{"line":7,"type":"binary-expr","locations":[{"start":{"line":7,"column":168},"end":{"line":7,"column":189}},{"start":{"line":7,"column":193},"end":{"line":7,"column":198}}]},"2":{"line":7,"type":"if","locations":[{"start":{"line":7,"column":232},"end":{"line":7,"column":232}},{"start":{"line":7,"column":232},"end":{"line":7,"column":232}}]},"3":{"line":7,"type":"if","locations":[{"start":{"line":7,"column":407},"end":{"line":7,"column":407}},{"start":{"line":7,"column":407},"end":{"line":7,"column":407}}]},"4":{"line":7,"type":"if","locations":[{"start":{"line":7,"column":476},"end":{"line":7,"column":476}},{"start":{"line":7,"column":476},"end":{"line":7,"column":476}}]},"5":{"line":13,"type":"cond-expr","locations":[{"start":{"line":13,"column":70},"end":{"line":13,"column":73}},{"start":{"line":13,"column":76},"end":{"line":13,"column":92}}]},"6":{"line":13,"type":"binary-expr","locations":[{"start":{"line":13,"column":46},"end":{"line":13,"column":49}},{"start":{"line":13,"column":53},"end":{"line":13,"column":67}}]},"7":{"line":15,"type":"if","locations":[{"start":{"line":15,"column":50},"end":{"line":15,"column":50}},{"start":{"line":15,"column":50},"end":{"line":15,"column":50}}]},"8":{"line":44,"type":"if","locations":[{"start":{"line":44,"column":12},"end":{"line":44,"column":12}},{"start":{"line":44,"column":12},"end":{"line":44,"column":12}}]},"9":{"line":48,"type":"if","locations":[{"start":{"line":48,"column":12},"end":{"line":48,"column":12}},{"start":{"line":48,"column":12},"end":{"line":48,"column":12}}]},"10":{"line":60,"type":"if","locations":[{"start":{"line":60,"column":16},"end":{"line":60,"column":16}},{"start":{"line":60,"column":16},"end":{"line":60,"column":16}}]},"11":{"line":60,"type":"binary-expr","locations":[{"start":{"line":60,"column":20},"end":{"line":60,"column":61}},{"start":{"line":60,"column":65},"end":{"line":60,"column":92}}]},"12":{"line":63,"type":"if","locations":[{"start":{"line":63,"column":20},"end":{"line":63,"column":20}},{"start":{"line":63,"column":20},"end":{"line":63,"column":20}}]},"13":{"line":74,"type":"if","locations":[{"start":{"line":74,"column":12},"end":{"line":74,"column":12}},{"start":{"line":74,"column":12},"end":{"line":74,"column":12}}]},"14":{"line":97,"type":"if","locations":[{"start":{"line":97,"column":12},"end":{"line":97,"column":12}},{"start":{"line":97,"column":12},"end":{"line":97,"column":12}}]},"15":{"line":101,"type":"if","locations":[{"start":{"line":101,"column":12},"end":{"line":101,"column":12}},{"start":{"line":101,"column":12},"end":{"line":101,"column":12}}]},"16":{"line":105,"type":"if","locations":[{"start":{"line":105,"column":12},"end":{"line":105,"column":12}},{"start":{"line":105,"column":12},"end":{"line":105,"column":12}}]},"17":{"line":109,"type":"if","locations":[{"start":{"line":109,"column":12},"end":{"line":109,"column":12}},{"start":{"line":109,"column":12},"end":{"line":109,"column":12}}]},"18":{"line":116,"type":"if","locations":[{"start":{"line":116,"column":16},"end":{"line":116,"column":16}},{"start":{"line":116,"column":16},"end":{"line":116,"column":16}}]},"19":{"line":116,"type":"binary-expr","locations":[{"start":{"line":116,"column":20},"end":{"line":116,"column":60}},{"start":{"line":116,"column":64},"end":{"line":116,"column":107}}]},"20":{"line":139,"type":"if","locations":[{"start":{"line":139,"column":12},"end":{"line":139,"column":12}},{"start":{"line":139,"column":12},"end":{"line":139,"column":12}}]},"21":{"line":143,"type":"if","locations":[{"start":{"line":143,"column":12},"end":{"line":143,"column":12}},{"start":{"line":143,"column":12},"end":{"line":143,"column":12}}]},"22":{"line":153,"type":"if","locations":[{"start":{"line":153,"column":16},"end":{"line":153,"column":16}},{"start":{"line":153,"column":16},"end":{"line":153,"column":16}}]},"23":{"line":173,"type":"if","locations":[{"start":{"line":173,"column":12},"end":{"line":173,"column":12}},{"start":{"line":173,"column":12},"end":{"line":173,"column":12}}]},"24":{"line":176,"type":"if","locations":[{"start":{"line":176,"column":16},"end":{"line":176,"column":16}},{"start":{"line":176,"column":16},"end":{"line":176,"column":16}}]},"25":{"line":178,"type":"if","locations":[{"start":{"line":178,"column":20},"end":{"line":178,"column":20}},{"start":{"line":178,"column":20},"end":{"line":178,"column":20}}]},"26":{"line":182,"type":"if","locations":[{"start":{"line":182,"column":20},"end":{"line":182,"column":20}},{"start":{"line":182,"column":20},"end":{"line":182,"column":20}}]},"27":{"line":216,"type":"if","locations":[{"start":{"line":216,"column":12},"end":{"line":216,"column":12}},{"start":{"line":216,"column":12},"end":{"line":216,"column":12}}]},"28":{"line":274,"type":"if","locations":[{"start":{"line":274,"column":12},"end":{"line":274,"column":12}},{"start":{"line":274,"column":12},"end":{"line":274,"column":12}}]},"29":{"line":288,"type":"if","locations":[{"start":{"line":288,"column":12},"end":{"line":288,"column":12}},{"start":{"line":288,"column":12},"end":{"line":288,"column":12}}]},"30":{"line":288,"type":"binary-expr","locations":[{"start":{"line":288,"column":16},"end":{"line":288,"column":42}},{"start":{"line":288,"column":46},"end":{"line":288,"column":66}}]},"31":{"line":290,"type":"if","locations":[{"start":{"line":290,"column":19},"end":{"line":290,"column":19}},{"start":{"line":290,"column":19},"end":{"line":290,"column":19}}]},"32":{"line":313,"type":"if","locations":[{"start":{"line":313,"column":16},"end":{"line":313,"column":16}},{"start":{"line":313,"column":16},"end":{"line":313,"column":16}}]},"33":{"line":313,"type":"binary-expr","locations":[{"start":{"line":313,"column":20},"end":{"line":313,"column":54}},{"start":{"line":313,"column":58},"end":{"line":313,"column":93}}]},"34":{"line":333,"type":"if","locations":[{"start":{"line":333,"column":16},"end":{"line":333,"column":16}},{"start":{"line":333,"column":16},"end":{"line":333,"column":16}}]},"35":{"line":333,"type":"binary-expr","locations":[{"start":{"line":333,"column":20},"end":{"line":333,"column":52}},{"start":{"line":333,"column":56},"end":{"line":333,"column":77}}]},"36":{"line":355,"type":"binary-expr","locations":[{"start":{"line":355,"column":19},"end":{"line":355,"column":60}},{"start":{"line":355,"column":64},"end":{"line":355,"column":68}}]},"37":{"line":369,"type":"if","locations":[{"start":{"line":369,"column":12},"end":{"line":369,"column":12}},{"start":{"line":369,"column":12},"end":{"line":369,"column":12}}]},"38":{"line":371,"type":"if","locations":[{"start":{"line":371,"column":19},"end":{"line":371,"column":19}},{"start":{"line":371,"column":19},"end":{"line":371,"column":19}}]},"39":{"line":373,"type":"if","locations":[{"start":{"line":373,"column":19},"end":{"line":373,"column":19}},{"start":{"line":373,"column":19},"end":{"line":373,"column":19}}]},"40":{"line":374,"type":"cond-expr","locations":[{"start":{"line":374,"column":31},"end":{"line":374,"column":32}},{"start":{"line":374,"column":35},"end":{"line":374,"column":36}}]},"41":{"line":375,"type":"if","locations":[{"start":{"line":375,"column":19},"end":{"line":375,"column":19}},{"start":{"line":375,"column":19},"end":{"line":375,"column":19}}]},"42":{"line":377,"type":"if","locations":[{"start":{"line":377,"column":19},"end":{"line":377,"column":19}},{"start":{"line":377,"column":19},"end":{"line":377,"column":19}}]}}},"/Users/bdhowe/Documents/git/MetaDatabase/lib/sqlite/dataTypeMapping.js":{"path":"/Users/bdhowe/Documents/git/MetaDatabase/lib/sqlite/dataTypeMapping.js","s":{"1":1,"2":1},"b":{},"f":{},"fnMap":{},"statementMap":{"1":{"start":{"line":3,"column":0},"end":{"line":5,"column":3}},"2":{"start":{"line":6,"column":0},"end":{"line":16,"column":2}}},"branchMap":{}},"/Users/bdhowe/Documents/git/MetaDatabase/lib/sqlite/Provider.js":{"path":"/Users/bdhowe/Documents/git/MetaDatabase/lib/sqlite/Provider.js","s":{"1":1,"2":1,"3":1,"4":1,"5":3,"6":3,"7":3,"8":3,"9":3,"10":3,"11":1,"12":1,"13":1,"14":1,"15":0,"16":1,"17":1,"18":1,"19":1,"20":1,"21":1,"22":2,"23":1,"24":62,"25":0,"26":1,"27":1,"28":62,"29":62,"30":62,"31":0,"32":62,"33":0,"34":62,"35":62,"36":62,"37":62,"38":1,"39":14,"40":14,"41":14,"42":14,"43":14,"44":12,"45":0,"46":0,"47":0,"48":0,"49":0,"50":0,"51":0,"52":0,"53":0,"54":0,"55":0,"56":1,"57":1},"b":{"1":[3,3],"2":[3,0],"3":[1,0],"4":[0,1],"5":[2,0],"6":[2,2],"7":[0,62],"8":[62,0],"9":[62,62],"10":[0,62],"11":[0,62]},"f":{"1":1,"2":1,"3":1,"4":2,"5":62,"6":1,"7":62,"8":14,"9":12,"10":0,"11":0,"12":0,"13":0,"14":0},"fnMap":{"1":{"name":"(anonymous_1)","line":7,"loc":{"start":{"line":7,"column":19},"end":{"line":7,"column":31}}},"2":{"name":"defineProperties","line":7,"loc":{"start":{"line":7,"column":33},"end":{"line":7,"column":74}}},"3":{"name":"(anonymous_3)","line":7,"loc":{"start":{"line":7,"column":357},"end":{"line":7,"column":405}}},"4":{"name":"_interopRequireDefault","line":17,"loc":{"start":{"line":17,"column":0},"end":{"line":17,"column":37}}},"5":{"name":"_classCallCheck","line":19,"loc":{"start":{"line":19,"column":0},"end":{"line":19,"column":48}}},"6":{"name":"(anonymous_6)","line":21,"loc":{"start":{"line":21,"column":15},"end":{"line":21,"column":27}}},"7":{"name":"Provider","line":22,"loc":{"start":{"line":22,"column":4},"end":{"line":22,"column":28}}},"8":{"name":"toArrayAsync","line":44,"loc":{"start":{"line":44,"column":15},"end":{"line":44,"column":48}}},"9":{"name":"(anonymous_9)","line":51,"loc":{"start":{"line":51,"column":59},"end":{"line":51,"column":78}}},"10":{"name":"toArrayWithCountAsync","line":57,"loc":{"start":{"line":57,"column":15},"end":{"line":57,"column":57}}},"11":{"name":"(anonymous_11)","line":61,"loc":{"start":{"line":61,"column":35},"end":{"line":61,"column":48}}},"12":{"name":"(anonymous_12)","line":64,"loc":{"start":{"line":64,"column":20},"end":{"line":64,"column":39}}},"13":{"name":"countAsync","line":73,"loc":{"start":{"line":73,"column":15},"end":{"line":73,"column":46}}},"14":{"name":"(anonymous_14)","line":78,"loc":{"start":{"line":78,"column":59},"end":{"line":78,"column":77}}}},"statementMap":{"1":{"start":{"line":3,"column":0},"end":{"line":5,"column":3}},"2":{"start":{"line":7,"column":0},"end":{"line":7,"column":564}},"3":{"start":{"line":7,"column":33},"end":{"line":7,"column":349}},"4":{"start":{"line":7,"column":76},"end":{"line":7,"column":347}},"5":{"start":{"line":7,"column":117},"end":{"line":7,"column":143}},"6":{"start":{"line":7,"column":144},"end":{"line":7,"column":199}},"7":{"start":{"line":7,"column":200},"end":{"line":7,"column":231}},"8":{"start":{"line":7,"column":232},"end":{"line":7,"column":286}},"9":{"start":{"line":7,"column":259},"end":{"line":7,"column":286}},"10":{"start":{"line":7,"column":287},"end":{"line":7,"column":345}},"11":{"start":{"line":7,"column":350},"end":{"line":7,"column":559}},"12":{"start":{"line":7,"column":407},"end":{"line":7,"column":475}},"13":{"start":{"line":7,"column":423},"end":{"line":7,"column":475}},"14":{"start":{"line":7,"column":476},"end":{"line":7,"column":536}},"15":{"start":{"line":7,"column":493},"end":{"line":7,"column":536}},"16":{"start":{"line":7,"column":537},"end":{"line":7,"column":556}},"17":{"start":{"line":9,"column":0},"end":{"line":9,"column":36}},"18":{"start":{"line":11,"column":0},"end":{"line":11,"column":49}},"19":{"start":{"line":13,"column":0},"end":{"line":13,"column":48}},"20":{"start":{"line":15,"column":0},"end":{"line":15,"column":61}},"21":{"start":{"line":17,"column":0},"end":{"line":17,"column":95}},"22":{"start":{"line":17,"column":39},"end":{"line":17,"column":93}},"23":{"start":{"line":19,"column":0},"end":{"line":19,"column":153}},"24":{"start":{"line":19,"column":50},"end":{"line":19,"column":151}},"25":{"start":{"line":19,"column":92},"end":{"line":19,"column":149}},"26":{"start":{"line":21,"column":0},"end":{"line":85,"column":4}},"27":{"start":{"line":22,"column":4},"end":{"line":40,"column":5}},"28":{"start":{"line":23,"column":8},"end":{"line":23,"column":93}},"29":{"start":{"line":25,"column":8},"end":{"line":25,"column":40}},"30":{"start":{"line":27,"column":8},"end":{"line":29,"column":9}},"31":{"start":{"line":28,"column":12},"end":{"line":28,"column":95}},"32":{"start":{"line":31,"column":8},"end":{"line":33,"column":9}},"33":{"start":{"line":32,"column":12},"end":{"line":32,"column":84}},"34":{"start":{"line":35,"column":8},"end":{"line":35,"column":31}},"35":{"start":{"line":36,"column":8},"end":{"line":36,"column":53}},"36":{"start":{"line":37,"column":8},"end":{"line":37,"column":25}},"37":{"start":{"line":39,"column":8},"end":{"line":39,"column":73}},"38":{"start":{"line":42,"column":4},"end":{"line":82,"column":8}},"39":{"start":{"line":45,"column":12},"end":{"line":45,"column":29}},"40":{"start":{"line":47,"column":12},"end":{"line":47,"column":45}},"41":{"start":{"line":48,"column":12},"end":{"line":48,"column":69}},"42":{"start":{"line":49,"column":12},"end":{"line":49,"column":65}},"43":{"start":{"line":51,"column":12},"end":{"line":53,"column":15}},"44":{"start":{"line":52,"column":16},"end":{"line":52,"column":60}},"45":{"start":{"line":58,"column":12},"end":{"line":58,"column":30}},"46":{"start":{"line":60,"column":12},"end":{"line":60,"column":26}},"47":{"start":{"line":61,"column":12},"end":{"line":69,"column":15}},"48":{"start":{"line":62,"column":16},"end":{"line":62,"column":26}},"49":{"start":{"line":63,"column":16},"end":{"line":63,"column":54}},"50":{"start":{"line":65,"column":16},"end":{"line":68,"column":18}},"51":{"start":{"line":74,"column":12},"end":{"line":74,"column":45}},"52":{"start":{"line":75,"column":12},"end":{"line":75,"column":69}},"53":{"start":{"line":76,"column":12},"end":{"line":76,"column":74}},"54":{"start":{"line":78,"column":12},"end":{"line":80,"column":15}},"55":{"start":{"line":79,"column":16},"end":{"line":79,"column":36}},"56":{"start":{"line":84,"column":4},"end":{"line":84,"column":20}},"57":{"start":{"line":87,"column":0},"end":{"line":87,"column":27}}},"branchMap":{"1":{"line":7,"type":"binary-expr","locations":[{"start":{"line":7,"column":168},"end":{"line":7,"column":189}},{"start":{"line":7,"column":193},"end":{"line":7,"column":198}}]},"2":{"line":7,"type":"if","locations":[{"start":{"line":7,"column":232},"end":{"line":7,"column":232}},{"start":{"line":7,"column":232},"end":{"line":7,"column":232}}]},"3":{"line":7,"type":"if","locations":[{"start":{"line":7,"column":407},"end":{"line":7,"column":407}},{"start":{"line":7,"column":407},"end":{"line":7,"column":407}}]},"4":{"line":7,"type":"if","locations":[{"start":{"line":7,"column":476},"end":{"line":7,"column":476}},{"start":{"line":7,"column":476},"end":{"line":7,"column":476}}]},"5":{"line":17,"type":"cond-expr","locations":[{"start":{"line":17,"column":70},"end":{"line":17,"column":73}},{"start":{"line":17,"column":76},"end":{"line":17,"column":92}}]},"6":{"line":17,"type":"binary-expr","locations":[{"start":{"line":17,"column":46},"end":{"line":17,"column":49}},{"start":{"line":17,"column":53},"end":{"line":17,"column":67}}]},"7":{"line":19,"type":"if","locations":[{"start":{"line":19,"column":50},"end":{"line":19,"column":50}},{"start":{"line":19,"column":50},"end":{"line":19,"column":50}}]},"8":{"line":23,"type":"cond-expr","locations":[{"start":{"line":23,"column":75},"end":{"line":23,"column":87}},{"start":{"line":23,"column":90},"end":{"line":23,"column":92}}]},"9":{"line":23,"type":"binary-expr","locations":[{"start":{"line":23,"column":22},"end":{"line":23,"column":42}},{"start":{"line":23,"column":46},"end":{"line":23,"column":72}}]},"10":{"line":27,"type":"if","locations":[{"start":{"line":27,"column":8},"end":{"line":27,"column":8}},{"start":{"line":27,"column":8},"end":{"line":27,"column":8}}]},"11":{"line":31,"type":"if","locations":[{"start":{"line":31,"column":8},"end":{"line":31,"column":8}},{"start":{"line":31,"column":8},"end":{"line":31,"column":8}}]}}},"/Users/bdhowe/Documents/git/MetaDatabase/lib/sqlite/Visitor.js":{"path":"/Users/bdhowe/Documents/git/MetaDatabase/lib/sqlite/Visitor.js","s":{"1":1,"2":1,"3":1,"4":1,"5":50,"6":50,"7":50,"8":50,"9":50,"10":50,"11":1,"12":1,"13":1,"14":1,"15":0,"16":1,"17":1,"18":1,"19":19,"20":0,"21":1,"22":19,"23":0,"24":19,"25":1,"26":1,"27":0,"28":1,"29":1,"30":1,"31":1,"32":1,"33":1,"34":19,"35":19,"36":19,"37":19,"38":19,"39":19,"40":19,"41":19,"42":19,"43":19,"44":9,"45":0,"46":0,"47":2,"48":5,"49":0,"50":0,"51":19,"52":1,"53":4,"54":4,"55":4,"56":11,"57":565,"58":34,"59":4,"60":21,"61":21,"62":21,"63":21,"64":21,"65":21,"66":34,"67":34,"68":17,"69":17,"70":34,"71":21,"72":4,"73":21,"74":21,"75":42,"76":21,"77":21,"78":21,"79":21,"80":42,"81":21,"82":21,"83":21,"84":57,"85":110,"86":14,"87":9,"88":5,"89":5,"90":0,"91":0,"92":0,"93":0,"94":0,"95":0,"96":0,"97":20,"98":16,"99":16,"100":16,"101":17,"102":17,"103":1,"104":16,"105":16,"106":0,"107":16,"108":0,"109":0,"110":0,"111":0,"112":0,"113":0,"114":0,"115":0,"116":0,"117":34,"118":0,"119":0,"120":0,"121":0,"122":0,"123":0,"124":0,"125":0,"126":17,"127":17,"128":17,"129":17,"130":17,"131":17,"132":17,"133":17,"134":17,"135":17,"136":17,"137":17,"138":17,"139":17,"140":0,"141":17,"142":0,"143":17,"144":17,"145":102,"146":0,"147":0,"148":0,"149":2,"150":2,"151":14,"152":14,"153":0,"154":14,"155":1,"156":0,"157":0,"158":0,"159":0,"160":17,"161":0,"162":0,"163":0,"164":0,"165":0,"166":0,"167":0,"168":0,"169":0,"170":0,"171":17,"172":17,"173":17,"174":18,"175":18,"176":106,"177":106,"178":17,"179":0,"180":0,"181":0,"182":0,"183":0,"184":0,"185":5,"186":0,"187":0,"188":0,"189":0,"190":0,"191":0,"192":0,"193":0,"194":0,"195":0,"196":17,"197":17,"198":17,"199":0,"200":20,"201":20,"202":20,"203":20,"204":20,"205":20,"206":20,"207":4,"208":1,"209":4,"210":4,"211":4,"212":20,"213":1,"214":1,"215":1,"216":17,"217":0,"218":0,"219":0,"220":0,"221":11,"222":0,"223":0,"224":17,"225":17,"226":0,"227":17,"228":17,"229":17,"230":18,"231":3,"232":15,"233":1,"234":1},"b":{"1":[50,50],"2":[50,0],"3":[1,0],"4":[0,1],"5":[0,19],"6":[0,19],"7":[0,19],"8":[19,0,0],"9":[0,1],"10":[1,0],"11":[1,1],"12":[1,0],"13":[1,0],"14":[19,0],"15":[0,0],"16":[4,0],"17":[17,17],"18":[9,5],"19":[5,0],"20":[0,0],"21":[0,0],"22":[0,0],"23":[1,16],"24":[0,16],"25":[0,0],"26":[4,13],"27":[0,17],"28":[17,15],"29":[0,17],"30":[17,2],"31":[102,102],"32":[0,14],"33":[0,0],"34":[0,0],"35":[0,0],"36":[17,0],"37":[20,20,16],"38":[20,4,16],"39":[4,16],"40":[1,3],"41":[17,0],"42":[3,15]},"f":{"1":1,"2":1,"3":1,"4":19,"5":19,"6":1,"7":1,"8":19,"9":9,"10":0,"11":0,"12":2,"13":5,"14":0,"15":0,"16":4,"17":11,"18":565,"19":34,"20":4,"21":21,"22":34,"23":4,"24":21,"25":42,"26":21,"27":42,"28":57,"29":110,"30":14,"31":20,"32":16,"33":17,"34":0,"35":0,"36":0,"37":0,"38":0,"39":34,"40":0,"41":0,"42":17,"43":102,"44":0,"45":0,"46":2,"47":14,"48":1,"49":0,"50":0,"51":17,"52":0,"53":0,"54":0,"55":0,"56":0,"57":0,"58":17,"59":18,"60":106,"61":0,"62":0,"63":0,"64":5,"65":0,"66":0,"67":17,"68":20,"69":20,"70":1,"71":17,"72":0,"73":11,"74":0,"75":17,"76":17,"77":18},"fnMap":{"1":{"name":"(anonymous_1)","line":7,"loc":{"start":{"line":7,"column":19},"end":{"line":7,"column":31}}},"2":{"name":"defineProperties","line":7,"loc":{"start":{"line":7,"column":33},"end":{"line":7,"column":74}}},"3":{"name":"(anonymous_3)","line":7,"loc":{"start":{"line":7,"column":357},"end":{"line":7,"column":405}}},"4":{"name":"_classCallCheck","line":11,"loc":{"start":{"line":11,"column":0},"end":{"line":11,"column":48}}},"5":{"name":"_possibleConstructorReturn","line":13,"loc":{"start":{"line":13,"column":0},"end":{"line":13,"column":48}}},"6":{"name":"_inherits","line":15,"loc":{"start":{"line":15,"column":0},"end":{"line":15,"column":41}}},"7":{"name":"(anonymous_7)","line":17,"loc":{"start":{"line":17,"column":14},"end":{"line":17,"column":44}}},"8":{"name":"Visitor","line":20,"loc":{"start":{"line":20,"column":4},"end":{"line":20,"column":32}}},"9":{"name":"convertString","line":34,"loc":{"start":{"line":34,"column":27},"end":{"line":34,"column":57}}},"10":{"name":"convertContainsString","line":37,"loc":{"start":{"line":37,"column":35},"end":{"line":37,"column":73}}},"11":{"name":"convertStartsWithString","line":40,"loc":{"start":{"line":40,"column":37},"end":{"line":40,"column":77}}},"12":{"name":"convertEndsWithString","line":43,"loc":{"start":{"line":43,"column":35},"end":{"line":43,"column":73}}},"13":{"name":"convertNumber","line":46,"loc":{"start":{"line":46,"column":27},"end":{"line":46,"column":57}}},"14":{"name":"convertBoolean","line":49,"loc":{"start":{"line":49,"column":28},"end":{"line":49,"column":59}}},"15":{"name":"convertDate","line":52,"loc":{"start":{"line":52,"column":25},"end":{"line":52,"column":53}}},"16":{"name":"_addJoinClause","line":62,"loc":{"start":{"line":62,"column":15},"end":{"line":62,"column":47}}},"17":{"name":"_escape","line":70,"loc":{"start":{"line":70,"column":15},"end":{"line":70,"column":39}}},"18":{"name":"_escapeIdentifier","line":75,"loc":{"start":{"line":75,"column":15},"end":{"line":75,"column":49}}},"19":{"name":"_buildLeftJoinStatementFromSource","line":80,"loc":{"start":{"line":80,"column":15},"end":{"line":80,"column":72}}},"20":{"name":"_buildLeftJoinStatementFromTarget","line":85,"loc":{"start":{"line":85,"column":15},"end":{"line":85,"column":72}}},"21":{"name":"_getNavigationProperties","line":90,"loc":{"start":{"line":90,"column":15},"end":{"line":90,"column":61}}},"22":{"name":"(anonymous_22)","line":99,"loc":{"start":{"line":99,"column":40},"end":{"line":99,"column":64}}},"23":{"name":"(anonymous_23)","line":115,"loc":{"start":{"line":115,"column":40},"end":{"line":115,"column":64}}},"24":{"name":"_getRelationshipsAsSource","line":127,"loc":{"start":{"line":127,"column":15},"end":{"line":127,"column":72}}},"25":{"name":"filter","line":128,"loc":{"start":{"line":128,"column":25},"end":{"line":128,"column":55}}},"26":{"name":"_getRelationshipsAsTarget","line":139,"loc":{"start":{"line":139,"column":15},"end":{"line":139,"column":72}}},"27":{"name":"filter","line":140,"loc":{"start":{"line":140,"column":25},"end":{"line":140,"column":55}}},"28":{"name":"_getTable","line":151,"loc":{"start":{"line":151,"column":15},"end":{"line":151,"column":40}}},"29":{"name":"(anonymous_29)","line":152,"loc":{"start":{"line":152,"column":40},"end":{"line":152,"column":57}}},"30":{"name":"_sqlizePrimitive","line":158,"loc":{"start":{"line":158,"column":15},"end":{"line":158,"column":48}}},"31":{"name":"_writeTableProperty","line":175,"loc":{"start":{"line":175,"column":15},"end":{"line":175,"column":59}}},"32":{"name":"and","line":180,"loc":{"start":{"line":180,"column":15},"end":{"line":180,"column":30}}},"33":{"name":"(anonymous_33)","line":184,"loc":{"start":{"line":184,"column":29},"end":{"line":184,"column":58}}},"34":{"name":"any","line":201,"loc":{"start":{"line":201,"column":15},"end":{"line":201,"column":50}}},"35":{"name":"ascending","line":210,"loc":{"start":{"line":210,"column":15},"end":{"line":210,"column":52}}},"36":{"name":"array","line":216,"loc":{"start":{"line":216,"column":15},"end":{"line":216,"column":42}}},"37":{"name":"boolean","line":221,"loc":{"start":{"line":221,"column":15},"end":{"line":221,"column":44}}},"38":{"name":"countAsync","line":226,"loc":{"start":{"line":226,"column":15},"end":{"line":226,"column":48}}},"39":{"name":"constant","line":231,"loc":{"start":{"line":231,"column":15},"end":{"line":231,"column":45}}},"40":{"name":"createSelectStatementWithCount","line":236,"loc":{"start":{"line":236,"column":15},"end":{"line":236,"column":74}}},"41":{"name":"createCustomSelectStatement","line":253,"loc":{"start":{"line":253,"column":15},"end":{"line":253,"column":71}}},"42":{"name":"createSelectStatement","line":256,"loc":{"start":{"line":256,"column":15},"end":{"line":256,"column":53}}},"43":{"name":"(anonymous_43)","line":284,"loc":{"start":{"line":284,"column":37},"end":{"line":284,"column":53}}},"44":{"name":"date","line":290,"loc":{"start":{"line":290,"column":15},"end":{"line":290,"column":41}}},"45":{"name":"descending","line":295,"loc":{"start":{"line":295,"column":15},"end":{"line":295,"column":53}}},"46":{"name":"endsWith","line":301,"loc":{"start":{"line":301,"column":15},"end":{"line":301,"column":58}}},"47":{"name":"equalTo","line":307,"loc":{"start":{"line":307,"column":15},"end":{"line":307,"column":57}}},"48":{"name":"expression","line":317,"loc":{"start":{"line":317,"column":15},"end":{"line":317,"column":48}}},"49":{"name":"greaterThan","line":322,"loc":{"start":{"line":322,"column":15},"end":{"line":322,"column":61}}},"50":{"name":"greaterThanOrEqualTo","line":328,"loc":{"start":{"line":328,"column":15},"end":{"line":328,"column":70}}},"51":{"name":"include","line":334,"loc":{"start":{"line":334,"column":15},"end":{"line":334,"column":49}}},"52":{"name":"isIn","line":339,"loc":{"start":{"line":339,"column":15},"end":{"line":339,"column":46}}},"53":{"name":"(anonymous_53)","line":342,"loc":{"start":{"line":342,"column":35},"end":{"line":342,"column":52}}},"54":{"name":"isNotIn","line":348,"loc":{"start":{"line":348,"column":15},"end":{"line":348,"column":49}}},"55":{"name":"(anonymous_55)","line":351,"loc":{"start":{"line":351,"column":35},"end":{"line":351,"column":52}}},"56":{"name":"lessThan","line":357,"loc":{"start":{"line":357,"column":15},"end":{"line":357,"column":58}}},"57":{"name":"lessThanOrEqualTo","line":363,"loc":{"start":{"line":363,"column":15},"end":{"line":363,"column":67}}},"58":{"name":"makeColumnAliases","line":369,"loc":{"start":{"line":369,"column":15},"end":{"line":369,"column":47}}},"59":{"name":"(anonymous_59)","line":374,"loc":{"start":{"line":374,"column":24},"end":{"line":374,"column":41}}},"60":{"name":"(anonymous_60)","line":377,"loc":{"start":{"line":377,"column":38},"end":{"line":377,"column":56}}},"61":{"name":"not","line":388,"loc":{"start":{"line":388,"column":15},"end":{"line":388,"column":41}}},"62":{"name":"notEqualTo","line":393,"loc":{"start":{"line":393,"column":15},"end":{"line":393,"column":60}}},"63":{"name":"_null","line":403,"loc":{"start":{"line":403,"column":15},"end":{"line":403,"column":42}}},"64":{"name":"number","line":408,"loc":{"start":{"line":408,"column":15},"end":{"line":408,"column":43}}},"65":{"name":"or","line":413,"loc":{"start":{"line":413,"column":15},"end":{"line":413,"column":29}}},"66":{"name":"(anonymous_66)","line":416,"loc":{"start":{"line":416,"column":29},"end":{"line":416,"column":58}}},"67":{"name":"orderBy","line":433,"loc":{"start":{"line":433,"column":15},"end":{"line":433,"column":34}}},"68":{"name":"property","line":443,"loc":{"start":{"line":443,"column":15},"end":{"line":443,"column":45}}},"69":{"name":"propertyAccess","line":449,"loc":{"start":{"line":449,"column":15},"end":{"line":449,"column":64}}},"70":{"name":"queryable","line":473,"loc":{"start":{"line":473,"column":15},"end":{"line":473,"column":56}}},"71":{"name":"skip","line":481,"loc":{"start":{"line":481,"column":15},"end":{"line":481,"column":36}}},"72":{"name":"startsWith","line":486,"loc":{"start":{"line":486,"column":15},"end":{"line":486,"column":60}}},"73":{"name":"string","line":495,"loc":{"start":{"line":495,"column":15},"end":{"line":495,"column":43}}},"74":{"name":"substringOf","line":500,"loc":{"start":{"line":500,"column":15},"end":{"line":500,"column":61}}},"75":{"name":"take","line":506,"loc":{"start":{"line":506,"column":15},"end":{"line":506,"column":36}}},"76":{"name":"type","line":515,"loc":{"start":{"line":515,"column":15},"end":{"line":515,"column":36}}},"77":{"name":"where","line":527,"loc":{"start":{"line":527,"column":15},"end":{"line":527,"column":42}}}},"statementMap":{"1":{"start":{"line":3,"column":0},"end":{"line":5,"column":3}},"2":{"start":{"line":7,"column":0},"end":{"line":7,"column":564}},"3":{"start":{"line":7,"column":33},"end":{"line":7,"column":349}},"4":{"start":{"line":7,"column":76},"end":{"line":7,"column":347}},"5":{"start":{"line":7,"column":117},"end":{"line":7,"column":143}},"6":{"start":{"line":7,"column":144},"end":{"line":7,"column":199}},"7":{"start":{"line":7,"column":200},"end":{"line":7,"column":231}},"8":{"start":{"line":7,"column":232},"end":{"line":7,"column":286}},"9":{"start":{"line":7,"column":259},"end":{"line":7,"column":286}},"10":{"start":{"line":7,"column":287},"end":{"line":7,"column":345}},"11":{"start":{"line":7,"column":350},"end":{"line":7,"column":559}},"12":{"start":{"line":7,"column":407},"end":{"line":7,"column":475}},"13":{"start":{"line":7,"column":423},"end":{"line":7,"column":475}},"14":{"start":{"line":7,"column":476},"end":{"line":7,"column":536}},"15":{"start":{"line":7,"column":493},"end":{"line":7,"column":536}},"16":{"start":{"line":7,"column":537},"end":{"line":7,"column":556}},"17":{"start":{"line":9,"column":0},"end":{"line":9,"column":42}},"18":{"start":{"line":11,"column":0},"end":{"line":11,"column":153}},"19":{"start":{"line":11,"column":50},"end":{"line":11,"column":151}},"20":{"start":{"line":11,"column":92},"end":{"line":11,"column":149}},"21":{"start":{"line":13,"column":0},"end":{"line":13,"column":240}},"22":{"start":{"line":13,"column":50},"end":{"line":13,"column":151}},"23":{"start":{"line":13,"column":63},"end":{"line":13,"column":149}},"24":{"start":{"line":13,"column":152},"end":{"line":13,"column":238}},"25":{"start":{"line":15,"column":0},"end":{"line":15,"column":494}},"26":{"start":{"line":15,"column":43},"end":{"line":15,"column":208}},"27":{"start":{"line":15,"column":106},"end":{"line":15,"column":206}},"28":{"start":{"line":15,"column":209},"end":{"line":15,"column":373}},"29":{"start":{"line":15,"column":374},"end":{"line":15,"column":492}},"30":{"start":{"line":15,"column":390},"end":{"line":15,"column":492}},"31":{"start":{"line":17,"column":0},"end":{"line":536,"column":34}},"32":{"start":{"line":18,"column":4},"end":{"line":18,"column":43}},"33":{"start":{"line":20,"column":4},"end":{"line":58,"column":5}},"34":{"start":{"line":21,"column":8},"end":{"line":21,"column":39}},"35":{"start":{"line":23,"column":8},"end":{"line":23,"column":119}},"36":{"start":{"line":25,"column":8},"end":{"line":25,"column":26}},"37":{"start":{"line":26,"column":8},"end":{"line":26,"column":24}},"38":{"start":{"line":27,"column":8},"end":{"line":27,"column":44}},"39":{"start":{"line":28,"column":8},"end":{"line":28,"column":51}},"40":{"start":{"line":29,"column":8},"end":{"line":29,"column":31}},"41":{"start":{"line":30,"column":8},"end":{"line":30,"column":37}},"42":{"start":{"line":31,"column":8},"end":{"line":31,"column":39}},"43":{"start":{"line":33,"column":8},"end":{"line":55,"column":10}},"44":{"start":{"line":35,"column":16},"end":{"line":35,"column":56}},"45":{"start":{"line":38,"column":16},"end":{"line":38,"column":58}},"46":{"start":{"line":41,"column":16},"end":{"line":41,"column":57}},"47":{"start":{"line":44,"column":16},"end":{"line":44,"column":57}},"48":{"start":{"line":47,"column":16},"end":{"line":47,"column":40}},"49":{"start":{"line":50,"column":16},"end":{"line":50,"column":37}},"50":{"start":{"line":53,"column":16},"end":{"line":53,"column":39}},"51":{"start":{"line":57,"column":8},"end":{"line":57,"column":21}},"52":{"start":{"line":60,"column":4},"end":{"line":533,"column":8}},"53":{"start":{"line":63,"column":12},"end":{"line":63,"column":57}},"54":{"start":{"line":64,"column":12},"end":{"line":66,"column":13}},"55":{"start":{"line":65,"column":16},"end":{"line":65,"column":46}},"56":{"start":{"line":71,"column":12},"end":{"line":71,"column":50}},"57":{"start":{"line":76,"column":12},"end":{"line":76,"column":60}},"58":{"start":{"line":81,"column":12},"end":{"line":81,"column":297}},"59":{"start":{"line":86,"column":12},"end":{"line":86,"column":295}},"60":{"start":{"line":91,"column":12},"end":{"line":91,"column":30}},"61":{"start":{"line":93,"column":12},"end":{"line":93,"column":32}},"62":{"start":{"line":94,"column":12},"end":{"line":94,"column":50}},"63":{"start":{"line":96,"column":12},"end":{"line":96,"column":91}},"64":{"start":{"line":97,"column":12},"end":{"line":97,"column":91}},"65":{"start":{"line":99,"column":12},"end":{"line":113,"column":15}},"66":{"start":{"line":100,"column":16},"end":{"line":100,"column":38}},"67":{"start":{"line":102,"column":16},"end":{"line":106,"column":17}},"68":{"start":{"line":103,"column":20},"end":{"line":103,"column":51}},"69":{"start":{"line":105,"column":20},"end":{"line":105,"column":52}},"70":{"start":{"line":108,"column":16},"end":{"line":112,"column":18}},"71":{"start":{"line":115,"column":12},"end":{"line":121,"column":15}},"72":{"start":{"line":116,"column":16},"end":{"line":120,"column":18}},"73":{"start":{"line":123,"column":12},"end":{"line":123,"column":30}},"74":{"start":{"line":128,"column":12},"end":{"line":130,"column":14}},"75":{"start":{"line":129,"column":16},"end":{"line":129,"column":56}},"76":{"start":{"line":132,"column":12},"end":{"line":132,"column":78}},"77":{"start":{"line":133,"column":12},"end":{"line":133,"column":80}},"78":{"start":{"line":135,"column":12},"end":{"line":135,"column":72}},"79":{"start":{"line":140,"column":12},"end":{"line":142,"column":14}},"80":{"start":{"line":141,"column":16},"end":{"line":141,"column":58}},"81":{"start":{"line":144,"column":12},"end":{"line":144,"column":78}},"82":{"start":{"line":145,"column":12},"end":{"line":145,"column":80}},"83":{"start":{"line":147,"column":12},"end":{"line":147,"column":72}},"84":{"start":{"line":152,"column":12},"end":{"line":154,"column":15}},"85":{"start":{"line":153,"column":16},"end":{"line":153,"column":43}},"86":{"start":{"line":159,"column":12},"end":{"line":171,"column":13}},"87":{"start":{"line":160,"column":16},"end":{"line":160,"column":63}},"88":{"start":{"line":161,"column":19},"end":{"line":171,"column":13}},"89":{"start":{"line":162,"column":16},"end":{"line":162,"column":63}},"90":{"start":{"line":163,"column":19},"end":{"line":171,"column":13}},"91":{"start":{"line":164,"column":16},"end":{"line":164,"column":64}},"92":{"start":{"line":165,"column":19},"end":{"line":171,"column":13}},"93":{"start":{"line":166,"column":16},"end":{"line":166,"column":61}},"94":{"start":{"line":167,"column":19},"end":{"line":171,"column":13}},"95":{"start":{"line":168,"column":16},"end":{"line":168,"column":30}},"96":{"start":{"line":170,"column":16},"end":{"line":170,"column":59}},"97":{"start":{"line":176,"column":12},"end":{"line":176,"column":88}},"98":{"start":{"line":181,"column":12},"end":{"line":181,"column":68}},"99":{"start":{"line":182,"column":12},"end":{"line":182,"column":28}},"100":{"start":{"line":184,"column":12},"end":{"line":189,"column":15}},"101":{"start":{"line":185,"column":16},"end":{"line":185,"column":40}},"102":{"start":{"line":186,"column":16},"end":{"line":188,"column":17}},"103":{"start":{"line":187,"column":20},"end":{"line":187,"column":41}},"104":{"start":{"line":191,"column":12},"end":{"line":191,"column":41}},"105":{"start":{"line":193,"column":12},"end":{"line":195,"column":13}},"106":{"start":{"line":194,"column":16},"end":{"line":194,"column":26}},"107":{"start":{"line":197,"column":12},"end":{"line":197,"column":38}},"108":{"start":{"line":202,"column":12},"end":{"line":202,"column":39}},"109":{"start":{"line":203,"column":12},"end":{"line":203,"column":60}},"110":{"start":{"line":204,"column":12},"end":{"line":204,"column":50}},"111":{"start":{"line":206,"column":12},"end":{"line":206,"column":45}},"112":{"start":{"line":211,"column":12},"end":{"
[...]
ne":333,"column":39},"end":{"line":333,"column":63}}},"27":{"name":"(anonymous_27)","line":339,"loc":{"start":{"line":339,"column":40},"end":{"line":339,"column":64}}}},"statementMap":{"1":{"start":{"line":3,"column":0},"end":{"line":5,"column":3}},"2":{"start":{"line":7,"column":0},"end":{"line":7,"column":564}},"3":{"start":{"line":7,"column":33},"end":{"line":7,"column":349}},"4":{"start":{"line":7,"column":76},"end":{"line":7,"column":347}},"5":{"start":{"line":7,"column":117},"end":{"line":7,"column":143}},"6":{"start":{"line":7,"column":144},"end":{"line":7,"column":199}},"7":{"start":{"line":7,"column":200},"end":{"line":7,"column":231}},"8":{"start":{"line":7,"column":232},"end":{"line":7,"column":286}},"9":{"start":{"line":7,"column":259},"end":{"line":7,"column":286}},"10":{"start":{"line":7,"column":287},"end":{"line":7,"column":345}},"11":{"start":{"line":7,"column":350},"end":{"line":7,"column":559}},"12":{"start":{"line":7,"column":407},"end":{"line":7,"column":475}},"13":{"start":{"line":7,"column":423},"end":{"line":7,"column":475}},"14":{"start":{"line":7,"column":476},"end":{"line":7,"column":536}},"15":{"start":{"line":7,"column":493},"end":{"line":7,"column":536}},"16":{"start":{"line":7,"column":537},"end":{"line":7,"column":556}},"17":{"start":{"line":9,"column":0},"end":{"line":9,"column":49}},"18":{"start":{"line":11,"column":0},"end":{"line":11,"column":49}},"19":{"start":{"line":13,"column":0},"end":{"line":13,"column":47}},"20":{"start":{"line":15,"column":0},"end":{"line":15,"column":53}},"21":{"start":{"line":17,"column":0},"end":{"line":17,"column":95}},"22":{"start":{"line":17,"column":39},"end":{"line":17,"column":93}},"23":{"start":{"line":19,"column":0},"end":{"line":19,"column":153}},"24":{"start":{"line":19,"column":50},"end":{"line":19,"column":151}},"25":{"start":{"line":19,"column":92},"end":{"line":19,"column":149}},"26":{"start":{"line":21,"column":0},"end":{"line":350,"column":4}},"27":{"start":{"line":22,"column":4},"end":{"line":26,"column":5}},"28":{"start":{"line":23,"column":8},"end":{"line":23,"column":46}},"29":{"start":{"line":25,"column":8},"end":{"line":25,"column":54}},"30":{"start":{"line":28,"column":4},"end":{"line":347,"column":8}},"31":{"start":{"line":31,"column":12},"end":{"line":31,"column":53}},"32":{"start":{"line":33,"column":12},"end":{"line":33,"column":50}},"33":{"start":{"line":34,"column":12},"end":{"line":37,"column":14}},"34":{"start":{"line":39,"column":12},"end":{"line":39,"column":49}},"35":{"start":{"line":40,"column":12},"end":{"line":40,"column":46}},"36":{"start":{"line":42,"column":12},"end":{"line":42,"column":51}},"37":{"start":{"line":43,"column":12},"end":{"line":43,"column":45}},"38":{"start":{"line":45,"column":12},"end":{"line":45,"column":27}},"39":{"start":{"line":50,"column":12},"end":{"line":50,"column":59}},"40":{"start":{"line":52,"column":12},"end":{"line":52,"column":50}},"41":{"start":{"line":53,"column":12},"end":{"line":56,"column":14}},"42":{"start":{"line":58,"column":12},"end":{"line":60,"column":13}},"43":{"start":{"line":59,"column":16},"end":{"line":59,"column":67}},"44":{"start":{"line":62,"column":12},"end":{"line":62,"column":52}},"45":{"start":{"line":63,"column":12},"end":{"line":63,"column":46}},"46":{"start":{"line":65,"column":12},"end":{"line":65,"column":54}},"47":{"start":{"line":66,"column":12},"end":{"line":66,"column":45}},"48":{"start":{"line":68,"column":12},"end":{"line":68,"column":27}},"49":{"start":{"line":73,"column":12},"end":{"line":73,"column":73}},"50":{"start":{"line":75,"column":12},"end":{"line":75,"column":50}},"51":{"start":{"line":76,"column":12},"end":{"line":78,"column":14}},"52":{"start":{"line":80,"column":12},"end":{"line":80,"column":63}},"53":{"start":{"line":81,"column":12},"end":{"line":81,"column":46}},"54":{"start":{"line":83,"column":12},"end":{"line":83,"column":65}},"55":{"start":{"line":84,"column":12},"end":{"line":84,"column":45}},"56":{"start":{"line":86,"column":12},"end":{"line":86,"column":27}},"57":{"start":{"line":91,"column":12},"end":{"line":91,"column":74}},"58":{"start":{"line":93,"column":12},"end":{"line":93,"column":50}},"59":{"start":{"line":94,"column":12},"end":{"line":96,"column":14}},"60":{"start":{"line":98,"column":12},"end":{"line":98,"column":64}},"61":{"start":{"line":99,"column":12},"end":{"line":99,"column":46}},"62":{"start":{"line":101,"column":12},"end":{"line":101,"column":66}},"63":{"start":{"line":102,"column":12},"end":{"line":102,"column":45}},"64":{"start":{"line":104,"column":12},"end":{"line":104,"column":27}},"65":{"start":{"line":109,"column":12},"end":{"line":109,"column":62}},"66":{"start":{"line":111,"column":12},"end":{"line":111,"column":50}},"67":{"start":{"line":112,"column":12},"end":{"line":112,"column":32}},"68":{"start":{"line":114,"column":12},"end":{"line":114,"column":48}},"69":{"start":{"line":115,"column":12},"end":{"line":115,"column":46}},"70":{"start":{"line":117,"column":12},"end":{"line":117,"column":50}},"71":{"start":{"line":118,"column":12},"end":{"line":118,"column":45}},"72":{"start":{"line":120,"column":12},"end":{"line":120,"column":27}},"73":{"start":{"line":125,"column":12},"end":{"line":125,"column":53}},"74":{"start":{"line":127,"column":12},"end":{"line":127,"column":50}},"75":{"start":{"line":128,"column":12},"end":{"line":131,"column":14}},"76":{"start":{"line":133,"column":12},"end":{"line":133,"column":52}},"77":{"start":{"line":134,"column":12},"end":{"line":134,"column":46}},"78":{"start":{"line":136,"column":12},"end":{"line":136,"column":48}},"79":{"start":{"line":137,"column":12},"end":{"line":137,"column":45}},"80":{"start":{"line":139,"column":12},"end":{"line":139,"column":27}},"81":{"start":{"line":144,"column":12},"end":{"line":144,"column":59}},"82":{"start":{"line":146,"column":12},"end":{"line":146,"column":50}},"83":{"start":{"line":147,"column":12},"end":{"line":150,"column":14}},"84":{"start":{"line":152,"column":12},"end":{"line":154,"column":13}},"85":{"start":{"line":153,"column":16},"end":{"line":153,"column":67}},"86":{"start":{"line":156,"column":12},"end":{"line":156,"column":55}},"87":{"start":{"line":157,"column":12},"end":{"line":157,"column":46}},"88":{"start":{"line":159,"column":12},"end":{"line":159,"column":51}},"89":{"start":{"line":160,"column":12},"end":{"line":160,"column":45}},"90":{"start":{"line":162,"column":12},"end":{"line":162,"column":27}},"91":{"start":{"line":167,"column":12},"end":{"line":167,"column":73}},"92":{"start":{"line":169,"column":12},"end":{"line":169,"column":50}},"93":{"start":{"line":170,"column":12},"end":{"line":172,"column":14}},"94":{"start":{"line":174,"column":12},"end":{"line":174,"column":66}},"95":{"start":{"line":175,"column":12},"end":{"line":175,"column":46}},"96":{"start":{"line":177,"column":12},"end":{"line":177,"column":62}},"97":{"start":{"line":178,"column":12},"end":{"line":178,"column":45}},"98":{"start":{"line":180,"column":12},"end":{"line":180,"column":27}},"99":{"start":{"line":185,"column":12},"end":{"line":185,"column":74}},"100":{"start":{"line":187,"column":12},"end":{"line":187,"column":50}},"101":{"start":{"line":188,"column":12},"end":{"line":190,"column":14}},"102":{"start":{"line":192,"column":12},"end":{"line":192,"column":67}},"103":{"start":{"line":193,"column":12},"end":{"line":193,"column":46}},"104":{"start":{"line":195,"column":12},"end":{"line":195,"column":63}},"105":{"start":{"line":196,"column":12},"end":{"line":196,"column":45}},"106":{"start":{"line":198,"column":12},"end":{"line":198,"column":27}},"107":{"start":{"line":203,"column":12},"end":{"line":203,"column":62}},"108":{"start":{"line":205,"column":12},"end":{"line":205,"column":50}},"109":{"start":{"line":206,"column":12},"end":{"line":206,"column":32}},"110":{"start":{"line":208,"column":12},"end":{"line":208,"column":51}},"111":{"start":{"line":209,"column":12},"end":{"line":209,"column":46}},"112":{"start":{"line":211,"column":12},"end":{"line":211,"column":47}},"113":{"start":{"line":212,"column":12},"end":{"line":212,"column":45}},"114":{"start":{"line":214,"column":12},"end":{"line":214,"column":27}},"115":{"start":{"line":219,"column":12},"end":{"line":219,"column":56}},"116":{"start":{"line":220,"column":12},"end":{"line":220,"column":56}},"117":{"start":{"line":222,"column":12},"end":{"line":222,"column":50}},"118":{"start":{"line":224,"column":12},"end":{"line":224,"column":52}},"119":{"start":{"line":225,"column":12},"end":{"line":228,"column":14}},"120":{"start":{"line":230,"column":12},"end":{"line":230,"column":51}},"121":{"start":{"line":231,"column":12},"end":{"line":234,"column":14}},"122":{"start":{"line":236,"column":12},"end":{"line":236,"column":27}},"123":{"start":{"line":241,"column":12},"end":{"line":241,"column":62}},"124":{"start":{"line":242,"column":12},"end":{"line":242,"column":62}},"125":{"start":{"line":244,"column":12},"end":{"line":244,"column":50}},"126":{"start":{"line":246,"column":12},"end":{"line":246,"column":55}},"127":{"start":{"line":247,"column":12},"end":{"line":250,"column":14}},"128":{"start":{"line":252,"column":12},"end":{"line":252,"column":54}},"129":{"start":{"line":253,"column":12},"end":{"line":256,"column":14}},"130":{"start":{"line":258,"column":12},"end":{"line":258,"column":27}},"131":{"start":{"line":263,"column":12},"end":{"line":263,"column":84}},"132":{"start":{"line":264,"column":12},"end":{"line":264,"column":84}},"133":{"start":{"line":266,"column":12},"end":{"line":266,"column":50}},"134":{"start":{"line":268,"column":12},"end":{"line":268,"column":66}},"135":{"start":{"line":269,"column":12},"end":{"line":269,"column":62}},"136":{"start":{"line":271,"column":12},"end":{"line":271,"column":65}},"137":{"start":{"line":272,"column":12},"end":{"line":272,"column":61}},"138":{"start":{"line":274,"column":12},"end":{"line":274,"column":27}},"139":{"start":{"line":279,"column":12},"end":{"line":279,"column":85}},"140":{"start":{"line":280,"column":12},"end":{"line":280,"column":85}},"141":{"start":{"line":282,"column":12},"end":{"line":282,"column":50}},"142":{"start":{"line":284,"column":12},"end":{"line":284,"column":67}},"143":{"start":{"line":285,"column":12},"end":{"line":285,"column":63}},"144":{"start":{"line":287,"column":12},"end":{"line":287,"column":66}},"145":{"start":{"line":288,"column":12},"end":{"line":288,"column":62}},"146":{"start":{"line":290,"column":12},"end":{"line":290,"column":27}},"147":{"start":{"line":295,"column":12},"end":{"line":295,"column":65}},"148":{"start":{"line":296,"column":12},"end":{"line":296,"column":65}},"149":{"start":{"line":298,"column":12},"end":{"line":298,"column":50}},"150":{"start":{"line":300,"column":12},"end":{"line":300,"column":51}},"151":{"start":{"line":301,"column":12},"end":{"line":304,"column":14}},"152":{"start":{"line":306,"column":12},"end":{"line":306,"column":50}},"153":{"start":{"line":307,"column":12},"end":{"line":310,"column":14}},"154":{"start":{"line":312,"column":12},"end":{"line":312,"column":27}},"155":{"start":{"line":317,"column":12},"end":{"line":317,"column":29}},"156":{"start":{"line":319,"column":12},"end":{"line":331,"column":19}},"157":{"start":{"line":320,"column":16},"end":{"line":320,"column":61}},"158":{"start":{"line":321,"column":16},"end":{"line":321,"column":45}},"159":{"start":{"line":323,"column":16},"end":{"line":323,"column":77}},"160":{"start":{"line":325,"column":16},"end":{"line":330,"column":19}},"161":{"start":{"line":326,"column":20},"end":{"line":329,"column":24}},"162":{"start":{"line":333,"column":12},"end":{"line":337,"column":25}},"163":{"start":{"line":334,"column":16},"end":{"line":336,"column":20}},"164":{"start":{"line":339,"column":12},"end":{"line":343,"column":25}},"165":{"start":{"line":340,"column":16},"end":{"line":342,"column":20}},"166":{"start":{"line":345,"column":12},"end":{"line":345,"column":28}},"167":{"start":{"line":349,"column":4},"end":{"line":349,"column":26}},"168":{"start":{"line":352,"column":0},"end":{"line":352,"column":33}}},"branchMap":{"1":{"line":7,"type":"binary-expr","locations":[{"start":{"line":7,"column":168},"end":{"line":7,"column":189}},{"start":{"line":7,"column":193},"end":{"line":7,"column":198}}]},"2":{"line":7,"type":"if","locations":[{"start":{"line":7,"column":232},"end":{"line":7,"column":232}},{"start":{"line":7,"column":232},"end":{"line":7,"column":232}}]},"3":{"line":7,"type":"if","locations":[{"start":{"line":7,"column":407},"end":{"line":7,"column":407}},{"start":{"line":7,"column":407},"end":{"line":7,"column":407}}]},"4":{"line":7,"type":"if","locations":[{"start":{"line":7,"column":476},"end":{"line":7,"column":476}},{"start":{"line":7,"column":476},"end":{"line":7,"column":476}}]},"5":{"line":17,"type":"cond-expr","locations":[{"start":{"line":17,"column":70},"end":{"line":17,"column":73}},{"start":{"line":17,"column":76},"end":{"line":17,"column":92}}]},"6":{"line":17,"type":"binary-expr","locations":[{"start":{"line":17,"column":46},"end":{"line":17,"column":49}},{"start":{"line":17,"column":53},"end":{"line":17,"column":67}}]},"7":{"line":19,"type":"if","locations":[{"start":{"line":19,"column":50},"end":{"line":19,"column":50}},{"start":{"line":19,"column":50},"end":{"line":19,"column":50}}]},"8":{"line":58,"type":"if","locations":[{"start":{"line":58,"column":12},"end":{"line":58,"column":12}},{"start":{"line":58,"column":12},"end":{"line":58,"column":12}}]},"9":{"line":152,"type":"if","locations":[{"start":{"line":152,"column":12},"end":{"line":152,"column":12}},{"start":{"line":152,"column":12},"end":{"line":152,"column":12}}]}}},"/Users/bdhowe/Documents/git/MetaDatabase/lib/migration/Command.js":{"path":"/Users/bdhowe/Documents/git/MetaDatabase/lib/migration/Command.js","s":{"1":1,"2":1,"3":1,"4":1,"5":1,"6":1,"7":10,"8":0,"9":1,"10":10,"11":10,"12":10,"13":10,"14":1},"b":{"1":[1,0],"2":[1,1],"3":[0,10],"4":[10,10]},"f":{"1":1,"2":10,"3":10},"fnMap":{"1":{"name":"_interopRequireDefault","line":11,"loc":{"start":{"line":11,"column":0},"end":{"line":11,"column":37}}},"2":{"name":"_classCallCheck","line":13,"loc":{"start":{"line":13,"column":0},"end":{"line":13,"column":48}}},"3":{"name":"Command","line":15,"loc":{"start":{"line":15,"column":14},"end":{"line":15,"column":35}}}},"statementMap":{"1":{"start":{"line":3,"column":0},"end":{"line":5,"column":3}},"2":{"start":{"line":7,"column":0},"end":{"line":7,"column":38}},"3":{"start":{"line":9,"column":0},"end":{"line":9,"column":43}},"4":{"start":{"line":11,"column":0},"end":{"line":11,"column":95}},"5":{"start":{"line":11,"column":39},"end":{"line":11,"column":93}},"6":{"start":{"line":13,"column":0},"end":{"line":13,"column":153}},"7":{"start":{"line":13,"column":50},"end":{"line":13,"column":151}},"8":{"start":{"line":13,"column":92},"end":{"line":13,"column":149}},"9":{"start":{"line":15,"column":0},"end":{"line":31,"column":2}},"10":{"start":{"line":16,"column":4},"end":{"line":16,"column":35}},"11":{"start":{"line":18,"column":4},"end":{"line":18,"column":44}},"12":{"start":{"line":20,"column":4},"end":{"line":24,"column":6}},"13":{"start":{"line":26,"column":4},"end":{"line":30,"column":6}},"14":{"start":{"line":33,"column":0},"end":{"line":33,"column":26}}},"branchMap":{"1":{"line":11,"type":"cond-expr","locations":[{"start":{"line":11,"column":70},"end":{"line":11,"column":73}},{"start":{"line":11,"column":76},"end":{"line":11,"column":92}}]},"2":{"line":11,"type":"binary-expr","locations":[{"start":{"line":11,"column":46},"end":{"line":11,"column":49}},{"start":{"line":11,"column":53},"end":{"line":11,"column":67}}]},"3":{"line":13,"type":"if","locations":[{"start":{"line":13,"column":50},"end":{"line":13,"column":50}},{"start":{"line":13,"column":50},"end":{"line":13,"column":50}}]},"4":{"line":18,"type":"binary-expr","locations":[{"start":{"line":18,"column":14},"end":{"line":18,"column":16}},{"start":{"line":18,"column":20},"end":{"line":18,"column":43}}]}}},"/Users/bdhowe/Documents/git/MetaDatabase/lib/util/Guid.js":{"path":"/Users/bdhowe/Documents/git/MetaDatabase/lib/util/Guid.js","s":{"1":1,"2":1,"3":1,"4":1,"5":1,"6":1,"7":1,"8":1,"9":1,"10":1,"11":1,"12":1,"13":0,"14":1,"15":1,"16":1,"17":1,"18":0,"19":0,"20":1,"21":80,"22":1,"23":1,"24":0,"25":1,"26":10,"27":1,"28":1},"b":{"1":[1,1],"2":[1,0],"3":[0,1],"4":[1,0],"5":[0,0]},"f":{"1":1,"2":1,"3":1,"4":0,"5":80,"6":1,"7":0,"8":10},"fnMap":{"1":{"name":"(anonymous_1)","line":7,"loc":{"start":{"line":7,"column":19},"end":{"line":7,"column":31}}},"2":{"name":"defineProperties","line":7,"loc":{"start":{"line":7,"column":33},"end":{"line":7,"column":74}}},"3":{"name":"(anonymous_3)","line":7,"loc":{"start":{"line":7,"column":357},"end":{"line":7,"column":405}}},"4":{"name":"_classCallCheck","line":9,"loc":{"start":{"line":9,"column":0},"end":{"line":9,"column":48}}},"5":{"name":"S4","line":11,"loc":{"start":{"line":11,"column":9},"end":{"line":11,"column":23}}},"6":{"name":"(anonymous_6)","line":16,"loc":{"start":{"line":16,"column":11},"end":{"line":16,"column":23}}},"7":{"name":"Guid","line":17,"loc":{"start":{"line":17,"column":4},"end":{"line":17,"column":20}}},"8":{"name":"create","line":23,"loc":{"start":{"line":23,"column":15},"end":{"line":23,"column":33}}}},"statementMap":{"1":{"start":{"line":3,"column":0},"end":{"line":5,"column":3}},"2":{"start":{"line":7,"column":0},"end":{"line":7,"column":564}},"3":{"start":{"line":7,"column":33},"end":{"line":7,"column":349}},"4":{"start":{"line":7,"column":76},"end":{"line":7,"column":347}},"5":{"start":{"line":7,"column":117},"end":{"line":7,"column":143}},"6":{"start":{"line":7,"column":144},"end":{"line":7,"column":199}},"7":{"start":{"line":7,"column":200},"end":{"line":7,"column":231}},"8":{"start":{"line":7,"column":232},"end":{"line":7,"column":286}},"9":{"start":{"line":7,"column":259},"end":{"line":7,"column":286}},"10":{"start":{"line":7,"column":287},"end":{"line":7,"column":345}},"11":{"start":{"line":7,"column":350},"end":{"line":7,"column":559}},"12":{"start":{"line":7,"column":407},"end":{"line":7,"column":475}},"13":{"start":{"line":7,"column":423},"end":{"line":7,"column":475}},"14":{"start":{"line":7,"column":476},"end":{"line":7,"column":536}},"15":{"start":{"line":7,"column":493},"end":{"line":7,"column":536}},"16":{"start":{"line":7,"column":537},"end":{"line":7,"column":556}},"17":{"start":{"line":9,"column":0},"end":{"line":9,"column":153}},"18":{"start":{"line":9,"column":50},"end":{"line":9,"column":151}},"19":{"start":{"line":9,"column":92},"end":{"line":9,"column":149}},"20":{"start":{"line":11,"column":0},"end":{"line":14,"column":2}},"21":{"start":{"line":12,"column":4},"end":{"line":13,"column":19}},"22":{"start":{"line":16,"column":0},"end":{"line":29,"column":4}},"23":{"start":{"line":17,"column":4},"end":{"line":19,"column":5}},"24":{"start":{"line":18,"column":8},"end":{"line":18,"column":36}},"25":{"start":{"line":21,"column":4},"end":{"line":26,"column":8}},"26":{"start":{"line":24,"column":12},"end":{"line":24,"column":97}},"27":{"start":{"line":28,"column":4},"end":{"line":28,"column":16}},"28":{"start":{"line":31,"column":0},"end":{"line":31,"column":23}}},"branchMap":{"1":{"line":7,"type":"binary-expr","locations":[{"start":{"line":7,"column":168},"end":{"line":7,"column":189}},{"start":{"line":7,"column":193},"end":{"line":7,"column":198}}]},"2":{"line":7,"type":"if","locations":[{"start":{"line":7,"column":232},"end":{"line":7,"column":232}},{"start":{"line":7,"column":232},"end":{"line":7,"column":232}}]},"3":{"line":7,"type":"if","locations":[{"start":{"line":7,"column":407},"end":{"line":7,"column":407}},{"start":{"line":7,"column":407},"end":{"line":7,"column":407}}]},"4":{"line":7,"type":"if","locations":[{"start":{"line":7,"column":476},"end":{"line":7,"column":476}},{"start":{"line":7,"column":476},"end":{"line":7,"column":476}}]},"5":{"line":9,"type":"if","locations":[{"start":{"line":9,"column":50},"end":{"line":9,"column":50}},{"start":{"line":9,"column":50},"end":{"line":9,"column":50}}]}}}}