{"/Users/bdhowe/Documents/git/MetaDatabase/lib/edm/Validator.js":{"path":"/Users/bdhowe/Documents/git/MetaDatabase/lib/edm/Validator.js","s":{"1":1,"2":1,"3":43,"4":0,"5":1,"6":1,"7":1,"8":9,"9":9,"10":9,"11":9,"12":9,"13":9,"14":1,"15":1,"16":1,"17":1,"18":0,"19":1,"20":1,"21":37,"22":0,"23":1,"24":1,"25":1,"26":37,"27":37,"28":1,"29":573,"30":33,"31":33,"32":3,"33":30,"34":1,"35":29,"36":2,"37":27,"38":1,"39":26,"40":1,"41":25,"42":35,"43":16,"44":106,"45":1,"46":104,"47":1,"48":103,"49":0,"50":103,"51":1,"52":102,"53":16,"54":102,"55":15,"56":102,"57":15,"58":8,"59":0,"60":10,"61":1,"62":9,"63":1,"64":8,"65":0,"66":8,"67":0,"68":8,"69":0,"70":8,"71":0,"72":8,"73":0,"74":8,"75":0,"76":8,"77":0,"78":8,"79":0,"80":8,"81":0,"82":8,"83":0,"84":8,"85":0,"86":8,"87":0,"88":8,"89":0,"90":8,"91":0,"92":8,"93":0,"94":8,"95":0,"96":16,"97":16,"98":0,"99":16,"100":0,"101":16,"102":0,"103":16,"104":10,"105":14,"106":8,"107":35,"108":35,"109":30,"110":1,"111":29,"112":8,"113":8,"114":29,"115":101,"116":29,"117":101,"118":26,"119":0,"120":44,"121":1,"122":43,"123":1,"124":42,"125":1,"126":41,"127":1,"128":40,"129":1,"130":1,"131":1},"b":{"1":[1,0],"2":[1,1],"3":[0,0],"4":[0,0,0,0],"5":[9,9],"6":[9,0],"7":[1,0],"8":[0,1],"9":[0,37],"10":[37,35],"11":[573,572,562],"12":[3,30],"13":[1,29],"14":[2,27],"15":[1,26],"16":[1,25],"17":[1,104],"18":[1,103],"19":[0,103],"20":[1,102],"21":[103,29],"22":[16,86],"23":[15,87],"24":[15,87],"25":[0,8],"26":[1,9],"27":[1,8],"28":[0,8],"29":[0,8],"30":[0,8],"31":[0,8],"32":[0,8],"33":[0,8],"34":[0,8],"35":[0,8],"36":[0,8],"37":[0,8],"38":[0,8],"39":[0,8],"40":[0,8],"41":[0,8],"42":[0,8],"43":[0,8],"44":[0,16],"45":[0,16],"46":[0,16],"47":[1,29],"48":[8,21],"49":[0,26],"50":[26,25],"51":[1,43],"52":[1,42],"53":[43,43],"54":[0,43],"55":[1,41],"56":[1,40],"57":[1,39]},"f":{"1":43,"2":0,"3":1,"4":1,"5":1,"6":37,"7":1,"8":37,"9":573,"10":33,"11":35,"12":106,"13":8,"14":10,"15":8,"16":16,"17":10,"18":8,"19":35,"20":8,"21":101,"22":101,"23":44},"fnMap":{"1":{"name":"(anonymous_1)","line":7,"loc":{"start":{"line":7,"column":84},"end":{"line":7,"column":99}}},"2":{"name":"(anonymous_2)","line":7,"loc":{"start":{"line":7,"column":124},"end":{"line":7,"column":139}}},"3":{"name":"(anonymous_3)","line":9,"loc":{"start":{"line":9,"column":19},"end":{"line":9,"column":31}}},"4":{"name":"defineProperties","line":9,"loc":{"start":{"line":9,"column":33},"end":{"line":9,"column":74}}},"5":{"name":"(anonymous_5)","line":9,"loc":{"start":{"line":9,"column":357},"end":{"line":9,"column":405}}},"6":{"name":"_classCallCheck","line":11,"loc":{"start":{"line":11,"column":0},"end":{"line":11,"column":48}}},"7":{"name":"(anonymous_7)","line":25,"loc":{"start":{"line":25,"column":16},"end":{"line":25,"column":28}}},"8":{"name":"Validator","line":26,"loc":{"start":{"line":26,"column":4},"end":{"line":26,"column":40}}},"9":{"name":"_isEmptyString","line":34,"loc":{"start":{"line":34,"column":15},"end":{"line":34,"column":47}}},"10":{"name":"validate","line":39,"loc":{"start":{"line":39,"column":15},"end":{"line":39,"column":38}}},"11":{"name":"(anonymous_11)","line":62,"loc":{"start":{"line":62,"column":31},"end":{"line":62,"column":48}}},"12":{"name":"validateColumn","line":70,"loc":{"start":{"line":70,"column":15},"end":{"line":70,"column":47}}},"13":{"name":"validateDecorator","line":101,"loc":{"start":{"line":101,"column":15},"end":{"line":101,"column":53}}},"14":{"name":"validateOneToOneRelationship","line":108,"loc":{"start":{"line":108,"column":15},"end":{"line":108,"column":67}}},"15":{"name":"validateOneToManyRelationship","line":147,"loc":{"start":{"line":147,"column":15},"end":{"line":147,"column":68}}},"16":{"name":"validateRelationships","line":186,"loc":{"start":{"line":186,"column":15},"end":{"line":186,"column":51}}},"17":{"name":"(anonymous_17)","line":201,"loc":{"start":{"line":201,"column":47},"end":{"line":201,"column":71}}},"18":{"name":"(anonymous_18)","line":204,"loc":{"start":{"line":204,"column":48},"end":{"line":204,"column":72}}},"19":{"name":"validateTable","line":210,"loc":{"start":{"line":210,"column":15},"end":{"line":210,"column":45}}},"20":{"name":"(anonymous_20)","line":220,"loc":{"start":{"line":220,"column":41},"end":{"line":220,"column":62}}},"21":{"name":"(anonymous_21)","line":225,"loc":{"start":{"line":225,"column":57},"end":{"line":225,"column":75}}},"22":{"name":"(anonymous_22)","line":229,"loc":{"start":{"line":229,"column":34},"end":{"line":229,"column":52}}},"23":{"name":"validateTableDescriptors","line":239,"loc":{"start":{"line":239,"column":15},"end":{"line":239,"column":56}}}},"statementMap":{"1":{"start":{"line":3,"column":0},"end":{"line":5,"column":3}},"2":{"start":{"line":7,"column":0},"end":{"line":7,"column":269}},"3":{"start":{"line":7,"column":101},"end":{"line":7,"column":119}},"4":{"start":{"line":7,"column":141},"end":{"line":7,"column":266}},"5":{"start":{"line":9,"column":0},"end":{"line":9,"column":564}},"6":{"start":{"line":9,"column":33},"end":{"line":9,"column":349}},"7":{"start":{"line":9,"column":76},"end":{"line":9,"column":347}},"8":{"start":{"line":9,"column":117},"end":{"line":9,"column":143}},"9":{"start":{"line":9,"column":144},"end":{"line":9,"column":199}},"10":{"start":{"line":9,"column":200},"end":{"line":9,"column":231}},"11":{"start":{"line":9,"column":232},"end":{"line":9,"column":286}},"12":{"start":{"line":9,"column":259},"end":{"line":9,"column":286}},"13":{"start":{"line":9,"column":287},"end":{"line":9,"column":345}},"14":{"start":{"line":9,"column":350},"end":{"line":9,"column":559}},"15":{"start":{"line":9,"column":407},"end":{"line":9,"column":475}},"16":{"start":{"line":9,"column":423},"end":{"line":9,"column":475}},"17":{"start":{"line":9,"column":476},"end":{"line":9,"column":536}},"18":{"start":{"line":9,"column":493},"end":{"line":9,"column":536}},"19":{"start":{"line":9,"column":537},"end":{"line":9,"column":556}},"20":{"start":{"line":11,"column":0},"end":{"line":11,"column":153}},"21":{"start":{"line":11,"column":50},"end":{"line":11,"column":151}},"22":{"start":{"line":11,"column":92},"end":{"line":11,"column":149}},"23":{"start":{"line":13,"column":0},"end":{"line":23,"column":2}},"24":{"start":{"line":25,"column":0},"end":{"line":263,"column":4}},"25":{"start":{"line":26,"column":4},"end":{"line":30,"column":5}},"26":{"start":{"line":27,"column":8},"end":{"line":27,"column":41}},"27":{"start":{"line":29,"column":8},"end":{"line":29,"column":73}},"28":{"start":{"line":32,"column":4},"end":{"line":260,"column":8}},"29":{"start":{"line":35,"column":12},"end":{"line":35,"column":81}},"30":{"start":{"line":40,"column":12},"end":{"line":40,"column":29}},"31":{"start":{"line":42,"column":12},"end":{"line":44,"column":13}},"32":{"start":{"line":43,"column":16},"end":{"line":43,"column":73}},"33":{"start":{"line":46,"column":12},"end":{"line":48,"column":13}},"34":{"start":{"line":47,"column":16},"end":{"line":47,"column":94}},"35":{"start":{"line":50,"column":12},"end":{"line":52,"column":13}},"36":{"start":{"line":51,"column":16},"end":{"line":51,"column":95}},"37":{"start":{"line":54,"column":12},"end":{"line":56,"column":13}},"38":{"start":{"line":55,"column":16},"end":{"line":55,"column":97}},"39":{"start":{"line":58,"column":12},"end":{"line":60,"column":13}},"40":{"start":{"line":59,"column":16},"end":{"line":59,"column":83}},"41":{"start":{"line":62,"column":12},"end":{"line":64,"column":15}},"42":{"start":{"line":63,"column":16},"end":{"line":63,"column":43}},"43":{"start":{"line":66,"column":12},"end":{"line":66,"column":44}},"44":{"start":{"line":71,"column":12},"end":{"line":73,"column":13}},"45":{"start":{"line":72,"column":16},"end":{"line":72,"column":82}},"46":{"start":{"line":75,"column":12},"end":{"line":77,"column":13}},"47":{"start":{"line":76,"column":16},"end":{"line":76,"column":83}},"48":{"start":{"line":79,"column":12},"end":{"line":81,"column":13}},"49":{"start":{"line":80,"column":16},"end":{"line":80,"column":95}},"50":{"start":{"line":83,"column":12},"end":{"line":85,"column":13}},"51":{"start":{"line":84,"column":16},"end":{"line":84,"column":119}},"52":{"start":{"line":87,"column":12},"end":{"line":89,"column":13}},"53":{"start":{"line":88,"column":16},"end":{"line":88,"column":41}},"54":{"start":{"line":91,"column":12},"end":{"line":93,"column":13}},"55":{"start":{"line":92,"column":16},"end":{"line":92,"column":41}},"56":{"start":{"line":95,"column":12},"end":{"line":97,"column":13}},"57":{"start":{"line":96,"column":16},"end":{"line":96,"column":47}},"58":{"start":{"line":102,"column":12},"end":{"line":104,"column":13}},"59":{"start":{"line":103,"column":16},"end":{"line":103,"column":94}},"60":{"start":{"line":109,"column":12},"end":{"line":111,"column":13}},"61":{"start":{"line":110,"column":16},"end":{"line":110,"column":109}},"62":{"start":{"line":113,"column":12},"end":{"line":115,"column":13}},"63":{"start":{"line":114,"column":16},"end":{"line":114,"column":111}},"64":{"start":{"line":117,"column":12},"end":{"line":119,"column":13}},"65":{"start":{"line":118,"column":16},"end":{"line":118,"column":111}},"66":{"start":{"line":121,"column":12},"end":{"line":123,"column":13}},"67":{"start":{"line":122,"column":16},"end":{"line":122,"column":116}},"68":{"start":{"line":125,"column":12},"end":{"line":127,"column":13}},"69":{"start":{"line":126,"column":16},"end":{"line":126,"column":111}},"70":{"start":{"line":129,"column":12},"end":{"line":131,"column":13}},"71":{"start":{"line":130,"column":16},"end":{"line":130,"column":112}},"72":{"start":{"line":133,"column":12},"end":{"line":135,"column":13}},"73":{"start":{"line":134,"column":16},"end":{"line":134,"column":119}},"74":{"start":{"line":137,"column":12},"end":{"line":139,"column":13}},"75":{"start":{"line":138,"column":16},"end":{"line":138,"column":112}},"76":{"start":{"line":141,"column":12},"end":{"line":143,"column":13}},"77":{"start":{"line":142,"column":16},"end":{"line":142,"column":117}},"78":{"start":{"line":148,"column":12},"end":{"line":150,"column":13}},"79":{"start":{"line":149,"column":16},"end":{"line":149,"column":110}},"80":{"start":{"line":152,"column":12},"end":{"line":154,"column":13}},"81":{"start":{"line":153,"column":16},"end":{"line":153,"column":112}},"82":{"start":{"line":156,"column":12},"end":{"line":158,"column":13}},"83":{"start":{"line":157,"column":16},"end":{"line":157,"column":113}},"84":{"start":{"line":160,"column":12},"end":{"line":162,"column":13}},"85":{"start":{"line":161,"column":16},"end":{"line":161,"column":118}},"86":{"start":{"line":164,"column":12},"end":{"line":166,"column":13}},"87":{"start":{"line":165,"column":16},"end":{"line":165,"column":112}},"88":{"start":{"line":168,"column":12},"end":{"line":170,"column":13}},"89":{"start":{"line":169,"column":16},"end":{"line":169,"column":113}},"90":{"start":{"line":172,"column":12},"end":{"line":174,"column":13}},"91":{"start":{"line":173,"column":16},"end":{"line":173,"column":120}},"92":{"start":{"line":176,"column":12},"end":{"line":178,"column":13}},"93":{"start":{"line":177,"column":16},"end":{"line":177,"column":113}},"94":{"start":{"line":180,"column":12},"end":{"line":182,"column":13}},"95":{"start":{"line":181,"column":16},"end":{"line":181,"column":118}},"96":{"start":{"line":187,"column":12},"end":{"line":187,"column":30}},"97":{"start":{"line":189,"column":12},"end":{"line":191,"column":13}},"98":{"start":{"line":190,"column":16},"end":{"line":190,"column":95}},"99":{"start":{"line":193,"column":12},"end":{"line":195,"column":13}},"100":{"start":{"line":194,"column":16},"end":{"line":194,"column":151}},"101":{"start":{"line":197,"column":12},"end":{"line":199,"column":13}},"102":{"start":{"line":198,"column":16},"end":{"line":198,"column":153}},"103":{"start":{"line":201,"column":12},"end":{"line":203,"column":15}},"104":{"start":{"line":202,"column":16},"end":{"line":202,"column":66}},"105":{"start":{"line":204,"column":12},"end":{"line":206,"column":15}},"106":{"start":{"line":205,"column":16},"end":{"line":205,"column":67}},"107":{"start":{"line":211,"column":12},"end":{"line":211,"column":30}},"108":{"start":{"line":213,"column":12},"end":{"line":213,"column":49}},"109":{"start":{"line":215,"column":12},"end":{"line":217,"column":13}},"110":{"start":{"line":216,"column":16},"end":{"line":216,"column":94}},"111":{"start":{"line":219,"column":12},"end":{"line":223,"column":13}},"112":{"start":{"line":220,"column":16},"end":{"line":222,"column":19}},"113":{"start":{"line":221,"column":20},"end":{"line":221,"column":56}},"114":{"start":{"line":225,"column":12},"end":{"line":227,"column":15}},"115":{"start":{"line":226,"column":16},"end":{"line":226,"column":43}},"116":{"start":{"line":229,"column":12},"end":{"line":231,"column":15}},"117":{"start":{"line":230,"column":16},"end":{"line":230,"column":46}},"118":{"start":{"line":233,"column":12},"end":{"line":235,"column":13}},"119":{"start":{"line":234,"column":16},"end":{"line":234,"column":91}},"120":{"start":{"line":240,"column":12},"end":{"line":242,"column":13}},"121":{"start":{"line":241,"column":16},"end":{"line":241,"column":88}},"122":{"start":{"line":244,"column":12},"end":{"line":246,"column":13}},"123":{"start":{"line":245,"column":16},"end":{"line":245,"column":82}},"124":{"start":{"line":248,"column":12},"end":{"line":250,"column":13}},"125":{"start":{"line":249,"column":16},"end":{"line":249,"column":81}},"126":{"start":{"line":252,"column":12},"end":{"line":254,"column":13}},"127":{"start":{"line":253,"column":16},"end":{"line":253,"column":82}},"128":{"start":{"line":256,"column":12},"end":{"line":258,"column":13}},"129":{"start":{"line":257,"column":16},"end":{"line":257,"column":88}},"130":{"start":{"line":262,"column":4},"end":{"line":262,"column":21}},"131":{"start":{"line":265,"column":0},"end":{"line":265,"column":28}}},"branchMap":{"1":{"line":7,"type":"cond-expr","locations":[{"start":{"line":7,"column":84},"end":{"line":7,"column":121}},{"start":{"line":7,"column":124},"end":{"line":7,"column":268}}]},"2":{"line":7,"type":"binary-expr","locations":[{"start":{"line":7,"column":14},"end":{"line":7,"column":42}},{"start":{"line":7,"column":46},"end":{"line":7,"column":81}}]},"3":{"line":7,"type":"cond-expr","locations":[{"start":{"line":7,"column":244},"end":{"line":7,"column":252}},{"start":{"line":7,"column":255},"end":{"line":7,"column":265}}]},"4":{"line":7,"type":"binary-expr","locations":[{"start":{"line":7,"column":148},"end":{"line":7,"column":151}},{"start":{"line":7,"column":155},"end":{"line":7,"column":183}},{"start":{"line":7,"column":187},"end":{"line":7,"column":213}},{"start":{"line":7,"column":217},"end":{"line":7,"column":241}}]},"5":{"line":9,"type":"binary-expr","locations":[{"start":{"line":9,"column":168},"end":{"line":9,"column":189}},{"start":{"line":9,"column":193},"end":{"line":9,"column":198}}]},"6":{"line":9,"type":"if","locations":[{"start":{"line":9,"column":232},"end":{"line":9,"column":232}},{"start":{"line":9,"column":232},"end":{"line":9,"column":232}}]},"7":{"line":9,"type":"if","locations":[{"start":{"line":9,"column":407},"end":{"line":9,"column":407}},{"start":{"line":9,"column":407},"end":{"line":9,"column":407}}]},"8":{"line":9,"type":"if","locations":[{"start":{"line":9,"column":476},"end":{"line":9,"column":476}},{"start":{"line":9,"column":476},"end":{"line":9,"column":476}}]},"9":{"line":11,"type":"if","locations":[{"start":{"line":11,"column":50},"end":{"line":11,"column":50}},{"start":{"line":11,"column":50},"end":{"line":11,"column":50}}]},"10":{"line":29,"type":"binary-expr","locations":[{"start":{"line":29,"column":31},"end":{"line":29,"column":46}},{"start":{"line":29,"column":50},"end":{"line":29,"column":72}}]},"11":{"line":35,"type":"binary-expr","locations":[{"start":{"line":35,"column":19},"end":{"line":35,"column":33}},{"start":{"line":35,"column":37},"end":{"line":35,"column":63}},{"start":{"line":35,"column":67},"end":{"line":35,"column":80}}]},"12":{"line":42,"type":"if","locations":[{"start":{"line":42,"column":12},"end":{"line":42,"column":12}},{"start":{"line":42,"column":12},"end":{"line":42,"column":12}}]},"13":{"line":46,"type":"if","locations":[{"start":{"line":46,"column":12},"end":{"line":46,"column":12}},{"start":{"line":46,"column":12},"end":{"line":46,"column":12}}]},"14":{"line":50,"type":"if","locations":[{"start":{"line":50,"column":12},"end":{"line":50,"column":12}},{"start":{"line":50,"column":12},"end":{"line":50,"column":12}}]},"15":{"line":54,"type":"if","locations":[{"start":{"line":54,"column":12},"end":{"line":54,"column":12}},{"start":{"line":54,"column":12},"end":{"line":54,"column":12}}]},"16":{"line":58,"type":"if","locations":[{"start":{"line":58,"column":12},"end":{"line":58,"column":12}},{"start":{"line":58,"column":12},"end":{"line":58,"column":12}}]},"17":{"line":71,"type":"if","locations":[{"start":{"line":71,"column":12},"end":{"line":71,"column":12}},{"start":{"line":71,"column":12},"end":{"line":71,"column":12}}]},"18":{"line":75,"type":"if","locations":[{"start":{"line":75,"column":12},"end":{"line":75,"column":12}},{"start":{"line":75,"column":12},"end":{"line":75,"column":12}}]},"19":{"line":79,"type":"if","locations":[{"start":{"line":79,"column":12},"end":{"line":79,"column":12}},{"start":{"line":79,"column":12},"end":{"line":79,"column":12}}]},"20":{"line":83,"type":"if","locations":[{"start":{"line":83,"column":12},"end":{"line":83,"column":12}},{"start":{"line":83,"column":12},"end":{"line":83,"column":12}}]},"21":{"line":83,"type":"binary-expr","locations":[{"start":{"line":83,"column":16},"end":{"line":83,"column":35}},{"start":{"line":83,"column":39},"end":{"line":83,"column":64}}]},"22":{"line":87,"type":"if","locations":[{"start":{"line":87,"column":12},"end":{"line":87,"column":12}},{"start":{"line":87,"column":12},"end":{"line":87,"column":12}}]},"23":{"line":91,"type":"if","locations":[{"start":{"line":91,"column":12},"end":{"line":91,"column":12}},{"start":{"line":91,"column":12},"end":{"line":91,"column":12}}]},"24":{"line":95,"type":"if","locations":[{"start":{"line":95,"column":12},"end":{"line":95,"column":12}},{"start":{"line":95,"column":12},"end":{"line":95,"column":12}}]},"25":{"line":102,"type":"if","locations":[{"start":{"line":102,"column":12},"end":{"line":102,"column":12}},{"start":{"line":102,"column":12},"end":{"line":102,"column":12}}]},"26":{"line":109,"type":"if","locations":[{"start":{"line":109,"column":12},"end":{"line":109,"column":12}},{"start":{"line":109,"column":12},"end":{"line":109,"column":12}}]},"27":{"line":113,"type":"if","locations":[{"start":{"line":113,"column":12},"end":{"line":113,"column":12}},{"start":{"line":113,"column":12},"end":{"line":113,"column":12}}]},"28":{"line":117,"type":"if","locations":[{"start":{"line":117,"column":12},"end":{"line":117,"column":12}},{"start":{"line":117,"column":12},"end":{"line":117,"column":12}}]},"29":{"line":121,"type":"if","locations":[{"start":{"line":121,"column":12},"end":{"line":121,"column":12}},{"start":{"line":121,"column":12},"end":{"line":121,"column":12}}]},"30":{"line":125,"type":"if","locations":[{"start":{"line":125,"column":12},"end":{"line":125,"column":12}},{"start":{"line":125,"column":12},"end":{"line":125,"column":12}}]},"31":{"line":129,"type":"if","locations":[{"start":{"line":129,"column":12},"end":{"line":129,"column":12}},{"start":{"line":129,"column":12},"end":{"line":129,"column":12}}]},"32":{"line":133,"type":"if","locations":[{"start":{"line":133,"column":12},"end":{"line":133,"column":12}},{"start":{"line":133,"column":12},"end":{"line":133,"column":12}}]},"33":{"line":137,"type":"if","locations":[{"start":{"line":137,"column":12},"end":{"line":137,"column":12}},{"start":{"line":137,"column":12},"end":{"line":137,"column":12}}]},"34":{"line":141,"type":"if","locations":[{"start":{"line":141,"column":12},"end":{"line":141,"column":12}},{"start":{"line":141,"column":12},"end":{"line":141,"column":12}}]},"35":{"line":148,"type":"if","locations":[{"start":{"line":148,"column":12},"end":{"line":148,"column":12}},{"start":{"line":148,"column":12},"end":{"line":148,"column":12}}]},"36":{"line":152,"type":"if","locations":[{"start":{"line":152,"column":12},"end":{"line":152,"column":12}},{"start":{"line":152,"column":12},"end":{"line":152,"column":12}}]},"37":{"line":156,"type":"if","locations":[{"start":{"line":156,"column":12},"end":{"line":156,"column":12}},{"start":{"line":156,"column":12},"end":{"line":156,"column":12}}]},"38":{"line":160,"type":"if","locations":[{"start":{"line":160,"column":12},"end":{"line":160,"column":12}},{"start":{"line":160,"column":12},"end":{"line":160,"column":12}}]},"39":{"line":164,"type":"if","locations":[{"start":{"line":164,"column":12},"end":{"line":164,"column":12}},{"start":{"line":164,"column":12},"end":{"line":164,"column":12}}]},"40":{"line":168,"type":"if","locations":[{"start":{"line":168,"column":12},"end":{"line":168,"column":12}},{"start":{"line":168,"column":12},"end":{"line":168,"column":12}}]},"41":{"line":172,"type":"if","locations":[{"start":{"line":172,"column":12},"end":{"line":172,"column":12}},{"start":{"line":172,"column":12},"end":{"line":172,"column":12}}]},"42":{"line":176,"type":"if","locations":[{"start":{"line":176,"column":12},"end":{"line":176,"column":12}},{"start":{"line":176,"column":12},"end":{"line":176,"column":12}}]},"43":{"line":180,"type":"if","locations":[{"start":{"line":180,"column":12},"end":{"line":180,"column":12}},{"start":{"line":180,"column":12},"end":{"line":180,"column":12}}]},"44":{"line":189,"type":"if","locations":[{"start":{"line":189,"column":12},"end":{"line":189,"column":12}},{"start":{"line":189,"column":12},"end":{"line":189,"column":12}}]},"45":{"line":193,"type":"if","locations":[{"start":{"line":193,"column":12},"end":{"line":193,"column":12}},{"start":{"line":193,"column":12},"end":{"line":193,"column":12}}]},"46":{"line":197,"type":"if","locations":[{"start":{"line":197,"column":12},"end":{"line":197,"column":12}},{"start":{"line":197,"column":12},"end":{"line":197,"column":12}}]},"47":{"line":215,"type":"if","locations":[{"start":{"line":215,"column":12},"end":{"line":215,"column":12}},{"start":{"line":215,"column":12},"end":{"line":215,"column":12}}]},"48":{"line":219,"type":"if","locations":[{"start":{"line":219,"column":12},"end":{"line":219,"column":12}},{"start":{"line":219,"column":12},"end":{"line":219,"column":12}}]},"49":{"line":233,"type":"if","locations":[{"start":{"line":233,"column":12},"end":{"line":233,"column":12}},{"start":{"line":233,"column":12},"end":{"line":233,"column":12}}]},"50":{"line":233,"type":"binary-expr","locations":[{"start":{"line":233,"column":16},"end":{"line":233,"column":40}},{"start":{"line":233,"column":44},"end":{"line":233,"column":74}}]},"51":{"line":240,"type":"if","locations":[{"start":{"line":240,"column":12},"end":{"line":240,"column":12}},{"start":{"line":240,"column":12},"end":{"line":240,"column":12}}]},"52":{"line":244,"type":"if","locations":[{"start":{"line":244,"column":12},"end":{"line":244,"column":12}},{"start":{"line":244,"column":12},"end":{"line":244,"column":12}}]},"53":{"line":244,"type":"binary-expr","locations":[{"start":{"line":244,"column":16},"end":{"line":244,"column":90}},{"start":{"line":244,"column":94},"end":{"line":244,"column":114}}]},"54":{"line":244,"type":"cond-expr","locations":[{"start":{"line":244,"column":48},"end":{"line":244,"column":59}},{"start":{"line":244,"column":62},"end":{"line":244,"column":76}}]},"55":{"line":248,"type":"if","locations":[{"start":{"line":248,"column":12},"end":{"line":248,"column":12}},{"start":{"line":248,"column":12},"end":{"line":248,"column":12}}]},"56":{"line":252,"type":"if","locations":[{"start":{"line":252,"column":12},"end":{"line":252,"column":12}},{"start":{"line":252,"column":12},"end":{"line":252,"column":12}}]},"57":{"line":256,"type":"if","locations":[{"start":{"line":256,"column":12},"end":{"line":256,"column":12}},{"start":{"line":256,"column":12},"end":{"line":256,"column":12}}]}}},"/Users/bdhowe/Documents/git/MetaDatabase/lib/meta/Database.js":{"path":"/Users/bdhowe/Documents/git/MetaDatabase/lib/meta/Database.js","s":{"1":1,"2":1,"3":1,"4":1,"5":3,"6":3,"7":3,"8":3,"9":3,"10":3,"11":1,"12":1,"13":1,"14":1,"15":0,"16":1,"17":1,"18":1,"19":1,"20":1,"21":1,"22":1,"23":1,"24":3,"25":1,"26":6,"27":0,"28":1,"29":1,"30":6,"31":6,"32":6,"33":0,"34":6,"35":5,"36":1,"37":0,"38":1,"39":1,"40":1,"41":1,"42":1,"43":1,"44":1,"45":1,"46":1,"47":1,"48":1,"49":0,"50":0,"51":0,"52":0,"53":0,"54":0,"55":1,"56":1},"b":{"1":[3,3],"2":[3,0],"3":[1,0],"4":[0,1],"5":[1,2],"6":[3,3],"7":[0,6],"8":[6,0],"9":[6,6],"10":[0,6],"11":[5,1],"12":[0,6],"13":[6,0],"14":[0,6],"15":[5,1],"16":[0,1],"17":[0,0]},"f":{"1":1,"2":1,"3":1,"4":3,"5":6,"6":1,"7":6,"8":1,"9":0,"10":0,"11":0,"12":0},"fnMap":{"1":{"name":"(anonymous_1)","line":7,"loc":{"start":{"line":7,"column":19},"end":{"line":7,"column":31}}},"2":{"name":"defineProperties","line":7,"loc":{"start":{"line":7,"column":33},"end":{"line":7,"column":74}}},"3":{"name":"(anonymous_3)","line":7,"loc":{"start":{"line":7,"column":357},"end":{"line":7,"column":405}}},"4":{"name":"_interopRequireDefault","line":21,"loc":{"start":{"line":21,"column":0},"end":{"line":21,"column":37}}},"5":{"name":"_classCallCheck","line":23,"loc":{"start":{"line":23,"column":0},"end":{"line":23,"column":48}}},"6":{"name":"(anonymous_6)","line":25,"loc":{"start":{"line":25,"column":13},"end":{"line":25,"column":25}}},"7":{"name":"_class","line":26,"loc":{"start":{"line":26,"column":4},"end":{"line":26,"column":22}}},"8":{"name":"refreshTables","line":64,"loc":{"start":{"line":64,"column":15},"end":{"line":64,"column":40}}},"9":{"name":"(anonymous_9)","line":68,"loc":{"start":{"line":68,"column":46},"end":{"line":68,"column":63}}},"10":{"name":"getTable","line":79,"loc":{"start":{"line":79,"column":15},"end":{"line":79,"column":39}}},"11":{"name":"getTables","line":84,"loc":{"start":{"line":84,"column":15},"end":{"line":84,"column":36}}},"12":{"name":"(anonymous_12)","line":87,"loc":{"start":{"line":87,"column":48},"end":{"line":87,"column":64}}}},"statementMap":{"1":{"start":{"line":3,"column":0},"end":{"line":5,"column":3}},"2":{"start":{"line":7,"column":0},"end":{"line":7,"column":564}},"3":{"start":{"line":7,"column":33},"end":{"line":7,"column":349}},"4":{"start":{"line":7,"column":76},"end":{"line":7,"column":347}},"5":{"start":{"line":7,"column":117},"end":{"line":7,"column":143}},"6":{"start":{"line":7,"column":144},"end":{"line":7,"column":199}},"7":{"start":{"line":7,"column":200},"end":{"line":7,"column":231}},"8":{"start":{"line":7,"column":232},"end":{"line":7,"column":286}},"9":{"start":{"line":7,"column":259},"end":{"line":7,"column":286}},"10":{"start":{"line":7,"column":287},"end":{"line":7,"column":345}},"11":{"start":{"line":7,"column":350},"end":{"line":7,"column":559}},"12":{"start":{"line":7,"column":407},"end":{"line":7,"column":475}},"13":{"start":{"line":7,"column":423},"end":{"line":7,"column":475}},"14":{"start":{"line":7,"column":476},"end":{"line":7,"column":536}},"15":{"start":{"line":7,"column":493},"end":{"line":7,"column":536}},"16":{"start":{"line":7,"column":537},"end":{"line":7,"column":556}},"17":{"start":{"line":9,"column":0},"end":{"line":9,"column":32}},"18":{"start":{"line":11,"column":0},"end":{"line":11,"column":45}},"19":{"start":{"line":13,"column":0},"end":{"line":13,"column":28}},"20":{"start":{"line":15,"column":0},"end":{"line":15,"column":43}},"21":{"start":{"line":17,"column":0},"end":{"line":17,"column":24}},"22":{"start":{"line":19,"column":0},"end":{"line":19,"column":39}},"23":{"start":{"line":21,"column":0},"end":{"line":21,"column":95}},"24":{"start":{"line":21,"column":39},"end":{"line":21,"column":93}},"25":{"start":{"line":23,"column":0},"end":{"line":23,"column":153}},"26":{"start":{"line":23,"column":50},"end":{"line":23,"column":151}},"27":{"start":{"line":23,"column":92},"end":{"line":23,"column":149}},"28":{"start":{"line":25,"column":0},"end":{"line":94,"column":4}},"29":{"start":{"line":26,"column":4},"end":{"line":60,"column":5}},"30":{"start":{"line":27,"column":8},"end":{"line":35,"column":71}},"31":{"start":{"line":37,"column":8},"end":{"line":37,"column":38}},"32":{"start":{"line":39,"column":8},"end":{"line":41,"column":9}},"33":{"start":{"line":40,"column":12},"end":{"line":40,"column":82}},"34":{"start":{"line":43,"column":8},"end":{"line":45,"column":9}},"35":{"start":{"line":44,"column":12},"end":{"line":44,"column":95}},"36":{"start":{"line":47,"column":8},"end":{"line":49,"column":9}},"37":{"start":{"line":48,"column":12},"end":{"line":48,"column":97}},"38":{"start":{"line":51,"column":8},"end":{"line":51,"column":33}},"39":{"start":{"line":52,"column":8},"end":{"line":52,"column":37}},"40":{"start":{"line":53,"column":8},"end":{"line":53,"column":32}},"41":{"start":{"line":54,"column":8},"end":{"line":54,"column":34}},"42":{"start":{"line":55,"column":8},"end":{"line":55,"column":40}},"43":{"start":{"line":56,"column":8},"end":{"line":56,"column":37}},"44":{"start":{"line":57,"column":8},"end":{"line":57,"column":25}},"45":{"start":{"line":59,"column":8},"end":{"line":59,"column":29}},"46":{"start":{"line":62,"column":4},"end":{"line":91,"column":8}},"47":{"start":{"line":65,"column":12},"end":{"line":65,"column":29}},"48":{"start":{"line":67,"column":12},"end":{"line":67,"column":42}},"49":{"start":{"line":68,"column":12},"end":{"line":75,"column":15}},"50":{"start":{"line":69,"column":16},"end":{"line":74,"column":19}},"51":{"start":{"line":80,"column":12},"end":{"line":80,"column":45}},"52":{"start":{"line":85,"column":12},"end":{"line":85,"column":30}},"53":{"start":{"line":87,"column":12},"end":{"line":89,"column":15}},"54":{"start":{"line":88,"column":16},"end":{"line":88,"column":43}},"55":{"start":{"line":93,"column":4},"end":{"line":93,"column":18}},"56":{"start":{"line":96,"column":0},"end":{"line":96,"column":25}}},"branchMap":{"1":{"line":7,"type":"binary-expr","locations":[{"start":{"line":7,"column":168},"end":{"line":7,"column":189}},{"start":{"line":7,"column":193},"end":{"line":7,"column":198}}]},"2":{"line":7,"type":"if","locations":[{"start":{"line":7,"column":232},"end":{"line":7,"column":232}},{"start":{"line":7,"column":232},"end":{"line":7,"column":232}}]},"3":{"line":7,"type":"if","locations":[{"start":{"line":7,"column":407},"end":{"line":7,"column":407}},{"start":{"line":7,"column":407},"end":{"line":7,"column":407}}]},"4":{"line":7,"type":"if","locations":[{"start":{"line":7,"column":476},"end":{"line":7,"column":476}},{"start":{"line":7,"column":476},"end":{"line":7,"column":476}}]},"5":{"line":21,"type":"cond-expr","locations":[{"start":{"line":21,"column":70},"end":{"line":21,"column":73}},{"start":{"line":21,"column":76},"end":{"line":21,"column":92}}]},"6":{"line":21,"type":"binary-expr","locations":[{"start":{"line":21,"column":46},"end":{"line":21,"column":49}},{"start":{"line":21,"column":53},"end":{"line":21,"column":67}}]},"7":{"line":23,"type":"if","locations":[{"start":{"line":23,"column":50},"end":{"line":23,"column":50}},{"start":{"line":23,"column":50},"end":{"line":23,"column":50}}]},"8":{"line":27,"type":"cond-expr","locations":[{"start":{"line":27,"column":72},"end":{"line":27,"column":84}},{"start":{"line":27,"column":87},"end":{"line":27,"column":89}}]},"9":{"line":27,"type":"binary-expr","locations":[{"start":{"line":27,"column":19},"end":{"line":27,"column":39}},{"start":{"line":27,"column":43},"end":{"line":27,"column":69}}]},"10":{"line":29,"type":"cond-expr","locations":[{"start":{"line":29,"column":57},"end":{"line":29,"column":59}},{"start":{"line":29,"column":62},"end":{"line":29,"column":77}}]},"11":{"line":31,"type":"cond-expr","locations":[{"start":{"line":31,"column":53},"end":{"line":31,"column":57}},{"start":{"line":31,"column":60},"end":{"line":31,"column":73}}]},"12":{"line":33,"type":"cond-expr","locations":[{"start":{"line":33,"column":57},"end":{"line":33,"column":61}},{"start":{"line":33,"column":64},"end":{"line":33,"column":79}}]},"13":{"line":35,"type":"cond-expr","locations":[{"start":{"line":35,"column":51},"end":{"line":35,"column":55}},{"start":{"line":35,"column":58},"end":{"line":35,"column":70}}]},"14":{"line":39,"type":"if","locations":[{"start":{"line":39,"column":8},"end":{"line":39,"column":8}},{"start":{"line":39,"column":8},"end":{"line":39,"column":8}}]},"15":{"line":43,"type":"if","locations":[{"start":{"line":43,"column":8},"end":{"line":43,"column":8}},{"start":{"line":43,"column":8},"end":{"line":43,"column":8}}]},"16":{"line":47,"type":"if","locations":[{"start":{"line":47,"column":8},"end":{"line":47,"column":8}},{"start":{"line":47,"column":8},"end":{"line":47,"column":8}}]},"17":{"line":80,"type":"binary-expr","locations":[{"start":{"line":80,"column":19},"end":{"line":80,"column":36}},{"start":{"line":80,"column":40},"end":{"line":80,"column":44}}]}}},"/Users/bdhowe/Documents/git/MetaDatabase/lib/meta/Table.js":{"path":"/Users/bdhowe/Documents/git/MetaDatabase/lib/meta/Table.js","s":{"1":1,"2":1,"3":1,"4":1,"5":29,"6":29,"7":29,"8":29,"9":29,"10":29,"11":1,"12":1,"13":1,"14":1,"15":0,"16":1,"17":1,"18":1,"19":1,"20":1,"21":1,"22":1,"23":2,"24":1,"25":0,"26":0,"27":1,"28":1,"29":1,"30":0,"31":0,"32":0,"33":0,"34":0,"35":0,"36":0,"37":0,"38":0,"39":0,"40":0,"41":0,"42":0,"43":0,"44":0,"45":0,"46":0,"47":0,"48":0,"49":0,"50":0,"51":0,"52":0,"53":0,"54":1,"55":0,"56":0,"57":0,"58":0,"59":0,"60":0,"61":0,"62":0,"63":0,"64":0,"65":0,"66":0,"67":0,"68":0,"69":0,"70":0,"71":0,"72":0,"73":0,"74":0,"75":0,"76":0,"77":0,"78":0,"79":0,"80":0,"81":0,"82":0,"83":0,"84":0,"85":0,"86":0,"87":0,"88":0,"89":0,"90":0,"91":0,"92":0,"93":0,"94":0,"95":0,"96":0,"97":0,"98":0,"99":0,"100":0,"101":0,"102":0,"103":0,"104":0,"105":0,"106":0,"107":0,"108":0,"109":0,"110":0,"111":0,"112":0,"113":0,"114":0,"115":0,"116":0,"117":0,"118":0,"119":0,"120":0,"121":0,"122":0,"123":0,"124":0,"125":0,"126":0,"127":0,"128":0,"129":0,"130":0,"131":0,"132":0,"133":0,"134":0,"135":0,"136":0,"137":0,"138":0,"139":0,"140":0,"141":0,"142":0,"143":0,"144":0,"145":0,"146":0,"147":0,"148":0,"149":0,"150":0,"151":0,"152":0,"153":0,"154":0,"155":0,"156":0,"157":0,"158":0,"159":0,"160":0,"161":0,"162":0,"163":0,"164":0,"165":0,"166":0,"167":0,"168":0,"169":0,"170":0,"171":0,"172":0,"173":0,"174":0,"175":0,"176":0,"177":0,"178":0,"179":0,"180":0,"181":0,"182":0,"183":0,"184":0,"185":0,"186":1,"187":1},"b":{"1":[29,29],"2":[29,0],"3":[1,0],"4":[0,1],"5":[2,0],"6":[2,2],"7":[0,0],"8":[0,0],"9":[0,0],"10":[0,0],"11":[0,0],"12":[0,0],"13":[0,0],"14":[0,0],"15":[0,0],"16":[0,0],"17":[0,0],"18":[0,0],"19":[0,0],"20":[0,0],"21":[0,0],"22":[0,0],"23":[0,0],"24":[0,0],"25":[0,0],"26":[0,0],"27":[0,0],"28":[0,0],"29":[0,0],"30":[0,0],"31":[0,0]},"f":{"1":1,"2":1,"3":1,"4":2,"5":0,"6":1,"7":0,"8":0,"9":0,"10":0,"11":0,"12":0,"13":0,"14":0,"15":0,"16":0,"17":0,"18":0,"19":0,"20":0,"21":0,"22":0,"23":0,"24":0,"25":0,"26":0,"27":0,"28":0,"29":0,"30":0,"31":0,"32":0,"33":0,"34":0,"35":0,"36":0,"37":0,"38":0,"39":0,"40":0,"41":0,"42":0,"43":0,"44":0,"45":0,"46":0,"47":0,"48":0,"49":0,"50":0,"51":0,"52":0,"53":0,"54":0,"55":0,"56":0,"57":0,"58":0,"59":0,"60":0,"61":0,"62":0,"63":0,"64":0,"65":0,"66":0,"67":0,"68":0,"69":0,"70":0,"71":0,"72":0,"73":0,"74":0,"75":0,"76":0,"77":0,"78":0,"79":0,"80":0,"81":0,"82":0},"fnMap":{"1":{"name":"(anonymous_1)","line":7,"loc":{"start":{"line":7,"column":19},"end":{"line":7,"column":31}}},"2":{"name":"defineProperties","line":7,"loc":{"start":{"line":7,"column":33},"end":{"line":7,"column":74}}},"3":{"name":"(anonymous_3)","line":7,"loc":{"start":{"line":7,"column":357},"end":{"line":7,"column":405}}},"4":{"name":"_interopRequireDefault","line":19,"loc":{"start":{"line":19,"column":0},"end":{"line":19,"column":37}}},"5":{"name":"_classCallCheck","line":21,"loc":{"start":{"line":21,"column":0},"end":{"line":21,"column":48}}},"6":{"name":"(anonymous_6)","line":30,"loc":{"start":{"line":30,"column":12},"end":{"line":30,"column":24}}},"7":{"name":"Table","line":31,"loc":{"start":{"line":31,"column":4},"end":{"line":31,"column":21}}},"8":{"name":"(anonymous_8)","line":65,"loc":{"start":{"line":65,"column":44},"end":{"line":65,"column":65}}},"9":{"name":"(anonymous_9)","line":68,"loc":{"start":{"line":68,"column":40},"end":{"line":68,"column":66}}},"10":{"name":"(anonymous_10)","line":74,"loc":{"start":{"line":74,"column":31},"end":{"line":74,"column":60}}},"11":{"name":"(anonymous_11)","line":75,"loc":{"start":{"line":75,"column":33},"end":{"line":75,"column":45}}},"12":{"name":"_approveEntityToBeRemovedAsync","line":83,"loc":{"start":{"line":83,"column":15},"end":{"line":83,"column":69}}},"13":{"name":"(anonymous_13)","line":84,"loc":{"start":{"line":84,"column":120},"end":{"line":84,"column":132}}},"14":{"name":"_assertUser","line":90,"loc":{"start":{"line":90,"column":15},"end":{"line":90,"column":42}}},"15":{"name":"_entityAddedAsync","line":97,"loc":{"start":{"line":97,"column":15},"end":{"line":97,"column":56}}},"16":{"name":"(anonymous_16)","line":98,"loc":{"start":{"line":98,"column":119},"end":{"line":98,"column":131}}},"17":{"name":"_entityRemovedAsync","line":104,"loc":{"start":{"line":104,"column":15},"end":{"line":104,"column":58}}},"18":{"name":"(anonymous_18)","line":105,"loc":{"start":{"line":105,"column":121},"end":{"line":105,"column":133}}},"19":{"name":"_entityUpdatedAsync","line":111,"loc":{"start":{"line":111,"column":15},"end":{"line":111,"column":65}}},"20":{"name":"(anonymous_20)","line":114,"loc":{"start":{"line":114,"column":42},"end":{"line":114,"column":72}}},"21":{"name":"(anonymous_21)","line":115,"loc":{"start":{"line":115,"column":36},"end":{"line":115,"column":48}}},"22":{"name":"_getEdmTable","line":123,"loc":{"start":{"line":123,"column":15},"end":{"line":123,"column":43}}},"23":{"name":"(anonymous_23)","line":124,"loc":{"start":{"line":124,"column":40},"end":{"line":124,"column":57}}},"24":{"name":"_getPrimaryKeyColumn","line":130,"loc":{"start":{"line":130,"column":15},"end":{"line":130,"column":47}}},"25":{"name":"(anonymous_25)","line":131,"loc":{"start":{"line":131,"column":61},"end":{"line":131,"column":79}}},"26":{"name":"_getPrimaryKeyName","line":137,"loc":{"start":{"line":137,"column":15},"end":{"line":137,"column":45}}},"27":{"name":"_getFilePathById","line":142,"loc":{"start":{"line":142,"column":15},"end":{"line":142,"column":45}}},"28":{"name":"_invokeMethodAsync","line":147,"loc":{"start":{"line":147,"column":15},"end":{"line":147,"column":56}}},"29":{"name":"_invokeMethodWithRecoveryAsync","line":164,"loc":{"start":{"line":164,"column":15},"end":{"line":164,"column":68}}},"30":{"name":"(anonymous_30)","line":177,"loc":{"start":{"line":177,"column":33},"end":{"line":177,"column":49}}},"31":{"name":"_invokeMethodOnDecoratorsAsync","line":184,"loc":{"start":{"line":184,"column":15},"end":{"line":184,"column":75}}},"32":{"name":"(anonymous_32)","line":187,"loc":{"start":{"line":187,"column":42},"end":{"line":187,"column":72}}},"33":{"name":"(anonymous_33)","line":188,"loc":{"start":{"line":188,"column":36},"end":{"line":188,"column":48}}},"34":{"name":"_invokeMethodWithRecoveryOnDecoratorsAsync","line":200,"loc":{"start":{"line":200,"column":15},"end":{"line":200,"column":81}}},"35":{"name":"(anonymous_35)","line":205,"loc":{"start":{"line":205,"column":42},"end":{"line":205,"column":72}}},"36":{"name":"(anonymous_36)","line":206,"loc":{"start":{"line":206,"column":36},"end":{"line":206,"column":48}}},"37":{"name":"_prepareEntityToBeAddedAsync","line":217,"loc":{"start":{"line":217,"column":15},"end":{"line":217,"column":67}}},"38":{"name":"_prepareEntityToBeUpdatedAsync","line":222,"loc":{"start":{"line":222,"column":15},"end":{"line":222,"column":76}}},"39":{"name":"(anonymous_39)","line":225,"loc":{"start":{"line":225,"column":42},"end":{"line":225,"column":72}}},"40":{"name":"(anonymous_40)","line":226,"loc":{"start":{"line":226,"column":36},"end":{"line":226,"column":53}}},"41":{"name":"(anonymous_41)","line":229,"loc":{"start":{"line":229,"column":24},"end":{"line":229,"column":36}}},"42":{"name":"_validateEntityToBeAddedAsync","line":236,"loc":{"start":{"line":236,"column":15},"end":{"line":236,"column":68}}},"43":{"name":"(anonymous_43)","line":239,"loc":{"start":{"line":239,"column":119},"end":{"line":239,"column":131}}},"44":{"name":"_validateEntityToBeUpdatedAsync","line":245,"loc":{"start":{"line":245,"column":15},"end":{"line":245,"column":77}}},"45":{"name":"(anonymous_45)","line":250,"loc":{"start":{"line":250,"column":42},"end":{"line":250,"column":72}}},"46":{"name":"(anonymous_46)","line":251,"loc":{"start":{"line":251,"column":36},"end":{"line":251,"column":48}}},"47":{"name":"(anonymous_47)","line":255,"loc":{"start":{"line":255,"column":39},"end":{"line":255,"column":51}}},"48":{"name":"addDecoratorAsync","line":261,"loc":{"start":{"line":261,"column":15},"end":{"line":261,"column":53}}},"49":{"name":"(anonymous_49)","line":262,"loc":{"start":{"line":262,"column":70},"end":{"line":262,"column":90}}},"50":{"name":"addEntityAsync","line":270,"loc":{"start":{"line":270,"column":15},"end":{"line":270,"column":53}}},"51":{"name":"(anonymous_51)","line":275,"loc":{"start":{"line":275,"column":72},"end":{"line":275,"column":84}}},"52":{"name":"(anonymous_52)","line":277,"loc":{"start":{"line":277,"column":20},"end":{"line":277,"column":32}}},"53":{"name":"(anonymous_53)","line":279,"loc":{"start":{"line":279,"column":20},"end":{"line":279,"column":38}}},"54":{"name":"asQueryable","line":285,"loc":{"start":{"line":285,"column":15},"end":{"line":285,"column":42}}},"55":{"name":"getFileSizeByIdAsync","line":297,"loc":{"start":{"line":297,"column":15},"end":{"line":297,"column":55}}},"56":{"name":"(anonymous_56)","line":300,"loc":{"start":{"line":300,"column":58},"end":{"line":300,"column":76}}},"57":{"name":"getFileReadStreamByIdAsync","line":306,"loc":{"start":{"line":306,"column":15},"end":{"line":306,"column":61}}},"58":{"name":"(anonymous_58)","line":309,"loc":{"start":{"line":309,"column":58},"end":{"line":309,"column":76}}},"59":{"name":"getFileWriteStreamByIdAsync","line":315,"loc":{"start":{"line":315,"column":15},"end":{"line":315,"column":62}}},"60":{"name":"(anonymous_60)","line":319,"loc":{"start":{"line":319,"column":58},"end":{"line":319,"column":76}}},"61":{"name":"(anonymous_61)","line":321,"loc":{"start":{"line":321,"column":20},"end":{"line":321,"column":40}}},"62":{"name":"(anonymous_62)","line":322,"loc":{"start":{"line":322,"column":38},"end":{"line":322,"column":50}}},"63":{"name":"getEntityByIdAsync","line":330,"loc":{"start":{"line":330,"column":15},"end":{"line":330,"column":53}}},"64":{"name":"(anonymous_64)","line":332,"loc":{"start":{"line":332,"column":48},"end":{"line":332,"column":70}}},"65":{"name":"(anonymous_65)","line":334,"loc":{"start":{"line":334,"column":35},"end":{"line":334,"column":54}}},"66":{"name":"getQueryProvider","line":344,"loc":{"start":{"line":344,"column":15},"end":{"line":344,"column":47}}},"67":{"name":"removeDecoratorAsync","line":351,"loc":{"start":{"line":351,"column":15},"end":{"line":351,"column":60}}},"68":{"name":"(anonymous_68)","line":352,"loc":{"start":{"line":352,"column":50},"end":{"line":352,"column":71}}},"69":{"name":"removeEntityAsync","line":362,"loc":{"start":{"line":362,"column":15},"end":{"line":362,"column":56}}},"70":{"name":"(anonymous_70)","line":368,"loc":{"start":{"line":368,"column":74},"end":{"line":368,"column":86}}},"71":{"name":"(anonymous_71)","line":371,"loc":{"start":{"line":371,"column":83},"end":{"line":371,"column":100}}},"72":{"name":"(anonymous_72)","line":374,"loc":{"start":{"line":374,"column":20},"end":{"line":374,"column":32}}},"73":{"name":"(anonymous_73)","line":376,"loc":{"start":{"line":376,"column":20},"end":{"line":376,"column":32}}},"74":{"name":"removeFileByIdAsync","line":382,"loc":{"start":{"line":382,"column":15},"end":{"line":382,"column":54}}},"75":{"name":"(anonymous_75)","line":387,"loc":{"start":{"line":387,"column":58},"end":{"line":387,"column":70}}},"76":{"name":"(anonymous_76)","line":389,"loc":{"start":{"line":389,"column":20},"end":{"line":389,"column":32}}},"77":{"name":"updateEntityAsync","line":395,"loc":{"start":{"line":395,"column":15},"end":{"line":395,"column":63}}},"78":{"name":"(anonymous_78)","line":403,"loc":{"start":{"line":403,"column":81},"end":{"line":403,"column":98}}},"79":{"name":"(anonymous_79)","line":405,"loc":{"start":{"line":405,"column":20},"end":{"line":405,"column":37}}},"80":{"name":"(anonymous_80)","line":406,"loc":{"start":{"line":406,"column":81},"end":{"line":406,"column":99}}},"81":{"name":"(anonymous_81)","line":410,"loc":{"start":{"line":410,"column":20},"end":{"line":410,"column":37}}},"82":{"name":"(anonymous_82)","line":412,"loc":{"start":{"line":412,"column":20},"end":{"line":412,"column":32}}}},"statementMap":{"1":{"start":{"line":3,"column":0},"end":{"line":5,"column":3}},"2":{"start":{"line":7,"column":0},"end":{"line":7,"column":564}},"3":{"start":{"line":7,"column":33},"end":{"line":7,"column":349}},"4":{"start":{"line":7,"column":76},"end":{"line":7,"column":347}},"5":{"start":{"line":7,"column":117},"end":{"line":7,"column":143}},"6":{"start":{"line":7,"column":144},"end":{"line":7,"column":199}},"7":{"start":{"line":7,"column":200},"end":{"line":7,"column":231}},"8":{"start":{"line":7,"column":232},"end":{"line":7,"column":286}},"9":{"start":{"line":7,"column":259},"end":{"line":7,"column":286}},"10":{"start":{"line":7,"column":287},"end":{"line":7,"column":345}},"11":{"start":{"line":7,"column":350},"end":{"line":7,"column":559}},"12":{"start":{"line":7,"column":407},"end":{"line":7,"column":475}},"13":{"start":{"line":7,"column":423},"end":{"line":7,"column":475}},"14":{"start":{"line":7,"column":476},"end":{"line":7,"column":536}},"15":{"start":{"line":7,"column":493},"end":{"line":7,"column":536}},"16":{"start":{"line":7,"column":537},"end":{"line":7,"column":556}},"17":{"start":{"line":9,"column":0},"end":{"line":9,"column":38}},"18":{"start":{"line":11,"column":0},"end":{"line":11,"column":51}},"19":{"start":{"line":13,"column":0},"end":{"line":13,"column":42}},"20":{"start":{"line":15,"column":0},"end":{"line":15,"column":38}},"21":{"start":{"line":17,"column":0},"end":{"line":17,"column":43}},"22":{"start":{"line":19,"column":0},"end":{"line":19,"column":95}},"23":{"start":{"line":19,"column":39},"end":{"line":19,"column":93}},"24":{"start":{"line":21,"column":0},"end":{"line":21,"column":153}},"25":{"start":{"line":21,"column":50},"end":{"line":21,"column":151}},"26":{"start":{"line":21,"column":92},"end":{"line":21,"column":149}},"27":{"start":{"line":23,"column":0},"end":{"line":28,"column":2}},"28":{"start":{"line":30,"column":0},"end":{"line":419,"column":4}},"29":{"start":{"line":31,"column":4},"end":{"line":79,"column":5}},"30":{"start":{"line":32,"column":8},"end":{"line":32,"column":25}},"31":{"start":{"line":34,"column":8},"end":{"line":42,"column":80}},"32":{"start":{"line":44,"column":8},"end":{"line":44,"column":37}},"33":{"start":{"line":46,"column":8},"end":{"line":48,"column":9}},"34":{"start":{"line":47,"column":12},"end":{"line":47,"column":86}},"35":{"start":{"line":50,"column":8},"end":{"line":52,"column":9}},"36":{"start":{"line":51,"column":12},"end":{"line":51,"column":92}},"37":{"start":{"line":54,"column":8},"end":{"line":56,"column":9}},"38":{"start":{"line":55,"column":12},"end":{"line":55,"column":94}},"39":{"start":{"line":58,"column":8},"end":{"line":58,"column":27}},"40":{"start":{"line":59,"column":8},"end":{"line":59,"column":41}},"41":{"start":{"line":60,"column":8},"end":{"line":60,"column":31}},"42":{"start":{"line":61,"column":8},"end":{"line":61,"column":29}},"43":{"start":{"line":62,"column":8},"end":{"line":62,"column":37}},"44":{"start":{"line":63,"column":8},"end":{"line":63,"column":53}},"45":{"start":{"line":64,"column":8},"end":{"line":64,"column":35}},"46":{"start":{"line":65,"column":8},"end":{"line":72,"column":11}},"47":{"start":{"line":66,"column":12},"end":{"line":66,"column":61}},"48":{"start":{"line":68,"column":12},"end":{"line":71,"column":20}},"49":{"start":{"line":69,"column":16},"end":{"line":69,"column":85}},"50":{"start":{"line":70,"column":16},"end":{"line":70,"column":62}},"51":{"start":{"line":74,"column":8},"end":{"line":78,"column":30}},"52":{"start":{"line":75,"column":12},"end":{"line":77,"column":15}},"53":{"start":{"line":76,"column":16},"end":{"line":76,"column":66}},"54":{"start":{"line":81,"column":4},"end":{"line":416,"column":8}},"55":{"start":{"line":84,"column":12},"end":{"line":86,"column":15}},"56":{"start":{"line":85,"column":16},"end":{"line":85,"column":30}},"57":{"start":{"line":91,"column":12},"end":{"line":93,"column":13}},"58":{"start":{"line":92,"column":16},"end":{"line":92,"column":101}},"59":{"start":{"line":98,"column":12},"end":{"line":100,"column":15}},"60":{"start":{"line":99,"column":16},"end":{"line":99,"column":30}},"61":{"start":{"line":105,"column":12},"end":{"line":107,"column":15}},"62":{"start":{"line":106,"column":16},"end":{"line":106,"column":30}},"63":{"start":{"line":112,"column":12},"end":{"line":112,"column":30}},"64":{"start":{"line":114,"column":12},"end":{"line":119,"column":34}},"65":{"start":{"line":115,"column":16},"end":{"line":118,"column":19}},"66":{"start":{"line":116,"column":20},"end":{"line":116,"column":105}},"67":{"start":{"line":117,"column":20},"end":{"line":117,"column":137}},"68":{"start":{"line":124,"column":12},"end":{"line":126,"column":15}},"69":{"start":{"line":125,"column":16},"end":{"line":125,"column":43}},"70":{"start":{"line":131,"column":12},"end":{"line":133,"column":15}},"71":{"start":{"line":132,"column":16},"end":{"line":132,"column":43}},"72":{"start":{"line":138,"column":12},"end":{"line":138,"column":52}},"73":{"start":{"line":143,"column":12},"end":{"line":143,"column":96}},"74":{"start":{"line":148,"column":12},"end":{"line":148,"column":94}},"75":{"start":{"line":150,"column":12},"end":{"line":158,"column":13}},"76":{"start":{"line":151,"column":16},"end":{"line":151,"column":58}},"77":{"start":{"line":153,"column":16},"end":{"line":155,"column":17}},"78":{"start":{"line":154,"column":20},"end":{"line":154,"column":53}},"79":{"start":{"line":157,"column":16},"end":{"line":157,"column":30}},"80":{"start":{"line":160,"column":12},"end":{"line":160,"column":37}},"81":{"start":{"line":165,"column":12},"end":{"line":165,"column":94}},"82":{"start":{"line":167,"column":12},"end":{"line":167,"column":44}},"83":{"start":{"line":169,"column":12},"end":{"line":175,"column":13}},"84":{"start":{"line":170,"column":16},"end":{"line":170,"column":55}},"85":{"start":{"line":172,"column":16},"end":{"line":174,"column":17}},"86":{"start":{"line":173,"column":20},"end":{"line":173,"column":55}},"87":{"start":{"line":177,"column":12},"end":{"line":180,"column":15}},"88":{"start":{"line":179,"column":16},"end":{"line":179,"column":28}},"89":{"start":{"line":185,"column":12},"end":{"line":185,"column":30}},"90":{"start":{"line":187,"column":12},"end":{"line":196,"column":34}},"91":{"start":{"line":188,"column":16},"end":{"line":195,"column":19}},"92":{"start":{"line":189,"column":20},"end":{"line":189,"column":105}},"93":{"start":{"line":191,"column":20},"end":{"line":191,"column":50}},"94":{"start":{"line":192,"column":20},"end":{"line":192,"column":45}},"95":{"start":{"line":194,"column":20},"end":{"line":194,"column":84}},"96":{"start":{"line":201,"column":12},"end":{"line":201,"column":30}},"97":{"start":{"line":203,"column":12},"end":{"line":203,"column":94}},"98":{"start":{"line":205,"column":12},"end":{"line":213,"column":34}},"99":{"start":{"line":206,"column":16},"end":{"line":212,"column":19}},"100":{"start":{"line":207,"column":20},"end":{"line":207,"column":105}},"101":{"start":{"line":208,"column":20},"end":{"line":208,"column":50}},"102":{"start":{"line":209,"column":20},"end":{"line":209,"column":45}},"103":{"start":{"line":211,"column":20},"end":{"line":211,"column":96}},"104":{"start":{"line":218,"column":12},"end":{"line":218,"column":113}},"105":{"start":{"line":223,"column":12},"end":{"line":223,"column":30}},"106":{"start":{"line":225,"column":12},"end":{"line":232,"column":39}},"107":{"start":{"line":226,"column":16},"end":{"line":231,"column":19}},"108":{"start":{"line":227,"column":20},"end":{"line":227,"column":105}},"109":{"start":{"line":228,"column":20},"end":{"line":228,"column":136}},"110":{"start":{"line":230,"column":20},"end":{"line":230,"column":33}},"111":{"start":{"line":237,"column":12},"end":{"line":237,"column":34}},"112":{"start":{"line":239,"column":12},"end":{"line":241,"column":15}},"113":{"start":{"line":240,"column":16},"end":{"line":240,"column":30}},"114":{"start":{"line":246,"column":12},"end":{"line":246,"column":30}},"115":{"start":{"line":248,"column":12},"end":{"line":248,"column":33}},"116":{"start":{"line":250,"column":12},"end":{"line":257,"column":15}},"117":{"start":{"line":251,"column":16},"end":{"line":254,"column":19}},"118":{"start":{"line":252,"column":20},"end":{"line":252,"column":105}},"119":{"start":{"line":253,"column":20},"end":{"line":253,"column":137}},"120":{"start":{"line":256,"column":16},"end":{"line":256,"column":29}},"121":{"start":{"line":262,"column":12},"end":{"line":264,"column":15}},"122":{"start":{"line":263,"column":16},"end":{"line":263,"column":56}},"123":{"start":{"line":265,"column":12},"end":{"line":265,"column":52}},"124":{"start":{"line":266,"column":12},"end":{"line":266,"column":71}},"125":{"start":{"line":271,"column":12},"end":{"line":271,"column":30}},"126":{"start":{"line":273,"column":12},"end":{"line":273,"column":35}},"127":{"start":{"line":275,"column":12},"end":{"line":281,"column":15}},"128":{"start":{"line":276,"column":16},"end":{"line":276,"column":74}},"129":{"start":{"line":278,"column":16},"end":{"line":278,"column":59}},"130":{"start":{"line":280,"column":16},"end":{"line":280,"column":62}},"131":{"start":{"line":286,"column":12},"end":{"line":286,"column":35}},"132":{"start":{"line":288,"column":12},"end":{"line":288,"column":55}},"133":{"start":{"line":289,"column":12},"end":{"line":289,"column":72}},"134":{"start":{"line":291,"column":12},"end":{"line":291,"column":42}},"135":{"start":{"line":293,"column":12},"end":{"line":293,"column":29}},"136":{"start":{"line":298,"column":12},"end":{"line":298,"column":30}},"137":{"start":{"line":300,"column":12},"end":{"line":302,"column":15}},"138":{"start":{"line":301,"column":16},"end":{"line":301,"column":76}},"139":{"start":{"line":307,"column":12},"end":{"line":307,"column":30}},"140":{"start":{"line":309,"column":12},"end":{"line":311,"column":15}},"141":{"start":{"line":310,"column":16},"end":{"line":310,"column":89}},"142":{"start":{"line":316,"column":12},"end":{"line":316,"column":31}},"143":{"start":{"line":318,"column":12},"end":{"line":318,"column":53}},"144":{"start":{"line":319,"column":12},"end":{"line":326,"column":15}},"145":{"start":{"line":320,"column":16},"end":{"line":320,"column":72}},"146":{"start":{"line":322,"column":16},"end":{"line":324,"column":19}},"147":{"start":{"line":323,"column":20},"end":{"line":323,"column":113}},"148":{"start":{"line":325,"column":16},"end":{"line":325,"column":32}},"149":{"start":{"line":331,"column":12},"end":{"line":331,"column":55}},"150":{"start":{"line":332,"column":12},"end":{"line":340,"column":15}},"151":{"start":{"line":333,"column":16},"end":{"line":333,"column":69}},"152":{"start":{"line":335,"column":16},"end":{"line":337,"column":17}},"153":{"start":{"line":336,"column":20},"end":{"line":336,"column":38}},"154":{"start":{"line":339,"column":16},"end":{"line":339,"column":52}},"155":{"start":{"line":345,"column":12},"end":{"line":345,"column":35}},"156":{"start":{"line":347,"column":12},"end":{"line":347,"column":73}},"157":{"start":{"line":352,"column":12},"end":{"line":354,"column":15}},"158":{"start":{"line":353,"column":16},"end":{"line":353,"column":56}},"159":{"start":{"line":356,"column":12},"end":{"line":356,"column":46}},"160":{"start":{"line":358,"column":12},"end":{"line":358,"column":37}},"161":{"start":{"line":363,"column":12},"end":{"line":363,"column":31}},"162":{"start":{"line":365,"column":12},"end":{"line":365,"column":35}},"163":{"start":{"line":367,"column":12},"end":{"line":367,"column":34}},"164":{"start":{"line":368,"column":12},"end":{"line":378,"column":15}},"165":{"start":{"line":369,"column":16},"end":{"line":369,"column":62}},"166":{"start":{"line":371,"column":16},"end":{"line":373,"column":19}},"167":{"start":{"line":372,"column":20},"end":{"line":372,"column":27}},"168":{"start":{"line":375,"column":16},"end":{"line":375,"column":63}},"169":{"start":{"line":377,"column":16},"end":{"line":377,"column":65}},"170":{"start":{"line":383,"column":12},"end":{"line":383,"column":31}},"171":{"start":{"line":385,"column":12},"end":{"line":385,"column":53}},"172":{"start":{"line":387,"column":12},"end":{"line":391,"column":15}},"173":{"start":{"line":388,"column":16},"end":{"line":388,"column":68}},"174":{"start":{"line":390,"column":16},"end":{"line":390,"column":116}},"175":{"start":{"line":396,"column":12},"end":{"line":396,"column":31}},"176":{"start":{"line":398,"column":12},"end":{"line":398,"column":35}},"177":{"start":{"line":400,"column":12},"end":{"line":400,"column":34}},"178":{"start":{"line":401,"column":12},"end":{"line":401,"column":39}},"179":{"start":{"line":403,"column":12},"end":{"line":414,"column":15}},"180":{"start":{"line":404,"column":16},"end":{"line":404,"column":84}},"181":{"start":{"line":406,"column":16},"end":{"line":409,"column":19}},"182":{"start":{"line":407,"column":20},"end":{"line":407,"column":43}},"183":{"start":{"line":408,"column":20},"end":{"line":408,"column":33}},"184":{"start":{"line":411,"column":16},"end":{"line":411,"column":79}},"185":{"start":{"line":413,"column":16},"end":{"line":413,"column":37}},"186":{"start":{"line":418,"column":4},"end":{"line":418,"column":17}},"187":{"start":{"line":421,"column":0},"end":{"line":421,"column":24}}},"branchMap":{"1":{"line":7,"type":"binary-expr","locations":[{"start":{"line":7,"column":168},"end":{"line":7,"column":189}},{"start":{"line":7,"column":193},"end":{"line":7,"column":198}}]},"2":{"line":7,"type":"if","locations":[{"start":{"line":7,"column":232},"end":{"line":7,"column":232}},{"start":{"line":7,"column":232},"end":{"line":7,"column":232}}]},"3":{"line":7,"type":"if","locations":[{"start":{"line":7,"column":407},"end":{"line":7,"column":407}},{"start":{"line":7,"column":407},"end":{"line":7,"column":407}}]},"4":{"line":7,"type":"if","locations":[{"start":{"line":7,"column":476},"end":{"line":7,"column":476}},{"start":{"line":7,"column":476},"end":{"line":7,"column":476}}]},"5":{"line":19,"type":"cond-expr","locations":[{"start":{"line":19,"column":70},"end":{"line":19,"column":73}},{"start":{"line":19,"column":76},"end":{"line":19,"column":92}}]},"6":{"line":19,"type":"binary-expr","locations":[{"start":{"line":19,"column":46},"end":{"line":19,"column":49}},{"start":{"line":19,"column":53},"end":{"line":19,"column":67}}]},"7":{"line":21,"type":"if","locations":[{"start":{"line":21,"column":50},"end":{"line":21,"column":50}},{"start":{"line":21,"column":50},"end":{"line":21,"column":50}}]},"8":{"line":34,"type":"cond-expr","locations":[{"start":{"line":34,"column":72},"end":{"line":34,"column":84}},{"start":{"line":34,"column":87},"end":{"line":34,"column":89}}]},"9":{"line":34,"type":"binary-expr","locations":[{"start":{"line":34,"column":19},"end":{"line":34,"column":39}},{"start":{"line":34,"column":43},"end":{"line":34,"column":69}}]},"10":{"line":36,"type":"cond-expr","locations":[{"start":{"line":36,"column":61},"end":{"line":36,"column":65}},{"start":{"line":36,"column":68},"end":{"line":36,"column":85}}]},"11":{"line":38,"type":"cond-expr","locations":[{"start":{"line":38,"column":47},"end":{"line":38,"column":51}},{"start":{"line":38,"column":54},"end":{"line":38,"column":64}}]},"12":{"line":40,"type":"cond-expr","locations":[{"start":{"line":40,"column":57},"end":{"line":40,"column":59}},{"start":{"line":40,"column":62},"end":{"line":40,"column":77}}]},"13":{"line":42,"type":"cond-expr","locations":[{"start":{"line":42,"column":57},"end":{"line":42,"column":61}},{"start":{"line":42,"column":64},"end":{"line":42,"column":79}}]},"14":{"line":46,"type":"if","locations":[{"start":{"line":46,"column":8},"end":{"line":46,"column":8}},{"start":{"line":46,"column":8},"end":{"line":46,"column":8}}]},"15":{"line":50,"type":"if","locations":[{"start":{"line":50,"column":8},"end":{"line":50,"column":8}},{"start":{"line":50,"column":8},"end":{"line":50,"column":8}}]},"16":{"line":54,"type":"if","locations":[{"start":{"line":54,"column":8},"end":{"line":54,"column":8}},{"start":{"line":54,"column":8},"end":{"line":54,"column":8}}]},"17":{"line":66,"type":"binary-expr","locations":[{"start":{"line":66,"column":29},"end":{"line":66,"column":54}},{"start":{"line":66,"column":58},"end":{"line":66,"column":60}}]},"18":{"line":91,"type":"if","locations":[{"start":{"line":91,"column":12},"end":{"line":91,"column":12}},{"start":{"line":91,"column":12},"end":{"line":91,"column":12}}]},"19":{"line":148,"type":"cond-expr","locations":[{"start":{"line":148,"column":76},"end":{"line":148,"column":88}},{"start":{"line":148,"column":91},"end":{"line":148,"column":93}}]},"20":{"line":148,"type":"binary-expr","locations":[{"start":{"line":148,"column":23},"end":{"line":148,"column":43}},{"start":{"line":148,"column":47},"end":{"line":148,"column":73}}]},"21":{"line":150,"type":"if","locations":[{"start":{"line":150,"column":12},"end":{"line":150,"column":12}},{"start":{"line":150,"column":12},"end":{"line":150,"column":12}}]},"22":{"line":150,"type":"binary-expr","locations":[{"start":{"line":150,"column":16},"end":{"line":150,"column":27}},{"start":{"line":150,"column":31},"end":{"line":150,"column":64}}]},"23":{"line":153,"type":"if","locations":[{"start":{"line":153,"column":16},"end":{"line":153,"column":16}},{"start":{"line":153,"column":16},"end":{"line":153,"column":16}}]},"24":{"line":165,"type":"cond-expr","locations":[{"start":{"line":165,"column":76},"end":{"line":165,"column":88}},{"start":{"line":165,"column":91},"end":{"line":165,"column":93}}]},"25":{"line":165,"type":"binary-expr","locations":[{"start":{"line":165,"column":23},"end":{"line":165,"column":43}},{"start":{"line":165,"column":47},"end":{"line":165,"column":73}}]},"26":{"line":169,"type":"if","locations":[{"start":{"line":169,"column":12},"end":{"line":169,"column":12}},{"start":{"line":169,"column":12},"end":{"line":169,"column":12}}]},"27":{"line":169,"type":"binary-expr","locations":[{"start":{"line":169,"column":16},"end":{"line":169,"column":27}},{"start":{"line":169,"column":31},"end":{"line":169,"column":64}}]},"28":{"line":172,"type":"if","locations":[{"start":{"line":172,"column":16},"end":{"line":172,"column":16}},{"start":{"line":172,"column":16},"end":{"line":172,"column":16}}]},"29":{"line":203,"type":"cond-expr","locations":[{"start":{"line":203,"column":76},"end":{"line":203,"column":88}},{"start":{"line":203,"column":91},"end":{"line":203,"column":93}}]},"30":{"line":203,"type":"binary-expr","locations":[{"start":{"line":203,"column":23},"end":{"line":203,"column":43}},{"start":{"line":203,"column":47},"end":{"line":203,"column":73}}]},"31":{"line":335,"type":"if","locations":[{"start":{"line":335,"column":16},"end":{"line":335,"column":16}},{"start":{"line":335,"column":16},"end":{"line":335,"column":16}}]}}},"/Users/bdhowe/Documents/git/MetaDatabase/lib/meta/Provider.js":{"path":"/Users/bdhowe/Documents/git/MetaDatabase/lib/meta/Provider.js","s":{"1":1,"2":1,"3":1,"4":1,"5":6,"6":6,"7":6,"8":6,"9":6,"10":6,"11":1,"12":1,"13":1,"14":1,"15":0,"16":1,"17":1,"18":1,"19":0,"20":0,"21":1,"22":1,"23":0,"24":0,"25":0,"26":0,"27":0,"28":0,"29":1,"30":0,"31":0,"32":0,"33":0,"34":0,"35":0,"36":0,"37":0,"38":0,"39":0,"40":0,"41":0,"42":0,"43":0,"44":0,"45":0,"46":0,"47":0,"48":0,"49":0,"50":0,"51":0,"52":0,"53":0,"54":0,"55":0,"56":0,"57":0,"58":0,"59":0,"60":0,"61":0,"62":0,"63":0,"64":0,"65":0,"66":0,"67":0,"68":0,"69":0,"70":0,"71":0,"72":0,"73":0,"74":0,"75":0,"76":0,"77":0,"78":0,"79":0,"80":0,"81":0,"82":0,"83":0,"84":0,"85":0,"86":0,"87":0,"88":0,"89":0,"90":0,"91":0,"92":0,"93":0,"94":0,"95":0,"96":0,"97":1,"98":1},"b":{"1":[6,6],"2":[6,0],"3":[1,0],"4":[0,1],"5":[0,0],"6":[0,0],"7":[0,0],"8":[0,0],"9":[0,0],"10":[0,0],"11":[0,0],"12":[0,0],"13":[0,0],"14":[0,0],"15":[0,0],"16":[0,0]},"f":{"1":1,"2":1,"3":1,"4":0,"5":1,"6":0,"7":0,"8":0,"9":0,"10":0,"11":0,"12":0,"13":0,"14":0,"15":0,"16":0,"17":0,"18":0,"19":0,"20":0,"21":0,"22":0,"23":0,"24":0,"25":0},"fnMap":{"1":{"name":"(anonymous_1)","line":7,"loc":{"start":{"line":7,"column":19},"end":{"line":7,"column":31}}},"2":{"name":"defineProperties","line":7,"loc":{"start":{"line":7,"column":33},"end":{"line":7,"column":74}}},"3":{"name":"(anonymous_3)","line":7,"loc":{"start":{"line":7,"column":357},"end":{"line":7,"column":405}}},"4":{"name":"_classCallCheck","line":11,"loc":{"start":{"line":11,"column":0},"end":{"line":11,"column":48}}},"5":{"name":"(anonymous_5)","line":13,"loc":{"start":{"line":13,"column":15},"end":{"line":13,"column":27}}},"6":{"name":"Provider","line":14,"loc":{"start":{"line":14,"column":4},"end":{"line":14,"column":53}}},"7":{"name":"_invokeMethodAsync","line":26,"loc":{"start":{"line":26,"column":15},"end":{"line":26,"column":56}}},"8":{"name":"_refineInnerQueriesAsync","line":43,"loc":{"start":{"line":43,"column":15},"end":{"line":43,"column":60}}},"9":{"name":"(anonymous_9)","line":51,"loc":{"start":{"line":51,"column":39},"end":{"line":51,"column":79}}},"10":{"name":"(anonymous_10)","line":57,"loc":{"start":{"line":57,"column":36},"end":{"line":57,"column":48}}},"11":{"name":"(anonymous_11)","line":58,"loc":{"start":{"line":58,"column":51},"end":{"line":58,"column":81}}},"12":{"name":"(anonymous_12)","line":59,"loc":{"start":{"line":59,"column":44},"end":{"line":59,"column":65}}},"13":{"name":"(anonymous_13)","line":74,"loc":{"start":{"line":74,"column":32},"end":{"line":74,"column":53}}},"14":{"name":"(anonymous_14)","line":91,"loc":{"start":{"line":91,"column":39},"end":{"line":91,"column":51}}},"15":{"name":"_refineQueryableAsync","line":97,"loc":{"start":{"line":97,"column":15},"end":{"line":97,"column":57}}},"16":{"name":"(anonymous_16)","line":102,"loc":{"start":{"line":102,"column":65},"end":{"line":102,"column":86}}},"17":{"name":"(anonymous_17)","line":105,"loc":{"start":{"line":105,"column":48},"end":{"line":105,"column":78}}},"18":{"name":"(anonymous_18)","line":106,"loc":{"start":{"line":106,"column":40},"end":{"line":106,"column":61}}},"19":{"name":"(anonymous_19)","line":121,"loc":{"start":{"line":121,"column":28},"end":{"line":121,"column":49}}},"20":{"name":"toArrayAsync","line":132,"loc":{"start":{"line":132,"column":15},"end":{"line":132,"column":48}}},"21":{"name":"(anonymous_21)","line":137,"loc":{"start":{"line":137,"column":62},"end":{"line":137,"column":83}}},"22":{"name":"toArrayWithCountAsync","line":143,"loc":{"start":{"line":143,"column":15},"end":{"line":143,"column":57}}},"23":{"name":"(anonymous_23)","line":148,"loc":{"start":{"line":148,"column":62},"end":{"line":148,"column":83}}},"24":{"name":"countAsync","line":154,"loc":{"start":{"line":154,"column":15},"end":{"line":154,"column":46}}},"25":{"name":"(anonymous_25)","line":159,"loc":{"start":{"line":159,"column":62},"end":{"line":159,"column":83}}}},"statementMap":{"1":{"start":{"line":3,"column":0},"end":{"line":5,"column":3}},"2":{"start":{"line":7,"column":0},"end":{"line":7,"column":564}},"3":{"start":{"line":7,"column":33},"end":{"line":7,"column":349}},"4":{"start":{"line":7,"column":76},"end":{"line":7,"column":347}},"5":{"start":{"line":7,"column":117},"end":{"line":7,"column":143}},"6":{"start":{"line":7,"column":144},"end":{"line":7,"column":199}},"7":{"start":{"line":7,"column":200},"end":{"line":7,"column":231}},"8":{"start":{"line":7,"column":232},"end":{"line":7,"column":286}},"9":{"start":{"line":7,"column":259},"end":{"line":7,"column":286}},"10":{"start":{"line":7,"column":287},"end":{"line":7,"column":345}},"11":{"start":{"line":7,"column":350},"end":{"line":7,"column":559}},"12":{"start":{"line":7,"column":407},"end":{"line":7,"column":475}},"13":{"start":{"line":7,"column":423},"end":{"line":7,"column":475}},"14":{"start":{"line":7,"column":476},"end":{"line":7,"column":536}},"15":{"start":{"line":7,"column":493},"end":{"line":7,"column":536}},"16":{"start":{"line":7,"column":537},"end":{"line":7,"column":556}},"17":{"start":{"line":9,"column":0},"end":{"line":9,"column":42}},"18":{"start":{"line":11,"column":0},"end":{"line":11,"column":153}},"19":{"start":{"line":11,"column":50},"end":{"line":11,"column":151}},"20":{"start":{"line":11,"column":92},"end":{"line":11,"column":149}},"21":{"start":{"line":13,"column":0},"end":{"line":166,"column":4}},"22":{"start":{"line":14,"column":4},"end":{"line":22,"column":5}},"23":{"start":{"line":15,"column":8},"end":{"line":15,"column":40}},"24":{"start":{"line":17,"column":8},"end":{"line":17,"column":35}},"25":{"start":{"line":18,"column":8},"end":{"line":18,"column":41}},"26":{"start":{"line":19,"column":8},"end":{"line":19,"column":49}},"27":{"start":{"line":20,"column":8},"end":{"line":20,"column":47}},"28":{"start":{"line":21,"column":8},"end":{"line":21,"column":25}},"29":{"start":{"line":24,"column":4},"end":{"line":163,"column":8}},"30":{"start":{"line":27,"column":12},"end":{"line":27,"column":94}},"31":{"start":{"line":29,"column":12},"end":{"line":37,"column":13}},"32":{"start":{"line":30,"column":16},"end":{"line":30,"column":58}},"33":{"start":{"line":32,"column":16},"end":{"line":34,"column":17}},"34":{"start":{"line":33,"column":20},"end":{"line":33,"column":53}},"35":{"start":{"line":36,"column":16},"end":{"line":36,"column":30}},"36":{"start":{"line":39,"column":12},"end":{"line":39,"column":37}},"37":{"start":{"line":44,"column":12},"end":{"line":44,"column":29}},"38":{"start":{"line":46,"column":12},"end":{"line":46,"column":33}},"39":{"start":{"line":47,"column":12},"end":{"line":47,"column":45}},"40":{"start":{"line":49,"column":12},"end":{"line":49,"column":102}},"41":{"start":{"line":51,"column":12},"end":{"line":93,"column":15}},"42":{"start":{"line":52,"column":16},"end":{"line":52,"column":54}},"43":{"start":{"line":53,"column":16},"end":{"line":53,"column":78}},"44":{"start":{"line":54,"column":16},"end":{"line":54,"column":72}},"45":{"start":{"line":55,"column":16},"end":{"line":55,"column":50}},"46":{"start":{"line":57,"column":16},"end":{"line":90,"column":19}},"47":{"start":{"line":58,"column":20},"end":{"line":89,"column":51}},"48":{"start":{"line":59,"column":24},"end":{"line":88,"column":27}},"49":{"start":{"line":60,"column":28},"end":{"line":60,"column":58}},"50":{"start":{"line":62,"column":28},"end":{"line":62,"column":85}},"51":{"start":{"line":63,"column":28},"end":{"line":63,"column":129}},"52":{"start":{"line":65,"column":28},"end":{"line":67,"column":29}},"53":{"start":{"line":66,"column":32},"end":{"line":66,"column":51}},"54":{"start":{"line":69,"column":28},"end":{"line":71,"column":29}},"55":{"start":{"line":70,"column":32},"end":{"line":70,"column":63}},"56":{"start":{"line":73,"column":28},"end":{"line":73,"column":42}},"57":{"start":{"line":75,"column":28},"end":{"line":77,"column":29}},"58":{"start":{"line":76,"column":32},"end":{"line":76,"column":57}},"59":{"start":{"line":79,"column":28},"end":{"line":79,"column":65}},"60":{"start":{"line":80,"column":28},"end":{"line":80,"column":64}},"61":{"start":{"line":81,"column":28},"end":{"line":81,"column":62}},"62":{"start":{"line":82,"column":28},"end":{"line":82,"column":66}},"63":{"start":{"line":83,"column":28},"end":{"line":83,"column":60}},"64":{"start":{"line":84,"column":28},"end":{"line":84,"column":60}},"65":{"start":{"line":85,"column":28},"end":{"line":85,"column":60}},"66":{"start":{"line":87,"column":28},"end":{"line":87,"column":45}},"67":{"start":{"line":92,"column":16},"end":{"line":92,"column":33}},"68":{"start":{"line":98,"column":12},"end":{"line":98,"column":30}},"69":{"start":{"line":100,"column":12},"end":{"line":100,"column":33}},"70":{"start":{"line":102,"column":12},"end":{"line":128,"column":15}},"71":{"start":{"line":103,"column":16},"end":{"line":103,"column":50}},"72":{"start":{"line":105,"column":16},"end":{"line":127,"column":47}},"73":{"start":{"line":106,"column":20},"end":{"line":126,"column":23}},"74":{"start":{"line":107,"column":24},"end":{"line":107,"column":54}},"75":{"start":{"line":109,"column":24},"end":{"line":109,"column":88}},"76":{"start":{"line":110,"column":24},"end":{"line":110,"column":126}},"77":{"start":{"line":112,"column":24},"end":{"line":114,"column":25}},"78":{"start":{"line":113,"column":28},"end":{"line":113,"column":47}},"79":{"start":{"line":116,"column":24},"end":{"line":118,"column":25}},"80":{"start":{"line":117,"column":28},"end":{"line":117,"column":59}},"81":{"start":{"line":120,"column":24},"end":{"line":120,"column":38}},"82":{"start":{"line":122,"column":24},"end":{"line":124,"column":25}},"83":{"start":{"line":123,"column":28},"end":{"line":123,"column":53}},"84":{"start":{"line":125,"column":24},"end":{"line":125,"column":41}},"85":{"start":{"line":133,"column":12},"end":{"line":133,"column":30}},"86":{"start":{"line":135,"column":12},"end":{"line":135,"column":33}},"87":{"start":{"line":137,"column":12},"end":{"line":139,"column":15}},"88":{"start":{"line":138,"column":16},"end":{"line":138,"column":63}},"89":{"start":{"line":144,"column":12},"end":{"line":144,"column":30}},"90":{"start":{"line":146,"column":12},"end":{"line":146,"column":33}},"91":{"start":{"line":148,"column":12},"end":{"line":150,"column":15}},"92":{"start":{"line":149,"column":16},"end":{"line":149,"column":72}},"93":{"start":{"line":155,"column":12},"end":{"line":155,"column":30}},"94":{"start":{"line":157,"column":12},"end":{"line":157,"column":33}},"95":{"start":{"line":159,"column":12},"end":{"line":161,"column":15}},"96":{"start":{"line":160,"column":16},"end":{"line":160,"column":61}},"97":{"start":{"line":165,"column":4},"end":{"line":165,"column":20}},"98":{"start":{"line":168,"column":0},"end":{"line":168,"column":27}}},"branchMap":{"1":{"line":7,"type":"binary-expr","locations":[{"start":{"line":7,"column":168},"end":{"line":7,"column":189}},{"start":{"line":7,"column":193},"end":{"line":7,"column":198}}]},"2":{"line":7,"type":"if","locations":[{"start":{"line":7,"column":232},"end":{"line":7,"column":232}},{"start":{"line":7,"column":232},"end":{"line":7,"column":232}}]},"3":{"line":7,"type":"if","locations":[{"start":{"line":7,"column":407},"end":{"line":7,"column":407}},{"start":{"line":7,"column":407},"end":{"line":7,"column":407}}]},"4":{"line":7,"type":"if","locations":[{"start":{"line":7,"column":476},"end":{"line":7,"column":476}},{"start":{"line":7,"column":476},"end":{"line":7,"column":476}}]},"5":{"line":11,"type":"if","locations":[{"start":{"line":11,"column":50},"end":{"line":11,"column":50}},{"start":{"line":11,"column":50},"end":{"line":11,"column":50}}]},"6":{"line":27,"type":"cond-expr","locations":[{"start":{"line":27,"column":76},"end":{"line":27,"column":88}},{"start":{"line":27,"column":91},"end":{"line":27,"column":93}}]},"7":{"line":27,"type":"binary-expr","locations":[{"start":{"line":27,"column":23},"end":{"line":27,"column":43}},{"start":{"line":27,"column":47},"end":{"line":27,"column":73}}]},"8":{"line":29,"type":"if","locations":[{"start":{"line":29,"column":12},"end":{"line":29,"column":12}},{"start":{"line":29,"column":12},"end":{"line":29,"column":12}}]},"9":{"line":29,"type":"binary-expr","locations":[{"start":{"line":29,"column":16},"end":{"line":29,"column":27}},{"start":{"line":29,"column":31},"end":{"line":29,"column":64}}]},"10":{"line":32,"type":"if","locations":[{"start":{"line":32,"column":16},"end":{"line":32,"column":16}},{"start":{"line":32,"column":16},"end":{"line":32,"column":16}}]},"11":{"line":65,"type":"if","locations":[{"start":{"line":65,"column":28},"end":{"line":65,"column":28}},{"start":{"line":65,"column":28},"end":{"line":65,"column":28}}]},"12":{"line":69,"type":"if","locations":[{"start":{"line":69,"column":28},"end":{"line":69,"column":28}},{"start":{"line":69,"column":28},"end":{"line":69,"column":28}}]},"13":{"line":75,"type":"if","locations":[{"start":{"line":75,"column":28},"end":{"line":75,"column":28}},{"start":{"line":75,"column":28},"end":{"line":75,"column":28}}]},"14":{"line":112,"type":"if","locations":[{"start":{"line":112,"column":24},"end":{"line":112,"column":24}},{"start":{"line":112,"column":24},"end":{"line":112,"column":24}}]},"15":{"line":116,"type":"if","locations":[{"start":{"line":116,"column":24},"end":{"line":116,"column":24}},{"start":{"line":116,"column":24},"end":{"line":116,"column":24}}]},"16":{"line":122,"type":"if","locations":[{"start":{"line":122,"column":24},"end":{"line":122,"column":24}},{"start":{"line":122,"column":24},"end":{"line":122,"column":24}}]}}},"/Users/bdhowe/Documents/git/MetaDatabase/lib/user/User.js":{"path":"/Users/bdhowe/Documents/git/MetaDatabase/lib/user/User.js","s":{"1":1,"2":1,"3":2,"4":0,"5":1,"6":2,"7":2,"8":2,"9":2,"10":2,"11":2,"12":1},"b":{"1":[0,2]},"f":{"1":2,"2":2},"fnMap":{"1":{"name":"_classCallCheck","line":7,"loc":{"start":{"line":7,"column":0},"end":{"line":7,"column":48}}},"2":{"name":"User","line":9,"loc":{"start":{"line":9,"column":11},"end":{"line":9,"column":27}}}},"statementMap":{"1":{"start":{"line":3,"column":0},"end":{"line":5,"column":3}},"2":{"start":{"line":7,"column":0},"end":{"line":7,"column":153}},"3":{"start":{"line":7,"column":50},"end":{"line":7,"column":151}},"4":{"start":{"line":7,"column":92},"end":{"line":7,"column":149}},"5":{"start":{"line":9,"column":0},"end":{"line":17,"column":2}},"6":{"start":{"line":10,"column":4},"end":{"line":10,"column":32}},"7":{"start":{"line":12,"column":4},"end":{"line":12,"column":19}},"8":{"start":{"line":13,"column":4},"end":{"line":13,"column":32}},"9":{"start":{"line":14,"column":4},"end":{"line":14,"column":21}},"10":{"start":{"line":15,"column":4},"end":{"line":15,"column":25}},"11":{"start":{"line":16,"column":4},"end":{"line":16,"column":21}},"12":{"start":{"line":19,"column":0},"end":{"line":19,"column":23}}},"branchMap":{"1":{"line":7,"type":"if","locations":[{"start":{"line":7,"column":50},"end":{"line":7,"column":50}},{"start":{"line":7,"column":50},"end":{"line":7,"column":50}}]}}},"/Users/bdhowe/Documents/git/MetaDatabase/lib/sqlite/Database.js":{"path":"/Users/bdhowe/Documents/git/MetaDatabase/lib/sqlite/Database.js","s":{"1":1,"2":1,"3":1,"4":1,"5":8,"6":8,"7":8,"8":8,"9":8,"10":8,"11":1,"12":1,"13":1,"14":1,"15":0,"16":1,"17":1,"18":1,"19":1,"20":1,"21":1,"22":1,"23":1,"24":3,"25":1,"26":6,"27":0,"28":1,"29":1,"30":1,"31":6,"32":6,"33":6,"34":6,"35":6,"36":0,"37":6,"38":0,"39":6,"40":6,"41":6,"42":6,"43":6,"44":6,"45":1,"46":6,"47":6,"48":6,"49":18,"50":0,"51":0,"52":5,"53":5,"54":5,"55":15,"56":5,"57":15,"58":15,"59":0,"60":15,"61":0,"62":0,"63":15,"64":15,"65":15,"66":15,"67":15,"68":4,"69":4,"70":4,"71":12,"72":12,"73":12,"74":0,"75":0,"76":0,"77":0,"78":0,"79":0,"80":3,"81":0,"82":0,"83":0,"84":1,"85":1},"b":{"1":[8,8],"2":[8,0],"3":[1,0],"4":[0,1],"5":[3,0],"6":[3,3],"7":[0,6],"8":[6,0],"9":[6,6],"10":[0,6],"11":[0,6],"12":[0,15]},"f":{"1":1,"2":1,"3":1,"4":3,"5":6,"6":1,"7":6,"8":6,"9":18,"10":0,"11":0,"12":5,"13":15,"14":15,"15":0,"16":15,"17":15,"18":4,"19":12,"20":12,"21":0,"22":0,"23":0,"24":3,"25":0,"26":0},"fnMap":{"1":{"name":"(anonymous_1)","line":7,"loc":{"start":{"line":7,"column":19},"end":{"line":7,"column":31}}},"2":{"name":"defineProperties","line":7,"loc":{"start":{"line":7,"column":33},"end":{"line":7,"column":74}}},"3":{"name":"(anonymous_3)","line":7,"loc":{"start":{"line":7,"column":357
[...]
":253,"column":12},"end":{"line":253,"column":49}},"113":{"start":{"line":254,"column":12},"end":{"line":254,"column":47}},"114":{"start":{"line":256,"column":12},"end":{"line":258,"column":13}},"115":{"start":{"line":257,"column":16},"end":{"line":257,"column":26}},"116":{"start":{"line":260,"column":12},"end":{"line":262,"column":13}},"117":{"start":{"line":261,"column":16},"end":{"line":261,"column":30}},"118":{"start":{"line":264,"column":12},"end":{"line":264,"column":38}},"119":{"start":{"line":269,"column":12},"end":{"line":269,"column":44}},"120":{"start":{"line":270,"column":12},"end":{"line":270,"column":28}},"121":{"start":{"line":275,"column":12},"end":{"line":275,"column":71}},"122":{"start":{"line":280,"column":12},"end":{"line":280,"column":86}},"123":{"start":{"line":281,"column":12},"end":{"line":281,"column":81}},"124":{"start":{"line":283,"column":12},"end":{"line":283,"column":67}},"125":{"start":{"line":288,"column":12},"end":{"line":288,"column":74}},"126":{"start":{"line":293,"column":12},"end":{"line":293,"column":36}},"127":{"start":{"line":298,"column":12},"end":{"line":298,"column":36}},"128":{"start":{"line":303,"column":12},"end":{"line":305,"column":13}},"129":{"start":{"line":304,"column":16},"end":{"line":304,"column":26}},"130":{"start":{"line":307,"column":12},"end":{"line":307,"column":65}},"131":{"start":{"line":311,"column":4},"end":{"line":311,"column":19}},"132":{"start":{"line":314,"column":0},"end":{"line":314,"column":26}}},"branchMap":{"1":{"line":7,"type":"binary-expr","locations":[{"start":{"line":7,"column":168},"end":{"line":7,"column":189}},{"start":{"line":7,"column":193},"end":{"line":7,"column":198}}]},"2":{"line":7,"type":"if","locations":[{"start":{"line":7,"column":232},"end":{"line":7,"column":232}},{"start":{"line":7,"column":232},"end":{"line":7,"column":232}}]},"3":{"line":7,"type":"if","locations":[{"start":{"line":7,"column":407},"end":{"line":7,"column":407}},{"start":{"line":7,"column":407},"end":{"line":7,"column":407}}]},"4":{"line":7,"type":"if","locations":[{"start":{"line":7,"column":476},"end":{"line":7,"column":476}},{"start":{"line":7,"column":476},"end":{"line":7,"column":476}}]},"5":{"line":19,"type":"cond-expr","locations":[{"start":{"line":19,"column":70},"end":{"line":19,"column":73}},{"start":{"line":19,"column":76},"end":{"line":19,"column":92}}]},"6":{"line":19,"type":"binary-expr","locations":[{"start":{"line":19,"column":46},"end":{"line":19,"column":49}},{"start":{"line":19,"column":53},"end":{"line":19,"column":67}}]},"7":{"line":21,"type":"if","locations":[{"start":{"line":21,"column":50},"end":{"line":21,"column":50}},{"start":{"line":21,"column":50},"end":{"line":21,"column":50}}]},"8":{"line":23,"type":"if","locations":[{"start":{"line":23,"column":50},"end":{"line":23,"column":50}},{"start":{"line":23,"column":50},"end":{"line":23,"column":50}}]},"9":{"line":23,"type":"cond-expr","locations":[{"start":{"line":23,"column":226},"end":{"line":23,"column":230}},{"start":{"line":23,"column":233},"end":{"line":23,"column":237}}]},"10":{"line":23,"type":"binary-expr","locations":[{"start":{"line":23,"column":159},"end":{"line":23,"column":163}},{"start":{"line":23,"column":168},"end":{"line":23,"column":192}},{"start":{"line":23,"column":196},"end":{"line":23,"column":222}}]},"11":{"line":25,"type":"if","locations":[{"start":{"line":25,"column":43},"end":{"line":25,"column":43}},{"start":{"line":25,"column":43},"end":{"line":25,"column":43}}]},"12":{"line":25,"type":"binary-expr","locations":[{"start":{"line":25,"column":47},"end":{"line":25,"column":79}},{"start":{"line":25,"column":83},"end":{"line":25,"column":102}}]},"13":{"line":25,"type":"binary-expr","locations":[{"start":{"line":25,"column":244},"end":{"line":25,"column":254}},{"start":{"line":25,"column":258},"end":{"line":25,"column":278}}]},"14":{"line":25,"type":"if","locations":[{"start":{"line":25,"column":374},"end":{"line":25,"column":374}},{"start":{"line":25,"column":374},"end":{"line":25,"column":374}}]},"15":{"line":25,"type":"cond-expr","locations":[{"start":{"line":25,"column":414},"end":{"line":25,"column":457}},{"start":{"line":25,"column":460},"end":{"line":25,"column":491}}]},"16":{"line":33,"type":"binary-expr","locations":[{"start":{"line":33,"column":54},"end":{"line":33,"column":71}},{"start":{"line":33,"column":75},"end":{"line":33,"column":105}}]},"17":{"line":72,"type":"cond-expr","locations":[{"start":{"line":72,"column":27},"end":{"line":72,"column":28}},{"start":{"line":72,"column":31},"end":{"line":72,"column":32}}]},"18":{"line":87,"type":"if","locations":[{"start":{"line":87,"column":12},"end":{"line":87,"column":12}},{"start":{"line":87,"column":12},"end":{"line":87,"column":12}}]},"19":{"line":103,"type":"if","locations":[{"start":{"line":103,"column":12},"end":{"line":103,"column":12}},{"start":{"line":103,"column":12},"end":{"line":103,"column":12}}]},"20":{"line":105,"type":"if","locations":[{"start":{"line":105,"column":19},"end":{"line":105,"column":19}},{"start":{"line":105,"column":19},"end":{"line":105,"column":19}}]},"21":{"line":107,"type":"if","locations":[{"start":{"line":107,"column":19},"end":{"line":107,"column":19}},{"start":{"line":107,"column":19},"end":{"line":107,"column":19}}]},"22":{"line":109,"type":"if","locations":[{"start":{"line":109,"column":19},"end":{"line":109,"column":19}},{"start":{"line":109,"column":19},"end":{"line":109,"column":19}}]},"23":{"line":111,"type":"if","locations":[{"start":{"line":111,"column":19},"end":{"line":111,"column":19}},{"start":{"line":111,"column":19},"end":{"line":111,"column":19}}]},"24":{"line":128,"type":"if","locations":[{"start":{"line":128,"column":12},"end":{"line":128,"column":12}},{"start":{"line":128,"column":12},"end":{"line":128,"column":12}}]},"25":{"line":132,"type":"if","locations":[{"start":{"line":132,"column":12},"end":{"line":132,"column":12}},{"start":{"line":132,"column":12},"end":{"line":132,"column":12}}]},"26":{"line":145,"type":"if","locations":[{"start":{"line":145,"column":12},"end":{"line":145,"column":12}},{"start":{"line":145,"column":12},"end":{"line":145,"column":12}}]},"27":{"line":183,"type":"if","locations":[{"start":{"line":183,"column":12},"end":{"line":183,"column":12}},{"start":{"line":183,"column":12},"end":{"line":183,"column":12}}]},"28":{"line":185,"type":"if","locations":[{"start":{"line":185,"column":19},"end":{"line":185,"column":19}},{"start":{"line":185,"column":19},"end":{"line":185,"column":19}}]},"29":{"line":234,"type":"if","locations":[{"start":{"line":234,"column":12},"end":{"line":234,"column":12}},{"start":{"line":234,"column":12},"end":{"line":234,"column":12}}]},"30":{"line":256,"type":"if","locations":[{"start":{"line":256,"column":12},"end":{"line":256,"column":12}},{"start":{"line":256,"column":12},"end":{"line":256,"column":12}}]},"31":{"line":260,"type":"if","locations":[{"start":{"line":260,"column":12},"end":{"line":260,"column":12}},{"start":{"line":260,"column":12},"end":{"line":260,"column":12}}]},"32":{"line":303,"type":"if","locations":[{"start":{"line":303,"column":12},"end":{"line":303,"column":12}},{"start":{"line":303,"column":12},"end":{"line":303,"column":12}}]}}},"/Users/bdhowe/Documents/git/MetaDatabase/lib/sqlite/Migrator.js":{"path":"/Users/bdhowe/Documents/git/MetaDatabase/lib/sqlite/Migrator.js","s":{"1":1,"2":1,"3":1,"4":1,"5":13,"6":13,"7":13,"8":13,"9":13,"10":13,"11":1,"12":1,"13":1,"14":1,"15":0,"16":1,"17":1,"18":1,"19":1,"20":1,"21":1,"22":0,"23":0,"24":1,"25":1,"26":0,"27":0,"28":0,"29":0,"30":0,"31":1,"32":0,"33":0,"34":0,"35":0,"36":0,"37":0,"38":0,"39":0,"40":0,"41":0,"42":0,"43":0,"44":0,"45":0,"46":0,"47":0,"48":0,"49":1,"50":1},"b":{"1":[13,13],"2":[13,0],"3":[1,0],"4":[0,1],"5":[1,0],"6":[1,1],"7":[0,0],"8":[0,0],"9":[0,0],"10":[0,0],"11":[0,0],"12":[0,0],"13":[0,0],"14":[0,0],"15":[0,0],"16":[0,0],"17":[0,0],"18":[0,0],"19":[0,0],"20":[0,0],"21":[0,0],"22":[0,0],"23":[0,0],"24":[0,0],"25":[0,0],"26":[0,0],"27":[0,0],"28":[0,0],"29":[0,0],"30":[0,0],"31":[0,0],"32":[0,0],"33":[0,0],"34":[0,0]},"f":{"1":1,"2":1,"3":1,"4":1,"5":0,"6":1,"7":0,"8":0,"9":0,"10":0,"11":0,"12":0,"13":0,"14":0,"15":0,"16":0,"17":0,"18":0,"19":0,"20":0},"fnMap":{"1":{"name":"(anonymous_1)","line":7,"loc":{"start":{"line":7,"column":19},"end":{"line":7,"column":31}}},"2":{"name":"defineProperties","line":7,"loc":{"start":{"line":7,"column":33},"end":{"line":7,"column":74}}},"3":{"name":"(anonymous_3)","line":7,"loc":{"start":{"line":7,"column":357},"end":{"line":7,"column":405}}},"4":{"name":"_interopRequireDefault","line":13,"loc":{"start":{"line":13,"column":0},"end":{"line":13,"column":37}}},"5":{"name":"_classCallCheck","line":15,"loc":{"start":{"line":15,"column":0},"end":{"line":15,"column":48}}},"6":{"name":"(anonymous_6)","line":17,"loc":{"start":{"line":17,"column":15},"end":{"line":17,"column":27}}},"7":{"name":"Migrator","line":18,"loc":{"start":{"line":18,"column":4},"end":{"line":18,"column":38}}},"8":{"name":"addColumnAsync","line":31,"loc":{"start":{"line":31,"column":15},"end":{"line":31,"column":44}}},"9":{"name":"addDecoratorAsync","line":39,"loc":{"start":{"line":39,"column":15},"end":{"line":39,"column":47}}},"10":{"name":"addOneToOneRelationshipAsync","line":44,"loc":{"start":{"line":44,"column":15},"end":{"line":44,"column":58}}},"11":{"name":"addOneToManyRelationshipAsync","line":49,"loc":{"start":{"line":49,"column":15},"end":{"line":49,"column":59}}},"12":{"name":"addTableAsync","line":54,"loc":{"start":{"line":54,"column":15},"end":{"line":54,"column":43}}},"13":{"name":"removeColumnAsync","line":62,"loc":{"start":{"line":62,"column":15},"end":{"line":62,"column":47}}},"14":{"name":"removeDecoratorAsync","line":67,"loc":{"start":{"line":67,"column":15},"end":{"line":67,"column":50}}},"15":{"name":"removeOneToOneRelationshipCommand","line":72,"loc":{"start":{"line":72,"column":15},"end":{"line":72,"column":63}}},"16":{"name":"removeOneToManyRelationshipCommand","line":77,"loc":{"start":{"line":77,"column":15},"end":{"line":77,"column":64}}},"17":{"name":"removeTableAsync","line":82,"loc":{"start":{"line":82,"column":15},"end":{"line":82,"column":46}}},"18":{"name":"updateColumnAsync","line":87,"loc":{"start":{"line":87,"column":15},"end":{"line":87,"column":47}}},"19":{"name":"updateDecoratorAsync","line":92,"loc":{"start":{"line":92,"column":15},"end":{"line":92,"column":50}}},"20":{"name":"updateTableAsync","line":97,"loc":{"start":{"line":97,"column":15},"end":{"line":97,"column":46}}}},"statementMap":{"1":{"start":{"line":3,"column":0},"end":{"line":5,"column":3}},"2":{"start":{"line":7,"column":0},"end":{"line":7,"column":564}},"3":{"start":{"line":7,"column":33},"end":{"line":7,"column":349}},"4":{"start":{"line":7,"column":76},"end":{"line":7,"column":347}},"5":{"start":{"line":7,"column":117},"end":{"line":7,"column":143}},"6":{"start":{"line":7,"column":144},"end":{"line":7,"column":199}},"7":{"start":{"line":7,"column":200},"end":{"line":7,"column":231}},"8":{"start":{"line":7,"column":232},"end":{"line":7,"column":286}},"9":{"start":{"line":7,"column":259},"end":{"line":7,"column":286}},"10":{"start":{"line":7,"column":287},"end":{"line":7,"column":345}},"11":{"start":{"line":7,"column":350},"end":{"line":7,"column":559}},"12":{"start":{"line":7,"column":407},"end":{"line":7,"column":475}},"13":{"start":{"line":7,"column":423},"end":{"line":7,"column":475}},"14":{"start":{"line":7,"column":476},"end":{"line":7,"column":536}},"15":{"start":{"line":7,"column":493},"end":{"line":7,"column":536}},"16":{"start":{"line":7,"column":537},"end":{"line":7,"column":556}},"17":{"start":{"line":9,"column":0},"end":{"line":9,"column":64}},"18":{"start":{"line":11,"column":0},"end":{"line":11,"column":77}},"19":{"start":{"line":13,"column":0},"end":{"line":13,"column":95}},"20":{"start":{"line":13,"column":39},"end":{"line":13,"column":93}},"21":{"start":{"line":15,"column":0},"end":{"line":15,"column":153}},"22":{"start":{"line":15,"column":50},"end":{"line":15,"column":151}},"23":{"start":{"line":15,"column":92},"end":{"line":15,"column":149}},"24":{"start":{"line":17,"column":0},"end":{"line":103,"column":4}},"25":{"start":{"line":18,"column":4},"end":{"line":27,"column":5}},"26":{"start":{"line":19,"column":8},"end":{"line":19,"column":40}},"27":{"start":{"line":21,"column":8},"end":{"line":23,"column":9}},"28":{"start":{"line":22,"column":12},"end":{"line":22,"column":100}},"29":{"start":{"line":25,"column":8},"end":{"line":25,"column":45}},"30":{"start":{"line":26,"column":8},"end":{"line":26,"column":75}},"31":{"start":{"line":29,"column":4},"end":{"line":100,"column":8}},"32":{"start":{"line":32,"column":12},"end":{"line":32,"column":97}},"33":{"start":{"line":34,"column":12},"end":{"line":34,"column":115}},"34":{"start":{"line":35,"column":12},"end":{"line":35,"column":54}},"35":{"start":{"line":40,"column":12},"end":{"line":40,"column":97}},"36":{"start":{"line":45,"column":12},"end":{"line":45,"column":97}},"37":{"start":{"line":50,"column":12},"end":{"line":50,"column":97}},"38":{"start":{"line":55,"column":12},"end":{"line":55,"column":97}},"39":{"start":{"line":57,"column":12},"end":{"line":57,"column":85}},"40":{"start":{"line":58,"column":12},"end":{"line":58,"column":54}},"41":{"start":{"line":63,"column":12},"end":{"line":63,"column":97}},"42":{"start":{"line":68,"column":12},"end":{"line":68,"column":97}},"43":{"start":{"line":73,"column":12},"end":{"line":73,"column":97}},"44":{"start":{"line":78,"column":12},"end":{"line":78,"column":97}},"45":{"start":{"line":83,"column":12},"end":{"line":83,"column":97}},"46":{"start":{"line":88,"column":12},"end":{"line":88,"column":97}},"47":{"start":{"line":93,"column":12},"end":{"line":93,"column":97}},"48":{"start":{"line":98,"column":12},"end":{"line":98,"column":97}},"49":{"start":{"line":102,"column":4},"end":{"line":102,"column":20}},"50":{"start":{"line":105,"column":0},"end":{"line":105,"column":27}}},"branchMap":{"1":{"line":7,"type":"binary-expr","locations":[{"start":{"line":7,"column":168},"end":{"line":7,"column":189}},{"start":{"line":7,"column":193},"end":{"line":7,"column":198}}]},"2":{"line":7,"type":"if","locations":[{"start":{"line":7,"column":232},"end":{"line":7,"column":232}},{"start":{"line":7,"column":232},"end":{"line":7,"column":232}}]},"3":{"line":7,"type":"if","locations":[{"start":{"line":7,"column":407},"end":{"line":7,"column":407}},{"start":{"line":7,"column":407},"end":{"line":7,"column":407}}]},"4":{"line":7,"type":"if","locations":[{"start":{"line":7,"column":476},"end":{"line":7,"column":476}},{"start":{"line":7,"column":476},"end":{"line":7,"column":476}}]},"5":{"line":13,"type":"cond-expr","locations":[{"start":{"line":13,"column":70},"end":{"line":13,"column":73}},{"start":{"line":13,"column":76},"end":{"line":13,"column":92}}]},"6":{"line":13,"type":"binary-expr","locations":[{"start":{"line":13,"column":46},"end":{"line":13,"column":49}},{"start":{"line":13,"column":53},"end":{"line":13,"column":67}}]},"7":{"line":15,"type":"if","locations":[{"start":{"line":15,"column":50},"end":{"line":15,"column":50}},{"start":{"line":15,"column":50},"end":{"line":15,"column":50}}]},"8":{"line":21,"type":"if","locations":[{"start":{"line":21,"column":8},"end":{"line":21,"column":8}},{"start":{"line":21,"column":8},"end":{"line":21,"column":8}}]},"9":{"line":32,"type":"cond-expr","locations":[{"start":{"line":32,"column":79},"end":{"line":32,"column":91}},{"start":{"line":32,"column":94},"end":{"line":32,"column":96}}]},"10":{"line":32,"type":"binary-expr","locations":[{"start":{"line":32,"column":26},"end":{"line":32,"column":46}},{"start":{"line":32,"column":50},"end":{"line":32,"column":76}}]},"11":{"line":40,"type":"cond-expr","locations":[{"start":{"line":40,"column":79},"end":{"line":40,"column":91}},{"start":{"line":40,"column":94},"end":{"line":40,"column":96}}]},"12":{"line":40,"type":"binary-expr","locations":[{"start":{"line":40,"column":26},"end":{"line":40,"column":46}},{"start":{"line":40,"column":50},"end":{"line":40,"column":76}}]},"13":{"line":45,"type":"cond-expr","locations":[{"start":{"line":45,"column":79},"end":{"line":45,"column":91}},{"start":{"line":45,"column":94},"end":{"line":45,"column":96}}]},"14":{"line":45,"type":"binary-expr","locations":[{"start":{"line":45,"column":26},"end":{"line":45,"column":46}},{"start":{"line":45,"column":50},"end":{"line":45,"column":76}}]},"15":{"line":50,"type":"cond-expr","locations":[{"start":{"line":50,"column":79},"end":{"line":50,"column":91}},{"start":{"line":50,"column":94},"end":{"line":50,"column":96}}]},"16":{"line":50,"type":"binary-expr","locations":[{"start":{"line":50,"column":26},"end":{"line":50,"column":46}},{"start":{"line":50,"column":50},"end":{"line":50,"column":76}}]},"17":{"line":55,"type":"cond-expr","locations":[{"start":{"line":55,"column":79},"end":{"line":55,"column":91}},{"start":{"line":55,"column":94},"end":{"line":55,"column":96}}]},"18":{"line":55,"type":"binary-expr","locations":[{"start":{"line":55,"column":26},"end":{"line":55,"column":46}},{"start":{"line":55,"column":50},"end":{"line":55,"column":76}}]},"19":{"line":63,"type":"cond-expr","locations":[{"start":{"line":63,"column":79},"end":{"line":63,"column":91}},{"start":{"line":63,"column":94},"end":{"line":63,"column":96}}]},"20":{"line":63,"type":"binary-expr","locations":[{"start":{"line":63,"column":26},"end":{"line":63,"column":46}},{"start":{"line":63,"column":50},"end":{"line":63,"column":76}}]},"21":{"line":68,"type":"cond-expr","locations":[{"start":{"line":68,"column":79},"end":{"line":68,"column":91}},{"start":{"line":68,"column":94},"end":{"line":68,"column":96}}]},"22":{"line":68,"type":"binary-expr","locations":[{"start":{"line":68,"column":26},"end":{"line":68,"column":46}},{"start":{"line":68,"column":50},"end":{"line":68,"column":76}}]},"23":{"line":73,"type":"cond-expr","locations":[{"start":{"line":73,"column":79},"end":{"line":73,"column":91}},{"start":{"line":73,"column":94},"end":{"line":73,"column":96}}]},"24":{"line":73,"type":"binary-expr","locations":[{"start":{"line":73,"column":26},"end":{"line":73,"column":46}},{"start":{"line":73,"column":50},"end":{"line":73,"column":76}}]},"25":{"line":78,"type":"cond-expr","locations":[{"start":{"line":78,"column":79},"end":{"line":78,"column":91}},{"start":{"line":78,"column":94},"end":{"line":78,"column":96}}]},"26":{"line":78,"type":"binary-expr","locations":[{"start":{"line":78,"column":26},"end":{"line":78,"column":46}},{"start":{"line":78,"column":50},"end":{"line":78,"column":76}}]},"27":{"line":83,"type":"cond-expr","locations":[{"start":{"line":83,"column":79},"end":{"line":83,"column":91}},{"start":{"line":83,"column":94},"end":{"line":83,"column":96}}]},"28":{"line":83,"type":"binary-expr","locations":[{"start":{"line":83,"column":26},"end":{"line":83,"column":46}},{"start":{"line":83,"column":50},"end":{"line":83,"column":76}}]},"29":{"line":88,"type":"cond-expr","locations":[{"start":{"line":88,"column":79},"end":{"line":88,"column":91}},{"start":{"line":88,"column":94},"end":{"line":88,"column":96}}]},"30":{"line":88,"type":"binary-expr","locations":[{"start":{"line":88,"column":26},"end":{"line":88,"column":46}},{"start":{"line":88,"column":50},"end":{"line":88,"column":76}}]},"31":{"line":93,"type":"cond-expr","locations":[{"start":{"line":93,"column":79},"end":{"line":93,"column":91}},{"start":{"line":93,"column":94},"end":{"line":93,"column":96}}]},"32":{"line":93,"type":"binary-expr","locations":[{"start":{"line":93,"column":26},"end":{"line":93,"column":46}},{"start":{"line":93,"column":50},"end":{"line":93,"column":76}}]},"33":{"line":98,"type":"cond-expr","locations":[{"start":{"line":98,"column":79},"end":{"line":98,"column":91}},{"start":{"line":98,"column":94},"end":{"line":98,"column":96}}]},"34":{"line":98,"type":"binary-expr","locations":[{"start":{"line":98,"column":26},"end":{"line":98,"column":46}},{"start":{"line":98,"column":50},"end":{"line":98,"column":76}}]}}}}