TN:
SF:/Users/bdhowe/Documents/git/MetaDatabase/lib/mock/edm.js
FNF:0
FNH:0
DA:3,1
DA:6,1
DA:121,1
LF:3
LH:3
BRF:0
BRH:0
end_of_record
TN:
SF:/Users/bdhowe/Documents/git/MetaDatabase/lib/glassDb/GlassDb.js
FN:7,(anonymous_1)
FN:7,defineProperties
FN:7,(anonymous_3)
FN:35,_interopRequireDefault
FN:37,_classCallCheck
FN:72,(anonymous_6)
FN:73,_class
FN:95,(anonymous_8)
FN:97,(anonymous_9)
FN:104,dispose
FN:105,(anonymous_11)
FN:111,(anonymous_12)
FN:117,getEdmAsync
FN:122,addEdmAsync
FN:125,(anonymous_15)
FN:127,(anonymous_16)
FN:129,(anonymous_17)
FN:130,(anonymous_18)
FN:132,(anonymous_19)
FN:139,deleteEdmAsync
FN:146,(anonymous_21)
FN:152,_buildPanesAsync
FN:153,(anonymous_23)
FN:154,(anonymous_24)
FN:161,_buildPaneAsync
FN:164,(anonymous_26)
FN:192,_openDoorsAsync
FN:198,(anonymous_28)
FN:201,(anonymous_29)
FN:203,(anonymous_30)
FNF:30
FNH:14
FNDA:1,(anonymous_1)
FNDA:1,defineProperties
FNDA:1,(anonymous_3)
FNDA:6,_interopRequireDefault
FNDA:2,_classCallCheck
FNDA:1,(anonymous_6)
FNDA:2,_class
FNDA:2,(anonymous_8)
FNDA:2,(anonymous_9)
FNDA:1,dispose
FNDA:0,(anonymous_11)
FNDA:0,(anonymous_12)
FNDA:0,getEdmAsync
FNDA:1,addEdmAsync
FNDA:0,(anonymous_15)
FNDA:0,(anonymous_16)
FNDA:0,(anonymous_17)
FNDA:0,(anonymous_18)
FNDA:0,(anonymous_19)
FNDA:0,deleteEdmAsync
FNDA:0,(anonymous_21)
FNDA:2,_buildPanesAsync
FNDA:0,(anonymous_23)
FNDA:0,(anonymous_24)
FNDA:0,_buildPaneAsync
FNDA:0,(anonymous_26)
FNDA:2,_openDoorsAsync
FNDA:2,(anonymous_28)
FNDA:0,(anonymous_29)
FNDA:0,(anonymous_30)
DA:3,1
DA:7,7
DA:11,1
DA:13,1
DA:15,1
DA:17,1
DA:19,1
DA:21,1
DA:23,1
DA:25,1
DA:27,1
DA:29,1
DA:31,1
DA:33,1
DA:35,6
DA:37,2
DA:39,1
DA:44,1
DA:46,1
DA:72,1
DA:73,1
DA:74,2
DA:76,2
DA:78,2
DA:80,2
DA:81,2
DA:83,2
DA:84,0
DA:87,2
DA:89,2
DA:90,0
DA:93,2
DA:95,2
DA:96,2
DA:98,2
DA:102,1
DA:105,1
DA:106,0
DA:107,0
DA:111,1
DA:112,0
DA:118,0
DA:123,1
DA:125,1
DA:126,0
DA:128,0
DA:130,0
DA:131,0
DA:133,0
DA:140,0
DA:142,0
DA:143,0
DA:144,0
DA:146,0
DA:147,0
DA:153,2
DA:154,0
DA:155,0
DA:162,0
DA:164,0
DA:166,0
DA:169,0
DA:171,0
DA:177,0
DA:179,0
DA:185,0
DA:186,0
DA:187,0
DA:193,2
DA:195,2
DA:196,0
DA:198,2
DA:199,2
DA:200,2
DA:201,2
DA:202,0
DA:204,0
DA:206,2
DA:211,1
DA:214,1
LF:80
LH:48
BRDA:7,1,0,7
BRDA:7,1,1,7
BRDA:7,2,0,7
BRDA:7,2,1,0
BRDA:7,3,0,1
BRDA:7,3,1,0
BRDA:7,4,0,0
BRDA:7,4,1,1
BRDA:35,5,0,6
BRDA:35,5,1,0
BRDA:35,6,0,6
BRDA:35,6,1,6
BRDA:37,7,0,0
BRDA:37,7,1,2
BRDA:76,8,0,2
BRDA:76,8,1,0
BRDA:76,9,0,2
BRDA:76,9,1,2
BRDA:83,10,0,0
BRDA:83,10,1,2
BRDA:89,11,0,0
BRDA:89,11,1,2
BRDA:106,12,0,0
BRDA:106,12,1,0
BRDA:143,13,0,0
BRDA:143,13,1,0
BRDA:195,14,0,0
BRDA:195,14,1,2
BRF:28
BRH:15
end_of_record
TN:
SF:/Users/bdhowe/Documents/git/MetaDatabase/lib/glassPane/GlassPane.js
FN:7,(anonymous_1)
FN:7,defineProperties
FN:7,(anonymous_3)
FN:19,_interopRequireDefault
FN:21,_classCallCheck
FN:23,(anonymous_6)
FN:24,_class
FN:34,dispose
FNF:8
FNH:5
FNDA:1,(anonymous_1)
FNDA:1,defineProperties
FNDA:1,(anonymous_3)
FNDA:2,_interopRequireDefault
FNDA:0,_classCallCheck
FNDA:1,(anonymous_6)
FNDA:0,_class
FNDA:0,dispose
DA:3,1
DA:7,1
DA:11,1
DA:13,1
DA:15,1
DA:17,1
DA:19,2
DA:21,1
DA:23,1
DA:24,1
DA:25,0
DA:27,0
DA:28,0
DA:29,0
DA:32,1
DA:44,1
DA:47,1
LF:17
LH:13
BRDA:7,1,0,1
BRDA:7,1,1,1
BRDA:7,2,0,1
BRDA:7,2,1,0
BRDA:7,3,0,1
BRDA:7,3,1,0
BRDA:7,4,0,0
BRDA:7,4,1,1
BRDA:19,5,0,2
BRDA:19,5,1,0
BRDA:19,6,0,2
BRDA:19,6,1,2
BRDA:21,7,0,0
BRDA:21,7,1,0
BRF:14
BRH:8
end_of_record
TN:
SF:/Users/bdhowe/Documents/git/MetaDatabase/lib/edm/Edm.js
FN:7,_classCallCheck
FN:9,Edm
FNF:2
FNH:2
FNDA:5,_classCallCheck
FNDA:5,Edm
DA:3,1
DA:7,5
DA:9,1
DA:10,5
DA:12,5
DA:13,5
DA:14,5
DA:15,5
DA:16,5
DA:22,1
LF:10
LH:10
BRDA:7,1,0,0
BRDA:7,1,1,5
BRF:2
BRH:1
end_of_record
TN:
SF:/Users/bdhowe/Documents/git/MetaDatabase/lib/edm/Migrator.js
FN:7,(anonymous_1)
FN:7,defineProperties
FN:7,(anonymous_3)
FN:13,_interopRequireDefault
FN:15,_classCallCheck
FN:19,isEqualTo
FN:27,(anonymous_7)
FN:32,(anonymous_8)
FN:33,Migrator
FN:43,_doesTableHavePrimaryKey
FN:46,(anonymous_11)
FN:52,_getColumn
FN:57,(anonymous_13)
FN:63,_getDecorator
FN:67,(anonymous_15)
FN:73,_getTable
FN:76,(anonymous_17)
FN:82,_hasDecorator
FN:87,_isEmptyString
FN:92,_setColumn
FN:96,(anonymous_21)
FN:104,_setDecorator
FN:105,(anonymous_23)
FN:113,_replaceOneToOneRelationship
FN:116,_replaceOneToManyRelationship
FN:119,_throwIfColumnExist
FN:128,_throwIfColumnDoesNotExist
FN:137,_throwIfTableExist
FN:146,_throwIfTableDoesNotExist
FN:155,addColumnAsync
FN:177,addDecoratorAsync
FN:195,addOneToOnRelationship
FN:201,addOneToManyRelationship
FN:207,addTableAsync
FN:225,removeColumnAsync
FN:242,removeDecoratorAsync
FN:254,(anonymous_37)
FN:264,removeTableAsync
FN:269,(anonymous_39)
FN:279,updateColumnAsync
FN:301,updateDecoratorAsync
FN:321,updateTableAsync
FNF:42
FNH:22
FNDA:1,(anonymous_1)
FNDA:1,defineProperties
FNDA:1,(anonymous_3)
FNDA:1,_interopRequireDefault
FNDA:7,_classCallCheck
FNDA:0,isEqualTo
FNDA:0,(anonymous_7)
FNDA:1,(anonymous_8)
FNDA:7,Migrator
FNDA:3,_doesTableHavePrimaryKey
FNDA:0,(anonymous_11)
FNDA:11,_getColumn
FNDA:8,(anonymous_13)
FNDA:0,_getDecorator
FNDA:0,(anonymous_15)
FNDA:42,_getTable
FNDA:38,(anonymous_17)
FNDA:0,_hasDecorator
FNDA:0,_isEmptyString
FNDA:0,_setColumn
FNDA:0,(anonymous_21)
FNDA:0,_setDecorator
FNDA:0,(anonymous_23)
FNDA:0,_replaceOneToOneRelationship
FNDA:0,_replaceOneToManyRelationship
FNDA:3,_throwIfColumnExist
FNDA:4,_throwIfColumnDoesNotExist
FNDA:4,_throwIfTableExist
FNDA:17,_throwIfTableDoesNotExist
FNDA:3,addColumnAsync
FNDA:0,addDecoratorAsync
FNDA:0,addOneToOnRelationship
FNDA:0,addOneToManyRelationship
FNDA:4,addTableAsync
FNDA:2,removeColumnAsync
FNDA:0,removeDecoratorAsync
FNDA:0,(anonymous_37)
FNDA:2,removeTableAsync
FNDA:2,(anonymous_39)
FNDA:2,updateColumnAsync
FNDA:0,updateDecoratorAsync
FNDA:0,updateTableAsync
DA:3,1
DA:7,25
DA:9,1
DA:11,1
DA:13,1
DA:15,7
DA:17,1
DA:19,1
DA:20,0
DA:21,0
DA:23,0
DA:24,0
DA:27,0
DA:28,0
DA:32,1
DA:33,1
DA:34,7
DA:36,7
DA:37,7
DA:38,7
DA:41,1
DA:44,3
DA:46,3
DA:47,0
DA:53,11
DA:55,11
DA:57,11
DA:58,8
DA:64,0
DA:65,0
DA:67,0
DA:68,0
DA:74,42
DA:76,42
DA:77,38
DA:83,0
DA:88,0
DA:93,0
DA:94,0
DA:96,0
DA:97,0
DA:100,0
DA:105,0
DA:106,0
DA:109,0
DA:120,3
DA:122,3
DA:123,0
DA:129,4
DA:131,4
DA:132,0
DA:138,4
DA:140,4
DA:141,0
DA:147,17
DA:149,17
DA:150,0
DA:156,3
DA:158,3
DA:160,3
DA:161,3
DA:163,3
DA:164,0
DA:167,3
DA:168,0
DA:171,3
DA:173,3
DA:178,0
DA:180,0
DA:181,0
DA:183,0
DA:185,0
DA:186,0
DA:189,0
DA:191,0
DA:196,0
DA:197,0
DA:202,0
DA:203,0
DA:208,4
DA:210,4
DA:211,4
DA:213,4
DA:221,4
DA:226,2
DA:228,2
DA:229,2
DA:231,2
DA:232,2
DA:234,2
DA:235,0
DA:238,2
DA:243,0
DA:245,0
DA:246,0
DA:248,0
DA:250,0
DA:251,0
DA:254,0
DA:255,0
DA:258,0
DA:260,0
DA:265,2
DA:267,2
DA:269,2
DA:270,2
DA:273,2
DA:275,2
DA:280,2
DA:282,2
DA:283,2
DA:284,2
DA:286,2
DA:287,2
DA:289,2
DA:291,2
DA:292,0
DA:295,2
DA:297,2
DA:302,0
DA:304,0
DA:306,0
DA:307,0
DA:309,0
DA:311,0
DA:312,0
DA:315,0
DA:317,0
DA:322,0
DA:324,0
DA:326,0
DA:327,0
DA:330,0
DA:332,0
DA:336,1
DA:339,1
LF:136
LH:70
BRDA:7,1,0,25
BRDA:7,1,1,25
BRDA:7,2,0,25
BRDA:7,2,1,0
BRDA:7,3,0,1
BRDA:7,3,1,0
BRDA:7,4,0,0
BRDA:7,4,1,1
BRDA:13,5,0,1
BRDA:13,5,1,0
BRDA:13,6,0,1
BRDA:13,6,1,1
BRDA:15,7,0,0
BRDA:15,7,1,7
BRDA:23,8,0,0
BRDA:23,8,1,0
BRDA:88,9,0,0
BRDA:88,9,1,0
BRDA:88,9,2,0
BRDA:122,10,0,0
BRDA:122,10,1,3
BRDA:131,11,0,0
BRDA:131,11,1,4
BRDA:140,12,0,0
BRDA:140,12,1,4
BRDA:149,13,0,0
BRDA:149,13,1,17
BRDA:156,14,0,3
BRDA:156,14,1,0
BRDA:156,15,0,3
BRDA:156,15,1,3
BRDA:163,16,0,0
BRDA:163,16,1,3
BRDA:163,17,0,3
BRDA:163,17,1,3
BRDA:167,18,0,0
BRDA:167,18,1,3
BRDA:167,19,0,3
BRDA:167,19,1,0
BRDA:178,20,0,0
BRDA:178,20,1,0
BRDA:178,21,0,0
BRDA:178,21,1,0
BRDA:185,22,0,0
BRDA:185,22,1,0
BRDA:208,23,0,4
BRDA:208,23,1,0
BRDA:208,24,0,4
BRDA:208,24,1,4
BRDA:226,25,0,2
BRDA:226,25,1,0
BRDA:226,26,0,2
BRDA:226,26,1,2
BRDA:234,27,0,0
BRDA:234,27,1,2
BRDA:234,28,0,2
BRDA:234,28,1,2
BRDA:243,29,0,0
BRDA:243,29,1,0
BRDA:243,30,0,0
BRDA:243,30,1,0
BRDA:250,31,0,0
BRDA:250,31,1,0
BRDA:265,32,0,2
BRDA:265,32,1,0
BRDA:265,33,0,2
BRDA:265,33,1,2
BRDA:280,34,0,2
BRDA:280,34,1,0
BRDA:280,35,0,2
BRDA:280,35,1,2
BRDA:291,36,0,0
BRDA:291,36,1,2
BRDA:291,37,0,2
BRDA:291,37,1,2
BRDA:302,38,0,0
BRDA:302,38,1,0
BRDA:302,39,0,0
BRDA:302,39,1,0
BRDA:311,40,0,0
BRDA:311,40,1,0
BRDA:322,41,0,0
BRDA:322,41,1,0
BRDA:322,42,0,0
BRDA:322,42,1,0
BRF:85
BRH:39
end_of_record
TN:
SF:/Users/bdhowe/Documents/git/MetaDatabase/lib/edm/Validator.js
FN:7,(anonymous_1)
FN:7,(anonymous_2)
FN:9,(anonymous_3)
FN:9,defineProperties
FN:9,(anonymous_5)
FN:11,_classCallCheck
FN:25,(anonymous_7)
FN:26,Validator
FN:34,_isEmptyString
FN:39,validate
FN:62,(anonymous_11)
FN:70,validateColumn
FN:101,validateDecorator
FN:108,validateOneToOneRelationship
FN:147,validateOneToManyRelationship
FN:186,validateRelationships
FN:201,(anonymous_17)
FN:204,(anonymous_18)
FN:210,validateTable
FN:220,(anonymous_20)
FN:225,(anonymous_21)
FN:229,(anonymous_22)
FN:239,validateTableDescriptors
FNF:23
FNH:22
FNDA:34,(anonymous_1)
FNDA:0,(anonymous_2)
FNDA:1,(anonymous_3)
FNDA:1,defineProperties
FNDA:1,(anonymous_5)
FNDA:37,_classCallCheck
FNDA:1,(anonymous_7)
FNDA:37,Validator
FNDA:422,_isEmptyString
FNDA:30,validate
FNDA:26,(anonymous_11)
FNDA:76,validateColumn
FNDA:5,validateDecorator
FNDA:7,validateOneToOneRelationship
FNDA:5,validateOneToManyRelationship
FNDA:13,validateRelationships
FNDA:7,(anonymous_17)
FNDA:5,(anonymous_18)
FNDA:26,validateTable
FNDA:5,(anonymous_20)
FNDA:65,(anonymous_21)
FNDA:65,(anonymous_22)
FNDA:35,validateTableDescriptors
DA:3,1
DA:7,34
DA:9,9
DA:11,37
DA:13,1
DA:25,1
DA:26,1
DA:27,37
DA:29,37
DA:32,1
DA:35,422
DA:40,30
DA:42,30
DA:43,3
DA:46,27
DA:47,1
DA:50,26
DA:51,2
DA:54,24
DA:55,1
DA:58,23
DA:59,1
DA:62,22
DA:63,26
DA:66,13
DA:71,76
DA:72,1
DA:75,75
DA:76,1
DA:79,74
DA:80,0
DA:83,74
DA:84,1
DA:87,73
DA:88,16
DA:91,73
DA:92,15
DA:95,73
DA:96,15
DA:102,5
DA:103,0
DA:109,7
DA:110,1
DA:113,6
DA:114,1
DA:117,5
DA:118,0
DA:121,5
DA:122,0
DA:125,5
DA:126,0
DA:129,5
DA:130,0
DA:133,5
DA:134,0
DA:137,5
DA:138,0
DA:141,5
DA:142,0
DA:148,5
DA:149,0
DA:152,5
DA:153,0
DA:156,5
DA:157,0
DA:160,5
DA:161,0
DA:164,5
DA:165,0
DA:168,5
DA:169,0
DA:172,5
DA:173,0
DA:176,5
DA:177,0
DA:180,5
DA:181,0
DA:187,13
DA:189,13
DA:190,0
DA:193,13
DA:194,0
DA:197,13
DA:198,0
DA:201,13
DA:202,7
DA:204,11
DA:205,5
DA:211,26
DA:213,26
DA:215,21
DA:216,1
DA:219,20
DA:220,5
DA:221,5
DA:225,20
DA:226,65
DA:229,20
DA:230,65
DA:233,17
DA:234,0
DA:240,35
DA:241,1
DA:244,34
DA:245,1
DA:248,33
DA:249,1
DA:252,32
DA:253,1
DA:256,31
DA:257,1
DA:262,1
DA:265,1
LF:113
LH:91
BRDA:7,1,0,1
BRDA:7,1,1,0
BRDA:7,2,0,1
BRDA:7,2,1,1
BRDA:7,3,0,0
BRDA:7,3,1,0
BRDA:7,4,0,0
BRDA:7,4,1,0
BRDA:7,4,2,0
BRDA:7,4,3,0
BRDA:9,5,0,9
BRDA:9,5,1,9
BRDA:9,6,0,9
BRDA:9,6,1,0
BRDA:9,7,0,1
BRDA:9,7,1,0
BRDA:9,8,0,0
BRDA:9,8,1,1
BRDA:11,9,0,0
BRDA:11,9,1,37
BRDA:29,10,0,37
BRDA:29,10,1,35
BRDA:35,11,0,422
BRDA:35,11,1,421
BRDA:35,11,2,411
BRDA:42,12,0,3
BRDA:42,12,1,27
BRDA:46,13,0,1
BRDA:46,13,1,26
BRDA:50,14,0,2
BRDA:50,14,1,24
BRDA:54,15,0,1
BRDA:54,15,1,23
BRDA:58,16,0,1
BRDA:58,16,1,22
BRDA:71,17,0,1
BRDA:71,17,1,75
BRDA:75,18,0,1
BRDA:75,18,1,74
BRDA:79,19,0,0
BRDA:79,19,1,74
BRDA:83,20,0,1
BRDA:83,20,1,73
BRDA:83,21,0,74
BRDA:83,21,1,27
BRDA:87,22,0,16
BRDA:87,22,1,57
BRDA:91,23,0,15
BRDA:91,23,1,58
BRDA:95,24,0,15
BRDA:95,24,1,58
BRDA:102,25,0,0
BRDA:102,25,1,5
BRDA:109,26,0,1
BRDA:109,26,1,6
BRDA:113,27,0,1
BRDA:113,27,1,5
BRDA:117,28,0,0
BRDA:117,28,1,5
BRDA:121,29,0,0
BRDA:121,29,1,5
BRDA:125,30,0,0
BRDA:125,30,1,5
BRDA:129,31,0,0
BRDA:129,31,1,5
BRDA:133,32,0,0
BRDA:133,32,1,5
BRDA:137,33,0,0
BRDA:137,33,1,5
BRDA:141,34,0,0
BRDA:141,34,1,5
BRDA:148,35,0,0
BRDA:148,35,1,5
BRDA:152,36,0,0
BRDA:152,36,1,5
BRDA:156,37,0,0
BRDA:156,37,1,5
BRDA:160,38,0,0
BRDA:160,38,1,5
BRDA:164,39,0,0
BRDA:164,39,1,5
BRDA:168,40,0,0
BRDA:168,40,1,5
BRDA:172,41,0,0
BRDA:172,41,1,5
BRDA:176,42,0,0
BRDA:176,42,1,5
BRDA:180,43,0,0
BRDA:180,43,1,5
BRDA:189,44,0,0
BRDA:189,44,1,13
BRDA:193,45,0,0
BRDA:193,45,1,13
BRDA:197,46,0,0
BRDA:197,46,1,13
BRDA:215,47,0,1
BRDA:215,47,1,20
BRDA:219,48,0,5
BRDA:219,48,1,15
BRDA:233,49,0,0
BRDA:233,49,1,17
BRDA:233,50,0,17
BRDA:233,50,1,16
BRDA:240,51,0,1
BRDA:240,51,1,34
BRDA:244,52,0,1
BRDA:244,52,1,33
BRDA:244,53,0,34
BRDA:244,53,1,34
BRDA:244,54,0,0
BRDA:244,54,1,34
BRDA:248,55,0,1
BRDA:248,55,1,32
BRDA:252,56,0,1
BRDA:252,56,1,31
BRDA:256,57,0,1
BRDA:256,57,1,30
BRF:117
BRH:83
end_of_record
TN:
SF:/Users/bdhowe/Documents/git/MetaDatabase/lib/migration/Runner.js
FN:7,(anonymous_1)
FN:7,defineProperties
FN:7,(anonymous_3)
FN:17,_interopRequireDefault
FN:19,_classCallCheck
FN:28,(anonymous_6)
FN:29,Runner
FN:48,_executeCommandAsync
FN:55,(anonymous_9)
FN:63,(anonymous_10)
FN:65,(anonymous_11)
FN:67,(anonymous_12)
FN:70,(anonymous_13)
FN:76,(anonymous_14)
FN:78,(anonymous_15)
FN:81,(anonymous_16)
FN:87,(anonymous_17)
FN:96,_invokeMethodAsyncWithRecovery
FN:110,(anonymous_19)
FN:119,_revertCommandAsync
FN:125,(anonymous_21)
FN:131,(anonymous_22)
FN:137,_validateCommand
FN:160,_validateEdm
FN:165,_validateOptions
FN:171,_validateMigrator
FN:178,migrateAsync
FN:189,_loop
FN:192,(anonymous_29)
FN:202,(anonymous_30)
FN:204,(anonymous_31)
FN:209,(anonymous_32)
FN:215,(anonymous_33)
FNF:33
FNH:26
FNDA:1,(anonymous_1)
FNDA:1,defineProperties
FNDA:1,(anonymous_3)
FNDA:2,_interopRequireDefault
FNDA:7,_classCallCheck
FNDA:1,(anonymous_6)
FNDA:7,Runner
FNDA:10,_executeCommandAsync
FNDA:10,(anonymous_9)
FNDA:0,(anonymous_10)
FNDA:0,(anonymous_11)
FNDA:0,(anonymous_12)
FNDA:0,(anonymous_13)
FNDA:8,(anonymous_14)
FNDA:8,(anonymous_15)
FNDA:2,(anonymous_16)
FNDA:2,(anonymous_17)
FNDA:0,_invokeMethodAsyncWithRecovery
FNDA:0,(anonymous_19)
FNDA:5,_revertCommandAsync
FNDA:5,(anonymous_21)
FNDA:5,(anonymous_22)
FNDA:10,_validateCommand
FNDA:7,_validateEdm
FNDA:7,_validateOptions
FNDA:4,_validateMigrator
FNDA:7,migrateAsync
FNDA:10,_loop
FNDA:2,(anonymous_29)
FNDA:3,(anonymous_30)
FNDA:3,(anonymous_31)
FNDA:0,(anonymous_32)
FNDA:3,(anonymous_33)
DA:3,1
DA:7,8
DA:9,1
DA:11,1
DA:13,1
DA:15,1
DA:17,2
DA:19,7
DA:21,1
DA:28,1
DA:29,1
DA:30,7
DA:32,7
DA:34,7
DA:35,7
DA:36,7
DA:37,7
DA:38,7
DA:40,7
DA:41,7
DA:43,7
DA:46,1
DA:49,10
DA:51,10
DA:52,10
DA:53,10
DA:55,10
DA:57,10
DA:59,10
DA:60,2
DA:63,8
DA:65,0
DA:66,0
DA:69,0
DA:70,0
DA:71,0
DA:77,8
DA:80,8
DA:81,1
DA:82,2
DA:86,8
DA:88,2
DA:89,2
DA:91,2
DA:97,0
DA:98,0
DA:100,0
DA:101,0
DA:103,0
DA:106,0
DA:107,0
DA:110,0
DA:111,0
DA:115,0
DA:120,5
DA:122,5
DA:123,5
DA:125,5
DA:126,5
DA:127,0
DA:130,5
DA:132,5
DA:138,10
DA:139,0
DA:142,10
DA:143,0
DA:146,10
DA:147,0
DA:150,10
DA:151,0
DA:154,10
DA:155,0
DA:161,7
DA:166,7
DA:167,4
DA:172,4
DA:173,0
DA:179,7
DA:181,7
DA:182,2
DA:185,5
DA:186,5
DA:187,5
DA:189,5
DA:190,10
DA:192,10
DA:193,2
DA:194,2
DA:198,5
DA:199,10
DA:202,5
DA:203,3
DA:206,3
DA:207,3
DA:209,3
DA:210,0
DA:211,0
DA:212,0
DA:214,0
DA:216,3
DA:217,3
DA:219,3
DA:225,1
DA:228,1
LF:104
LH:78
BRDA:7,1,0,8
BRDA:7,1,1,8
BRDA:7,2,0,8
BRDA:7,2,1,0
BRDA:7,3,0,1
BRDA:7,3,1,0
BRDA:7,4,0,0
BRDA:7,4,1,1
BRDA:17,5,0,2
BRDA:17,5,1,0
BRDA:17,6,0,2
BRDA:17,6,1,2
BRDA:19,7,0,0
BRDA:19,7,1,7
BRDA:59,8,0,2
BRDA:59,8,1,8
BRDA:69,9,0,0
BRDA:69,9,1,0
BRDA:80,10,0,1
BRDA:80,10,1,7
BRDA:97,11,0,0
BRDA:97,11,1,0
BRDA:97,12,0,0
BRDA:97,12,1,0
BRDA:106,13,0,0
BRDA:106,13,1,0
BRDA:126,14,0,0
BRDA:126,14,1,5
BRDA:138,15,0,0
BRDA:138,15,1,10
BRDA:142,16,0,0
BRDA:142,16,1,10
BRDA:146,17,0,0
BRDA:146,17,1,10
BRDA:150,18,0,0
BRDA:150,18,1,10
BRDA:154,19,0,0
BRDA:154,19,1,10
BRDA:172,20,0,0
BRDA:172,20,1,4
BRDA:181,21,0,2
BRDA:181,21,1,5
BRF:42
BRH:22
end_of_record
TN:
SF:/Users/bdhowe/Documents/git/MetaDatabase/lib/meta/Database.js
FN:7,(anonymous_1)
FN:7,defineProperties
FN:7,(anonymous_3)
FN:25,_interopRequireDefault
FN:27,_classCallCheck
FN:29,(anonymous_6)
FN:30,_class
FN:63,(anonymous_8)
FN:74,getTable
FN:79,getTables
FN:82,(anonymous_11)
FNF:11
FNH:9
FNDA:1,(anonymous_1)
FNDA:1,defineProperties
FNDA:1,(anonymous_3)
FNDA:4,_interopRequireDefault
FNDA:6,_classCallCheck
FNDA:1,(anonymous_6)
FNDA:6,_class
FNDA:3,(anonymous_8)
FNDA:1,getTable
FNDA:0,getTables
FNDA:0,(anonymous_11)
DA:3,1
DA:7,2
DA:9,1
DA:11,1
DA:13,1
DA:15,1
DA:17,1
DA:19,1
DA:21,1
DA:23,1
DA:25,4
DA:27,6
DA:29,1
DA:30,1
DA:31,6
DA:33,6
DA:41,6
DA:43,6
DA:44,0
DA:47,6
DA:48,5
DA:51,1
DA:52,0
DA:55,1
DA:56,1
DA:57,1
DA:58,1
DA:59,1
DA:60,1
DA:61,1
DA:63,1
DA:64,3
DA:72,1
DA:75,1
DA:80,0
DA:82,0
DA:83,0
DA:88,1
DA:91,1
LF:39
LH:34
BRDA:7,1,0,2
BRDA:7,1,1,2
BRDA:7,2,0,2
BRDA:7,2,1,0
BRDA:7,3,0,1
BRDA:7,3,1,0
BRDA:7,4,0,0
BRDA:7,4,1,1
BRDA:25,5,0,2
BRDA:25,5,1,2
BRDA:25,6,0,4
BRDA:25,6,1,4
BRDA:27,7,0,0
BRDA:27,7,1,6
BRDA:33,8,0,6
BRDA:33,8,1,0
BRDA:33,9,0,6
BRDA:33,9,1,6
BRDA:35,10,0,0
BRDA:35,10,1,6
BRDA:37,11,0,5
BRDA:37,11,1,1
BRDA:39,12,0,0
BRDA:39,12,1,6
BRDA:43,13,0,0
BRDA:43,13,1,6
BRDA:47,14,0,5
BRDA:47,14,1,1
BRDA:51,15,0,0
BRDA:51,15,1,1
BRDA:75,16,0,1
BRDA:75,16,1,0
BRF:32
BRH:22
end_of_record
TN:
SF:/Users/bdhowe/Documents/git/MetaDatabase/lib/sqlite/Database.js
FN:7,(anonymous_1)
FN:7,defineProperties
FN:7,(anonymous_3)
FN:21,_interopRequireDefault
FN:23,_classCallCheck
FN:27,(anonymous_6)
FN:28,Database
FN:54,_createTables
FN:62,(anonymous_9)
FN:68,_getTableFromEdm
FN:69,(anonymous_11)
FN:75,_getTableBuildOrder
FN:80,(anonymous_13)
FN:88,_walkRelationships
FN:95,forEachRelationship
FN:100,(anonymous_16)
FN:104,(anonymous_17)
FN:112,createAsync
FN:117,(anonymous_19)
FN:118,(anonymous_20)
FN:126,dropAsync
FN:131,(anonymous_22)
FN:132,(anonymous_23)
FN:140,getTable
FN:145,getTables
FN:148,(anonymous_26)
FNF:26
FNH:19
FNDA:1,(anonymous_1)
FNDA:1,defineProperties
FNDA:1,(anonymous_3)
FNDA:3,_interopRequireDefault
FNDA:3,_classCallCheck
FNDA:1,(anonymous_6)
FNDA:3,Database
FNDA:3,_createTables
FNDA:9,(anonymous_9)
FNDA:0,_getTableFromEdm
FNDA:0,(anonymous_11)
FNDA:2,_getTableBuildOrder
FNDA:6,(anonymous_13)
FNDA:6,_walkRelationships
FNDA:0,forEachRelationship
FNDA:6,(anonymous_16)
FNDA:6,(anonymous_17)
FNDA:1,createAsync
FNDA:3,(anonymous_19)
FNDA:1,(anonymous_20)
FNDA:0,dropAsync
FNDA:0,(anonymous_22)
FNDA:0,(anonymous_23)
FNDA:0,getTable
FNDA:1,getTables
FNDA:3,(anonymous_26)
DA:3,1
DA:7,8
DA:9,1
DA:11,1
DA:13,1
DA:15,1
DA:17,1
DA:19,1
DA:21,3
DA:23,3
DA:25,1
DA:27,1
DA:28,1
DA:29,3
DA:31,3
DA:33,3
DA:34,3
DA:36,3
DA:37,0
DA:39,3
DA:40,0
DA:43,3
DA:44,3
DA:45,3
DA:46,3
DA:48,3
DA:49,3
DA:52,1
DA:55,3
DA:57,3
DA:62,3
DA:63,9
DA:69,0
DA:70,0
DA:76,2
DA:78,2
DA:80,2
DA:81,6
DA:84,2
DA:89,6
DA:91,6
DA:92,0
DA:95,6
DA:96,0
DA:97,0
DA:100,6
DA:101,6
DA:104,6
DA:105,6
DA:108,6
DA:113,1
DA:115,1
DA:117,1
DA:118,3
DA:119,1
DA:120,1
DA:127,0
DA:129,0
DA:131,0
DA:132,0
DA:133,0
DA:134,0
DA:141,0
DA:146,1
DA:148,1
DA:149,3
DA:154,1
DA:157,1
LF:68
LH:54
BRDA:7,1,0,8
BRDA:7,1,1,8
BRDA:7,2,0,8
BRDA:7,2,1,0
BRDA:7,3,0,1
BRDA:7,3,1,0
BRDA:7,4,0,0
BRDA:7,4,1,1
BRDA:21,5,0,3
BRDA:21,5,1,0
BRDA:21,6,0,3
BRDA:21,6,1,3
BRDA:23,7,0,0
BRDA:23,7,1,3
BRDA:29,8,0,3
BRDA:29,8,1,0
BRDA:29,9,0,3
BRDA:29,9,1,3
BRDA:36,10,0,0
BRDA:36,10,1,3
BRDA:39,11,0,0
BRDA:39,11,1,3
BRDA:91,12,0,0
BRDA:91,12,1,6
BRF:24
BRH:15
end_of_record
TN:
SF:/Users/bdhowe/Documents/git/MetaDatabase/lib/sqlite/Table.js
FN:7,(anonymous_1)
FN:7,defineProperties
FN:7,(anonymous_3)
FN:19,_interopRequireDefault
FN:21,_classCallCheck
FN:23,(anonymous_6)
FN:24,Table
FN:60,_clone
FN:65,_getPrimaryKeyName
FN:66,(anonymous_10)
FN:74,_getTable
FN:75,(anonymous_12)
FN:81,addEntityAsync
FN:86,(anonymous_14)
FN:95,asQueryable
FN:103,createAsync
FN:113,dropAsync
FN:120,getQueryProvider
FN:125,removeEntityAsync
FN:128,(anonymous_20)
FN:134,updateEntityAsync
FN:137,(anonymous_22)
FNF:22
FNH:11
FNDA:1,(anonymous_1)
FNDA:1,defineProperties
FNDA:1,(anonymous_3)
FNDA:2,_interopRequireDefault
FNDA:9,_classCallCheck
FNDA:1,(anonymous_6)
FNDA:9,Table
FNDA:0,_clone
FNDA:0,_getPrimaryKeyName
FNDA:0,(anonymous_10)
FNDA:9,_getTable
FNDA:18,(anonymous_12)
FNDA:1,addEntityAsync
FNDA:0,(anonymous_14)
FNDA:0,asQueryable
FNDA:1,createAsync
FNDA:0,dropAsync
FNDA:0,getQueryProvider
FNDA:0,removeEntityAsync
FNDA:0,(anonymous_20)
FNDA:0,updateEntityAsync
FNDA:0,(anonymous_22)
DA:3,1
DA:7,10
DA:9,1
DA:11,1
DA:13,1
DA:15,1
DA:17,1
DA:19,2
DA:21,9
DA:23,1
DA:24,1
DA:25,9
DA:27,9
DA:29,9
DA:30,9
DA:31,9
DA:33,9
DA:34,0
DA:37,9
DA:38,0
DA:41,9
DA:42,0
DA:45,9
DA:47,9
DA:48,0
DA:51,9
DA:52,9
DA:58,1
DA:61,0
DA:66,0
DA:67,0
DA:70,0
DA:75,9
DA:76,18
DA:82,1
DA:84,1
DA:86,1
DA:87,0
DA:89,0
DA:90,0
DA:96,0
DA:97,0
DA:99,0
DA:104,1
DA:105,1
DA:107,1
DA:109,1
DA:114,0
DA:116,0
DA:121,0
DA:126,0
DA:128,0
DA:129,0
DA:135,0
DA:137,0
DA:138,0
DA:143,1
DA:146,1
LF:58
LH:35
BRDA:7,1,0,10
BRDA:7,1,1,10
BRDA:7,2,0,10
BRDA:7,2,1,0
BRDA:7,3,0,1
BRDA:7,3,1,0
BRDA:7,4,0,0
BRDA:7,4,1,1
BRDA:19,5,0,2
BRDA:19,5,1,0
BRDA:19,6,0,2
BRDA:19,6,1,2
BRDA:21,7,0,0
BRDA:21,7,1,9
BRDA:25,8,0,9
BRDA:25,8,1,0
BRDA:25,9,0,9
BRDA:25,9,1,9
BRDA:33,10,0,0
BRDA:33,10,1,9
BRDA:37,11,0,0
BRDA:37,11,1,9
BRDA:41,12,0,0
BRDA:41,12,1,9
BRDA:47,13,0,0
BRDA:47,13,1,9
BRDA:70,14,0,0
BRDA:70,14,1,0
BRDA:70,14,2,0
BRF:29
BRH:16
end_of_record
TN:
SF:/Users/bdhowe/Documents/git/MetaDatabase/lib/sqlite/TableStatementBuilder.js
FN:7,(anonymous_1)
FN:7,defineProperties
FN:7,(anonymous_3)
FN:13,_interopRequireDefault
FN:15,_classCallCheck
FN:22,(anonymous_6)
FN:23,TableStatementBuilder
FN:31,_escapeName
FN:36,createDropTableStatment
FN:41,createInsertStatement
FN:56,(anonymous_11)
FN:88,createUpdateStatement
FN:113,(anonymous_13)
FN:122,(anonymous_14)
FN:136,createDeleteStatement
FN:151,(anonymous_16)
FN:168,createColumnDefinitionStatement
FN:194,createColumnsDefinitionStatement
FN:198,(anonymous_19)
FN:200,(anonymous_20)
FN:208,createIndexStatement
FN:213,createTableIndexesStatements
FN:222,(anonymous_23)
FN:228,(anonymous_24)
FN:230,(anonymous_25)
FN:234,(anonymous_26)
FN:238,(anonymous_27)
FN:240,(anonymous_28)
FN:244,(anonymous_29)
FN:250,createForeignKeysStatement
FN:256,(anonymous_31)
FN:262,createForeignKeyStatement
FN:267,createPrimaryKeyStatement
FN:270,(anonymous_34)
FN:282,createTableStatement
FN:298,filterRelevantColumns
FN:301,(anonymous_37)
FN:307,getTablesRelationshipsAsTargets
FN:310,filter
FN:327,getTablesRelationshipsAsSources
FN:330,filter
FN:347,getColumn
FN:348,(anonymous_43)
FN:354,getDefaultValue
FN:359,getPrimaryKeys
FN:360,(anonymous_46)
FN:362,(anonymous_47)
FN:368,toSqliteValue
FNF:48
FNH:33
FNDA:1,(anonymous_1)
FNDA:1,defineProperties
FNDA:1,(anonymous_3)
FNDA:1,_interopRequireDefault
FNDA:9,_classCallCheck
FNDA:1,(anonymous_6)
FNDA:9,TableStatementBuilder
FNDA:12,_escapeName
FNDA:0,createDropTableStatment
FNDA:1,createInsertStatement
FNDA:6,(anonymous_11)
FNDA:0,createUpdateStatement
FNDA:0,(anonymous_13)
FNDA:0,(anonymous_14)
FNDA:0,createDeleteStatement
FNDA:0,(anonymous_16)
FNDA:6,createColumnDefinitionStatement
FNDA:1,createColumnsDefinitionStatement
FNDA:6,(anonymous_19)
FNDA:6,(anonymous_20)
FNDA:1,createIndexStatement
FNDA:1,createTableIndexesStatements
FNDA:0,(anonymous_23)
FNDA:2,(anonymous_24)
FNDA:0,(anonymous_25)
FNDA:1,(anonymous_26)
FNDA:6,(anonymous_27)
FNDA:0,(anonymous_28)
FNDA:1,(anonymous_29)
FNDA:1,createForeignKeysStatement
FNDA:0,(anonymous_31)
FNDA:0,createForeignKeyStatement
FNDA:0,createPrimaryKeyStatement
FNDA:0,(anonymous_34)
FNDA:1,createTableStatement
FNDA:1,filterRelevantColumns
FNDA:6,(anonymous_37)
FNDA:2,getTablesRelationshipsAsTargets
FNDA:4,filter
FNDA:1,getTablesRelationshipsAsSources
FNDA:2,filter
FNDA:0,getColumn
FNDA:0,(anonymous_43)
FNDA:6,getDefaultValue
FNDA:7,getPrimaryKeys
FNDA:42,(anonymous_46)
FNDA:7,(anonymous_47)
FNDA:1,toSqliteValue
DA:3,1
DA:7,20
DA:9,1
DA:11,1
DA:13,1
DA:15,9
DA:17,1
DA:22,1
DA:23,1
DA:24,9
DA:26,9
DA:29,1
DA:32,12
DA:37,0
DA:42,1
DA:44,1
DA:45,0
DA:48,1
DA:49,0
DA:52,1
DA:53,1
DA:54,1
DA:56,1
DA:57,6
DA:58,6
DA:60,6
DA:61,1
DA:63,1
DA:64,0
DA:66,1
DA:71,1
DA:72,1
DA:74,1
DA:75,0
DA:81,1
DA:89,0
DA:91,0
DA:92,0
DA:93,0
DA:94,0
DA:95,0
DA:97,0
DA:98,0
DA:101,0
DA:102,0
DA:105,0
DA:106,0
DA:109,0
DA:110,0
DA:113,0
DA:114,0
DA:116,0
DA:117,0
DA:118,0
DA:122,0
DA:123,0
DA:124,0
DA:127,0
DA:129,0
DA:137,0
DA:139,0
DA:140,0
DA:143,0
DA:144,0
DA:147,0
DA:148,0
DA:149,0
DA:151,0
DA:153,0
DA:154,0
DA:156,0
DA:157,0
DA:161,0
DA:169,6
DA:170,6
DA:171,6
DA:173,6
DA:174,6
DA:176,6
DA:178,1
DA:179,1
DA:182,1
DA:183,1
DA:187,6
DA:189,0
DA:195,1
DA:197,1
DA:198,1
DA:199,6
DA:201,6
DA:204,1
DA:209,1
DA:214,1
DA:216,1
DA:217,0
DA:220,1
DA:222,1
DA:223,0
DA:226,1
DA:228,1
DA:229,2
DA:231,0
DA:234,1
DA:235,1
DA:238,1
DA:239,6
DA:241,0
DA:244,1
DA:245,1
DA:251,1
DA:253,1
DA:254,1
DA:256,1
DA:257,0
DA:263,0
DA:268,0
DA:270,0
DA:271,0
DA:274,0
DA:275,0
DA:277,0
DA:283,1
DA:285,1
DA:286,1
DA:288,1
DA:289,0
DA:290,1
DA:291,1
DA:293,0
DA:299,1
DA:301,1
DA:302,6
DA:308,2
DA:310,2
DA:311,4
DA:313,4
DA:314,0
DA:315,0
DA:317,4
DA:320,2
DA:321,2
DA:323,2
DA:328,1
DA:330,1
DA:331,2
DA:333,2
DA:334,2
DA:335,2
DA:337,0
DA:340,1
DA:341,1
DA:343,1
DA:348,0
DA:349,0
DA:355,6
DA:360,7
DA:361,42
DA:363,7
DA:369,1
DA:370,1
DA:371,0
DA:372,0
DA:373,0
DA:374,0
DA:375,0
DA:376,0
DA:377,0
DA:378,0
DA:380,0
DA:385,1
DA:388,1
LF:171
LH:99
BRDA:7,1,0,20
BRDA:7,1,1,20
BRDA:7,2,0,20
BRDA:7,2,1,0
BRDA:7,3,0,1
BRDA:7,3,1,0
BRDA:7,4,0,0
BRDA:7,4,1,1
BRDA:13,5,0,1
BRDA:13,5,1,0
BRDA:13,6,0,1
BRDA:13,6,1,1
BRDA:15,7,0,0
BRDA:15,7,1,9
BRDA:44,8,0,0
BRDA:44,8,1,1
BRDA:48,9,0,0
BRDA:48,9,1,1
BRDA:60,10,0,1
BRDA:60,10,1,5
BRDA:60,11,0,6
BRDA:60,11,1,1
BRDA:63,12,0,0
BRDA:63,12,1,1
BRDA:74,13,0,0
BRDA:74,13,1,1
BRDA:97,14,0,0
BRDA:97,14,1,0
BRDA:101,15,0,0
BRDA:101,15,1,0
BRDA:105,16,0,0
BRDA:105,16,1,0
BRDA:109,17,0,0
BRDA:109,17,1,0
BRDA:116,18,0,0
BRDA:116,18,1,0
BRDA:116,19,0,0
BRDA:116,19,1,0
BRDA:139,20,0,0
BRDA:139,20,1,0
BRDA:143,21,0,0
BRDA:143,21,1,0
BRDA:153,22,0,0
BRDA:153,22,1,0
BRDA:173,23,0,6
BRDA:173,23,1,0
BRDA:176,24,0,1
BRDA:176,24,1,5
BRDA:178,25,0,1
BRDA:178,25,1,0
BRDA:182,26,0,1
BRDA:182,26,1,0
BRDA:216,27,0,0
BRDA:216,27,1,1
BRDA:274,28,0,0
BRDA:274,28,1,0
BRDA:288,29,0,0
BRDA:288,29,1,1
BRDA:288,30,0,1
BRDA:288,30,1,1
BRDA:290,31,0,1
BRDA:290,31,1,0
BRDA:313,32,0,0
BRDA:313,32,1,4
BRDA:313,33,0,4
BRDA:313,33,1,0
BRDA:333,34,0,2
BRDA:333,34,1,0
BRDA:333,35,0,2
BRDA:333,35,1,2
BRDA:355,36,0,6
BRDA:355,36,1,4
BRDA:369,37,0,1
BRDA:369,37,1,0
BRDA:371,38,0,0
BRDA:371,38,1,0
BRDA:373,39,0,0
BRDA:373,39,1,0
BRDA:374,40,0,0
BRDA:374,40,1,0
BRDA:375,41,0,0
BRDA:375,41,1,0
BRDA:377,42,0,0
BRDA:377,42,1,0
BRF:84
BRH:35
end_of_record
TN:
SF:/Users/bdhowe/Documents/git/MetaDatabase/lib/sqlite/dataTypeMapping.js
FNF:0
FNH:0
DA:3,1
DA:6,1
LF:2
LH:2
BRF:0
BRH:0
end_of_record
TN:
SF:/Users/bdhowe/Documents/git/MetaDatabase/lib/sqlite/Provider.js
FN:7,(anonymous_1)
FN:7,defineProperties
FN:7,(anonymous_3)
FN:17,_interopRequireDefault
FN:19,_classCallCheck
FN:21,(anonymous_6)
FN:22,Provider
FN:44,toArrayAsync
FN:51,(anonymous_9)
FN:57,toArrayWithCountAsync
FN:61,(anonymous_11)
FN:64,(anonymous_12)
FN:73,countAsync
FN:78,(anonymous_14)
FNF:14
FNH:7
FNDA:1,(anonymous_1)
FNDA:1,defineProperties
FNDA:1,(anonymous_3)
FNDA:2,_interopRequireDefault
FNDA:9,_classCallCheck
FNDA:1,(anonymous_6)
FNDA:9,Provider
FNDA:0,toArrayAsync
FNDA:0,(anonymous_9)
FNDA:0,toArrayWithCountAsync
FNDA:0,(anonymous_11)
FNDA:0,(anonymous_12)
FNDA:0,countAsync
FNDA:0,(anonymous_14)
DA:3,1
DA:7,3
DA:9,1
DA:11,1
DA:13,1
DA:15,1
DA:17,2
DA:19,9
DA:21,1
DA:22,1
DA:23,9
DA:25,9
DA:27,9
DA:28,0
DA:31,9
DA:32,0
DA:35,9
DA:36,9
DA:37,9
DA:39,9
DA:42,1
DA:45,0
DA:47,0
DA:48,0
DA:49,0
DA:51,0
DA:52,0
DA:58,0
DA:60,0
DA:61,0
DA:62,0
DA:63,0
DA:65,0
DA:74,0
DA:75,0
DA:76,0
DA:78,0
DA:79,0
DA:84,1
DA:87,1
LF:40
LH:21
BRDA:7,1,0,3
BRDA:7,1,1,3
BRDA:7,2,0,3
BRDA:7,2,1,0
BRDA:7,3,0,1
BRDA:7,3,1,0
BRDA:7,4,0,0
BRDA:7,4,1,1
BRDA:17,5,0,2
BRDA:17,5,1,0
BRDA:17,6,0,2
BRDA:17,6,1,2
BRDA:19,7,0,0
BRDA:19,7,1,9
BRDA:23,8,0,9
BRDA:23,8,1,0
BRDA:23,9,0,9
BRDA:23,9,1,9
BRDA:27,10,0,0
BRDA:27,10,1,9
BRDA:31,11,0,0
BRDA:31,11,1,9
BRF:22
BRH:14
end_of_record
TN:
SF:/Users/bdhowe/Documents/git/MetaDatabase/lib/sqlite/Visitor.js
FN:7,(anonymous_1)
FN:7,defineProperties
FN:7,(anonymous_3)
FN:11,_classCallCheck
FN:13,_possibleConstructorReturn
FN:15,_inherits
FN:17,(anonymous_7)
FN:20,Visitor
FN:34,convertString
FN:37,convertContainsString
FN:40,convertStartsWithString
FN:43,convertEndsWithString
FN:46,convertNumber
FN:49,convertBoolean
FN:52,convertDate
FN:62,_addJoinClause
FN:70,_escape
FN:75,_escapeIdentifier
FN:80,_buildLeftJoinStatementFromSource
FN:85,_buildLeftJoinStatementFromTarget
FN:90,_getNavigationProperties
FN:99,(anonymous_22)
FN:115,(anonymous_23)
FN:127,_getRelationshipsAsSource
FN:128,filter
FN:139,_getRelationshipsAsTarget
FN:140,filter
FN:151,_getTable
FN:152,(anonymous_29)
FN:158,_sqlizePrimitive
FN:175,_writeTableProperty
FN:180,and
FN:184,(anonymous_33)
FN:201,any
FN:210,ascending
FN:216,array
FN:221,boolean
FN:226,countAsync
FN:231,constant
FN:236,createSelectStatementWithCount
FN:253,createCustomSelectStatement
FN:256,createSelectStatement
FN:284,(anonymous_43)
FN:290,date
FN:295,descending
FN:301,endsWith
FN:307,equalTo
FN:317,expression
FN:322,greaterThan
FN:328,greaterThanOrEqualTo
FN:334,include
FN:339,isIn
FN:342,(anonymous_53)
FN:348,isNotIn
FN:351,(anonymous_55)
FN:357,lessThan
FN:363,lessThanOrEqualTo
FN:369,makeColumnAliases
FN:374,(anonymous_59)
FN:377,(anonymous_60)
FN:388,not
FN:393,notEqualTo
FN:403,_null
FN:408,number
FN:413,or
FN:416,(anonymous_66)
FN:433,orderBy
FN:443,property
FN:449,propertyAccess
FN:473,queryable
FN:481,skip
FN:486,startsWith
FN:495,string
FN:500,substringOf
FN:506,take
FN:515,type
FN:527,where
FNF:77
FNH:5
FNDA:1,(anonymous_1)
FNDA:1,defineProperties
FNDA:1,(anonymous_3)
FNDA:0,_classCallCheck
FNDA:0,_possibleConstructorReturn
FNDA:1,_inherits
FNDA:1,(anonymous_7)
FNDA:0,Visitor
FNDA:0,convertString
FNDA:0,convertContainsString
FNDA:0,convertStartsWithString
FNDA:0,convertEndsWithString
FNDA:0,convertNumber
FNDA:0,convertBoolean
FNDA:0,convertDate
FNDA:0,_addJoinClause
FNDA:0,_escape
FNDA:0,_escapeIdentifier
FNDA:0,_buildLeftJoinStatementFromSource
FNDA:0,_buildLeftJoinStatementFromTarget
FNDA:0,_getNavigationProperties
FNDA:0,(anonymous_22)
FNDA:0,(anonymous_23)
FNDA:0,_getRelationshipsAsSource
FNDA:0,filter
FNDA:0,_getRelationshipsAsTarget
FNDA:0,filter
FNDA:0,_getTable
FNDA:0,(anonymous_29)
FNDA:0,_sqlizePrimitive
FNDA:0,_writeTableProperty
FNDA:0,and
FNDA:0,(anonymous_33)
FNDA:0,any
FNDA:0,ascending
FNDA:0,array
FNDA:0,boolean
FNDA:0,countAsync
FNDA:0,constant
FNDA:0,createSelectStatementWithCount
FNDA:0,createCustomSelectStatement
FNDA:0,createSelectStatement
FNDA:0,(anonymous_43)
FNDA:0,date
FNDA:0,descending
FNDA:0,endsWith
FNDA:0,equalTo
FNDA:0,expression
FNDA:0,greaterThan
FNDA:0,greaterThanOrEqualTo
FNDA:0,include
FNDA:0,isIn
FNDA:0,(anonymous_53)
FNDA:0,isNotIn
FNDA:0,(anonymous_55)
FNDA:0,lessThan
FNDA:0,lessThanOrEqualTo
FNDA:0,makeColumnAliases
FNDA:0,(anonymous_59)
FNDA:0,(anonymous_60)
FNDA:0,not
FNDA:0,notEqualTo
FNDA:0,_null
FNDA:0,number
FNDA:0,or
FNDA:0,(anonymous_66)
FNDA:0,orderBy
FNDA:0,property
FNDA:0,propertyAccess
FNDA:0,queryable
FNDA:0,skip
FNDA:0,startsWith
FNDA:0,string
FNDA:0,substringOf
FNDA:0,take
FNDA:0,type
FNDA:0,where
DA:3,1
DA:7,50
DA:9,1
DA:11,1
DA:13,1
DA:15,1
DA:17,1
DA:18,1
DA:20,1
DA:21,0
DA:23,0
DA:25,0
DA:26,0
DA:27,0
DA:28,0
DA:29,0
DA:30,0
DA:31,0
DA:33,0
DA:35,0
DA:38,0
DA:41,0
DA:44,0
DA:47,0
DA:50,0
DA:53,0
DA:57,0
DA:60,1
DA:63,0
DA:64,0
DA:65,0
DA:71,0
DA:76,0
DA:81,0
DA:86,0
DA:91,0
DA:93,0
DA:94,0
DA:96,0
DA:97,0
DA:99,0
DA:100,0
DA:102,0
DA:103,0
DA:105,0
DA:108,0
DA:115,0
DA:116,0
DA:123,0
DA:128,0
DA:129,0
DA:132,0
DA:133,0
DA:135,0
DA:140,0
DA:141,0
DA:144,0
DA:145,0
DA:147,0
DA:152,0
DA:153,0
DA:159,0
DA:160,0
DA:161,0
DA:162,0
DA:163,0
DA:164,0
DA:165,0
DA:166,0
DA:167,0
DA:168,0
DA:170,0
DA:176,0
DA:181,0
DA:182,0
DA:184,0
DA:185,0
DA:186,0
DA:187,0
DA:191,0
DA:193,0
DA:194,0
DA:197,0
DA:202,0
DA:203,0
DA:204,0
DA:206,0
DA:211,0
DA:212,0
DA:217,0
DA:222,0
DA:227,0
DA:232,0
DA:237,0
DA:238,0
DA:240,0
DA:241,0
DA:243,0
DA:245,0
DA:247,0
DA:249,0
DA:257,0
DA:259,0
DA:260,0
DA:262,0
DA:264,0
DA:265,0
DA:266,0
DA:267,0
DA:269,0
DA:270,0
DA:271,0
DA:273,0
DA:274,0
DA:276,0
DA:277,0
DA:278,0
DA:279,0
DA:282,0
DA:284,0
DA:285,0
DA:291,0
DA:296,0
DA:297,0
DA:302,0
DA:303,0
DA:308,0
DA:309,0
DA:310,0
DA:312,0
DA:318,0
DA:323,0
DA:324,0
DA:329,0
DA:330,0
DA:335,0
DA:340,0
DA:342,0
DA:343,0
DA:349,0
DA:351,0
DA:352,0
DA:358,0
DA:359,0
DA:364,0
DA:365,0
DA:370,0
DA:372,0
DA:374,0
DA:375,0
DA:377,0
DA:378,0
DA:380,0
DA:384,0
DA:389,0
DA:394,0
DA:395,0
DA:396,0
DA:398,0
DA:404,0
DA:409,0
DA:414,0
DA:415,0
DA:416,0
DA:417,0
DA:418,0
DA:419,0
DA:423,0
DA:425,0
DA:426,0
DA:429,0
DA:434,0
DA:435,0
DA:436,0
DA:439,0
DA:444,0
DA:445,0
DA:450,0
DA:451,0
DA:452,0
DA:454,0
DA:456,0
DA:457,0
DA:458,0
DA:460,0
DA:461,0
DA:462,0
DA:465,0
DA:474,0
DA:475,0
DA:477,0
DA:482,0
DA:487,0
DA:488,0
DA:489,0
DA:491,0
DA:496,0
DA:501,0
DA:502,0
DA:507,0
DA:508,0
DA:510,0
DA:516,0
DA:517,0
DA:519,0
DA:528,0
DA:529,0
DA:531,0
DA:535,1
DA:538,1
LF:210
LH:12
BRDA:7,1,0,50
BRDA:7,1,1,50
BRDA:7,2,0,50
BRDA:7,2,1,0
BRDA:7,3,0,1
BRDA:7,3,1,0
BRDA:7,4,0,0
BRDA:7,4,1,1
BRDA:11,5,0,0
BRDA:11,5,1,0
BRDA:13,6,0,0
BRDA:13,6,1,0
BRDA:13,7,0,0
BRDA:13,7,1,0
BRDA:13,8,0,0
BRDA:13,8,1,0
BRDA:13,8,2,0
BRDA:15,9,0,0
BRDA:15,9,1,1
BRDA:15,10,0,1
BRDA:15,10,1,0
BRDA:15,11,0,1
BRDA:15,11,1,1
BRDA:15,12,0,1
BRDA:15,12,1,0
BRDA:15,13,0,1
BRDA:15,13,1,0
BRDA:23,14,0,0
BRDA:23,14,1,0
BRDA:50,15,0,0
BRDA:50,15,1,0
BRDA:64,16,0,0
BRDA:64,16,1,0
BRDA:102,17,0,0
BRDA:102,17,1,0
BRDA:159,18,0,0
BRDA:159,18,1,0
BRDA:161,19,0,0
BRDA:161,19,1,0
BRDA:163,20,0,0
BRDA:163,20,1,0
BRDA:165,21,0,0
BRDA:165,21,1,0
BRDA:167,22,0,0
BRDA:167,22,1,0
BRDA:186,23,0,0
BRDA:186,23,1,0
BRDA:193,24,0,0
BRDA:193,24,1,0
BRDA:238,25,0,0
BRDA:238,25,1,0
BRDA:274,26,0,0
BRDA:274,26,1,0
BRDA:276,27,0,0
BRDA:276,27,1,0
BRDA:276,28,0,0
BRDA:276,28,1,0
BRDA:278,29,0,0
BRDA:278,29,1,0
BRDA:278,30,0,0
BRDA:278,30,1,0
BRDA:285,31,0,0
BRDA:285,31,1,0
BRDA:309,32,0,0
BRDA:309,32,1,0
BRDA:395,33,0,0
BRDA:395,33,1,0
BRDA:418,34,0,0
BRDA:418,34,1,0
BRDA:425,35,0,0
BRDA:425,35,1,0
BRDA:435,36,0,0
BRDA:435,36,1,0
BRDA:450,37,0,0
BRDA:450,37,1,0
BRDA:450,37,2,0
BRDA:451,38,0,0
BRDA:451,38,1,0
BRDA:451,38,2,0
BRDA:456,39,0,0
BRDA:456,39,1,0
BRDA:457,40,0,0
BRDA:457,40,1,0
BRDA:507,41,0,0
BRDA:507,41,1,0
BRDA:528,42,0,0
BRDA:528,42,1,0
BRF:87
BRH:11
end_of_record
TN:
SF:/Users/bdhowe/Documents/git/MetaDatabase/lib/sqlite/EntityBuilder.js
FN:7,(anonymous_1)
FN:7,defineProperties
FN:7,(anonymous_3)
FN:9,_classCallCheck
FN:11,flattenMultiKeyMap
FN:13,(anonymous_6)
FN:18,getValues
FN:19,(anonymous_8)
FN:24,(anonymous_9)
FN:25,EntityBuilder
FN:37,_attachEntityRelationships
FN:45,(anonymous_12)
FN:49,(anonymous_13)
FN:53,(anonymous_14)
FN:59,(anonymous_15)
FN:70,(anonymous_16)
FN:76,(anonymous_17)
FN:82,(anonymous_18)
FN:90,(anonymous_19)
FN:96,(anonymous_20)
FN:109,_convertRow
FN:121,(anonymous_22)
FN:137,_convertValue
FN:166,_createEntity
FN:173,(anonymous_25)
FN:181,_createEntityMap
FN:182,(anonymous_27)
FN:189,_getKeyForEntity
FN:190,(anonymous_29)
FN:196,_getKeyForRow
FN:199,(anonymous_31)
FN:205,_getPrimaryKeys
FN:206,(anonymous_33)
FN:208,(anonymous_34)
FN:214,_getTable
FN:215,(anonymous_36)
FN:221,_getTablesRelationshipsAsTargets
FN:224,filter
FN:241,_getTablesRelationshipsAsSources
FN:244,filter
FN:261,convert
FN:269,(anonymous_42)
FN:273,(anonymous_43)
FNF:43
FNH:8
FNDA:1,(anonymous_1)
FNDA:1,defineProperties
FNDA:1,(anonymous_3)
FNDA:9,_classCallCheck
FNDA:0,flattenMultiKeyMap
FNDA:0,(anonymous_6)
FNDA:0,getValues
FNDA:0,(anonymous_8)
FNDA:1,(anonymous_9)
FNDA:9,EntityBuilder
FNDA:0,_attachEntityRelationships
FNDA:0,(anonymous_12)
FNDA:0,(anonymous_13)
FNDA:0,(anonymous_14)
FNDA:0,(anonymous_15)
FNDA:0,(anonymous_16)
FNDA:0,(anonymous_17)
FNDA:0,(anonymous_18)
FNDA:0,(anonymous_19)
FNDA:0,(anonymous_20)
FNDA:0,_convertRow
FNDA:0,(anonymous_22)
FNDA:0,_convertValue
FNDA:0,_createEntity
FNDA:0,(anonymous_25)
FNDA:0,_createEntityMap
FNDA:0,(anonymous_27)
FNDA:0,_getKeyForEntity
FNDA:0,(anonymous_29)
FNDA:0,_getKeyForRow
FNDA:0,(anonymous_31)
FNDA:0,_getPrimaryKeys
FNDA:0,(anonymous_33)
FNDA:0,(anonymous_34)
FNDA:9,_getTable
FNDA:18,(anonymous_36)
FNDA:0,_getTablesRelationshipsAsTargets
FNDA:0,filter
FNDA:0,_getTablesRelationshipsAsSources
FNDA:0,filter
FNDA:0,convert
FNDA:0,(anonymous_42)
FNDA:0,(anonymous_43)
DA:3,1
DA:7,12
DA:9,9
DA:11,1
DA:12,0
DA:13,0
DA:14,0
DA:18,1
DA:19,0
DA:20,0
DA:24,1
DA:25,1
DA:26,9
DA:28,9
DA:29,9
DA:30,9
DA:31,9
DA:32,9
DA:35,1
DA:38,0
DA:40,0
DA:42,0
DA:43,0
DA:45,0
DA:46,0
DA:49,0
DA:50,0
DA:53,0
DA:54,0
DA:55,0
DA:56,0
DA:57,0
DA:59,0
DA:60,0
DA:63,0
DA:64,0
DA:66,0
DA:70,0
DA:71,0
DA:72,0
DA:73,0
DA:74,0
DA:76,0
DA:77,0
DA:80,0
DA:82,0
DA:83,0
DA:84,0
DA:85,0
DA:90,0
DA:91,0
DA:92,0
DA:93,0
DA:94,0
DA:96,0
DA:97,0
DA:100,0
DA:101,0
DA:103,0
DA:110,0
DA:112,0
DA:113,0
DA:114,0
DA:115,0
DA:117,0
DA:118,0
DA:121,0
DA:122,0
DA:123,0
DA:124,0
DA:126,0
DA:128,0
DA:129,0
DA:133,0
DA:138,0
DA:139,0
DA:142,0
DA:143,0
DA:144,0
DA:145,0
DA:146,0
DA:147,0
DA:148,0
DA:149,0
DA:150,0
DA:151,0
DA:152,0
DA:153,0
DA:154,0
DA:155,0
DA:156,0
DA:157,0
DA:158,0
DA:159,0
DA:161,0
DA:167,0
DA:169,0
DA:170,0
DA:171,0
DA:173,0
DA:174,0
DA:177,0
DA:182,0
DA:183,0
DA:184,0
DA:190,0
DA:191,0
DA:197,0
DA:199,0
DA:200,0
DA:206,0
DA:207,0
DA:209,0
DA:215,9
DA:216,18
DA:222,0
DA:224,0
DA:225,0
DA:227,0
DA:228,0
DA:229,0
DA:231,0
DA:234,0
DA:235,0
DA:237,0
DA:242,0
DA:244,0
DA:245,0
DA:247,0
DA:248,0
DA:249,0
DA:251,0
DA:254,0
DA:255,0
DA:257,0
DA:262,0
DA:264,0
DA:266,0
DA:267,0
DA:269,0
DA:270,0
DA:273,0
DA:274,0
DA:275,0
DA:276,0
DA:278,0
DA:281,0
DA:283,0
DA:288,1
DA:291,1
LF:150
LH:18
BRDA:7,1,0,12
BRDA:7,1,1,12
BRDA:7,2,0,12
BRDA:7,2,1,0
BRDA:7,3,0,1
BRDA:7,3,1,0
BRDA:7,4,0,0
BRDA:7,4,1,1
BRDA:9,5,0,0
BRDA:9,5,1,9
BRDA:63,6,0,0
BRDA:63,6,1,0
BRDA:63,7,0,0
BRDA:63,7,1,0
BRDA:83,8,0,0
BRDA:83,8,1,0
BRDA:100,9,0,0
BRDA:100,9,1,0
BRDA:100,10,0,0
BRDA:100,10,1,0
BRDA:117,11,0,0
BRDA:117,11,1,0
BRDA:128,12,0,0
BRDA:128,12,1,0
BRDA:138,13,0,0
BRDA:138,13,1,0
BRDA:142,14,0,0
BRDA:142,14,1,0
BRDA:144,15,0,0
BRDA:144,15,1,0
BRDA:146,16,0,0
BRDA:146,16,1,0
BRDA:147,17,0,0
BRDA:147,17,1,0
BRDA:148,18,0,0
BRDA:148,18,1,0
BRDA:150,19,0,0
BRDA:150,19,1,0
BRDA:152,20,0,0
BRDA:152,20,1,0
BRDA:154,21,0,0
BRDA:154,21,1,0
BRDA:156,22,0,0
BRDA:156,22,1,0
BRDA:158,23,0,0
BRDA:158,23,1,0
BRDA:227,24,0,0
BRDA:227,24,1,0
BRDA:227,25,0,0
BRDA:227,25,1,0
BRDA:247,26,0,0
BRDA:247,26,1,0
BRDA:247,27,0,0
BRDA:247,27,1,0
BRDA:266,28,0,0
BRDA:266,28,1,0
BRF:56
BRH:6
end_of_record
TN:
SF:/Users/bdhowe/Documents/git/MetaDatabase/lib/meta/Table.js
FN:7,(anonymous_1)
FN:7,defineProperties
FN:7,(anonymous_3)
FN:19,_interopRequireDefault
FN:21,_classCallCheck
FN:30,(anonymous_6)
FN:31,Table
FN:58,(anonymous_8)
FN:61,(anonymous_9)
FN:70,_approveEntityToBeRemovedAsync
FN:71,(anonymous_11)
FN:77,_assertUser
FN:84,_entityAddedAsync
FN:85,(anonymous_14)
FN:91,_entityRemovedAsync
FN:92,(anonymous_16)
FN:98,_entityUpdatedAsync
FN:101,(anonymous_18)
FN:102,(anonymous_19)
FN:110,_getEdmTable
FN:111,(anonymous_21)
FN:117,_getPrimaryKeyColumn
FN:118,(anonymous_23)
FN:124,_getPrimaryKeyName
FN:129,_getFilePathById
FN:134,_invokeMethodAsync
FN:151,_invokeMethodWithRecoveryAsync
FN:164,(anonymous_28)
FN:171,_invokeMethodOnDecoratorsAsync
FN:174,(anonymous_30)
FN:175,(anonymous_31)
FN:187,_invokeMethodWithRecoveryOnDecoratorsAsync
FN:192,(anonymous_33)
FN:193,(anonymous_34)
FN:204,_prepareEntityToBeAddedAsync
FN:209,_prepareEntityToBeUpdatedAsync
FN:212,(anonymous_37)
FN:213,(anonymous_38)
FN:216,(anonymous_39)
FN:223,_validateEntityToBeAddedAsync
FN:226,(anonymous_41)
FN:232,_validateEntityToBeUpdatedAsync
FN:237,(anonymous_43)
FN:238,(anonymous_44)
FN:242,(anonymous_45)
FN:248,addEntityAsync
FN:253,(anonymous_47)
FN:255,(anonymous_48)
FN:257,(anonymous_49)
FN:263,asQueryable
FN:275,getFileSizeByIdAsync
FN:278,(anonymous_52)
FN:284,getFileReadStreamByIdAsync
FN:287,(anonymous_54)
FN:293,getFileWriteStreamByIdAsync
FN:297,(anonymous_56)
FN:299,(anonymous_57)
FN:300,(anonymous_58)
FN:308,getEntityByIdAsync
FN:310,(anonymous_60)
FN:312,(anonymous_61)
FN:322,getQueryProvider
FN:329,removeEntityAsync
FN:335,(anonymous_64)
FN:338,(anonymous_65)
FN:341,(anonymous_66)
FN:343,(anonymous_67)
FN:349,removeFileByIdAsync
FN:354,(anonymous_69)
FN:356,(anonymous_70)
FN:362,updateEntityAsync
FN:370,(anonymous_72)
FN:372,(anonymous_73)
FN:373,(anonymous_74)
FN:377,(anonymous_75)
FN:379,(anonymous_76)
FNF:76
FNH:22
FNDA:1,(anonymous_1)
FNDA:1,defineProperties
FNDA:1,(anonymous_3)
FNDA:2,_interopRequireDefault
FNDA:3,_classCallCheck
FNDA:1,(anonymous_6)
FNDA:3,Table
FNDA:3,(anonymous_8)
FNDA:1,(anonymous_9)
FNDA:0,_approveEntityToBeRemovedAsync
FNDA:0,(anonymous_11)
FNDA:1,_assertUser
FNDA:0,_entityAddedAsync
FNDA:0,(anonymous_14)
FNDA:0,_entityRemovedAsync
FNDA:0,(anonymous_16)
FNDA:0,_entityUpdatedAsync
FNDA:0,(anonymous_18)
FNDA:0,(anonymous_19)
FNDA:3,_getEdmTable
FNDA:6,(anonymous_21)
FNDA:0,_getPrimaryKeyColumn
FNDA:0,(anonymous_23)
FNDA:0,_getPrimaryKeyName
FNDA:0,_getFilePathById
FNDA:2,_invokeMethodAsync
FNDA:0,_invokeMethodWithRecoveryAsync
FNDA:0,(anonymous_28)
FNDA:2,_invokeMethodOnDecoratorsAsync
FNDA:2,(anonymous_30)
FNDA:2,(anonymous_31)
FNDA:0,_invokeMethodWithRecoveryOnDecoratorsAsync
FNDA:0,(anonymous_33)
FNDA:0,(anonymous_34)
FNDA:1,_prepareEntityToBeAddedAsync
FNDA:0,_prepareEntityToBeUpdatedAsync
FNDA:0,(anonymous_37)
FNDA:0,(anonymous_38)
FNDA:0,(anonymous_39)
FNDA:1,_validateEntityToBeAddedAsync
FNDA:1,(anonymous_41)
FNDA:0,_validateEntityToBeUpdatedAsync
FNDA:0,(anonymous_43)
FNDA:0,(anonymous_44)
FNDA:0,(anonymous_45)
FNDA:1,addEntityAsync
FNDA:1,(anonymous_47)
FNDA:1,(anonymous_48)
FNDA:0,(anonymous_49)
FNDA:0,asQueryable
FNDA:0,getFileSizeByIdAsync
FNDA:0,(anonymous_52)
FNDA:0,getFileReadStreamByIdAsync
FNDA:0,(anonymous_54)
FNDA:0,getFileWriteStreamByIdAsync
FNDA:0,(anonymous_56)
FNDA:0,(anonymous_57)
FNDA:0,(anonymous_58)
FNDA:0,getEntityByIdAsync
FNDA:0,(anonymous_60)
FNDA:0,(anonymous_61)
FNDA:0,getQueryProvider
FNDA:0,removeEntityAsync
FNDA:0,(anonymous_64)
FNDA:0,(anonymous_65)
FNDA:0,(anonymous_66)
FNDA:0,(anonymous_67)
FNDA:0,removeFileByIdAsync
FNDA:0,(anonymous_69)
FNDA:0,(anonymous_70)
FNDA:0,updateEntityAsync
FNDA:0,(anonymous_72)
FNDA:0,(anonymous_73)
FNDA:0,(anonymous_74)
FNDA:0,(anonymous_75)
FNDA:0,(anonymous_76)
DA:3,1
DA:7,27
DA:9,1
DA:11,1
DA:13,1
DA:15,1
DA:17,1
DA:19,2
DA:21,3
DA:23,1
DA:30,1
DA:31,1
DA:32,3
DA:34,3
DA:42,3
DA:44,3
DA:45,0
DA:48,3
DA:49,0
DA:52,3
DA:53,3
DA:54,3
DA:55,3
DA:56,3
DA:57,3
DA:58,3
DA:59,3
DA:61,3
DA:62,1
DA:63,1
DA:68,1
DA:71,0
DA:72,0
DA:78,1
DA:79,0
DA:85,0
DA:86,0
DA:92,0
DA:93,0
DA:99,0
DA:101,0
DA:102,0
DA:103,0
DA:104,0
DA:111,3
DA:112,6
DA:118,0
DA:119,0
DA:125,0
DA:130,0
DA:135,2
DA:137,2
DA:138,2
DA:140,2
DA:141,1
DA:144,2
DA:147,0
DA:152,0
DA:154,0
DA:156,0
DA:157,0
DA:159,0
DA:160,0
DA:164,0
DA:166,0
DA:172,2
DA:174,2
DA:175,2
DA:176,2
DA:178,2
DA:179,2
DA:181,2
DA:188,0
DA:190,0
DA:192,0
DA:193,0
DA:194,0
DA:195,0
DA:196,0
DA:198,0
DA:205,1
DA:210,0
DA:212,0
DA:213,0
DA:214,0
DA:215,0
DA:217,0
DA:224,1
DA:226,1
DA:227,1
DA:233,0
DA:235,0
DA:237,0
DA:238,0
DA:239,0
DA:240,0
DA:243,0
DA:249,1
DA:251,1
DA:253,1
DA:254,1
DA:256,1
DA:258,0
DA:264,0
DA:266,0
DA:267,0
DA:269,0
DA:271,0
DA:276,0
DA:278,0
DA:279,0
DA:285,0
DA:287,0
DA:288,0
DA:294,0
DA:296,0
DA:297,0
DA:298,0
DA:300,0
DA:301,0
DA:303,0
DA:309,0
DA:310,0
DA:311,0
DA:313,0
DA:314,0
DA:317,0
DA:323,0
DA:325,0
DA:330,0
DA:332,0
DA:334,0
DA:335,0
DA:336,0
DA:338,0
DA:339,0
DA:342,0
DA:344,0
DA:350,0
DA:352,0
DA:354,0
DA:355,0
DA:357,0
DA:363,0
DA:365,0
DA:367,0
DA:368,0
DA:370,0
DA:371,0
DA:373,0
DA:374,0
DA:375,0
DA:378,0
DA:380,0
DA:385,1
DA:388,1
LF:156
LH:56
BRDA:7,1,0,27
BRDA:7,1,1,27
BRDA:7,2,0,27
BRDA:7,2,1,0
BRDA:7,3,0,1
BRDA:7,3,1,0
BRDA:7,4,0,0
BRDA:7,4,1,1
BRDA:19,5,0,2
BRDA:19,5,1,0
BRDA:19,6,0,2
BRDA:19,6,1,2
BRDA:21,7,0,0
BRDA:21,7,1,3
BRDA:34,8,0,3
BRDA:34,8,1,0
BRDA:34,9,0,3
BRDA:34,9,1,3
BRDA:36,10,0,0
BRDA:36,10,1,3
BRDA:38,11,0,0
BRDA:38,11,1,3
BRDA:40,12,0,0
BRDA:40,12,1,3
BRDA:44,13,0,0
BRDA:44,13,1,3
BRDA:48,14,0,0
BRDA:48,14,1,3
BRDA:59,15,0,3
BRDA:59,15,1,2
BRDA:78,16,0,0
BRDA:78,16,1,1
BRDA:135,17,0,2
BRDA:135,17,1,0
BRDA:135,18,0,2
BRDA:135,18,1,2
BRDA:137,19,0,2
BRDA:137,19,1,0
BRDA:137,20,0,2
BRDA:137,20,1,2
BRDA:140,21,0,1
BRDA:140,21,1,1
BRDA:152,22,0,0
BRDA:152,22,1,0
BRDA:152,23,0,0
BRDA:152,23,1,0
BRDA:156,24,0,0
BRDA:156,24,1,0
BRDA:156,25,0,0
BRDA:156,25,1,0
BRDA:159,26,0,0
BRDA:159,26,1,0
BRDA:190,27,0,0
BRDA:190,27,1,0
BRDA:190,28,0,0
BRDA:190,28,1,0
BRDA:313,29,0,0
BRDA:313,29,1,0
BRF:58
BRH:28
end_of_record
TN:
SF:/Users/bdhowe/Documents/git/MetaDatabase/lib/meta/Provider.js
FN:7,(anonymous_1)
FN:7,defineProperties
FN:7,(anonymous_3)
FN:11,_classCallCheck
FN:13,(anonymous_5)
FN:14,Provider
FN:25,_invokeMethodAsync
FN:42,_refineQueryableAsync
FN:48,(anonymous_9)
FN:49,(anonymous_10)
FN:64,(anonymous_11)
FN:74,toArrayAsync
FN:79,(anonymous_13)
FN:85,toArrayWithCountAsync
FN:90,(anonymous_15)
FN:96,countAsync
FN:101,(anonymous_17)
FNF:17
FNH:4
FNDA:1,(anonymous_1)
FNDA:1,defineProperties
FNDA:1,(anonymous_3)
FNDA:0,_classCallCheck
FNDA:1,(anonymous_5)
FNDA:0,Provider
FNDA:0,_invokeMethodAsync
FNDA:0,_refineQueryableAsync
FNDA:0,(anonymous_9)
FNDA:0,(anonymous_10)
FNDA:0,(anonymous_11)
FNDA:0,toArrayAsync
FNDA:0,(anonymous_13)
FNDA:0,toArrayWithCountAsync
FNDA:0,(anonymous_15)
FNDA:0,countAsync
FNDA:0,(anonymous_17)
DA:3,1
DA:7,5
DA:9,1
DA:11,1
DA:13,1
DA:14,1
DA:15,0
DA:17,0
DA:18,0
DA:19,0
DA:20,0
DA:23,1
DA:26,0
DA:28,0
DA:29,0
DA:31,0
DA:32,0
DA:35,0
DA:38,0
DA:43,0
DA:45,0
DA:46,0
DA:48,0
DA:49,0
DA:50,0
DA:52,0
DA:53,0
DA:55,0
DA:56,0
DA:59,0
DA:60,0
DA:63,0
DA:65,0
DA:66,0
DA:68,0
DA:75,0
DA:77,0
DA:79,0
DA:80,0
DA:86,0
DA:88,0
DA:90,0
DA:91,0
DA:97,0
DA:99,0
DA:101,0
DA:102,0
DA:107,1
DA:110,1
LF:49
LH:9
BRDA:7,1,0,5
BRDA:7,1,1,5
BRDA:7,2,0,5
BRDA:7,2,1,0
BRDA:7,3,0,1
BRDA:7,3,1,0
BRDA:7,4,0,0
BRDA:7,4,1,1
BRDA:11,5,0,0
BRDA:11,5,1,0
BRDA:26,6,0,0
BRDA:26,6,1,0
BRDA:26,7,0,0
BRDA:26,7,1,0
BRDA:28,8,0,0
BRDA:28,8,1,0
BRDA:28,9,0,0
BRDA:28,9,1,0
BRDA:31,10,0,0
BRDA:31,10,1,0
BRDA:55,11,0,0
BRDA:55,11,1,0
BRDA:59,12,0,0
BRDA:59,12,1,0
BRDA:65,13,0,0
BRDA:65,13,1,0
BRF:26
BRH:5
end_of_record
TN:
SF:/Users/bdhowe/Documents/git/MetaDatabase/lib/user/User.js
FN:7,_classCallCheck
FN:9,User
FNF:2
FNH:2
FNDA:2,_classCallCheck
FNDA:2,User
DA:3,1
DA:7,2
DA:9,1
DA:10,2
DA:12,2
DA:13,2
DA:14,2
DA:15,2
DA:16,2
DA:19,1
LF:10
LH:10
BRDA:7,1,0,0
BRDA:7,1,1,2
BRF:2
BRH:1
end_of_record
TN:
SF:/Users/bdhowe/Documents/git/MetaDatabase/lib/dbDriver/MsSqlDriver.js
FN:7,(anonymous_1)
FN:7,defineProperties
FN:7,(anonymous_3)
FN:26,_interopRequireDefault
FN:28,_classCallCheck
FN:30,generateEdmCreateSql
FN:34,generateGetEdmsQuery
FN:38,(anonymous_8)
FN:39,_class
FN:68,(anonymous_10)
FN:80,(anonymous_11)
FN:88,getEdmDbAsync
FN:91,(anonymous_13)
FN:97,getDataDbAsync
FN:100,(anonymous_15)
FN:106,getEdmListAsync
FN:109,(anonymous_17)
FN:111,(anonymous_18)
FN:117,getEdmAsync
FN:120,(anonymous_20)
FN:121,(anonymous_21)
FN:128,addEdmAsync
FN:134,(anonymous_23)
FN:138,(anonymous_24)
FN:146,deleteEdmAsync
FN:149,(anonymous_26)
FN:156,getDatabaseForEdmAsync
FN:159,(anonymous_28)
FN:169,getMigrator
FN:174,dispose
FN:175,(anonymous_31)
FN:178,(anonymous_32)
FN:184,_checkEdmDbExistsAsync
FN:187,(anonymous_34)
FN:189,(anonymous_35)
FN:195,(anonymous_36)
FN:202,_verifyEdmTableAsync
FN:205,(anonymous_38)
FN:206,(anonymous_39)
FN:211,(anonymous_40)
FNF:40
FNH:5
FNDA:1,(anonymous_1)
FNDA:1,defineProperties
FNDA:1,(anonymous_3)
FNDA:4,_interopRequireDefault
FNDA:0,_classCallCheck
FNDA:0,generateEdmCreateSql
FNDA:0,generateGetEdmsQuery
FNDA:1,(anonymous_8)
FNDA:0,_class
FNDA:0,(anonymous_10)
FNDA:0,(anonymous_11)
FNDA:0,getEdmDbAsync
FNDA:0,(anonymous_13)
FNDA:0,getDataDbAsync
FNDA:0,(anonymous_15)
FNDA:0,getEdmListAsync
FNDA:0,(anonymous_17)
FNDA:0,(anonymous_18)
FNDA:0,getEdmAsync
FNDA:0,(anonymous_20)
FNDA:0,(anonymous_21)
FNDA:0,addEdmAsync
FNDA:0,(anonymous_23)
FNDA:0,(anonymous_24)
FNDA:0,deleteEdmAsync
FNDA:0,(anonymous_26)
FNDA:0,getDatabaseForEdmAsync
FNDA:0,(anonymous_28)
FNDA:0,getMigrator
FNDA:0,dispose
FNDA:0,(anonymous_31)
FNDA:0,(anonymous_32)
FNDA:0,_checkEdmDbExistsAsync
FNDA:0,(anonymous_34)
FNDA:0,(anonymous_35)
FNDA:0,(anonymous_36)
FNDA:0,_verifyEdmTableAsync
FNDA:0,(anonymous_38)
FNDA:0,(anonymous_39)
FNDA:0,(anonymous_40)
DA:3,1
DA:7,11
DA:10,1
DA:12,1
DA:14,1
DA:16,1
DA:18,1
DA:20,1
DA:22,1
DA:24,1
DA:26,4
DA:28,1
DA:30,1
DA:31,0
DA:34,1
DA:35,0
DA:38,1
DA:39,1
DA:40,0
DA:42,0
DA:44,0
DA:45,0
DA:47,0
DA:48,0
DA:50,0
DA:51,0
DA:54,0
DA:55,0
DA:56,0
DA:57,0
DA:58,0
DA:60,0
DA:62,0
DA:68,0
DA:69,0
DA:71,0
DA:73,0
DA:80,0
DA:81,0
DA:83,0
DA:86,1
DA:89,0
DA:91,0
DA:92,0
DA:98,0
DA:100,0
DA:101,0
DA:107,0
DA:109,0
DA:110,0
DA:112,0
DA:118,0
DA:120,0
DA:121,0
DA:122,0
DA:129,0
DA:131,0
DA:132,0
DA:133,0
DA:134,0
DA:135,0
DA:136,0
DA:138,0
DA:139,0
DA:147,0
DA:149,0
DA:150,0
DA:151,0
DA:157,0
DA:159,0
DA:160,0
DA:170,0
DA:175,0
DA:176,0
DA:178,0
DA:179,0
DA:185,0
DA:187,0
DA:188,0
DA:189,0
DA:190,0
DA:191,0
DA:193,0
DA:196,0
DA:203,0
DA:205,0
DA:206,0
DA:207,0
DA:208,0
DA:210,0
DA:211,0
DA:212,0
DA:220,1
DA:223,1
LF:94
LH:19
BRDA:7,1,0,11
BRDA:7,1,1,11
BRDA:7,2,0,11
BRDA:7,2,1,0
BRDA:7,3,0,1
BRDA:7,3,1,0
BRDA:7,4,0,0
BRDA:7,4,1,1
BRDA:26,5,0,3
BRDA:26,5,1,1
BRDA:26,6,0,4
BRDA:26,6,1,4
BRDA:28,7,0,0
BRDA:28,7,1,0
BRDA:40,8,0,0
BRDA:40,8,1,0
BRDA:40,9,0,0
BRDA:40,9,1,0
BRDA:44,10,0,0
BRDA:44,10,1,0
BRDA:47,11,0,0
BRDA:47,11,1,0
BRDA:50,12,0,0
BRDA:50,12,1,0
BRDA:54,13,0,0
BRDA:54,13,1,0
BRDA:55,14,0,0
BRDA:55,14,1,0
BRDA:56,15,0,0
BRDA:56,15,1,0
BRDA:57,16,0,0
BRDA:57,16,1,0
BRDA:58,17,0,0
BRDA:58,17,1,0
BRDA:135,18,0,0
BRDA:135,18,1,0
BRDA:190,19,0,0
BRDA:190,19,1,0
BRDA:207,20,0,0
BRDA:207,20,1,0
BRF:40
BRH:9
end_of_record
TN:
SF:/Users/bdhowe/Documents/git/MetaDatabase/lib/mssql/Database.js
FN:7,(anonymous_1)
FN:7,defineProperties
FN:7,(anonymous_3)
FN:21,_interopRequireDefault
FN:23,_classCallCheck
FN:27,(anonymous_6)
FN:28,Database
FN:56,_createTables
FN:65,(anonymous_9)
FN:71,_getTableFromEdm
FN:72,(anonymous_11)
FN:78,_getTableBuildOrder
FN:83,(anonymous_13)
FN:91,_walkRelationships
FN:98,forEachRelationship
FN:103,(anonymous_16)
FN:107,(anonymous_17)
FN:115,createAsync
FN:120,(anonymous_19)
FN:121,(anonymous_20)
FN:129,dropAsync
FN:134,(anonymous_22)
FN:135,(anonymous_23)
FN:143,getTable
FN:148,getTables
FN:151,(anonymous_26)
FNF:26
FNH:10
FNDA:1,(anonymous_1)
FNDA:1,defineProperties
FNDA:1,(anonymous_3)
FNDA:3,_interopRequireDefault
FNDA:2,_classCallCheck
FNDA:1,(anonymous_6)
FNDA:2,Database
FNDA:2,_createTables
FNDA:6,(anonymous_9)
FNDA:0,_getTableFromEdm
FNDA:0,(anonymous_11)
FNDA:0,_getTableBuildOrder
FNDA:0,(anonymous_13)
FNDA:0,_walkRelationships
FNDA:0,forEachRelationship
FNDA:0,(anonymous_16)
FNDA:0,(anonymous_17)
FNDA:0,createAsync
FNDA:0,(anonymous_19)
FNDA:0,(anonymous_20)
FNDA:0,dropAsync
FNDA:0,(anonymous_22)
FNDA:0,(anonymous_23)
FNDA:1,getTable
FNDA:0,getTables
FNDA:0,(anonymous_26)
DA:3,1
DA:7,8
DA:9,1
DA:11,1
DA:13,1
DA:15,1
DA:17,1
DA:19,1
DA:21,3
DA:23,2
DA:25,1
DA:27,1
DA:28,1
DA:29,2
DA:31,2
DA:33,2
DA:34,2
DA:35,2
DA:37,2
DA:38,0
DA:40,2
DA:41,0
DA:44,2
DA:45,2
DA:46,2
DA:47,2
DA:48,2
DA:50,2
DA:51,2
DA:54,1
DA:57,2
DA:59,2
DA:65,2
DA:66,6
DA:72,0
DA:73,0
DA:79,0
DA:81,0
DA:83,0
DA:84,0
DA:87,0
DA:92,0
DA:94,0
DA:95,0
DA:98,0
DA:99,0
DA:100,0
DA:103,0
DA:104,0
DA:107,0
DA:108,0
DA:111,0
DA:116,0
DA:118,0
DA:120,0
DA:121,0
DA:122,0
DA:123,0
DA:130,0
DA:132,0
DA:134,0
DA:135,0
DA:136,0
DA:137,0
DA:144,1
DA:149,0
DA:151,0
DA:152,0
DA:157,1
DA:160,1
LF:70
LH:35
BRDA:7,1,0,8
BRDA:7,1,1,8
BRDA:7,2,0,8
BRDA:7,2,1,0
BRDA:7,3,0,1
BRDA:7,3,1,0
BRDA:7,4,0,0
BRDA:7,4,1,1
BRDA:21,5,0,3
BRDA:21,5,1,0
BRDA:21,6,0,3
BRDA:21,6,1,3
BRDA:23,7,0,0
BRDA:23,7,1,2
BRDA:29,8,0,2
BRDA:29,8,1,0
BRDA:29,9,0,2
BRDA:29,9,1,2
BRDA:37,10,0,0
BRDA:37,10,1,2
BRDA:40,11,0,0
BRDA:40,11,1,2
BRDA:94,12,0,0
BRDA:94,12,1,0
BRF:24
BRH:14
end_of_record
TN:
SF:/Users/bdhowe/Documents/git/MetaDatabase/lib/mssql/Table.js
FN:7,(anonymous_1)
FN:7,defineProperties
FN:7,(anonymous_3)
FN:19,_interopRequireDefault
FN:21,_classCallCheck
FN:23,(anonymous_6)
FN:24,Table
FN:62,_clone
FN:67,_getPrimaryKeyName
FN:68,(anonymous_10)
FN:76,_getTable
FN:77,(anonymous_12)
FN:83,addEntityAsync
FN:88,(anonymous_14)
FN:99,asQueryable
FN:107,createAsync
FN:117,dropAsync
FN:124,getQueryProvider
FN:129,removeEntityAsync
FN:132,(anonymous_20)
FN:138,updateEntityAsync
FN:141,(anonymous_22)
FNF:22
FNH:9
FNDA:1,(anonymous_1)
FNDA:1,defineProperties
FNDA:1,(anonymous_3)
FNDA:2,_interopRequireDefault
FNDA:6,_classCallCheck
FNDA:1,(anonymous_6)
FNDA:6,Table
FNDA:0,_clone
FNDA:0,_getPrimaryKeyName
FNDA:0,(anonymous_10)
FNDA:6,_getTable
FNDA:12,(anonymous_12)
FNDA:0,addEntityAsync
FNDA:0,(anonymous_14)
FNDA:0,asQueryable
FNDA:0,createAsync
FNDA:0,dropAsync
FNDA:0,getQueryProvider
FNDA:0,removeEntityAsync
FNDA:0,(anonymous_20)
FNDA:0,updateEntityAsync
FNDA:0,(anonymous_22)
DA:3,1
DA:7,10
DA:9,1
DA:11,1
DA:13,1
DA:15,1
DA:17,1
DA:19,2
DA:21,6
DA:23,1
DA:24,1
DA:25,6
DA:27,6
DA:29,6
DA:30,6
DA:31,6
DA:32,6
DA:34,6
DA:35,0
DA:38,6
DA:39,0
DA:42,6
DA:43,0
DA:46,6
DA:48,6
DA:49,0
DA:52,6
DA:53,6
DA:60,1
DA:63,0
DA:68,0
DA:69,0
DA:72,0
DA:77,6
DA:78,12
DA:84,0
DA:86,0
DA:88,0
DA:89,0
DA:93,0
DA:94,0
DA:100,0
DA:101,0
DA:103,0
DA:108,0
DA:109,0
DA:111,0
DA:112,0
DA:113,0
DA:118,0
DA:120,0
DA:125,0
DA:130,0
DA:132,0
DA:133,0
DA:139,0
DA:141,0
DA:142,0
DA:147,1
DA:150,1
LF:60
LH:29
BRDA:7,1,0,10
BRDA:7,1,1,10
BRDA:7,2,0,10
BRDA:7,2,1,0
BRDA:7,3,0,1
BRDA:7,3,1,0
BRDA:7,4,0,0
BRDA:7,4,1,1
BRDA:19,5,0,2
BRDA:19,5,1,0
BRDA:19,6,0,2
BRDA:19,6,1,2
BRDA:21,7,0,0
BRDA:21,7,1,6
BRDA:25,8,0,6
BRDA:25,8,1,0
BRDA:25,9,0,6
BRDA:25,9,1,6
BRDA:34,10,0,0
BRDA:34,10,1,6
BRDA:38,11,0,0
BRDA:38,11,1,6
BRDA:42,12,0,0
BRDA:42,12,1,6
BRDA:48,13,0,0
BRDA:48,13,1,6
BRDA:72,14,0,0
BRDA:72,14,1,0
BRDA:72,14,2,0
BRF:29
BRH:16
end_of_record
TN:
SF:/Users/bdhowe/Documents/git/MetaDatabase/lib/mssql/TableStatementBuilder.js
FN:7,(anonymous_1)
FN:7,defineProperties
FN:7,(anonymous_3)
FN:13,_interopRequireDefault
FN:15,_classCallCheck
FN:22,(anonymous_6)
FN:23,TableStatementBuilder
FN:34,_escapeName
FN:39,_wrapIfTableExists
FN:44,_getDbTableName
FN:49,_getQualifiedDbTableName
FN:54,getQualifiedDbTableName
FN:59,createDropTableStatement
FN:64,createInsertStatement
FN:75,(anonymous_15)
FN:107,createUpdateStatement
FN:128,(anonymous_17)
FN:137,(anonymous_18)
FN:151,createDeleteStatement
FN:162,(anonymous_20)
FN:179,createColumnDefinitionStatement
FN:205,createColumnsDefinitionStatement
FN:209,(anonymous_23)
FN:211,(anonymous_24)
FN:219,createIndexStatement
FN:224,createTableIndexesStatements
FN:233,(anonymous_27)
FN:239,(anonymous_28)
FN:241,(anonymous_29)
FN:245,(anonymous_30)
FN:249,(anonymous_31)
FN:251,(anonymous_32)
FN:255,(anonymous_33)
FN:261,createForeignKeysStatement
FN:266,(anonymous_35)
FN:272,createForeignKeyStatement
FN:277,createPrimaryKeyStatement
FN:280,(anonymous_38)
FN:292,createTableStatement
FN:312,filterRelevantColumns
FN:315,(anonymous_41)
FN:321,getTablesRelationshipsAsTargets
FN:326,filter
FN:343,getTablesRelationshipsAsSources
FN:348,filter
FN:365,getColumn
FN:366,(anonymous_47)
FN:372,getDefaultValue
FN:377,getPrimaryKeys
FN:378,(anonymous_50)
FN:380,(anonymous_51)
FN:389,toMssqlValue
FNF:52
FNH:19
FNDA:1,(anonymous_1)
FNDA:1,defineProperties
FNDA:1,(anonymous_3)
FNDA:1,_interopRequireDefault
FNDA:8,_classCallCheck
FNDA:1,(anonymous_6)
FNDA:8,TableStatementBuilder
FNDA:3,_escapeName
FNDA:1,_wrapIfTableExists
FNDA:2,_getDbTableName
FNDA:1,_getQualifiedDbTableName
FNDA:0,getQualifiedDbTableName
FNDA:0,createDropTableStatement
FNDA:0,createInsertStatement
FNDA:0,(anonymous_15)
FNDA:0,createUpdateStatement
FNDA:0,(anonymous_17)
FNDA:0,(anonymous_18)
FNDA:0,createDeleteStatement
FNDA:0,(anonymous_20)
FNDA:3,createColumnDefinitionStatement
FNDA:1,createColumnsDefinitionStatement
FNDA:2,(anonymous_23)
FNDA:2,(anonymous_24)
FNDA:0,createIndexStatement
FNDA:0,createTableIndexesStatements
FNDA:0,(anonymous_27)
FNDA:0,(anonymous_28)
FNDA:0,(anonymous_29)
FNDA:0,(anonymous_30)
FNDA:0,(anonymous_31)
FNDA:0,(anonymous_32)
FNDA:0,(anonymous_33)
FNDA:0,createForeignKeysStatement
FNDA:0,(anonymous_35)
FNDA:0,createForeignKeyStatement
FNDA:0,createPrimaryKeyStatement
FNDA:0,(anonymous_38)
FNDA:1,createTableStatement
FNDA:0,filterRelevantColumns
FNDA:0,(anonymous_41)
FNDA:0,getTablesRelationshipsAsTargets
FNDA:0,filter
FNDA:0,getTablesRelationshipsAsSources
FNDA:0,filter
FNDA:0,getColumn
FNDA:0,(anonymous_47)
FNDA:0,getDefaultValue
FNDA:3,getPrimaryKeys
FNDA:10,(anonymous_50)
FNDA:3,(anonymous_51)
FNDA:0,toMssqlValue
DA:3,1
DA:7,24
DA:9,1
DA:11,1
DA:13,1
DA:15,8
DA:17,1
DA:22,1
DA:23,1
DA:24,8
DA:26,8
DA:27,8
DA:28,8
DA:29,8
DA:32,1
DA:35,3
DA:40,1
DA:45,2
DA:50,1
DA:55,0
DA:60,0
DA:65,0
DA:67,0
DA:68,0
DA:71,0
DA:72,0
DA:73,0
DA:75,0
DA:76,0
DA:77,0
DA:79,0
DA:80,0
DA:82,0
DA:83,0
DA:85,0
DA:90,0
DA:91,0
DA:93,0
DA:94,0
DA:100,0
DA:108,0
DA:110,0
DA:111,0
DA:112,0
DA:113,0
DA:114,0
DA:116,0
DA:117,0
DA:120,0
DA:121,0
DA:124,0
DA:125,0
DA:128,0
DA:129,0
DA:131,0
DA:132,0
DA:133,0
DA:137,0
DA:138,0
DA:139,0
DA:142,0
DA:144,0
DA:152,0
DA:154,0
DA:155,0
DA:158,0
DA:159,0
DA:160,0
DA:162,0
DA:164,0
DA:165,0
DA:167,0
DA:168,0
DA:172,0
DA:180,3
DA:181,3
DA:182,3
DA:184,3
DA:185,3
DA:187,3
DA:189,1
DA:190,1
DA:193,1
DA:194,1
DA:198,3
DA:200,0
DA:206,1
DA:208,1
DA:209,1
DA:210,2
DA:212,2
DA:215,1
DA:220,0
DA:225,0
DA:227,0
DA:228,0
DA:231,0
DA:233,0
DA:234,0
DA:237,0
DA:239,0
DA:240,0
DA:242,0
DA:245,0
DA:246,0
DA:249,0
DA:250,0
DA:252,0
DA:255,0
DA:256,0
DA:262,0
DA:264,0
DA:266,0
DA:267,0
DA:273,0
DA:278,0
DA:280,0
DA:281,0
DA:284,0
DA:285,0
DA:287,0
DA:293,1
DA:295,1
DA:297,1
DA:300,1
DA:302,1
DA:303,0
DA:304,1
DA:305,1
DA:307,0
DA:313,0
DA:315,0
DA:316,0
DA:322,0
DA:324,0
DA:326,0
DA:327,0
DA:329,0
DA:330,0
DA:331,0
DA:333,0
DA:336,0
DA:337,0
DA:339,0
DA:344,0
DA:346,0
DA:348,0
DA:349,0
DA:351,0
DA:352,0
DA:353,0
DA:355,0
DA:358,0
DA:359,0
DA:361,0
DA:366,0
DA:367,0
DA:373,0
DA:378,3
DA:379,10
DA:381,3
DA:390,0
DA:391,0
DA:392,0
DA:393,0
DA:394,0
DA:395,0
DA:396,0
DA:397,0
DA:398,0
DA:399,0
DA:401,0
DA:406,1
DA:409,1
LF:174
LH:48
BRDA:7,1,0,24
BRDA:7,1,1,24
BRDA:7,2,0,24
BRDA:7,2,1,0
BRDA:7,3,0,1
BRDA:7,3,1,0
BRDA:7,4,0,0
BRDA:7,4,1,1
BRDA:13,5,0,1
BRDA:13,5,1,0
BRDA:13,6,0,1
BRDA:13,6,1,1
BRDA:15,7,0,0
BRDA:15,7,1,8
BRDA:67,8,0,0
BRDA:67,8,1,0
BRDA:79,9,0,0
BRDA:79,9,1,0
BRDA:79,10,0,0
BRDA:79,10,1,0
BRDA:82,11,0,0
BRDA:82,11,1,0
BRDA:93,12,0,0
BRDA:93,12,1,0
BRDA:116,13,0,0
BRDA:116,13,1,0
BRDA:120,14,0,0
BRDA:120,14,1,0
BRDA:124,15,0,0
BRDA:124,15,1,0
BRDA:131,16,0,0
BRDA:131,16,1,0
BRDA:131,17,0,0
BRDA:131,17,1,0
BRDA:154,18,0,0
BRDA:154,18,1,0
BRDA:164,19,0,0
BRDA:164,19,1,0
BRDA:184,20,0,3
BRDA:184,20,1,0
BRDA:187,21,0,1
BRDA:187,21,1,2
BRDA:189,22,0,1
BRDA:189,22,1,0
BRDA:193,23,0,1
BRDA:193,23,1,0
BRDA:227,24,0,0
BRDA:227,24,1,0
BRDA:284,25,0,0
BRDA:284,25,1,0
BRDA:293,26,0,0
BRDA:293,26,1,1
BRDA:293,27,0,1
BRDA:293,27,1,0
BRDA:302,28,0,0
BRDA:302,28,1,1
BRDA:302,29,0,1
BRDA:302,29,1,1
BRDA:304,30,0,1
BRDA:304,30,1,0
BRDA:329,31,0,0
BRDA:329,31,1,0
BRDA:329,32,0,0
BRDA:329,32,1,0
BRDA:351,33,0,0
BRDA:351,33,1,0
BRDA:351,34,0,0
BRDA:351,34,1,0
BRDA:373,35,0,0
BRDA:373,35,1,0
BRDA:390,36,0,0
BRDA:390,36,1,0
BRDA:392,37,0,0
BRDA:392,37,1,0
BRDA:394,38,0,0
BRDA:394,38,1,0
BRDA:395,39,0,0
BRDA:395,39,1,0
BRDA:396,40,0,0
BRDA:396,40,1,0
BRDA:398,41,0,0
BRDA:398,41,1,0
BRF:82
BRH:20
end_of_record
TN:
SF:/Users/bdhowe/Documents/git/MetaDatabase/lib/mssql/dataTypeMapping.js
FNF:0
FNH:0
DA:3,1
DA:6,1
LF:2
LH:2
BRF:0
BRH:0
end_of_record
TN:
SF:/Users/bdhowe/Documents/git/MetaDatabase/lib/mssql/Provider.js
FN:7,(anonymous_1)
FN:7,defineProperties
FN:7,(anonymous_3)
FN:17,_interopRequireDefault
FN:19,_classCallCheck
FN:21,(anonymous_6)
FN:22,Provider
FN:49,toArrayAsync
FN:56,(anonymous_9)
FN:62,toArrayWithCountAsync
FN:66,(anonymous_11)
FN:69,(anonymous_12)
FN:78,countAsync
FN:83,(anonymous_14)
FNF:14
FNH:7
FNDA:1,(anonymous_1)
FNDA:1,defineProperties
FNDA:1,(anonymous_3)
FNDA:2,_interopRequireDefault
FNDA:6,_classCallCheck
FNDA:1,(anonymous_6)
FNDA:6,Provider
FNDA:0,toArrayAsync
FNDA:0,(anonymous_9)
FNDA:0,toArrayWithCountAsync
FNDA:0,(anonymous_11)
FNDA:0,(anonymous_12)
FNDA:0,countAsync
FNDA:0,(anonymous_14)
DA:3,1
DA:7,3
DA:9,1
DA:11,1
DA:13,1
DA:15,1
DA:17,2
DA:19,6
DA:21,1
DA:22,1
DA:23,6
DA:25,6
DA:27,6
DA:28,0
DA:31,6
DA:32,0
DA:35,6
DA:36,0
DA:39,6
DA:40,6
DA:41,6
DA:42,6
DA:44,6
DA:47,1
DA:50,0
DA:52,0
DA:53,0
DA:54,0
DA:56,0
DA:57,0
DA:63,0
DA:65,0
DA:66,0
DA:67,0
DA:68,0
DA:70,0
DA:79,0
DA:80,0
DA:81,0
DA:83,0
DA:84,0
DA:89,1
DA:92,1
LF:43
LH:23
BRDA:7,1,0,3
BRDA:7,1,1,3
BRDA:7,2,0,3
BRDA:7,2,1,0
BRDA:7,3,0,1
BRDA:7,3,1,0
BRDA:7,4,0,0
BRDA:7,4,1,1
BRDA:17,5,0,2
BRDA:17,5,1,0
BRDA:17,6,0,2
BRDA:17,6,1,2
BRDA:19,7,0,0
BRDA:19,7,1,6
BRDA:23,8,0,6
BRDA:23,8,1,0
BRDA:23,9,0,6
BRDA:23,9,1,6
BRDA:27,10,0,0
BRDA:27,10,1,6
BRDA:31,11,0,0
BRDA:31,11,1,6
BRDA:35,12,0,0
BRDA:35,12,1,6
BRF:24
BRH:15
end_of_record
TN:
SF:/Users/bdhowe/Documents/git/MetaDatabase/lib/mssql/Visitor.js
FN:7,(anonymous_1)
FN:7,defineProperties
FN:7,(anonymous_3)
FN:11,_classCallCheck
FN:13,_possibleConstructorReturn
FN:15,_inherits
FN:17,(anonymous_7)
FN:20,Visitor
FN:35,convertString
FN:38,convertContainsString
FN:41,convertStartsWithString
FN:44,convertEndsWithString
FN:47,convertNumber
FN:50,convertBoolean
FN:53,convertDate
FN:63,_addJoinClause
FN:71,_escape
FN:76,_escapeIdentifier
FN:81,_buildLeftJoinStatementFromSource
FN:86,_buildLeftJoinStatementFromTarget
FN:91,_getNavigationProperties
FN:100,(anonymous_22)
FN:116,(anonymous_23)
FN:128,_getRelationshipsAsSource
FN:129,filter
FN:140,_getRelationshipsAsTarget
FN:141,filter
FN:152,_getTable
FN:153,(anonymous_29)
FN:159,_sqlizePrimitive
FN:176,_writeTableProperty
FN:181,and
FN:185,(anonymous_33)
FN:202,any
FN:211,ascending
FN:217,array
FN:222,boolean
FN:227,countAsync
FN:232,constant
FN:237,createSelectStatementWithCount
FN:254,createCustomSelectStatement
FN:257,createSelectStatement
FN:285,(anonymous_43)
FN:291,date
FN:296,descending
FN:302,endsWith
FN:308,equalTo
FN:318,expression
FN:323,greaterThan
FN:329,greaterThanOrEqualTo
FN:335,include
FN:340,isIn
FN:343,(anonymous_53)
FN:349,isNotIn
FN:352,(anonymous_55)
FN:358,lessThan
FN:364,lessThanOrEqualTo
FN:370,makeColumnAliases
FN:375,(anonymous_59)
FN:378,(anonymous_60)
FN:389,not
FN:394,notEqualTo
FN:404,_null
FN:409,number
FN:414,or
FN:417,(anonymous_66)
FN:434,orderBy
FN:444,property
FN:450,propertyAccess
FN:474,queryable
FN:482,skip
FN:487,startsWith
FN:496,string
FN:501,substringOf
FN:507,take
FN:516,type
FN:528,where
FNF:77
FNH:5
FNDA:1,(anonymous_1)
FNDA:1,defineProperties
FNDA:1,(anonymous_3)
FNDA:0,_classCallCheck
FNDA:0,_possibleConstructorReturn
FNDA:1,_inherits
FNDA:1,(anonymous_7)
FNDA:0,Visitor
FNDA:0,convertString
FNDA:0,convertContainsString
FNDA:0,convertStartsWithString
FNDA:0,convertEndsWithString
FNDA:0,convertNumber
FNDA:0,convertBoolean
FNDA:0,convertDate
FNDA:0,_addJoinClause
FNDA:0,_escape
FNDA:0,_escapeIdentifier
FNDA:0,_buildLeftJoinStatementFromSource
FNDA:0,_buildLeftJoinStatementFromTarget
FNDA:0,_getNavigationProperties
FNDA:0,(anonymous_22)
FNDA:0,(anonymous_23)
FNDA:0,_getRelationshipsAsSource
FNDA:0,filter
FNDA:0,_getRelationshipsAsTarget
FNDA:0,filter
FNDA:0,_getTable
FNDA:0,(anonymous_29)
FNDA:0,_sqlizePrimitive
FNDA:0,_writeTableProperty
FNDA:0,and
FNDA:0,(anonymous_33)
FNDA:0,any
FNDA:0,ascending
FNDA:0,array
FNDA:0,boolean
FNDA:0,countAsync
FNDA:0,constant
FNDA:0,createSelectStatementWithCount
FNDA:0,createCustomSelectStatement
FNDA:0,createSelectStatement
FNDA:0,(anonymous_43)
FNDA:0,date
FNDA:0,descending
FNDA:0,endsWith
FNDA:0,equalTo
FNDA:0,expression
FNDA:0,greaterThan
FNDA:0,greaterThanOrEqualTo
FNDA:0,include
FNDA:0,isIn
FNDA:0,(anonymous_53)
FNDA:0,isNotIn
FNDA:0,(anonymous_55)
FNDA:0,lessThan
FNDA:0,lessThanOrEqualTo
FNDA:0,makeColumnAliases
FNDA:0,(anonymous_59)
FNDA:0,(anonymous_60)
FNDA:0,not
FNDA:0,notEqualTo
FNDA:0,_null
FNDA:0,number
FNDA:0,or
FNDA:0,(anonymous_66)
FNDA:0,orderBy
FNDA:0,property
FNDA:0,propertyAccess
FNDA:0,queryable
FNDA:0,skip
FNDA:0,startsWith
FNDA:0,string
FNDA:0,substringOf
FNDA:0,take
FNDA:0,type
FNDA:0,where
DA:3,1
DA:7,50
DA:9,1
DA:11,1
DA:13,1
DA:15,1
DA:17,1
DA:18,1
DA:20,1
DA:21,0
DA:23,0
DA:25,0
DA:26,0
DA:27,0
DA:28,0
DA:29,0
DA:30,0
DA:31,0
DA:32,0
DA:34,0
DA:36,0
DA:39,0
DA:42,0
DA:45,0
DA:48,0
DA:51,0
DA:54,0
DA:58,0
DA:61,1
DA:64,0
DA:65,0
DA:66,0
DA:72,0
DA:77,0
DA:82,0
DA:87,0
DA:92,0
DA:94,0
DA:95,0
DA:97,0
DA:98,0
DA:100,0
DA:101,0
DA:103,0
DA:104,0
DA:106,0
DA:109,0
DA:116,0
DA:117,0
DA:124,0
DA:129,0
DA:130,0
DA:133,0
DA:134,0
DA:136,0
DA:141,0
DA:142,0
DA:145,0
DA:146,0
DA:148,0
DA:153,0
DA:154,0
DA:160,0
DA:161,0
DA:162,0
DA:163,0
DA:164,0
DA:165,0
DA:166,0
DA:167,0
DA:168,0
DA:169,0
DA:171,0
DA:177,0
DA:182,0
DA:183,0
DA:185,0
DA:186,0
DA:187,0
DA:188,0
DA:192,0
DA:194,0
DA:195,0
DA:198,0
DA:203,0
DA:204,0
DA:205,0
DA:207,0
DA:212,0
DA:213,0
DA:218,0
DA:223,0
DA:228,0
DA:233,0
DA:238,0
DA:239,0
DA:241,0
DA:242,0
DA:244,0
DA:246,0
DA:248,0
DA:250,0
DA:258,0
DA:260,0
DA:261,0
DA:263,0
DA:265,0
DA:266,0
DA:267,0
DA:268,0
DA:270,0
DA:271,0
DA:272,0
DA:274,0
DA:275,0
DA:277,0
DA:278,0
DA:279,0
DA:280,0
DA:283,0
DA:285,0
DA:286,0
DA:292,0
DA:297,0
DA:298,0
DA:303,0
DA:304,0
DA:309,0
DA:310,0
DA:311,0
DA:313,0
DA:319,0
DA:324,0
DA:325,0
DA:330,0
DA:331,0
DA:336,0
DA:341,0
DA:343,0
DA:344,0
DA:350,0
DA:352,0
DA:353,0
DA:359,0
DA:360,0
DA:365,0
DA:366,0
DA:371,0
DA:373,0
DA:375,0
DA:376,0
DA:378,0
DA:379,0
DA:381,0
DA:385,0
DA:390,0
DA:395,0
DA:396,0
DA:397,0
DA:399,0
DA:405,0
DA:410,0
DA:415,0
DA:416,0
DA:417,0
DA:418,0
DA:419,0
DA:420,0
DA:424,0
DA:426,0
DA:427,0
DA:430,0
DA:435,0
DA:436,0
DA:437,0
DA:440,0
DA:445,0
DA:446,0
DA:451,0
DA:452,0
DA:453,0
DA:455,0
DA:457,0
DA:458,0
DA:459,0
DA:461,0
DA:462,0
DA:463,0
DA:466,0
DA:475,0
DA:476,0
DA:478,0
DA:483,0
DA:488,0
DA:489,0
DA:490,0
DA:492,0
DA:497,0
DA:502,0
DA:503,0
DA:508,0
DA:509,0
DA:511,0
DA:517,0
DA:518,0
DA:520,0
DA:529,0
DA:530,0
DA:532,0
DA:536,1
DA:539,1
LF:211
LH:12
BRDA:7,1,0,50
BRDA:7,1,1,50
BRDA:7,2,0,50
BRDA:7,2,1,0
BRDA:7,3,0,1
BRDA:7,3,1,0
BRDA:7,4,0,0
BRDA:7,4,1,1
BRDA:11,5,0,0
BRDA:11,5,1,0
BRDA:13,6,0,0
BRDA:13,6,1,0
BRDA:13,7,0,0
BRDA:13,7,1,0
BRDA:13,8,0,0
BRDA:13,8,1,0
BRDA:13,8,2,0
BRDA:15,9,0,0
BRDA:15,9,1,1
BRDA:15,10,0,1
BRDA:15,10,1,0
BRDA:15,11,0,1
BRDA:15,11,1,1
BRDA:15,12,0,1
BRDA:15,12,1,0
BRDA:15,13,0,1
BRDA:15,13,1,0
BRDA:23,14,0,0
BRDA:23,14,1,0
BRDA:51,15,0,0
BRDA:51,15,1,0
BRDA:65,16,0,0
BRDA:65,16,1,0
BRDA:103,17,0,0
BRDA:103,17,1,0
BRDA:160,18,0,0
BRDA:160,18,1,0
BRDA:162,19,0,0
BRDA:162,19,1,0
BRDA:164,20,0,0
BRDA:164,20,1,0
BRDA:166,21,0,0
BRDA:166,21,1,0
BRDA:168,22,0,0
BRDA:168,22,1,0
BRDA:187,23,0,0
BRDA:187,23,1,0
BRDA:194,24,0,0
BRDA:194,24,1,0
BRDA:239,25,0,0
BRDA:239,25,1,0
BRDA:275,26,0,0
BRDA:275,26,1,0
BRDA:277,27,0,0
BRDA:277,27,1,0
BRDA:277,28,0,0
BRDA:277,28,1,0
BRDA:279,29,0,0
BRDA:279,29,1,0
BRDA:279,30,0,0
BRDA:279,30,1,0
BRDA:286,31,0,0
BRDA:286,31,1,0
BRDA:310,32,0,0
BRDA:310,32,1,0
BRDA:396,33,0,0
BRDA:396,33,1,0
BRDA:419,34,0,0
BRDA:419,34,1,0
BRDA:426,35,0,0
BRDA:426,35,1,0
BRDA:436,36,0,0
BRDA:436,36,1,0
BRDA:451,37,0,0
BRDA:451,37,1,0
BRDA:451,37,2,0
BRDA:452,38,0,0
BRDA:452,38,1,0
BRDA:452,38,2,0
BRDA:457,39,0,0
BRDA:457,39,1,0
BRDA:458,40,0,0
BRDA:458,40,1,0
BRDA:508,41,0,0
BRDA:508,41,1,0
BRDA:529,42,0,0
BRDA:529,42,1,0
BRF:87
BRH:11
end_of_record
TN:
SF:/Users/bdhowe/Documents/git/MetaDatabase/lib/mssql/EntityBuilder.js
FN:7,(anonymous_1)
FN:7,defineProperties
FN:7,(anonymous_3)
FN:9,_classCallCheck
FN:11,flattenMultiKeyMap
FN:13,(anonymous_6)
FN:18,getValues
FN:19,(anonymous_8)
FN:24,(anonymous_9)
FN:25,EntityBuilder
FN:37,_attachEntityRelationships
FN:45,(anonymous_12)
FN:49,(anonymous_13)
FN:53,(anonymous_14)
FN:59,(anonymous_15)
FN:70,(anonymous_16)
FN:76,(anonymous_17)
FN:82,(anonymous_18)
FN:90,(anonymous_19)
FN:96,(anonymous_20)
FN:109,_convertRow
FN:121,(anonymous_22)
FN:137,_convertValue
FN:166,_createEntity
FN:173,(anonymous_25)
FN:181,_createEntityMap
FN:182,(anonymous_27)
FN:189,_getKeyForEntity
FN:190,(anonymous_29)
FN:196,_getKeyForRow
FN:199,(anonymous_31)
FN:205,_getPrimaryKeys
FN:206,(anonymous_33)
FN:208,(anonymous_34)
FN:214,_getTable
FN:215,(anonymous_36)
FN:221,_getTablesRelationshipsAsTargets
FN:224,filter
FN:241,_getTablesRelationshipsAsSources
FN:244,filter
FN:261,convert
FN:269,(anonymous_42)
FN:273,(anonymous_43)
FNF:43
FNH:8
FNDA:1,(anonymous_1)
FNDA:1,defineProperties
FNDA:1,(anonymous_3)
FNDA:6,_classCallCheck
FNDA:0,flattenMultiKeyMap
FNDA:0,(anonymous_6)
FNDA:0,getValues
FNDA:0,(anonymous_8)
FNDA:1,(anonymous_9)
FNDA:6,EntityBuilder
FNDA:0,_attachEntityRelationships
FNDA:0,(anonymous_12)
FNDA:0,(anonymous_13)
FNDA:0,(anonymous_14)
FNDA:0,(anonymous_15)
FNDA:0,(anonymous_16)
FNDA:0,(anonymous_17)
FNDA:0,(anonymous_18)
FNDA:0,(anonymous_19)
FNDA:0,(anonymous_20)
FNDA:0,_convertRow
FNDA:0,(anonymous_22)
FNDA:0,_convertValue
FNDA:0,_createEntity
FNDA:0,(anonymous_25)
FNDA:0,_createEntityMap
FNDA:0,(anonymous_27)
FNDA:0,_getKeyForEntity
FNDA:0,(anonymous_29)
FNDA:0,_getKeyForRow
FNDA:0,(anonymous_31)
FNDA:0,_getPrimaryKeys
FNDA:0,(anonymous_33)
FNDA:0,(anonymous_34)
FNDA:6,_getTable
FNDA:12,(anonymous_36)
FNDA:0,_getTablesRelationshipsAsTargets
FNDA:0,filter
FNDA:0,_getTablesRelationshipsAsSources
FNDA:0,filter
FNDA:0,convert
FNDA:0,(anonymous_42)
FNDA:0,(anonymous_43)
DA:3,1
DA:7,12
DA:9,6
DA:11,1
DA:12,0
DA:13,0
DA:14,0
DA:18,1
DA:19,0
DA:20,0
DA:24,1
DA:25,1
DA:26,6
DA:28,6
DA:29,6
DA:30,6
DA:31,6
DA:32,6
DA:35,1
DA:38,0
DA:40,0
DA:42,0
DA:43,0
DA:45,0
DA:46,0
DA:49,0
DA:50,0
DA:53,0
DA:54,0
DA:55,0
DA:56,0
DA:57,0
DA:59,0
DA:60,0
DA:63,0
DA:64,0
DA:66,0
DA:70,0
DA:71,0
DA:72,0
DA:73,0
DA:74,0
DA:76,0
DA:77,0
DA:80,0
DA:82,0
DA:83,0
DA:84,0
DA:85,0
DA:90,0
DA:91,0
DA:92,0
DA:93,0
DA:94,0
DA:96,0
DA:97,0
DA:100,0
DA:101,0
DA:103,0
DA:110,0
DA:112,0
DA:113,0
DA:114,0
DA:115,0
DA:117,0
DA:118,0
DA:121,0
DA:122,0
DA:123,0
DA:124,0
DA:126,0
DA:128,0
DA:129,0
DA:133,0
DA:138,0
DA:139,0
DA:142,0
DA:143,0
DA:144,0
DA:145,0
DA:146,0
DA:147,0
DA:148,0
DA:149,0
DA:150,0
DA:151,0
DA:152,0
DA:153,0
DA:154,0
DA:155,0
DA:156,0
DA:157,0
DA:158,0
DA:159,0
DA:161,0
DA:167,0
DA:169,0
DA:170,0
DA:171,0
DA:173,0
DA:174,0
DA:177,0
DA:182,0
DA:183,0
DA:184,0
DA:190,0
DA:191,0
DA:197,0
DA:199,0
DA:200,0
DA:206,0
DA:207,0
DA:209,0
DA:215,6
DA:216,12
DA:222,0
DA:224,0
DA:225,0
DA:227,0
DA:228,0
DA:229,0
DA:231,0
DA:234,0
DA:235,0
DA:237,0
DA:242,0
DA:244,0
DA:245,0
DA:247,0
DA:248,0
DA:249,0
DA:251,0
DA:254,0
DA:255,0
DA:257,0
DA:262,0
DA:264,0
DA:266,0
DA:267,0
DA:269,0
DA:270,0
DA:273,0
DA:274,0
DA:275,0
DA:276,0
DA:278,0
DA:281,0
DA:283,0
DA:288,1
DA:291,1
LF:150
LH:18
BRDA:7,1,0,12
BRDA:7,1,1,12
BRDA:7,2,0,12
BRDA:7,2,1,0
BRDA:7,3,0,1
BRDA:7,3,1,0
BRDA:7,4,0,0
BRDA:7,4,1,1
BRDA:9,5,0,0
BRDA:9,5,1,6
BRDA:63,6,0,0
BRDA:63,6,1,0
BRDA:63,7,0,0
BRDA:63,7,1,0
BRDA:83,8,0,0
BRDA:83,8,1,0
BRDA:100,9,0,0
BRDA:100,9,1,0
BRDA:100,10,0,0
BRDA:100,10,1,0
BRDA:117,11,0,0
BRDA:117,11,1,0
BRDA:128,12,0,0
BRDA:128,12,1,0
BRDA:138,13,0,0
BRDA:138,13,1,0
BRDA:142,14,0,0
BRDA:142,14,1,0
BRDA:144,15,0,0
BRDA:144,15,1,0
BRDA:146,16,0,0
BRDA:146,16,1,0
BRDA:147,17,0,0
BRDA:147,17,1,0
BRDA:148,18,0,0
BRDA:148,18,1,0
BRDA:150,19,0,0
BRDA:150,19,1,0
BRDA:152,20,0,0
BRDA:152,20,1,0
BRDA:154,21,0,0
BRDA:154,21,1,0
BRDA:156,22,0,0
BRDA:156,22,1,0
BRDA:158,23,0,0
BRDA:158,23,1,0
BRDA:227,24,0,0
BRDA:227,24,1,0
BRDA:227,25,0,0
BRDA:227,25,1,0
BRDA:247,26,0,0
BRDA:247,26,1,0
BRDA:247,27,0,0
BRDA:247,27,1,0
BRDA:266,28,0,0
BRDA:266,28,1,0
BRF:56
BRH:6
end_of_record
TN:
SF:/Users/bdhowe/Documents/git/MetaDatabase/lib/mssql/Migrator.js
FN:7,(anonymous_1)
FN:7,defineProperties
FN:7,(anonymous_3)
FN:13,_interopRequireDefault
FN:15,_classCallCheck
FN:17,(anonymous_6)
FN:18,Migrator
FN:28,_getQualifiedDbTableName
FN:33,addColumnAsync
FN:48,addDecoratorAsync
FN:55,addOneToOneRelationshipAsync
FN:62,addOneToManyRelationshipAsync
FN:69,addTableAsync
FN:83,removeColumnAsync
FN:88,removeDecoratorAsync
FN:93,removeOneToOneRelationshipCommand
FN:98,removeOneToManyRelationshipCommand
FN:103,removeTableAsync
FN:108,updateColumnAsync
FN:113,updateDecoratorAsync
FN:118,updateTableAsync
FNF:21
FNH:10
FNDA:1,(anonymous_1)
FNDA:1,defineProperties
FNDA:1,(anonymous_3)
FNDA:1,_interopRequireDefault
FNDA:2,_classCallCheck
FNDA:1,(anonymous_6)
FNDA:2,Migrator
FNDA:1,_getQualifiedDbTableName
FNDA:1,addColumnAsync
FNDA:0,addDecoratorAsync
FNDA:0,addOneToOneRelationshipAsync
FNDA:0,addOneToManyRelationshipAsync
FNDA:1,addTableAsync
FNDA:0,removeColumnAsync
FNDA:0,removeDecoratorAsync
FNDA:0,removeOneToOneRelationshipCommand
FNDA:0,removeOneToManyRelationshipCommand
FNDA:0,removeTableAsync
FNDA:0,updateColumnAsync
FNDA:0,updateDecoratorAsync
FNDA:0,updateTableAsync
DA:3,1
DA:7,14
DA:9,1
DA:11,1
DA:13,1
DA:15,2
DA:17,1
DA:18,1
DA:19,2
DA:21,2
DA:22,2
DA:23,2
DA:26,1
DA:29,1
DA:34,1
DA:36,1
DA:37,1
DA:41,1
DA:42,1
DA:44,1
DA:51,0
DA:58,0
DA:65,0
DA:70,1
DA:72,1
DA:73,1
DA:77,1
DA:79,1
DA:84,0
DA:89,0
DA:94,0
DA:99,0
DA:104,0
DA:109,0
DA:114,0
DA:119,0
DA:123,1
DA:126,1
LF:38
LH:27
BRDA:7,1,0,14
BRDA:7,1,1,14
BRDA:7,2,0,14
BRDA:7,2,1,0
BRDA:7,3,0,1
BRDA:7,3,1,0
BRDA:7,4,0,0
BRDA:7,4,1,1
BRDA:13,5,0,1
BRDA:13,5,1,0
BRDA:13,6,0,1
BRDA:13,6,1,1
BRDA:15,7,0,0
BRDA:15,7,1,2
BRDA:34,8,0,1
BRDA:34,8,1,0
BRDA:34,9,0,1
BRDA:34,9,1,1
BRDA:51,10,0,0
BRDA:51,10,1,0
BRDA:51,11,0,0
BRDA:51,11,1,0
BRDA:58,12,0,0
BRDA:58,12,1,0
BRDA:58,13,0,0
BRDA:58,13,1,0
BRDA:65,14,0,0
BRDA:65,14,1,0
BRDA:65,15,0,0
BRDA:65,15,1,0
BRDA:70,16,0,1
BRDA:70,16,1,0
BRDA:70,17,0,1
BRDA:70,17,1,1
BRDA:84,18,0,0
BRDA:84,18,1,0
BRDA:84,19,0,0
BRDA:84,19,1,0
BRDA:89,20,0,0
BRDA:89,20,1,0
BRDA:89,21,0,0
BRDA:89,21,1,0
BRDA:94,22,0,0
BRDA:94,22,1,0
BRDA:94,23,0,0
BRDA:94,23,1,0
BRDA:99,24,0,0
BRDA:99,24,1,0
BRDA:99,25,0,0
BRDA:99,25,1,0
BRDA:104,26,0,0
BRDA:104,26,1,0
BRDA:104,27,0,0
BRDA:104,27,1,0
BRDA:109,28,0,0
BRDA:109,28,1,0
BRDA:109,29,0,0
BRDA:109,29,1,0
BRDA:114,30,0,0
BRDA:114,30,1,0
BRDA:114,31,0,0
BRDA:114,31,1,0
BRDA:119,32,0,0
BRDA:119,32,1,0
BRDA:119,33,0,0
BRDA:119,33,1,0
BRF:66
BRH:15
end_of_record
TN:
SF:/Users/bdhowe/Documents/git/MetaDatabase/lib/dbDriver/SqliteDriver.js
FN:7,(anonymous_1)
FN:7,defineProperties
FN:7,(anonymous_3)
FN:22,_interopRequireDefault
FN:24,_classCallCheck
FN:26,generateCreateSql
FN:39,(anonymous_7)
FN:40,_class
FN:59,getEdmDbAsync
FN:62,getDataDbAsync
FN:67,getEdmDbAsync
FN:70,getDataDbAsync
FN:83,getEdmDbAsync
FN:91,getDataDbAsync
FN:99,getEdmAsync
FN:102,addEdmAsync
FN:105,deleteEdmAsync
FN:108,getDatabaseForEdmAsync
FN:109,(anonymous_19)
FN:118,getEdmListAsync
FN:119,(anonymous_21)
FN:125,dispose
FN:126,(anonymous_23)
FN:129,(anonymous_24)
FN:135,_verifyEdmTableAsync
FN:136,(anonymous_26)
FN:137,(anonymous_27)
FNF:27
FNH:16
FNDA:1,(anonymous_1)
FNDA:1,defineProperties
FNDA:1,(anonymous_3)
FNDA:3,_interopRequireDefault
FNDA:2,_classCallCheck
FNDA:2,generateCreateSql
FNDA:1,(anonymous_7)
FNDA:2,_class
FNDA:0,getEdmDbAsync
FNDA:0,getDataDbAsync
FNDA:2,getEdmDbAsync
FNDA:0,getDataDbAsync
FNDA:2,getEdmDbAsync
FNDA:0,getDataDbAsync
FNDA:0,getEdmAsync
FNDA:1,addEdmAsync
FNDA:0,deleteEdmAsync
FNDA:0,getDatabaseForEdmAsync
FNDA:0,(anonymous_19)
FNDA:2,getEdmListAsync
FNDA:2,(anonymous_21)
FNDA:0,dispose
FNDA:0,(anonymous_23)
FNDA:0,(anonymous_24)
FNDA:2,_verifyEdmTableAsync
FNDA:2,(anonymous_26)
FNDA:2,(anonymous_27)
DA:3,1
DA:7,9
DA:10,1
DA:12,1
DA:14,1
DA:16,1
DA:18,1
DA:20,1
DA:22,3
DA:24,2
DA:26,1
DA:27,2
DA:39,1
DA:40,1
DA:41,2
DA:43,2
DA:45,2
DA:46,0
DA:49,2
DA:50,2
DA:51,2
DA:53,2
DA:54,2
DA:56,2
DA:57,2
DA:60,0
DA:63,0
DA:68,2
DA:71,0
DA:76,2
DA:77,0
DA:81,1
DA:84,2
DA:85,2
DA:87,2
DA:92,0
DA:93,0
DA:95,0
DA:109,0
DA:110,0
DA:119,2
DA:120,2
DA:126,0
DA:127,0
DA:129,0
DA:130,0
DA:136,2
DA:137,2
DA:138,2
DA:144,1
DA:147,1
LF:51
LH:37
BRDA:7,1,0,9
BRDA:7,1,1,9
BRDA:7,2,0,9
BRDA:7,2,1,0
BRDA:7,3,0,1
BRDA:7,3,1,0
BRDA:7,4,0,0
BRDA:7,4,1,1
BRDA:22,5,0,1
BRDA:22,5,1,2
BRDA:22,6,0,3
BRDA:22,6,1,3
BRDA:24,7,0,0
BRDA:24,7,1,2
BRDA:41,8,0,2
BRDA:41,8,1,0
BRDA:41,9,0,2
BRDA:41,9,1,2
BRDA:45,10,0,0
BRDA:45,10,1,2
BRDA:45,11,0,2
BRDA:45,11,1,0
BRDA:49,12,0,2
BRDA:49,12,1,1
BRDA:50,13,0,2
BRDA:50,13,1,1
BRDA:51,14,0,2
BRDA:51,14,1,0
BRDA:76,15,0,0
BRDA:76,15,1,2
BRDA:84,16,0,2
BRDA:84,16,1,0
BRDA:92,17,0,0
BRDA:92,17,1,0
BRF:34
BRH:22
end_of_record
TN:
SF:/Users/bdhowe/Documents/git/MetaDatabase/lib/glassDoor/GlassExpressDoor.js
FN:7,(anonymous_1)
FN:7,defineProperties
FN:7,(anonymous_3)
FN:27,_interopRequireDefault
FN:29,_classCallCheck
FN:31,(anonymous_6)
FN:32,_class
FN:51,(anonymous_8)
FN:67,dispose
FN:75,addPane
FN:88,removePane
FN:106,_init
FN:111,(anonymous_13)
FN:119,(anonymous_14)
FN:123,(anonymous_15)
FN:131,(anonymous_16)
FN:136,(anonymous_17)
FNF:17
FNH:9
FNDA:1,(anonymous_1)
FNDA:1,defineProperties
FNDA:1,(anonymous_3)
FNDA:4,_interopRequireDefault
FNDA:2,_classCallCheck
FNDA:1,(anonymous_6)
FNDA:2,_class
FNDA:1,(anonymous_8)
FNDA:0,dispose
FNDA:0,addPane
FNDA:0,removePane
FNDA:1,_init
FNDA:0,(anonymous_13)
FNDA:0,(anonymous_14)
FNDA:0,(anonymous_15)
FNDA:0,(anonymous_16)
FNDA:0,(anonymous_17)
DA:3,1
DA:7,4
DA:11,1
DA:13,1
DA:15,1
DA:17,1
DA:19,1
DA:21,1
DA:23,1
DA:25,1
DA:27,4
DA:29,2
DA:31,1
DA:32,1
DA:33,2
DA:35,2
DA:37,2
DA:38,2
DA:39,2
DA:40,2
DA:41,2
DA:42,2
DA:43,2
DA:44,2
DA:46,2
DA:47,2
DA:48,2
DA:49,2
DA:51,2
DA:52,1
DA:53,1
DA:54,1
DA:55,1
DA:56,1
DA:57,1
DA:58,1
DA:60,0
DA:65,1
DA:68,0
DA:69,0
DA:70,0
DA:76,0
DA:77,0
DA:78,0
DA:80,0
DA:81,0
DA:82,0
DA:84,0
DA:89,0
DA:93,0
DA:94,0
DA:95,0
DA:97,0
DA:98,0
DA:100,0
DA:101,0
DA:102,0
DA:107,1
DA:111,1
DA:112,0
DA:116,0
DA:117,0
DA:119,0
DA:120,0
DA:121,0
DA:123,0
DA:124,0
DA:131,1
DA:132,0
DA:136,0
DA:137,0
DA:146,1
DA:149,1
LF:73
LH:42
BRDA:7,1,0,4
BRDA:7,1,1,4
BRDA:7,2,0,4
BRDA:7,2,1,0
BRDA:7,3,0,1
BRDA:7,3,1,0
BRDA:7,4,0,0
BRDA:7,4,1,1
BRDA:27,5,0,2
BRDA:27,5,1,2
BRDA:27,6,0,4
BRDA:27,6,1,4
BRDA:29,7,0,0
BRDA:29,7,1,2
BRDA:37,8,0,2
BRDA:37,8,1,0
BRDA:38,9,0,2
BRDA:38,9,1,0
BRDA:39,10,0,2
BRDA:39,10,1,2
BRDA:40,11,0,2
BRDA:40,11,1,2
BRDA:52,12,0,1
BRDA:52,12,1,0
BRDA:68,13,0,0
BRDA:68,13,1,0
BRDA:116,14,0,0
BRDA:116,14,1,0
BRDA:116,15,0,0
BRDA:116,15,1,0
BRDA:120,16,0,0
BRDA:120,16,1,0
BRF:32
BRH:17
end_of_record
TN:
SF:/Users/bdhowe/Documents/git/MetaDatabase/lib/glassDoor/GlassExpressDataRouter.js
FN:7,(anonymous_1)
FN:7,defineProperties
FN:7,(anonymous_3)
FN:25,_interopRequireDefault
FN:27,_classCallCheck
FN:29,(anonymous_6)
FN:30,_class
FN:45,dispose
FN:50,attach
FN:54,(anonymous_10)
FN:64,(anonymous_11)
FN:71,(anonymous_12)
FN:81,(anonymous_13)
FN:84,(anonymous_14)
FN:87,(anonymous_15)
FN:92,handleAdd
FN:93,(anonymous_17)
FN:95,(anonymous_18)
FN:100,handleQuery
FN:102,(anonymous_20)
FN:104,(anonymous_21)
FN:110,(anonymous_22)
FN:115,(anonymous_23)
FN:121,(anonymous_24)
FN:127,(anonymous_25)
FN:129,(anonymous_26)
FN:135,(anonymous_27)
FN:142,(anonymous_28)
FN:143,(anonymous_29)
FN:145,(anonymous_30)
FN:151,(anonymous_31)
FN:155,(anonymous_32)
FN:156,(anonymous_33)
FN:157,(anonymous_34)
FN:160,(anonymous_35)
FN:165,(anonymous_36)
FN:171,(anonymous_37)
FN:172,(anonymous_38)
FN:174,(anonymous_39)
FN:180,(anonymous_40)
FN:181,(anonymous_41)
FN:183,(anonymous_42)
FNF:42
FNH:5
FNDA:1,(anonymous_1)
FNDA:1,defineProperties
FNDA:1,(anonymous_3)
FNDA:4,_interopRequireDefault
FNDA:0,_classCallCheck
FNDA:1,(anonymous_6)
FNDA:0,_class
FNDA:0,dispose
FNDA:0,attach
FNDA:0,(anonymous_10)
FNDA:0,(anonymous_11)
FNDA:0,(anonymous_12)
FNDA:0,(anonymous_13)
FNDA:0,(anonymous_14)
FNDA:0,(anonymous_15)
FNDA:0,handleAdd
FNDA:0,(anonymous_17)
FNDA:0,(anonymous_18)
FNDA:0,handleQuery
FNDA:0,(anonymous_20)
FNDA:0,(anonymous_21)
FNDA:0,(anonymous_22)
FNDA:0,(anonymous_23)
FNDA:0,(anonymous_24)
FNDA:0,(anonymous_25)
FNDA:0,(anonymous_26)
FNDA:0,(anonymous_27)
FNDA:0,(anonymous_28)
FNDA:0,(anonymous_29)
FNDA:0,(anonymous_30)
FNDA:0,(anonymous_31)
FNDA:0,(anonymous_32)
FNDA:0,(anonymous_33)
FNDA:0,(anonymous_34)
FNDA:0,(anonymous_35)
FNDA:0,(anonymous_36)
FNDA:0,(anonymous_37)
FNDA:0,(anonymous_38)
FNDA:0,(anonymous_39)
FNDA:0,(anonymous_40)
FNDA:0,(anonymous_41)
FNDA:0,(anonymous_42)
DA:3,1
DA:7,2
DA:9,1
DA:11,1
DA:13,1
DA:15,1
DA:17,1
DA:19,1
DA:21,1
DA:23,1
DA:25,4
DA:27,1
DA:29,1
DA:30,1
DA:31,0
DA:33,0
DA:34,0
DA:35,0
DA:43,1
DA:46,0
DA:51,0
DA:53,0
DA:54,0
DA:55,0
DA:56,0
DA:58,0
DA:61,0
DA:62,0
DA:64,0
DA:67,0
DA:68,0
DA:71,0
DA:72,0
DA:73,0
DA:74,0
DA:75,0
DA:77,0
DA:81,0
DA:82,0
DA:84,0
DA:85,0
DA:86,0
DA:88,0
DA:92,0
DA:93,0
DA:94,0
DA:96,0
DA:100,0
DA:101,0
DA:102,0
DA:103,0
DA:105,0
DA:110,0
DA:111,0
DA:115,0
DA:116,0
DA:121,0
DA:124,0
DA:125,0
DA:127,0
DA:128,0
DA:130,0
DA:135,0
DA:138,0
DA:142,0
DA:143,0
DA:144,0
DA:146,0
DA:151,0
DA:152,0
DA:153,0
DA:155,0
DA:156,0
DA:157,0
DA:158,0
DA:160,0
DA:161,0
DA:162,0
DA:166,0
DA:171,0
DA:172,0
DA:173,0
DA:175,0
DA:180,0
DA:181,0
DA:182,0
DA:184,0
DA:188,0
DA:192,1
DA:195,1
LF:90
LH:17
BRDA:7,1,0,2
BRDA:7,1,1,2
BRDA:7,2,0,2
BRDA:7,2,1,0
BRDA:7,3,0,1
BRDA:7,3,1,0
BRDA:7,4,0,0
BRDA:7,4,1,1
BRDA:25,5,0,1
BRDA:25,5,1,3
BRDA:25,6,0,4
BRDA:25,6,1,4
BRDA:27,7,0,0
BRDA:27,7,1,0
BRDA:55,8,0,0
BRDA:55,8,1,0
BRDA:73,9,0,0
BRDA:73,9,1,0
BRDA:124,10,0,0
BRDA:124,10,1,0
BRDA:138,11,0,0
BRDA:138,11,1,0
BRDA:152,12,0,0
BRDA:152,12,1,0
BRF:24
BRH:9
end_of_record
TN:
SF:/Users/bdhowe/Documents/git/MetaDatabase/lib/glassDoor/GlassExpressEDMRouter.js
FN:7,(anonymous_1)
FN:7,defineProperties
FN:7,(anonymous_3)
FN:17,_interopRequireDefault
FN:19,_classCallCheck
FN:23,(anonymous_6)
FN:24,_class
FN:34,dispose
FN:39,attach
FN:44,(anonymous_10)
FN:53,(anonymous_11)
FNF:11
FNH:5
FNDA:1,(anonymous_1)
FNDA:1,defineProperties
FNDA:1,(anonymous_3)
FNDA:2,_interopRequireDefault
FNDA:0,_classCallCheck
FNDA:1,(anonymous_6)
FNDA:0,_class
FNDA:0,dispose
FNDA:0,attach
FNDA:0,(anonymous_10)
FNDA:0,(anonymous_11)
DA:3,1
DA:7,2
DA:9,1
DA:11,1
DA:13,1
DA:15,1
DA:17,2
DA:19,1
DA:23,1
DA:24,1
DA:25,0
DA:27,0
DA:28,0
DA:29,0
DA:32,1
DA:35,0
DA:40,0
DA:42,0
DA:44,0
DA:45,0
DA:46,0
DA:48,0
DA:51,0
DA:53,0
DA:54,0
DA:60,0
DA:64,1
DA:67,1
LF:28
LH:13
BRDA:7,1,0,2
BRDA:7,1,1,2
BRDA:7,2,0,2
BRDA:7,2,1,0
BRDA:7,3,0,1
BRDA:7,3,1,0
BRDA:7,4,0,0
BRDA:7,4,1,1
BRDA:17,5,0,0
BRDA:17,5,1,2
BRDA:17,6,0,2
BRDA:17,6,1,2
BRDA:19,7,0,0
BRDA:19,7,1,0
BRDA:45,8,0,0
BRDA:45,8,1,0
BRF:16
BRH:8
end_of_record
TN:
SF:/Users/bdhowe/Documents/git/MetaDatabase/lib/user/Guest.js
FN:11,_interopRequireDefault
FN:13,_classCallCheck
FN:15,_possibleConstructorReturn
FN:17,_inherits
FN:19,(anonymous_5)
FN:22,Guest
FNF:6
FNH:6
FNDA:1,_interopRequireDefault
FNDA:1,_classCallCheck
FNDA:1,_possibleConstructorReturn
FNDA:1,_inherits
FNDA:1,(anonymous_5)
FNDA:1,Guest
DA:3,1
DA:7,1
DA:9,1
DA:11,1
DA:13,1
DA:15,1
DA:17,1
DA:19,1
DA:20,1
DA:22,1
DA:23,1
DA:25,1
DA:27,1
DA:28,1
DA:29,1
DA:30,1
DA:33,1
DA:36,1
LF:18
LH:18
BRDA:11,1,0,1
BRDA:11,1,1,0
BRDA:11,2,0,1
BRDA:11,2,1,1
BRDA:13,3,0,0
BRDA:13,3,1,1
BRDA:15,4,0,0
BRDA:15,4,1,1
BRDA:15,5,0,0
BRDA:15,5,1,1
BRDA:15,6,0,1
BRDA:15,6,1,0
BRDA:15,6,2,0
BRDA:17,7,0,0
BRDA:17,7,1,1
BRDA:17,8,0,1
BRDA:17,8,1,0
BRDA:17,9,0,1
BRDA:17,9,1,1
BRDA:17,10,0,1
BRDA:17,10,1,0
BRDA:17,11,0,1
BRDA:17,11,1,0
BRDA:25,12,0,1
BRDA:25,12,1,0
BRF:25
BRH:14
end_of_record
TN:
SF:/Users/bdhowe/Documents/git/MetaDatabase/lib/user/Admin.js
FN:11,_interopRequireDefault
FN:13,_classCallCheck
FN:15,_possibleConstructorReturn
FN:17,_inherits
FN:19,(anonymous_5)
FN:22,Admin
FNF:6
FNH:6
FNDA:1,_interopRequireDefault
FNDA:1,_classCallCheck
FNDA:1,_possibleConstructorReturn
FNDA:1,_inherits
FNDA:1,(anonymous_5)
FNDA:1,Admin
DA:3,1
DA:7,1
DA:9,1
DA:11,1
DA:13,1
DA:15,1
DA:17,1
DA:19,1
DA:20,1
DA:22,1
DA:23,1
DA:25,1
DA:27,1
DA:28,1
DA:29,1
DA:32,1
DA:35,1
LF:17
LH:17
BRDA:11,1,0,1
BRDA:11,1,1,0
BRDA:11,2,0,1
BRDA:11,2,1,1
BRDA:13,3,0,0
BRDA:13,3,1,1
BRDA:15,4,0,0
BRDA:15,4,1,1
BRDA:15,5,0,0
BRDA:15,5,1,1
BRDA:15,6,0,1
BRDA:15,6,1,0
BRDA:15,6,2,0
BRDA:17,7,0,0
BRDA:17,7,1,1
BRDA:17,8,0,1
BRDA:17,8,1,0
BRDA:17,9,0,1
BRDA:17,9,1,1
BRDA:17,10,0,1
BRDA:17,10,1,0
BRDA:17,11,0,1
BRDA:17,11,1,0
BRDA:25,12,0,1
BRDA:25,12,1,0
BRDA:27,13,0,1
BRDA:27,13,1,1
BRF:27
BRH:16
end_of_record
TN:
SF:/Users/bdhowe/Documents/git/MetaDatabase/lib/mock/FileSystem.js
FN:7,(anonymous_1)
FN:7,defineProperties
FN:7,(anonymous_3)
FN:13,_classCallCheck
FN:15,_possibleConstructorReturn
FN:17,_inherits
FN:19,(anonymous_7)
FN:22,FileWritable
FN:36,_write
FN:45,(anonymous_10)
FN:46,FileSystem
FN:54,getReadStreamAsync
FN:67,getWriteStreamAsync
FN:73,removeFileAsync
FN:84,getFileSizeAsync
FNF:15
FNH:15
FNDA:1,(anonymous_1)
FNDA:2,defineProperties
FNDA:2,(anonymous_3)
FNDA:11,_classCallCheck
FNDA:1,_possibleConstructorReturn
FNDA:1,_inherits
FNDA:1,(anonymous_7)
FNDA:1,FileWritable
FNDA:1,_write
FNDA:1,(anonymous_10)
FNDA:10,FileSystem
FNDA:1,getReadStreamAsync
FNDA:1,getWriteStreamAsync
FNDA:1,removeFileAsync
FNDA:1,getFileSizeAsync
DA:3,1
DA:7,5
DA:9,1
DA:11,1
DA:13,11
DA:15,1
DA:17,1
DA:19,1
DA:20,1
DA:22,1
DA:23,1
DA:25,1
DA:27,1
DA:28,1
DA:30,1
DA:31,1
DA:34,1
DA:37,1
DA:38,1
DA:42,1
DA:45,1
DA:46,1
DA:47,10
DA:49,10
DA:52,1
DA:55,1
DA:56,0
DA:59,1
DA:60,1
DA:61,1
DA:63,1
DA:68,1
DA:69,1
DA:74,1
DA:75,0
DA:78,1
DA:80,1
DA:85,1
DA:86,0
DA:89,1
DA:93,1
DA:96,1
LF:42
LH:39
BRDA:7,1,0,5
BRDA:7,1,1,5
BRDA:7,2,0,5
BRDA:7,2,1,0
BRDA:7,3,0,2
BRDA:7,3,1,0
BRDA:7,4,0,0
BRDA:7,4,1,2
BRDA:13,5,0,0
BRDA:13,5,1,11
BRDA:15,6,0,0
BRDA:15,6,1,1
BRDA:15,7,0,0
BRDA:15,7,1,1
BRDA:15,8,0,1
BRDA:15,8,1,0
BRDA:15,8,2,0
BRDA:17,9,0,0
BRDA:17,9,1,1
BRDA:17,10,0,1
BRDA:17,10,1,0
BRDA:17,11,0,1
BRDA:17,11,1,1
BRDA:17,12,0,1
BRDA:17,12,1,0
BRDA:17,13,0,1
BRDA:17,13,1,0
BRDA:25,14,0,1
BRDA:25,14,1,0
BRDA:55,15,0,0
BRDA:55,15,1,1
BRDA:74,16,0,0
BRDA:74,16,1,1
BRDA:85,17,0,0
BRDA:85,17,1,1
BRF:35
BRH:19
end_of_record
TN:
SF:/Users/bdhowe/Documents/git/MetaDatabase/lib/migration/CommandBuilder.js
FN:7,(anonymous_1)
FN:7,defineProperties
FN:7,(anonymous_3)
FN:17,_interopRequireDefault
FN:19,_classCallCheck
FN:21,(anonymous_6)
FN:22,CommandBuilder
FN:30,createAddColumnCommand
FN:49,createAddDecoratorCommand
FN:68,createAddOneToOneRelationshipCommand
FN:86,createAddOneToManyRelationshipCommand
FN:104,createAddTableCommand
FN:120,createRemoveColumnCommand
FN:139,createRemoveDecoratorCommand
FN:162,createRemoveOneToOneRelationshipCommand
FN:180,createRemoveOneToManyRelationshipCommand
FN:198,createRemoveTableCommand
FN:214,createUpdateColumnCommand
FN:236,createUpdateDecoratorCommand
FN:258,createUpdateOneToOneCommand
FN:274,createUpdateOneToManyCommand
FN:290,createUpdateTableCommand
FN:312,createCommandsFromEdm
FN:317,(anonymous_24)
FN:323,(anonymous_25)
FN:330,(anonymous_26)
FN:335,(anonymous_27)
FNF:27
FNH:10
FNDA:1,(anonymous_1)
FNDA:1,defineProperties
FNDA:1,(anonymous_3)
FNDA:2,_interopRequireDefault
FNDA:3,_classCallCheck
FNDA:1,(anonymous_6)
FNDA:3,CommandBuilder
FNDA:4,createAddColumnCommand
FNDA:0,createAddDecoratorCommand
FNDA:0,createAddOneToOneRelationshipCommand
FNDA:0,createAddOneToManyRelationshipCommand
FNDA:5,createAddTableCommand
FNDA:0,createRemoveColumnCommand
FNDA:0,createRemoveDecoratorCommand
FNDA:0,createRemoveOneToOneRelationshipCommand
FNDA:0,createRemoveOneToManyRelationshipCommand
FNDA:0,createRemoveTableCommand
FNDA:1,createUpdateColumnCommand
FNDA:0,createUpdateDecoratorCommand
FNDA:0,createUpdateOneToOneCommand
FNDA:0,createUpdateOneToManyCommand
FNDA:0,createUpdateTableCommand
FNDA:0,createCommandsFromEdm
FNDA:0,(anonymous_24)
FNDA:0,(anonymous_25)
FNDA:0,(anonymous_26)
FNDA:0,(anonymous_27)
DA:3,1
DA:7,16
DA:9,1
DA:11,1
DA:13,1
DA:15,1
DA:17,2
DA:19,3
DA:21,1
DA:22,1
DA:23,3
DA:25,3
DA:28,1
DA:31,4
DA:33,4
DA:34,4
DA:39,4
DA:40,4
DA:42,4
DA:43,4
DA:45,4
DA:50,0
DA:52,0
DA:53,0
DA:58,0
DA:59,0
DA:61,0
DA:62,0
DA:64,0
DA:69,0
DA:71,0
DA:72,0
DA:76,0
DA:77,0
DA:79,0
DA:80,0
DA:82,0
DA:87,0
DA:89,0
DA:90,0
DA:94,0
DA:95,0
DA:97,0
DA:98,0
DA:100,0
DA:105,5
DA:107,5
DA:108,5
DA:110,5
DA:111,5
DA:113,5
DA:114,5
DA:116,5
DA:121,0
DA:123,0
DA:124,0
DA:129,0
DA:130,0
DA:132,0
DA:133,0
DA:135,0
DA:140,0
DA:142,0
DA:143,0
DA:148,0
DA:149,0
DA:152,0
DA:153,0
DA:155,0
DA:156,0
DA:158,0
DA:163,0
DA:165,0
DA:166,0
DA:170,0
DA:171,0
DA:173,0
DA:174,0
DA:176,0
DA:181,0
DA:183,0
DA:184,0
DA:188,0
DA:189,0
DA:191,0
DA:192,0
DA:194,0
DA:199,0
DA:201,0
DA:202,0
DA:204,0
DA:205,0
DA:207,0
DA:208,0
DA:210,0
DA:215,1
DA:216,1
DA:218,1
DA:220,1
DA:221,1
DA:226,1
DA:227,1
DA:232,1
DA:237,0
DA:238,0
DA:240,0
DA:242,0
DA:243,0
DA:248,0
DA:249,0
DA:254,0
DA:259,0
DA:260,0
DA:262,0
DA:264,0
DA:265,0
DA:267,0
DA:268,0
DA:270,0
DA:275,0
DA:276,0
DA:278,0
DA:280,0
DA:281,0
DA:283,0
DA:284,0
DA:286,0
DA:291,0
DA:292,0
DA:294,0
DA:296,0
DA:297,0
DA:302,0
DA:303,0
DA:308,0
DA:313,0
DA:317,0
DA:318,0
DA:319,0
DA:321,0
DA:323,0
DA:324,0
DA:327,0
DA:330,0
DA:331,0
DA:332,0
DA:335,0
DA:336,0
DA:337,0
DA:340,0
DA:344,1
DA:347,1
LF:152
LH:39
BRDA:7,1,0,16
BRDA:7,1,1,16
BRDA:7,2,0,16
BRDA:7,2,1,0
BRDA:7,3,0,1
BRDA:7,3,1,0
BRDA:7,4,0,0
BRDA:7,4,1,1
BRDA:17,5,0,2
BRDA:17,5,1,0
BRDA:17,6,0,2
BRDA:17,6,1,2
BRDA:19,7,0,0
BRDA:19,7,1,3
BRDA:148,8,0,0
BRDA:148,8,1,0
BRF:16
BRH:9
end_of_record
TN:
SF:/Users/bdhowe/Documents/git/MetaDatabase/lib/migration/Command.js
FN:11,_interopRequireDefault
FN:13,_classCallCheck
FN:15,Command
FNF:3
FNH:3
FNDA:1,_interopRequireDefault
FNDA:12,_classCallCheck
FNDA:12,Command
DA:3,1
DA:7,1
DA:9,1
DA:11,1
DA:13,12
DA:15,1
DA:16,12
DA:18,12
DA:20,12
DA:26,12
DA:33,1
LF:11
LH:11
BRDA:11,1,0,1
BRDA:11,1,1,0
BRDA:11,2,0,1
BRDA:11,2,1,1
BRDA:13,3,0,0
BRDA:13,3,1,12
BRDA:18,4,0,12
BRDA:18,4,1,12
BRF:8
BRH:6
end_of_record
TN:
SF:/Users/bdhowe/Documents/git/MetaDatabase/lib/util/Guid.js
FN:7,(anonymous_1)
FN:7,defineProperties
FN:7,(anonymous_3)
FN:9,_classCallCheck
FN:11,S4
FN:16,(anonymous_6)
FN:17,Guid
FN:23,create
FNF:8
FNH:6
FNDA:1,(anonymous_1)
FNDA:1,defineProperties
FNDA:1,(anonymous_3)
FNDA:0,_classCallCheck
FNDA:96,S4
FNDA:1,(anonymous_6)
FNDA:0,Guid
FNDA:12,create
DA:3,1
DA:7,1
DA:9,1
DA:11,1
DA:12,96
DA:16,1
DA:17,1
DA:18,0
DA:21,1
DA:24,12
DA:28,1
DA:31,1
LF:12
LH:11
BRDA:7,1,0,1
BRDA:7,1,1,1
BRDA:7,2,0,1
BRDA:7,2,1,0
BRDA:7,3,0,0
BRDA:7,3,1,1
BRDA:7,4,0,1
BRDA:7,4,1,0
BRDA:9,5,0,0
BRDA:9,5,1,0
BRF:10
BRH:5
end_of_record
TN:
SF:/Users/bdhowe/Documents/git/MetaDatabase/lib/mock/MsSqlPool.js
FN:7,(anonymous_1)
FN:7,defineProperties
FN:7,(anonymous_3)
FN:9,_classCallCheck
FN:11,(anonymous_5)
FN:12,_class
FN:18,request
FN:22,query
FN:30,asPromise
FNF:9
FNH:8
FNDA:1,(anonymous_1)
FNDA:1,defineProperties
FNDA:1,(anonymous_3)
FNDA:2,_classCallCheck
FNDA:1,(anonymous_5)
FNDA:2,_class
FNDA:2,request
FNDA:2,query
FNDA:0,asPromise
DA:3,1
DA:7,2
DA:9,2
DA:11,1
DA:12,1
DA:13,2
DA:16,1
DA:19,2
DA:21,2
DA:23,2
DA:24,2
DA:31,0
DA:37,1
DA:40,1
LF:14
LH:13
BRDA:7,1,0,2
BRDA:7,1,1,2
BRDA:7,2,0,2
BRDA:7,2,1,0
BRDA:7,3,0,1
BRDA:7,3,1,0
BRDA:7,4,0,0
BRDA:7,4,1,1
BRDA:9,5,0,0
BRDA:9,5,1,2
BRF:10
BRH:6
end_of_record
