TN:
SF:/Users/jaredbarnes/LSS/MetaDatabase/lib/sqlite/Database.js
FN:7,(anonymous_1)
FN:7,defineProperties
FN:7,(anonymous_3)
FN:17,_interopRequireDefault
FN:19,_classCallCheck
FN:23,(anonymous_6)
FN:24,Database
FN:50,_createTables
FN:58,(anonymous_9)
FN:64,_getTableFromEdm
FN:65,(anonymous_11)
FN:71,_getTableBuildOrder
FN:76,(anonymous_13)
FN:84,_walkRelationships
FN:91,forEachRelationship
FN:96,(anonymous_16)
FN:100,(anonymous_17)
FN:108,createAsync
FN:113,(anonymous_19)
FN:114,(anonymous_20)
FN:122,dropAsync
FN:127,(anonymous_22)
FN:128,(anonymous_23)
FN:136,getTable
FN:141,getTables
FN:144,(anonymous_26)
FNF:26
FNH:20
FNDA:1,(anonymous_1)
FNDA:1,defineProperties
FNDA:1,(anonymous_3)
FNDA:2,_interopRequireDefault
FNDA:11,_classCallCheck
FNDA:1,(anonymous_6)
FNDA:11,Database
FNDA:11,_createTables
FNDA:33,(anonymous_9)
FNDA:0,_getTableFromEdm
FNDA:0,(anonymous_11)
FNDA:11,_getTableBuildOrder
FNDA:33,(anonymous_13)
FNDA:33,_walkRelationships
FNDA:0,forEachRelationship
FNDA:33,(anonymous_16)
FNDA:33,(anonymous_17)
FNDA:10,createAsync
FNDA:30,(anonymous_19)
FNDA:30,(anonymous_20)
FNDA:0,dropAsync
FNDA:0,(anonymous_22)
FNDA:0,(anonymous_23)
FNDA:3,getTable
FNDA:6,getTables
FNDA:18,(anonymous_26)
DA:3,1
DA:7,8
DA:9,1
DA:11,1
DA:13,1
DA:15,1
DA:17,2
DA:19,11
DA:21,1
DA:23,1
DA:24,1
DA:25,11
DA:27,11
DA:29,11
DA:30,11
DA:32,11
DA:33,0
DA:35,11
DA:36,0
DA:39,11
DA:40,11
DA:41,11
DA:42,11
DA:44,11
DA:45,11
DA:48,1
DA:51,11
DA:53,11
DA:58,11
DA:59,33
DA:65,0
DA:66,0
DA:72,11
DA:74,11
DA:76,11
DA:77,33
DA:80,11
DA:85,33
DA:87,33
DA:88,0
DA:91,33
DA:92,0
DA:93,0
DA:96,33
DA:97,33
DA:100,33
DA:101,33
DA:104,33
DA:109,10
DA:111,10
DA:113,10
DA:114,30
DA:115,30
DA:116,30
DA:123,0
DA:125,0
DA:127,0
DA:128,0
DA:129,0
DA:130,0
DA:137,3
DA:142,6
DA:144,6
DA:145,18
DA:150,1
DA:153,1
LF:66
LH:53
BRDA:7,1,0,8
BRDA:7,1,1,8
BRDA:7,2,0,8
BRDA:7,2,1,0
BRDA:7,3,0,1
BRDA:7,3,1,0
BRDA:7,4,0,0
BRDA:7,4,1,1
BRDA:17,5,0,2
BRDA:17,5,1,0
BRDA:17,6,0,2
BRDA:17,6,1,2
BRDA:19,7,0,0
BRDA:19,7,1,11
BRDA:25,8,0,11
BRDA:25,8,1,0
BRDA:25,9,0,11
BRDA:25,9,1,11
BRDA:32,10,0,0
BRDA:32,10,1,11
BRDA:35,11,0,0
BRDA:35,11,1,11
BRDA:87,12,0,0
BRDA:87,12,1,33
BRF:24
BRH:15
end_of_record
TN:
SF:/Users/jaredbarnes/LSS/MetaDatabase/lib/sqlite/Table.js
FN:7,(anonymous_1)
FN:7,defineProperties
FN:7,(anonymous_3)
FN:19,_interopRequireDefault
FN:21,_classCallCheck
FN:23,(anonymous_6)
FN:24,Table
FN:60,_clone
FN:65,_getPrimaryKeyName
FN:66,(anonymous_10)
FN:74,_getTable
FN:75,(anonymous_12)
FN:81,addEntityAsync
FN:86,(anonymous_14)
FN:95,asQueryable
FN:103,createAsync
FN:113,dropAsync
FN:120,getQueryProvider
FN:125,removeEntityAsync
FN:128,(anonymous_20)
FN:134,updateEntityAsync
FN:137,(anonymous_22)
FNF:22
FNH:20
FNDA:1,(anonymous_1)
FNDA:1,defineProperties
FNDA:1,(anonymous_3)
FNDA:2,_interopRequireDefault
FNDA:36,_classCallCheck
FNDA:1,(anonymous_6)
FNDA:36,Table
FNDA:10,_clone
FNDA:10,_getPrimaryKeyName
FNDA:10,(anonymous_10)
FNDA:36,_getTable
FNDA:70,(anonymous_12)
FNDA:10,addEntityAsync
FNDA:10,(anonymous_14)
FNDA:3,asQueryable
FNDA:32,createAsync
FNDA:0,dropAsync
FNDA:0,getQueryProvider
FNDA:2,removeEntityAsync
FNDA:2,(anonymous_20)
FNDA:2,updateEntityAsync
FNDA:2,(anonymous_22)
DA:3,1
DA:7,10
DA:9,1
DA:11,1
DA:13,1
DA:15,1
DA:17,1
DA:19,2
DA:21,36
DA:23,1
DA:24,1
DA:25,36
DA:27,36
DA:29,36
DA:30,36
DA:31,36
DA:33,36
DA:34,0
DA:37,36
DA:38,0
DA:41,36
DA:42,0
DA:45,36
DA:47,36
DA:48,0
DA:51,36
DA:52,36
DA:58,1
DA:61,10
DA:66,10
DA:67,10
DA:70,10
DA:75,36
DA:76,70
DA:82,10
DA:84,10
DA:86,10
DA:87,10
DA:89,10
DA:90,10
DA:96,3
DA:97,3
DA:99,3
DA:104,32
DA:105,32
DA:107,32
DA:109,32
DA:114,0
DA:116,0
DA:121,0
DA:126,2
DA:128,2
DA:129,2
DA:135,2
DA:137,2
DA:138,2
DA:143,1
DA:146,1
LF:58
LH:51
BRDA:7,1,0,10
BRDA:7,1,1,10
BRDA:7,2,0,10
BRDA:7,2,1,0
BRDA:7,3,0,1
BRDA:7,3,1,0
BRDA:7,4,0,0
BRDA:7,4,1,1
BRDA:19,5,0,2
BRDA:19,5,1,0
BRDA:19,6,0,2
BRDA:19,6,1,2
BRDA:21,7,0,0
BRDA:21,7,1,36
BRDA:25,8,0,36
BRDA:25,8,1,0
BRDA:25,9,0,36
BRDA:25,9,1,36
BRDA:33,10,0,0
BRDA:33,10,1,36
BRDA:37,11,0,0
BRDA:37,11,1,36
BRDA:41,12,0,0
BRDA:41,12,1,36
BRDA:47,13,0,0
BRDA:47,13,1,36
BRDA:70,14,0,10
BRDA:70,14,1,10
BRDA:70,14,2,0
BRF:29
BRH:18
end_of_record
TN:
SF:/Users/jaredbarnes/LSS/MetaDatabase/lib/sqlite/TableStatementBuilder.js
FN:7,(anonymous_1)
FN:7,defineProperties
FN:7,(anonymous_3)
FN:13,_interopRequireDefault
FN:15,_classCallCheck
FN:22,(anonymous_6)
FN:23,TableStatementBuilder
FN:31,_escapeName
FN:36,createDropTableStatment
FN:41,createInsertStatement
FN:56,(anonymous_11)
FN:88,createUpdateStatement
FN:113,(anonymous_13)
FN:122,(anonymous_14)
FN:136,createDeleteStatement
FN:151,(anonymous_16)
FN:168,createColumnDefinitionStatement
FN:194,createColumnsDefinitionStatement
FN:198,(anonymous_19)
FN:200,(anonymous_20)
FN:208,createIndexStatement
FN:213,createTableIndexesStatements
FN:216,(anonymous_23)
FN:222,(anonymous_24)
FN:224,(anonymous_25)
FN:228,(anonymous_26)
FN:236,createForeignKeysStatement
FN:242,(anonymous_28)
FN:248,createForeignKeyStatement
FN:253,createPrimaryKeyStatement
FN:256,(anonymous_31)
FN:268,createTableStatement
FN:284,filterRelevantColumns
FN:287,(anonymous_34)
FN:293,getTablesRelationshipsAsTargets
FN:296,filter
FN:313,getTablesRelationshipsAsSources
FN:316,filter
FN:333,getColumn
FN:334,(anonymous_40)
FN:340,getDefaultValue
FN:345,getPrimaryKeys
FN:346,(anonymous_43)
FN:348,(anonymous_44)
FN:354,toSqliteValue
FNF:45
FNH:39
FNDA:1,(anonymous_1)
FNDA:1,defineProperties
FNDA:1,(anonymous_3)
FNDA:1,_interopRequireDefault
FNDA:44,_classCallCheck
FNDA:1,(anonymous_6)
FNDA:44,TableStatementBuilder
FNDA:429,_escapeName
FNDA:0,createDropTableStatment
FNDA:12,createInsertStatement
FNDA:68,(anonymous_11)
FNDA:3,createUpdateStatement
FNDA:18,(anonymous_13)
FNDA:3,(anonymous_14)
FNDA:3,createDeleteStatement
FNDA:3,(anonymous_16)
FNDA:126,createColumnDefinitionStatement
FNDA:34,createColumnsDefinitionStatement
FNDA:126,(anonymous_19)
FNDA:126,(anonymous_20)
FNDA:55,createIndexStatement
FNDA:33,createTableIndexesStatements
FNDA:22,(anonymous_23)
FNDA:22,(anonymous_24)
FNDA:0,(anonymous_25)
FNDA:33,(anonymous_26)
FNDA:34,createForeignKeysStatement
FNDA:22,(anonymous_28)
FNDA:22,createForeignKeyStatement
FNDA:0,createPrimaryKeyStatement
FNDA:0,(anonymous_31)
FNDA:34,createTableStatement
FNDA:15,filterRelevantColumns
FNDA:86,(anonymous_34)
FNDA:67,getTablesRelationshipsAsTargets
FNDA:134,filter
FNDA:33,getTablesRelationshipsAsSources
FNDA:66,filter
FNDA:0,getColumn
FNDA:0,(anonymous_40)
FNDA:68,getDefaultValue
FNDA:165,getPrimaryKeys
FNDA:726,(anonymous_43)
FNDA:165,(anonymous_44)
FNDA:17,toSqliteValue
DA:3,1
DA:7,20
DA:9,1
DA:11,1
DA:13,1
DA:15,44
DA:17,1
DA:22,1
DA:23,1
DA:24,44
DA:26,44
DA:29,1
DA:32,429
DA:37,0
DA:42,12
DA:44,12
DA:45,0
DA:48,12
DA:49,0
DA:52,12
DA:53,12
DA:54,12
DA:56,12
DA:57,68
DA:58,68
DA:60,68
DA:61,10
DA:63,10
DA:64,0
DA:66,10
DA:71,12
DA:72,12
DA:74,12
DA:75,2
DA:81,10
DA:89,3
DA:91,3
DA:92,3
DA:93,3
DA:94,3
DA:95,3
DA:97,3
DA:98,0
DA:101,3
DA:102,0
DA:105,3
DA:106,0
DA:109,3
DA:110,0
DA:113,3
DA:114,18
DA:116,18
DA:117,4
DA:118,4
DA:122,3
DA:123,3
DA:124,3
DA:127,3
DA:129,3
DA:137,3
DA:139,3
DA:140,0
DA:143,3
DA:144,0
DA:147,3
DA:148,3
DA:149,3
DA:151,3
DA:153,3
DA:154,0
DA:156,3
DA:157,3
DA:161,3
DA:169,126
DA:170,126
DA:171,126
DA:173,126
DA:174,126
DA:176,126
DA:178,34
DA:179,34
DA:182,34
DA:183,34
DA:187,126
DA:189,0
DA:195,34
DA:197,34
DA:198,34
DA:199,126
DA:201,126
DA:204,34
DA:209,55
DA:214,33
DA:216,33
DA:217,22
DA:220,33
DA:222,33
DA:223,22
DA:225,0
DA:228,33
DA:229,33
DA:232,33
DA:237,34
DA:239,34
DA:240,34
DA:242,34
DA:243,22
DA:249,22
DA:254,0
DA:256,0
DA:257,0
DA:260,0
DA:261,0
DA:263,0
DA:269,34
DA:271,34
DA:272,34
DA:274,34
DA:275,22
DA:276,12
DA:277,12
DA:279,0
DA:285,15
DA:287,15
DA:288,86
DA:294,67
DA:296,67
DA:297,134
DA:299,134
DA:300,44
DA:301,44
DA:303,90
DA:306,67
DA:307,67
DA:309,67
DA:314,33
DA:316,33
DA:317,66
DA:319,66
DA:320,22
DA:321,22
DA:323,44
DA:326,33
DA:327,33
DA:329,33
DA:334,0
DA:335,0
DA:341,68
DA:346,165
DA:347,726
DA:349,165
DA:355,17
DA:356,13
DA:357,4
DA:358,4
DA:359,0
DA:360,0
DA:361,0
DA:362,0
DA:363,0
DA:364,0
DA:366,0
DA:371,1
DA:374,1
LF:164
LH:135
BRDA:7,1,0,20
BRDA:7,1,1,20
BRDA:7,2,0,20
BRDA:7,2,1,0
BRDA:7,3,0,1
BRDA:7,3,1,0
BRDA:7,4,0,0
BRDA:7,4,1,1
BRDA:13,5,0,1
BRDA:13,5,1,0
BRDA:13,6,0,1
BRDA:13,6,1,1
BRDA:15,7,0,0
BRDA:15,7,1,44
BRDA:44,8,0,0
BRDA:44,8,1,12
BRDA:48,9,0,0
BRDA:48,9,1,12
BRDA:60,10,0,10
BRDA:60,10,1,58
BRDA:60,11,0,68
BRDA:60,11,1,10
BRDA:63,12,0,0
BRDA:63,12,1,10
BRDA:74,13,0,2
BRDA:74,13,1,10
BRDA:97,14,0,0
BRDA:97,14,1,3
BRDA:101,15,0,0
BRDA:101,15,1,3
BRDA:105,16,0,0
BRDA:105,16,1,3
BRDA:109,17,0,0
BRDA:109,17,1,3
BRDA:116,18,0,4
BRDA:116,18,1,14
BRDA:116,19,0,18
BRDA:116,19,1,4
BRDA:139,20,0,0
BRDA:139,20,1,3
BRDA:143,21,0,0
BRDA:143,21,1,3
BRDA:153,22,0,0
BRDA:153,22,1,3
BRDA:173,23,0,126
BRDA:173,23,1,0
BRDA:176,24,0,34
BRDA:176,24,1,92
BRDA:178,25,0,34
BRDA:178,25,1,0
BRDA:182,26,0,34
BRDA:182,26,1,0
BRDA:260,27,0,0
BRDA:260,27,1,0
BRDA:274,28,0,22
BRDA:274,28,1,12
BRDA:274,29,0,34
BRDA:274,29,1,34
BRDA:276,30,0,12
BRDA:276,30,1,0
BRDA:299,31,0,44
BRDA:299,31,1,90
BRDA:299,32,0,134
BRDA:299,32,1,44
BRDA:319,33,0,22
BRDA:319,33,1,44
BRDA:319,34,0,66
BRDA:319,34,1,22
BRDA:341,35,0,68
BRDA:341,35,1,46
BRDA:355,36,0,13
BRDA:355,36,1,4
BRDA:357,37,0,4
BRDA:357,37,1,0
BRDA:359,38,0,0
BRDA:359,38,1,0
BRDA:360,39,0,0
BRDA:360,39,1,0
BRDA:361,40,0,0
BRDA:361,40,1,0
BRDA:363,41,0,0
BRDA:363,41,1,0
BRF:82
BRH:52
end_of_record
TN:
SF:/Users/jaredbarnes/LSS/MetaDatabase/lib/sqlite/dataTypeMapping.js
FNF:0
FNH:0
DA:3,1
DA:6,1
LF:2
LH:2
BRF:0
BRH:0
end_of_record
TN:
SF:/Users/jaredbarnes/LSS/MetaDatabase/lib/sqlite/Provider.js
FN:7,(anonymous_1)
FN:7,defineProperties
FN:7,(anonymous_3)
FN:17,_interopRequireDefault
FN:19,_classCallCheck
FN:21,(anonymous_6)
FN:22,Provider
FN:44,toArrayAsync
FN:51,(anonymous_9)
FN:57,toArrayWithCountAsync
FN:61,(anonymous_11)
FN:64,(anonymous_12)
FN:73,countAsync
FN:78,(anonymous_14)
FNF:14
FNH:9
FNDA:1,(anonymous_1)
FNDA:1,defineProperties
FNDA:1,(anonymous_3)
FNDA:2,_interopRequireDefault
FNDA:36,_classCallCheck
FNDA:1,(anonymous_6)
FNDA:36,Provider
FNDA:9,toArrayAsync
FNDA:9,(anonymous_9)
FNDA:0,toArrayWithCountAsync
FNDA:0,(anonymous_11)
FNDA:0,(anonymous_12)
FNDA:0,countAsync
FNDA:0,(anonymous_14)
DA:3,1
DA:7,3
DA:9,1
DA:11,1
DA:13,1
DA:15,1
DA:17,2
DA:19,36
DA:21,1
DA:22,1
DA:23,36
DA:25,36
DA:27,36
DA:28,0
DA:31,36
DA:32,0
DA:35,36
DA:36,36
DA:37,36
DA:39,36
DA:42,1
DA:45,9
DA:47,9
DA:48,9
DA:49,9
DA:51,9
DA:52,9
DA:58,0
DA:60,0
DA:61,0
DA:62,0
DA:63,0
DA:65,0
DA:74,0
DA:75,0
DA:76,0
DA:78,0
DA:79,0
DA:84,1
DA:87,1
LF:40
LH:27
BRDA:7,1,0,3
BRDA:7,1,1,3
BRDA:7,2,0,3
BRDA:7,2,1,0
BRDA:7,3,0,1
BRDA:7,3,1,0
BRDA:7,4,0,0
BRDA:7,4,1,1
BRDA:17,5,0,2
BRDA:17,5,1,0
BRDA:17,6,0,2
BRDA:17,6,1,2
BRDA:19,7,0,0
BRDA:19,7,1,36
BRDA:23,8,0,36
BRDA:23,8,1,0
BRDA:23,9,0,36
BRDA:23,9,1,36
BRDA:27,10,0,0
BRDA:27,10,1,36
BRDA:31,11,0,0
BRDA:31,11,1,36
BRF:22
BRH:14
end_of_record
TN:
SF:/Users/jaredbarnes/LSS/MetaDatabase/lib/sqlite/Visitor.js
FN:7,(anonymous_1)
FN:7,defineProperties
FN:7,(anonymous_3)
FN:11,_classCallCheck
FN:13,_possibleConstructorReturn
FN:15,_inherits
FN:17,(anonymous_7)
FN:20,Visitor
FN:34,convertString
FN:37,convertContainsString
FN:40,convertStartsWithString
FN:43,convertEndsWithString
FN:46,convertNumber
FN:49,convertBoolean
FN:52,convertDate
FN:62,_addJoinClause
FN:70,_escape
FN:75,_escapeIdentifier
FN:80,_buildLeftJoinStatementFromSource
FN:85,_buildLeftJoinStatementFromTarget
FN:90,_getNavigationProperties
FN:99,(anonymous_22)
FN:115,(anonymous_23)
FN:127,_getRelationshipsAsSource
FN:128,filter
FN:139,_getRelationshipsAsTarget
FN:140,filter
FN:151,_getTable
FN:152,(anonymous_29)
FN:158,_sqlizePrimitive
FN:175,_writeTableProperty
FN:180,and
FN:184,(anonymous_33)
FN:201,any
FN:209,ascending
FN:215,array
FN:220,boolean
FN:225,countAsync
FN:230,constant
FN:235,createSelectStatementWithCount
FN:252,createSelectStatement
FN:280,(anonymous_42)
FN:286,date
FN:291,descending
FN:297,endsWith
FN:303,equalTo
FN:313,expression
FN:318,greaterThan
FN:324,greaterThanOrEqualTo
FN:330,include
FN:335,isIn
FN:338,(anonymous_52)
FN:344,isNotIn
FN:347,(anonymous_54)
FN:353,lessThan
FN:359,lessThanOrEqualTo
FN:365,makeColumnAliases
FN:370,(anonymous_58)
FN:373,(anonymous_59)
FN:384,not
FN:389,notEqualTo
FN:399,_null
FN:404,number
FN:409,or
FN:412,(anonymous_65)
FN:429,orderBy
FN:439,property
FN:445,propertyAccess
FN:469,queryable
FN:477,skip
FN:482,startsWith
FN:491,string
FN:496,substringOf
FN:502,take
FN:511,type
FN:523,where
FNF:76
FNH:49
FNDA:1,(anonymous_1)
FNDA:1,defineProperties
FNDA:1,(anonymous_3)
FNDA:14,_classCallCheck
FNDA:14,_possibleConstructorReturn
FNDA:1,_inherits
FNDA:1,(anonymous_7)
FNDA:14,Visitor
FNDA:6,convertString
FNDA:0,convertContainsString
FNDA:0,convertStartsWithString
FNDA:1,convertEndsWithString
FNDA:5,convertNumber
FNDA:0,convertBoolean
FNDA:0,convertDate
FNDA:2,_addJoinClause
FNDA:7,_escape
FNDA:405,_escapeIdentifier
FNDA:26,_buildLeftJoinStatementFromSource
FNDA:2,_buildLeftJoinStatementFromTarget
FNDA:15,_getNavigationProperties
FNDA:26,(anonymous_22)
FNDA:2,(anonymous_23)
FNDA:15,_getRelationshipsAsSource
FNDA:30,filter
FNDA:15,_getRelationshipsAsTarget
FNDA:30,filter
FNDA:42,_getTable
FNDA:83,(anonymous_29)
FNDA:11,_sqlizePrimitive
FNDA:14,_writeTableProperty
FNDA:12,and
FNDA:13,(anonymous_33)
FNDA:0,any
FNDA:0,ascending
FNDA:0,array
FNDA:0,boolean
FNDA:0,countAsync
FNDA:24,constant
FNDA:0,createSelectStatementWithCount
FNDA:12,createSelectStatement
FNDA:72,(anonymous_42)
FNDA:0,date
FNDA:0,descending
FNDA:1,endsWith
FNDA:11,equalTo
FNDA:1,expression
FNDA:0,greaterThan
FNDA:0,greaterThanOrEqualTo
FNDA:12,include
FNDA:0,isIn
FNDA:0,(anonymous_52)
FNDA:0,isNotIn
FNDA:0,(anonymous_54)
FNDA:0,lessThan
FNDA:0,lessThanOrEqualTo
FNDA:12,makeColumnAliases
FNDA:13,(anonymous_58)
FNDA:75,(anonymous_59)
FNDA:0,not
FNDA:0,notEqualTo
FNDA:0,_null
FNDA:5,number
FNDA:0,or
FNDA:0,(anonymous_65)
FNDA:12,orderBy
FNDA:14,property
FNDA:14,propertyAccess
FNDA:1,queryable
FNDA:12,skip
FNDA:0,startsWith
FNDA:7,string
FNDA:0,substringOf
FNDA:12,take
FNDA:13,type
FNDA:13,where
DA:3,1
DA:7,49
DA:9,1
DA:11,14
DA:13,14
DA:15,1
DA:17,1
DA:18,1
DA:20,1
DA:21,14
DA:23,14
DA:25,14
DA:26,14
DA:27,14
DA:28,14
DA:29,14
DA:30,14
DA:31,14
DA:33,14
DA:35,6
DA:38,0
DA:41,0
DA:44,1
DA:47,5
DA:50,0
DA:53,0
DA:57,14
DA:60,1
DA:63,2
DA:64,2
DA:65,2
DA:71,7
DA:76,405
DA:81,26
DA:86,2
DA:91,15
DA:93,15
DA:94,15
DA:96,15
DA:97,15
DA:99,15
DA:100,26
DA:102,26
DA:103,13
DA:105,13
DA:108,26
DA:115,15
DA:116,2
DA:123,15
DA:128,15
DA:129,30
DA:132,15
DA:133,15
DA:135,15
DA:140,15
DA:141,30
DA:144,15
DA:145,15
DA:147,15
DA:152,42
DA:153,83
DA:159,11
DA:160,6
DA:161,5
DA:162,5
DA:163,0
DA:164,0
DA:165,0
DA:166,0
DA:167,0
DA:168,0
DA:170,0
DA:176,14
DA:181,12
DA:182,12
DA:184,12
DA:185,13
DA:186,13
DA:187,1
DA:191,12
DA:193,12
DA:194,0
DA:197,12
DA:202,0
DA:203,0
DA:205,0
DA:210,0
DA:211,0
DA:216,0
DA:221,0
DA:226,0
DA:231,24
DA:236,0
DA:237,0
DA:239,0
DA:240,0
DA:242,0
DA:244,0
DA:246,0
DA:248,0
DA:253,12
DA:255,12
DA:256,12
DA:258,12
DA:260,12
DA:261,12
DA:262,12
DA:263,12
DA:265,12
DA:266,12
DA:267,12
DA:269,12
DA:270,12
DA:272,12
DA:273,0
DA:274,12
DA:275,0
DA:278,12
DA:280,12
DA:281,72
DA:287,0
DA:292,0
DA:293,0
DA:298,1
DA:299,1
DA:304,11
DA:305,11
DA:306,0
DA:308,11
DA:314,1
DA:319,0
DA:320,0
DA:325,0
DA:326,0
DA:331,12
DA:336,0
DA:338,0
DA:339,0
DA:345,0
DA:347,0
DA:348,0
DA:354,0
DA:355,0
DA:360,0
DA:361,0
DA:366,12
DA:368,12
DA:370,12
DA:371,13
DA:373,13
DA:374,75
DA:376,75
DA:380,12
DA:385,0
DA:390,0
DA:391,0
DA:392,0
DA:394,0
DA:400,0
DA:405,5
DA:410,0
DA:411,0
DA:412,0
DA:413,0
DA:414,0
DA:415,0
DA:419,0
DA:421,0
DA:422,0
DA:425,0
DA:430,12
DA:431,12
DA:432,12
DA:435,0
DA:440,14
DA:441,14
DA:446,14
DA:447,14
DA:448,14
DA:450,14
DA:452,14
DA:453,2
DA:454,1
DA:456,2
DA:457,2
DA:458,2
DA:461,14
DA:470,1
DA:471,1
DA:473,1
DA:478,12
DA:483,0
DA:484,0
DA:485,0
DA:487,0
DA:492,7
DA:497,0
DA:498,0
DA:503,12
DA:504,12
DA:506,0
DA:512,13
DA:513,13
DA:515,13
DA:524,13
DA:525,2
DA:527,11
DA:531,1
DA:534,1
LF:209
LH:137
BRDA:7,1,0,49
BRDA:7,1,1,49
BRDA:7,2,0,49
BRDA:7,2,1,0
BRDA:7,3,0,1
BRDA:7,3,1,0
BRDA:7,4,0,0
BRDA:7,4,1,1
BRDA:11,5,0,0
BRDA:11,5,1,14
BRDA:13,6,0,0
BRDA:13,6,1,14
BRDA:13,7,0,0
BRDA:13,7,1,14
BRDA:13,8,0,14
BRDA:13,8,1,0
BRDA:13,8,2,0
BRDA:15,9,0,0
BRDA:15,9,1,1
BRDA:15,10,0,1
BRDA:15,10,1,0
BRDA:15,11,0,1
BRDA:15,11,1,1
BRDA:15,12,0,1
BRDA:15,12,1,0
BRDA:15,13,0,1
BRDA:15,13,1,0
BRDA:23,14,0,14
BRDA:23,14,1,0
BRDA:50,15,0,0
BRDA:50,15,1,0
BRDA:64,16,0,2
BRDA:64,16,1,0
BRDA:102,17,0,13
BRDA:102,17,1,13
BRDA:159,18,0,6
BRDA:159,18,1,5
BRDA:161,19,0,5
BRDA:161,19,1,0
BRDA:163,20,0,0
BRDA:163,20,1,0
BRDA:165,21,0,0
BRDA:165,21,1,0
BRDA:167,22,0,0
BRDA:167,22,1,0
BRDA:186,23,0,1
BRDA:186,23,1,12
BRDA:193,24,0,0
BRDA:193,24,1,12
BRDA:237,25,0,0
BRDA:237,25,1,0
BRDA:270,26,0,2
BRDA:270,26,1,10
BRDA:272,27,0,0
BRDA:272,27,1,12
BRDA:272,28,0,12
BRDA:272,28,1,11
BRDA:274,29,0,0
BRDA:274,29,1,12
BRDA:274,30,0,12
BRDA:274,30,1,1
BRDA:281,31,0,72
BRDA:281,31,1,72
BRDA:305,32,0,0
BRDA:305,32,1,11
BRDA:391,33,0,0
BRDA:391,33,1,0
BRDA:414,34,0,0
BRDA:414,34,1,0
BRDA:421,35,0,0
BRDA:421,35,1,0
BRDA:431,36,0,12
BRDA:431,36,1,0
BRDA:446,37,0,14
BRDA:446,37,1,14
BRDA:446,37,2,12
BRDA:447,38,0,14
BRDA:447,38,1,2
BRDA:447,38,2,12
BRDA:452,39,0,2
BRDA:452,39,1,12
BRDA:453,40,0,1
BRDA:453,40,1,1
BRDA:503,41,0,12
BRDA:503,41,1,0
BRDA:524,42,0,2
BRDA:524,42,1,11
BRF:87
BRH:50
end_of_record
TN:
SF:/Users/jaredbarnes/LSS/MetaDatabase/lib/sqlite/EntityBuilder.js
FN:7,(anonymous_1)
FN:7,defineProperties
FN:7,(anonymous_3)
FN:9,_classCallCheck
FN:11,flattenMultiKeyMap
FN:13,(anonymous_6)
FN:18,getValues
FN:19,(anonymous_8)
FN:24,(anonymous_9)
FN:25,EntityBuilder
FN:37,_attachEntityRelationships
FN:45,(anonymous_12)
FN:49,(anonymous_13)
FN:53,(anonymous_14)
FN:59,(anonymous_15)
FN:70,(anonymous_16)
FN:76,(anonymous_17)
FN:82,(anonymous_18)
FN:90,(anonymous_19)
FN:96,(anonymous_20)
FN:109,_convertRow
FN:121,(anonymous_22)
FN:137,_convertValue
FN:166,_createEntity
FN:173,(anonymous_25)
FN:181,_createEntityMap
FN:182,(anonymous_27)
FN:189,_getKeyForEntity
FN:190,(anonymous_29)
FN:196,_getKeyForRow
FN:199,(anonymous_31)
FN:205,_getPrimaryKeys
FN:206,(anonymous_33)
FN:208,(anonymous_34)
FN:214,_getTable
FN:215,(anonymous_36)
FN:221,_getTablesRelationshipsAsTargets
FN:224,filter
FN:241,_getTablesRelationshipsAsSources
FN:244,filter
FN:261,convert
FN:269,(anonymous_42)
FN:273,(anonymous_43)
FNF:43
FNH:39
FNDA:1,(anonymous_1)
FNDA:1,defineProperties
FNDA:1,(anonymous_3)
FNDA:36,_classCallCheck
FNDA:0,flattenMultiKeyMap
FNDA:0,(anonymous_6)
FNDA:77,getValues
FNDA:91,(anonymous_8)
FNDA:1,(anonymous_9)
FNDA:36,EntityBuilder
FNDA:56,_attachEntityRelationships
FNDA:42,(anonymous_12)
FNDA:42,(anonymous_13)
FNDA:21,(anonymous_14)
FNDA:7,(anonymous_15)
FNDA:21,(anonymous_16)
FNDA:14,(anonymous_17)
FNDA:14,(anonymous_18)
FNDA:35,(anonymous_19)
FNDA:70,(anonymous_20)
FNDA:7,_convertRow
FNDA:42,(anonymous_22)
FNDA:294,_convertValue
FNDA:49,_createEntity
FNDA:294,(anonymous_25)
FNDA:7,_createEntityMap
FNDA:21,(anonymous_27)
FNDA:0,_getKeyForEntity
FNDA:0,(anonymous_29)
FNDA:7,_getKeyForRow
FNDA:7,(anonymous_31)
FNDA:7,_getPrimaryKeys
FNDA:42,(anonymous_33)
FNDA:7,(anonymous_34)
FNDA:148,_getTable
FNDA:231,(anonymous_36)
FNDA:56,_getTablesRelationshipsAsTargets
FNDA:112,filter
FNDA:56,_getTablesRelationshipsAsSources
FNDA:112,filter
FNDA:9,convert
FNDA:7,(anonymous_42)
FNDA:21,(anonymous_43)
DA:3,1
DA:7,12
DA:9,36
DA:11,1
DA:12,0
DA:13,0
DA:14,0
DA:18,1
DA:19,77
DA:20,91
DA:24,1
DA:25,1
DA:26,36
DA:28,36
DA:29,36
DA:30,36
DA:31,36
DA:32,36
DA:35,1
DA:38,56
DA:40,56
DA:42,56
DA:43,56
DA:45,56
DA:46,42
DA:49,56
DA:50,42
DA:53,56
DA:54,21
DA:55,21
DA:56,21
DA:57,21
DA:59,21
DA:60,7
DA:63,21
DA:64,7
DA:66,7
DA:70,56
DA:71,21
DA:72,21
DA:73,21
DA:74,21
DA:76,21
DA:77,14
DA:80,21
DA:82,21
DA:83,14
DA:84,14
DA:85,14
DA:90,56
DA:91,35
DA:92,35
DA:93,35
DA:94,35
DA:96,35
DA:97,70
DA:100,35
DA:101,14
DA:103,14
DA:110,7
DA:112,7
DA:113,7
DA:114,7
DA:115,7
DA:117,7
DA:118,7
DA:121,7
DA:122,42
DA:123,42
DA:124,42
DA:126,42
DA:128,42
DA:129,0
DA:133,7
DA:138,294
DA:139,196
DA:142,98
DA:143,49
DA:144,49
DA:145,0
DA:146,49
DA:147,0
DA:148,49
DA:149,0
DA:150,49
DA:151,0
DA:152,49
DA:153,0
DA:154,49
DA:155,49
DA:156,0
DA:157,0
DA:158,0
DA:159,0
DA:161,0
DA:167,49
DA:169,49
DA:170,49
DA:171,49
DA:173,49
DA:174,294
DA:177,49
DA:182,7
DA:183,21
DA:184,21
DA:190,0
DA:191,0
DA:197,7
DA:199,7
DA:200,7
DA:206,7
DA:207,42
DA:209,7
DA:215,148
DA:216,231
DA:222,56
DA:224,56
DA:225,112
DA:227,112
DA:228,35
DA:229,35
DA:231,77
DA:234,56
DA:235,56
DA:237,56
DA:242,56
DA:244,56
DA:245,112
DA:247,112
DA:248,42
DA:249,42
DA:251,70
DA:254,56
DA:255,56
DA:257,56
DA:262,9
DA:264,9
DA:266,9
DA:267,7
DA:269,7
DA:270,7
DA:273,7
DA:274,21
DA:275,21
DA:276,21
DA:278,21
DA:281,7
DA:283,2
DA:288,1
DA:291,1
LF:150
LH:134
BRDA:7,1,0,12
BRDA:7,1,1,12
BRDA:7,2,0,12
BRDA:7,2,1,0
BRDA:7,3,0,1
BRDA:7,3,1,0
BRDA:7,4,0,0
BRDA:7,4,1,1
BRDA:9,5,0,0
BRDA:9,5,1,36
BRDA:63,6,0,7
BRDA:63,6,1,14
BRDA:63,7,0,21
BRDA:63,7,1,7
BRDA:83,8,0,14
BRDA:83,8,1,0
BRDA:100,9,0,14
BRDA:100,9,1,21
BRDA:100,10,0,35
BRDA:100,10,1,35
BRDA:117,11,0,7
BRDA:117,11,1,0
BRDA:128,12,0,0
BRDA:128,12,1,42
BRDA:138,13,0,196
BRDA:138,13,1,98
BRDA:142,14,0,49
BRDA:142,14,1,49
BRDA:144,15,0,0
BRDA:144,15,1,49
BRDA:146,16,0,0
BRDA:146,16,1,49
BRDA:147,17,0,0
BRDA:147,17,1,0
BRDA:148,18,0,0
BRDA:148,18,1,49
BRDA:150,19,0,0
BRDA:150,19,1,49
BRDA:152,20,0,0
BRDA:152,20,1,49
BRDA:154,21,0,49
BRDA:154,21,1,0
BRDA:156,22,0,0
BRDA:156,22,1,0
BRDA:158,23,0,0
BRDA:158,23,1,0
BRDA:227,24,0,35
BRDA:227,24,1,77
BRDA:227,25,0,112
BRDA:227,25,1,35
BRDA:247,26,0,42
BRDA:247,26,1,70
BRDA:247,27,0,112
BRDA:247,27,1,42
BRDA:266,28,0,7
BRDA:266,28,1,2
BRF:56
BRH:37
end_of_record
TN:
SF:/Users/jaredbarnes/LSS/MetaDatabase/lib/sqlite/EdmValidator.js
FN:7,(anonymous_1)
FN:7,defineProperties
FN:7,(anonymous_3)
FN:13,_interopRequireDefault
FN:15,_classCallCheck
FN:17,(anonymous_6)
FN:18,EdmValidator
FN:24,validate
FN:43,(anonymous_9)
FN:51,validateColumn
FN:66,validateOneToOneRelationship
FN:105,validateOneToManyRelationship
FN:144,validateRelationships
FN:159,(anonymous_14)
FN:163,(anonymous_15)
FN:169,validateTable
FN:184,(anonymous_17)
FN:192,(anonymous_18)
FNF:18
FNH:18
FNDA:1,(anonymous_1)
FNDA:1,defineProperties
FNDA:1,(anonymous_3)
FNDA:1,_interopRequireDefault
FNDA:1,_classCallCheck
FNDA:1,(anonymous_6)
FNDA:1,EdmValidator
FNDA:11,validate
FNDA:33,(anonymous_9)
FNDA:121,validateColumn
FNDA:11,validateOneToOneRelationship
FNDA:11,validateOneToManyRelationship
FNDA:11,validateRelationships
FNDA:11,(anonymous_14)
FNDA:11,(anonymous_15)
FNDA:33,validateTable
FNDA:121,(anonymous_17)
FNDA:121,(anonymous_18)
DA:3,1
DA:7,6
DA:9,1
DA:11,1
DA:13,1
DA:15,1
DA:17,1
DA:18,1
DA:19,1
DA:22,1
DA:25,11
DA:27,11
DA:28,0
DA:31,11
DA:32,0
DA:35,11
DA:36,0
DA:39,11
DA:40,0
DA:43,11
DA:44,33
DA:47,11
DA:52,121
DA:53,0
DA:56,121
DA:57,0
DA:60,121
DA:61,0
DA:67,11
DA:68,0
DA:71,11
DA:72,0
DA:75,11
DA:76,0
DA:79,11
DA:80,0
DA:83,11
DA:84,0
DA:87,11
DA:88,0
DA:91,11
DA:92,0
DA:95,11
DA:96,0
DA:99,11
DA:100,0
DA:106,11
DA:107,0
DA:110,11
DA:111,0
DA:114,11
DA:115,0
DA:118,11
DA:119,0
DA:122,11
DA:123,0
DA:126,11
DA:127,0
DA:130,11
DA:131,0
DA:134,11
DA:135,0
DA:138,11
DA:139,0
DA:145,11
DA:147,11
DA:148,0
DA:151,11
DA:152,0
DA:155,11
DA:156,0
DA:159,11
DA:160,11
DA:163,11
DA:164,11
DA:170,33
DA:172,33
DA:173,0
DA:176,33
DA:177,0
DA:180,33
DA:181,0
DA:184,33
DA:185,121
DA:188,33
DA:189,0
DA:192,33
DA:193,121
DA:198,1
DA:201,1
LF:90
LH:58
BRDA:7,1,0,6
BRDA:7,1,1,6
BRDA:7,2,0,6
BRDA:7,2,1,0
BRDA:7,3,0,1
BRDA:7,3,1,0
BRDA:7,4,0,0
BRDA:7,4,1,1
BRDA:13,5,0,1
BRDA:13,5,1,0
BRDA:13,6,0,1
BRDA:13,6,1,1
BRDA:15,7,0,0
BRDA:15,7,1,1
BRDA:27,8,0,0
BRDA:27,8,1,11
BRDA:31,9,0,0
BRDA:31,9,1,11
BRDA:35,10,0,0
BRDA:35,10,1,11
BRDA:39,11,0,0
BRDA:39,11,1,11
BRDA:52,12,0,0
BRDA:52,12,1,121
BRDA:56,13,0,0
BRDA:56,13,1,121
BRDA:60,14,0,0
BRDA:60,14,1,121
BRDA:67,15,0,0
BRDA:67,15,1,11
BRDA:71,16,0,0
BRDA:71,16,1,11
BRDA:75,17,0,0
BRDA:75,17,1,11
BRDA:79,18,0,0
BRDA:79,18,1,11
BRDA:83,19,0,0
BRDA:83,19,1,11
BRDA:87,20,0,0
BRDA:87,20,1,11
BRDA:91,21,0,0
BRDA:91,21,1,11
BRDA:95,22,0,0
BRDA:95,22,1,11
BRDA:99,23,0,0
BRDA:99,23,1,11
BRDA:106,24,0,0
BRDA:106,24,1,11
BRDA:110,25,0,0
BRDA:110,25,1,11
BRDA:114,26,0,0
BRDA:114,26,1,11
BRDA:118,27,0,0
BRDA:118,27,1,11
BRDA:122,28,0,0
BRDA:122,28,1,11
BRDA:126,29,0,0
BRDA:126,29,1,11
BRDA:130,30,0,0
BRDA:130,30,1,11
BRDA:134,31,0,0
BRDA:134,31,1,11
BRDA:138,32,0,0
BRDA:138,32,1,11
BRDA:147,33,0,0
BRDA:147,33,1,11
BRDA:151,34,0,0
BRDA:151,34,1,11
BRDA:155,35,0,0
BRDA:155,35,1,11
BRDA:172,36,0,0
BRDA:172,36,1,33
BRDA:176,37,0,0
BRDA:176,37,1,33
BRDA:180,38,0,0
BRDA:180,38,1,33
BRDA:188,39,0,0
BRDA:188,39,1,33
BRF:78
BRH:41
end_of_record
TN:
SF:/Users/jaredbarnes/LSS/MetaDatabase/lib/mock/edm.js
FNF:0
FNH:0
DA:3,1
DA:6,1
DA:117,1
LF:3
LH:3
BRF:0
BRH:0
end_of_record
TN:
SF:/Users/jaredbarnes/LSS/MetaDatabase/lib/MetaDatabase.js
FN:7,(anonymous_1)
FN:7,defineProperties
FN:7,(anonymous_3)
FN:25,_interopRequireDefault
FN:27,_classCallCheck
FN:29,(anonymous_6)
FN:30,MetaDatabase
FN:80,_createDatabaseAsync
FN:83,(anonymous_9)
FN:94,_initializeEdmAsync
FN:101,(anonymous_11)
FN:108,_initializeAsync
FN:114,(anonymous_13)
FN:119,(anonymous_14)
FN:122,(anonymous_15)
FN:128,(anonymous_16)
FN:130,(anonymous_17)
FN:131,(anonymous_18)
FN:135,(anonymous_19)
FN:137,(anonymous_20)
FN:151,_invokeOnDecoratorsAsync
FN:152,(anonymous_22)
FN:153,(anonymous_23)
FN:166,getTableAsync
FN:169,(anonymous_25)
FN:175,getTablesAsync
FN:178,(anonymous_27)
FN:179,(anonymous_28)
FN:186,initializeAsync
FNF:29
FNH:26
FNDA:1,(anonymous_1)
FNDA:1,defineProperties
FNDA:1,(anonymous_3)
FNDA:4,_interopRequireDefault
FNDA:6,_classCallCheck
FNDA:1,(anonymous_6)
FNDA:6,MetaDatabase
FNDA:6,_createDatabaseAsync
FNDA:6,(anonymous_9)
FNDA:6,_initializeEdmAsync
FNDA:6,(anonymous_11)
FNDA:6,_initializeAsync
FNDA:6,(anonymous_13)
FNDA:6,(anonymous_14)
FNDA:6,(anonymous_15)
FNDA:6,(anonymous_16)
FNDA:6,(anonymous_17)
FNDA:6,(anonymous_18)
FNDA:6,(anonymous_19)
FNDA:18,(anonymous_20)
FNDA:12,_invokeOnDecoratorsAsync
FNDA:12,(anonymous_22)
FNDA:12,(anonymous_23)
FNDA:6,getTableAsync
FNDA:6,(anonymous_25)
FNDA:0,getTablesAsync
FNDA:0,(anonymous_27)
FNDA:0,(anonymous_28)
FNDA:1,initializeAsync
DA:3,1
DA:7,7
DA:9,1
DA:11,1
DA:13,1
DA:15,1
DA:17,1
DA:19,1
DA:21,1
DA:23,1
DA:25,4
DA:27,6
DA:29,1
DA:30,1
DA:31,6
DA:43,6
DA:45,6
DA:46,0
DA:49,6
DA:50,0
DA:53,6
DA:54,0
DA:57,6
DA:58,0
DA:61,6
DA:62,0
DA:65,6
DA:66,6
DA:67,6
DA:68,6
DA:69,6
DA:70,6
DA:71,6
DA:72,6
DA:73,6
DA:75,6
DA:78,1
DA:81,6
DA:83,6
DA:84,6
DA:89,6
DA:95,6
DA:97,6
DA:98,0
DA:99,0
DA:101,6
DA:102,6
DA:109,6
DA:111,6
DA:112,6
DA:114,6
DA:115,6
DA:116,6
DA:118,6
DA:119,6
DA:120,6
DA:121,6
DA:123,6
DA:127,6
DA:130,6
DA:131,6
DA:132,6
DA:137,6
DA:138,18
DA:147,0
DA:152,12
DA:153,12
DA:154,12
DA:155,1
DA:156,1
DA:157,1
DA:159,0
DA:167,6
DA:169,6
DA:170,6
DA:176,0
DA:178,0
DA:179,0
DA:180,0
DA:187,1
DA:191,1
DA:194,1
LF:82
LH:69
BRDA:7,1,0,7
BRDA:7,1,1,7
BRDA:7,2,0,7
BRDA:7,2,1,0
BRDA:7,3,0,1
BRDA:7,3,1,0
BRDA:7,4,0,0
BRDA:7,4,1,1
BRDA:25,5,0,2
BRDA:25,5,1,2
BRDA:25,6,0,4
BRDA:25,6,1,4
BRDA:27,7,0,0
BRDA:27,7,1,6
BRDA:31,8,0,6
BRDA:31,8,1,0
BRDA:31,9,0,6
BRDA:31,9,1,6
BRDA:33,10,0,0
BRDA:33,10,1,6
BRDA:35,11,0,0
BRDA:35,11,1,6
BRDA:37,12,0,0
BRDA:37,12,1,6
BRDA:39,13,0,0
BRDA:39,13,1,6
BRDA:41,14,0,0
BRDA:41,14,1,6
BRDA:45,15,0,0
BRDA:45,15,1,6
BRDA:49,16,0,0
BRDA:49,16,1,6
BRDA:53,17,0,0
BRDA:53,17,1,6
BRDA:57,18,0,0
BRDA:57,18,1,6
BRDA:61,19,0,0
BRDA:61,19,1,6
BRDA:97,20,0,0
BRDA:97,20,1,6
BRDA:111,21,0,6
BRDA:111,21,1,0
BRDA:118,22,0,6
BRDA:118,22,1,0
BRDA:154,23,0,1
BRDA:154,23,1,11
BRDA:156,24,0,1
BRDA:156,24,1,0
BRDA:170,25,0,6
BRDA:170,25,1,0
BRF:50
BRH:30
end_of_record
TN:
SF:/Users/jaredbarnes/LSS/MetaDatabase/lib/MetaTable.js
FN:7,(anonymous_1)
FN:7,defineProperties
FN:7,(anonymous_3)
FN:23,_interopRequireDefault
FN:25,_classCallCheck
FN:34,(anonymous_6)
FN:35,MetaTable
FN:62,(anonymous_8)
FN:65,(anonymous_9)
FN:74,_approveEntityToBeRemovedAsync
FN:75,(anonymous_11)
FN:81,_assertUser
FN:88,_entityAddedAsync
FN:89,(anonymous_14)
FN:95,_entityRemovedAsync
FN:96,(anonymous_16)
FN:102,_entityUpdatedAsync
FN:105,(anonymous_18)
FN:106,(anonymous_19)
FN:114,_getEdmTable
FN:115,(anonymous_21)
FN:121,_getPrimaryKeyColumn
FN:122,(anonymous_23)
FN:128,_getPrimaryKeyName
FN:133,_getFilePathById
FN:138,_invokeMethodAsync
FN:155,_invokeMethodWithRecoveryAsync
FN:168,(anonymous_28)
FN:175,_invokeMethodOnDecoratorsAsync
FN:178,(anonymous_30)
FN:179,(anonymous_31)
FN:191,_invokeMethodWithRecoveryOnDecoratorsAsync
FN:196,(anonymous_33)
FN:197,(anonymous_34)
FN:208,_prepareEntityToBeAddedAsync
FN:213,_prepareEntityToBeUpdatedAsync
FN:216,(anonymous_37)
FN:217,(anonymous_38)
FN:220,(anonymous_39)
FN:227,_validateEntityToBeAddedAsync
FN:230,(anonymous_41)
FN:236,_validateEntityToBeUpdatedAsync
FN:241,(anonymous_43)
FN:242,(anonymous_44)
FN:246,(anonymous_45)
FN:252,addEntityAsync
FN:257,(anonymous_47)
FN:259,(anonymous_48)
FN:261,(anonymous_49)
FN:267,asQueryable
FN:279,getFileSizeByIdAsync
FN:282,(anonymous_52)
FN:288,getFileReadStreamByIdAsync
FN:291,(anonymous_54)
FN:297,getFileWriteStreamByIdAsync
FN:301,(anonymous_56)
FN:303,(anonymous_57)
FN:304,(anonymous_58)
FN:312,getEntityByIdAsync
FN:314,(anonymous_60)
FN:316,(anonymous_61)
FN:326,getQueryProvider
FN:333,removeEntityAsync
FN:339,(anonymous_64)
FN:342,(anonymous_65)
FN:345,(anonymous_66)
FN:347,(anonymous_67)
FN:353,removeFileByIdAsync
FN:358,(anonymous_69)
FN:360,(anonymous_70)
FN:366,updateEntityAsync
FN:374,(anonymous_72)
FN:376,(anonymous_73)
FN:377,(anonymous_74)
FN:381,(anonymous_75)
FN:383,(anonymous_76)
FNF:76
FNH:73
FNDA:1,(anonymous_1)
FNDA:1,defineProperties
FNDA:1,(anonymous_3)
FNDA:3,_interopRequireDefault
FNDA:18,_classCallCheck
FNDA:1,(anonymous_6)
FNDA:18,MetaTable
FNDA:18,(anonymous_8)
FNDA:6,(anonymous_9)
FNDA:1,_approveEntityToBeRemovedAsync
FNDA:1,(anonymous_11)
FNDA:20,_assertUser
FNDA:6,_entityAddedAsync
FNDA:6,(anonymous_14)
FNDA:1,_entityRemovedAsync
FNDA:1,(anonymous_16)
FNDA:1,_entityUpdatedAsync
FNDA:1,(anonymous_18)
FNDA:1,(anonymous_19)
FNDA:23,_getEdmTable
FNDA:41,(anonymous_21)
FNDA:5,_getPrimaryKeyColumn
FNDA:5,(anonymous_23)
FNDA:5,_getPrimaryKeyName
FNDA:4,_getFilePathById
FNDA:13,_invokeMethodAsync
FNDA:9,_invokeMethodWithRecoveryAsync
FNDA:0,(anonymous_28)
FNDA:13,_invokeMethodOnDecoratorsAsync
FNDA:11,(anonymous_30)
FNDA:11,(anonymous_31)
FNDA:9,_invokeMethodWithRecoveryOnDecoratorsAsync
FNDA:8,(anonymous_33)
FNDA:8,(anonymous_34)
FNDA:6,_prepareEntityToBeAddedAsync
FNDA:1,_prepareEntityToBeUpdatedAsync
FNDA:1,(anonymous_37)
FNDA:1,(anonymous_38)
FNDA:1,(anonymous_39)
FNDA:6,_validateEntityToBeAddedAsync
FNDA:6,(anonymous_41)
FNDA:1,_validateEntityToBeUpdatedAsync
FNDA:1,(anonymous_43)
FNDA:1,(anonymous_44)
FNDA:1,(anonymous_45)
FNDA:6,addEntityAsync
FNDA:6,(anonymous_47)
FNDA:6,(anonymous_48)
FNDA:6,(anonymous_49)
FNDA:6,asQueryable
FNDA:0,getFileSizeByIdAsync
FNDA:0,(anonymous_52)
FNDA:1,getFileReadStreamByIdAsync
FNDA:1,(anonymous_54)
FNDA:1,getFileWriteStreamByIdAsync
FNDA:1,(anonymous_56)
FNDA:1,(anonymous_57)
FNDA:1,(anonymous_58)
FNDA:4,getEntityByIdAsync
FNDA:4,(anonymous_60)
FNDA:4,(anonymous_61)
FNDA:6,getQueryProvider
FNDA:1,removeEntityAsync
FNDA:1,(anonymous_64)
FNDA:1,(anonymous_65)
FNDA:1,(anonymous_66)
FNDA:1,(anonymous_67)
FNDA:2,removeFileByIdAsync
FNDA:2,(anonymous_69)
FNDA:1,(anonymous_70)
FNDA:1,updateEntityAsync
FNDA:1,(anonymous_72)
FNDA:1,(anonymous_73)
FNDA:1,(anonymous_74)
FNDA:1,(anonymous_75)
FNDA:1,(anonymous_76)
DA:3,1
DA:7,27
DA:9,1
DA:11,1
DA:13,1
DA:15,1
DA:17,1
DA:19,1
DA:21,1
DA:23,3
DA:25,18
DA:27,1
DA:34,1
DA:35,1
DA:36,18
DA:38,18
DA:46,18
DA:48,18
DA:49,0
DA:52,18
DA:53,0
DA:56,18
DA:57,18
DA:58,18
DA:59,18
DA:60,18
DA:61,18
DA:62,18
DA:63,18
DA:65,18
DA:66,6
DA:67,6
DA:72,1
DA:75,1
DA:76,1
DA:82,20
DA:83,0
DA:89,6
DA:90,6
DA:96,1
DA:97,1
DA:103,1
DA:105,1
DA:106,1
DA:107,1
DA:108,1
DA:115,23
DA:116,41
DA:122,5
DA:123,5
DA:129,5
DA:134,4
DA:139,13
DA:141,13
DA:142,5
DA:144,5
DA:145,2
DA:148,5
DA:151,8
DA:156,9
DA:158,9
DA:160,9
DA:161,5
DA:163,5
DA:164,5
DA:168,9
DA:170,0
DA:176,13
DA:178,13
DA:179,11
DA:180,11
DA:182,11
DA:183,11
DA:185,11
DA:192,9
DA:194,9
DA:196,9
DA:197,8
DA:198,8
DA:199,8
DA:200,8
DA:202,8
DA:209,6
DA:214,1
DA:216,1
DA:217,1
DA:218,1
DA:219,1
DA:221,1
DA:228,6
DA:230,6
DA:231,6
DA:237,1
DA:239,1
DA:241,1
DA:242,1
DA:243,1
DA:244,1
DA:247,1
DA:253,6
DA:255,6
DA:257,6
DA:258,6
DA:260,6
DA:262,6
DA:268,6
DA:270,6
DA:271,6
DA:273,6
DA:275,6
DA:280,0
DA:282,0
DA:283,0
DA:289,1
DA:291,1
DA:292,1
DA:298,1
DA:300,1
DA:301,1
DA:302,1
DA:304,1
DA:305,1
DA:307,1
DA:313,4
DA:314,4
DA:315,4
DA:317,4
DA:318,4
DA:321,0
DA:327,6
DA:329,6
DA:334,1
DA:336,1
DA:338,1
DA:339,1
DA:340,1
DA:342,1
DA:343,1
DA:346,1
DA:348,1
DA:354,2
DA:356,2
DA:358,2
DA:359,2
DA:361,1
DA:367,1
DA:369,1
DA:371,1
DA:372,1
DA:374,1
DA:375,1
DA:377,1
DA:378,1
DA:379,1
DA:382,1
DA:384,1
DA:389,1
DA:392,1
LF:158
LH:150
BRDA:7,1,0,27
BRDA:7,1,1,27
BRDA:7,2,0,27
BRDA:7,2,1,0
BRDA:7,3,0,1
BRDA:7,3,1,0
BRDA:7,4,0,0
BRDA:7,4,1,1
BRDA:23,5,0,3
BRDA:23,5,1,0
BRDA:23,6,0,3
BRDA:23,6,1,3
BRDA:25,7,0,0
BRDA:25,7,1,18
BRDA:38,8,0,18
BRDA:38,8,1,0
BRDA:38,9,0,18
BRDA:38,9,1,18
BRDA:40,10,0,0
BRDA:40,10,1,18
BRDA:42,11,0,0
BRDA:42,11,1,18
BRDA:44,12,0,0
BRDA:44,12,1,18
BRDA:48,13,0,0
BRDA:48,13,1,18
BRDA:52,14,0,0
BRDA:52,14,1,18
BRDA:63,15,0,18
BRDA:63,15,1,12
BRDA:82,16,0,0
BRDA:82,16,1,20
BRDA:139,17,0,13
BRDA:139,17,1,0
BRDA:139,18,0,13
BRDA:139,18,1,13
BRDA:141,19,0,5
BRDA:141,19,1,8
BRDA:141,20,0,13
BRDA:141,20,1,13
BRDA:144,21,0,2
BRDA:144,21,1,3
BRDA:156,22,0,9
BRDA:156,22,1,0
BRDA:156,23,0,9
BRDA:156,23,1,9
BRDA:160,24,0,5
BRDA:160,24,1,4
BRDA:160,25,0,9
BRDA:160,25,1,9
BRDA:163,26,0,5
BRDA:163,26,1,0
BRDA:194,27,0,9
BRDA:194,27,1,0
BRDA:194,28,0,9
BRDA:194,28,1,9
BRDA:317,29,0,4
BRDA:317,29,1,0
BRF:58
BRH:41
end_of_record
TN:
SF:/Users/jaredbarnes/LSS/MetaDatabase/lib/MetaProvider.js
FN:7,(anonymous_1)
FN:7,defineProperties
FN:7,(anonymous_3)
FN:11,_classCallCheck
FN:13,(anonymous_5)
FN:14,MetaProvider
FN:25,_invokeMethodAsync
FN:42,_refineQueryableAsync
FN:48,(anonymous_9)
FN:49,(anonymous_10)
FN:64,(anonymous_11)
FN:74,toArrayAsync
FN:79,(anonymous_13)
FN:85,toArrayWithCountAsync
FN:90,(anonymous_15)
FN:96,countAsync
FN:101,(anonymous_17)
FNF:17
FNH:13
FNDA:1,(anonymous_1)
FNDA:1,defineProperties
FNDA:1,(anonymous_3)
FNDA:6,_classCallCheck
FNDA:1,(anonymous_5)
FNDA:6,MetaProvider
FNDA:6,_invokeMethodAsync
FNDA:6,_refineQueryableAsync
FNDA:6,(anonymous_9)
FNDA:6,(anonymous_10)
FNDA:6,(anonymous_11)
FNDA:6,toArrayAsync
FNDA:6,(anonymous_13)
FNDA:0,toArrayWithCountAsync
FNDA:0,(anonymous_15)
FNDA:0,countAsync
FNDA:0,(anonymous_17)
DA:3,1
DA:7,5
DA:9,1
DA:11,6
DA:13,1
DA:14,1
DA:15,6
DA:17,6
DA:18,6
DA:19,6
DA:20,6
DA:23,1
DA:26,6
DA:28,6
DA:29,2
DA:31,2
DA:32,2
DA:35,2
DA:38,4
DA:43,6
DA:45,6
DA:46,6
DA:48,6
DA:49,6
DA:50,6
DA:52,6
DA:53,6
DA:55,6
DA:56,0
DA:59,6
DA:60,0
DA:63,6
DA:65,6
DA:66,4
DA:68,2
DA:75,6
DA:77,6
DA:79,6
DA:80,6
DA:86,0
DA:88,0
DA:90,0
DA:91,0
DA:97,0
DA:99,0
DA:101,0
DA:102,0
DA:107,1
DA:110,1
LF:49
LH:39
BRDA:7,1,0,5
BRDA:7,1,1,5
BRDA:7,2,0,5
BRDA:7,2,1,0
BRDA:7,3,0,1
BRDA:7,3,1,0
BRDA:7,4,0,0
BRDA:7,4,1,1
BRDA:11,5,0,0
BRDA:11,5,1,6
BRDA:26,6,0,6
BRDA:26,6,1,0
BRDA:26,7,0,6
BRDA:26,7,1,6
BRDA:28,8,0,2
BRDA:28,8,1,4
BRDA:28,9,0,6
BRDA:28,9,1,6
BRDA:31,10,0,2
BRDA:31,10,1,0
BRDA:55,11,0,0
BRDA:55,11,1,6
BRDA:59,12,0,0
BRDA:59,12,1,6
BRDA:65,13,0,4
BRDA:65,13,1,2
BRF:26
BRH:18
end_of_record
TN:
SF:/Users/jaredbarnes/LSS/MetaDatabase/lib/User.js
FN:7,_classCallCheck
FN:9,User
FNF:2
FNH:2
FNDA:2,_classCallCheck
FNDA:2,User
DA:3,1
DA:7,2
DA:9,1
DA:10,2
DA:12,2
DA:13,2
DA:14,2
DA:15,2
DA:18,1
LF:9
LH:9
BRDA:7,1,0,0
BRDA:7,1,1,2
BRF:2
BRH:1
end_of_record
TN:
SF:/Users/jaredbarnes/LSS/MetaDatabase/lib/GuestUser.js
FN:11,_interopRequireDefault
FN:13,_classCallCheck
FN:15,_possibleConstructorReturn
FN:17,_inherits
FN:19,(anonymous_5)
FN:22,GuestUser
FNF:6
FNH:6
FNDA:1,_interopRequireDefault
FNDA:1,_classCallCheck
FNDA:1,_possibleConstructorReturn
FNDA:1,_inherits
FNDA:1,(anonymous_5)
FNDA:1,GuestUser
DA:3,1
DA:7,1
DA:9,1
DA:11,1
DA:13,1
DA:15,1
DA:17,1
DA:19,1
DA:20,1
DA:22,1
DA:23,1
DA:25,1
DA:27,1
DA:28,1
DA:29,1
DA:30,1
DA:33,1
DA:36,1
LF:18
LH:18
BRDA:11,1,0,1
BRDA:11,1,1,0
BRDA:11,2,0,1
BRDA:11,2,1,1
BRDA:13,3,0,0
BRDA:13,3,1,1
BRDA:15,4,0,0
BRDA:15,4,1,1
BRDA:15,5,0,0
BRDA:15,5,1,1
BRDA:15,6,0,1
BRDA:15,6,1,0
BRDA:15,6,2,0
BRDA:17,7,0,0
BRDA:17,7,1,1
BRDA:17,8,0,1
BRDA:17,8,1,0
BRDA:17,9,0,1
BRDA:17,9,1,1
BRDA:17,10,0,1
BRDA:17,10,1,0
BRDA:17,11,0,1
BRDA:17,11,1,0
BRDA:25,12,0,1
BRDA:25,12,1,0
BRF:25
BRH:14
end_of_record
TN:
SF:/Users/jaredbarnes/LSS/MetaDatabase/lib/AdminUser.js
FN:11,_interopRequireDefault
FN:13,_classCallCheck
FN:15,_possibleConstructorReturn
FN:17,_inherits
FN:19,(anonymous_5)
FN:22,AdminUser
FNF:6
FNH:6
FNDA:1,_interopRequireDefault
FNDA:1,_classCallCheck
FNDA:1,_possibleConstructorReturn
FNDA:1,_inherits
FNDA:1,(anonymous_5)
FNDA:1,AdminUser
DA:3,1
DA:7,1
DA:9,1
DA:11,1
DA:13,1
DA:15,1
DA:17,1
DA:19,1
DA:20,1
DA:22,1
DA:23,1
DA:25,1
DA:27,1
DA:28,1
DA:29,1
DA:32,1
DA:35,1
LF:17
LH:17
BRDA:11,1,0,1
BRDA:11,1,1,0
BRDA:11,2,0,1
BRDA:11,2,1,1
BRDA:13,3,0,0
BRDA:13,3,1,1
BRDA:15,4,0,0
BRDA:15,4,1,1
BRDA:15,5,0,0
BRDA:15,5,1,1
BRDA:15,6,0,1
BRDA:15,6,1,0
BRDA:15,6,2,0
BRDA:17,7,0,0
BRDA:17,7,1,1
BRDA:17,8,0,1
BRDA:17,8,1,0
BRDA:17,9,0,1
BRDA:17,9,1,1
BRDA:17,10,0,1
BRDA:17,10,1,0
BRDA:17,11,0,1
BRDA:17,11,1,0
BRDA:25,12,0,1
BRDA:25,12,1,0
BRDA:27,13,0,1
BRDA:27,13,1,1
BRF:27
BRH:16
end_of_record
TN:
SF:/Users/jaredbarnes/LSS/MetaDatabase/lib/mock/FileSystem.js
FN:7,(anonymous_1)
FN:7,defineProperties
FN:7,(anonymous_3)
FN:13,_classCallCheck
FN:15,_possibleConstructorReturn
FN:17,_inherits
FN:19,(anonymous_7)
FN:22,FileWritable
FN:36,_write
FN:45,(anonymous_10)
FN:46,FileSystem
FN:54,getReadStreamAsync
FN:67,getWriteStreamAsync
FN:73,removeFileAsync
FN:84,getFileSizeAsync
FNF:15
FNH:15
FNDA:1,(anonymous_1)
FNDA:2,defineProperties
FNDA:2,(anonymous_3)
FNDA:12,_classCallCheck
FNDA:2,_possibleConstructorReturn
FNDA:1,_inherits
FNDA:1,(anonymous_7)
FNDA:2,FileWritable
FNDA:2,_write
FNDA:1,(anonymous_10)
FNDA:10,FileSystem
FNDA:2,getReadStreamAsync
FNDA:2,getWriteStreamAsync
FNDA:3,removeFileAsync
FNDA:1,getFileSizeAsync
DA:3,1
DA:7,5
DA:9,1
DA:11,1
DA:13,12
DA:15,2
DA:17,1
DA:19,1
DA:20,1
DA:22,1
DA:23,2
DA:25,2
DA:27,2
DA:28,2
DA:30,2
DA:31,2
DA:34,1
DA:37,2
DA:38,2
DA:42,1
DA:45,1
DA:46,1
DA:47,10
DA:49,10
DA:52,1
DA:55,2
DA:56,0
DA:59,2
DA:60,2
DA:61,2
DA:63,2
DA:68,2
DA:69,2
DA:74,3
DA:75,1
DA:78,2
DA:80,2
DA:85,1
DA:86,0
DA:89,1
DA:93,1
DA:96,1
LF:42
LH:40
BRDA:7,1,0,5
BRDA:7,1,1,5
BRDA:7,2,0,5
BRDA:7,2,1,0
BRDA:7,3,0,2
BRDA:7,3,1,0
BRDA:7,4,0,0
BRDA:7,4,1,2
BRDA:13,5,0,0
BRDA:13,5,1,12
BRDA:15,6,0,0
BRDA:15,6,1,2
BRDA:15,7,0,0
BRDA:15,7,1,2
BRDA:15,8,0,2
BRDA:15,8,1,0
BRDA:15,8,2,0
BRDA:17,9,0,0
BRDA:17,9,1,1
BRDA:17,10,0,1
BRDA:17,10,1,0
BRDA:17,11,0,1
BRDA:17,11,1,1
BRDA:17,12,0,1
BRDA:17,12,1,0
BRDA:17,13,0,1
BRDA:17,13,1,0
BRDA:25,14,0,2
BRDA:25,14,1,0
BRDA:55,15,0,0
BRDA:55,15,1,2
BRDA:74,16,0,1
BRDA:74,16,1,2
BRDA:85,17,0,0
BRDA:85,17,1,1
BRF:35
BRH:20
end_of_record
